Initializing document watcher...
web/app/controllers/remuneration/employees_controller.rb: {"insertSpaces":true,"tabSize":2}
web/app/controllers/remuneration/employees_controller.rb: Using EditorConfig core...
app/controllers/remuneration/employees_controller.rb: editor.action.trimTrailingWhitespace
web/app/controllers/remuneration/salary_payment_drafts_controller.rb: {"insertSpaces":true,"tabSize":2}
web/app/models/community.rb: {"insertSpaces":true,"tabSize":2}
web/app/models/setting.rb: {"insertSpaces":true,"tabSize":2}
web/app/views/communities/_form_remuneration.html.haml: {"insertSpaces":true,"tabSize":2}
web/app/views/remuneration/employees/index.html.haml: {"insertSpaces":true,"tabSize":2}
web/config/locales/models/es.yml: {"insertSpaces":true,"tabSize":2}
web/config/locales/models/es.yml: {"insertSpaces":true,"tabSize":2}
web/config/locales/models/es.yml: {"insertSpaces":true,"tabSize":2}
web/config/locales/models/es.yml: {"insertSpaces":true,"tabSize":2}
No more open editors.
web/config/puma.rb: {"insertSpaces":true,"tabSize":2}
web/config/puma.rb: Using EditorConfig core...
config/puma.rb: editor.action.trimTrailingWhitespace
web/config/puma.rb: {"insertSpaces":true,"tabSize":2}
web/config/puma.rb: {"insertSpaces":true,"tabSize":2}
web/config/puma.rb: {"insertSpaces":true,"tabSize":2}
web/config/puma.rb: {"insertSpaces":true,"tabSize":2}
web/config/puma.rb: {"insertSpaces":true,"tabSize":2}
web/config/puma.rb: {"insertSpaces":true,"tabSize":2}
web/app/controllers/remuneration/employees_controller.rb: {"insertSpaces":true,"tabSize":2}
web/app/controllers/remuneration/employees_controller.rb: {"insertSpaces":true,"tabSize":2}
No more open editors.
web/config/puma.rb: {"insertSpaces":true,"tabSize":2}
web/config/puma.rb: {"insertSpaces":true,"tabSize":2}
web/config/puma.rb: {"insertSpaces":true,"tabSize":2}
web/config/puma.rb: {"insertSpaces":true,"tabSize":2}
web/config/puma.rb: {"insertSpaces":true,"tabSize":2}
web/config/puma.rb: {"insertSpaces":true,"tabSize":2}
web/config/puma.rb: {"insertSpaces":true,"tabSize":2}
web/config/puma.rb: {"insertSpaces":true,"tabSize":2}
web/config/puma.rb: {"insertSpaces":true,"tabSize":2}
web/config/puma.rb: {"insertSpaces":true,"tabSize":2}
web/config/puma.rb: {"insertSpaces":true,"tabSize":2}
web/config/puma.rb: {"insertSpaces":true,"tabSize":2}
web/config/puma.rb: {"insertSpaces":true,"tabSize":2}
web/config/puma.rb: {"insertSpaces":true,"tabSize":2}
web/config/puma.rb: {"insertSpaces":true,"tabSize":2}
