2024-01-08 19:55:34.868 [info] Log level: Info
2024-01-08 19:55:34.868 [info] Validating found git in: "git"
2024-01-08 19:55:34.868 [info] Using git "2.34.1" from "git"
2024-01-08 19:55:38.125 [info] Log level: Info
2024-01-08 19:55:38.125 [info] Validating found git in: "git"
2024-01-08 19:55:38.125 [info] Using git "2.34.1" from "git"
2024-01-08 19:55:38.125 [info] > git rev-parse --show-toplevel [2ms]
2024-01-08 19:55:38.132 [info] > git rev-parse --git-dir --git-common-dir [2ms]
2024-01-08 19:55:38.139 [info] Open repository: /home/brayan/work/web
2024-01-08 19:55:38.154 [info] > git config --get commit.template [7ms]
2024-01-08 19:55:38.156 [info] > git rev-parse --show-toplevel [4ms]
2024-01-08 19:55:38.168 [info] > git for-each-ref --format=%(refname)%00%(upstream:short)%00%(objectname)%00%(upstream:track)%00%(upstream:remotename)%00%(upstream:remoteref) refs/heads/SAAS-4037/part-time-with-worked-days refs/remotes/SAAS-4037/part-time-with-worked-days [6ms]
2024-01-08 19:55:38.173 [info] > git rev-parse --show-toplevel [5ms]
2024-01-08 19:55:38.184 [info] > git rev-parse --show-toplevel [2ms]
2024-01-08 19:55:38.192 [info] > git status -z -uall [20ms]
2024-01-08 19:55:38.195 [info] > git rev-parse --show-toplevel [5ms]
2024-01-08 19:55:38.200 [info] > git rev-parse --show-toplevel [1ms]
2024-01-08 19:55:38.205 [info] > git rev-parse --show-toplevel [1ms]
2024-01-08 19:55:38.212 [info] > git rev-parse --show-toplevel [2ms]
2024-01-08 19:55:38.222 [info] > git rev-parse --show-toplevel [2ms]
2024-01-08 19:55:38.233 [info] > git rev-parse --show-toplevel [1ms]
2024-01-08 19:55:38.239 [info] > git rev-parse --show-toplevel [1ms]
2024-01-08 19:55:38.243 [info] > git rev-parse --show-toplevel [1ms]
2024-01-08 19:55:38.248 [info] > git rev-parse --show-toplevel [0ms]
2024-01-08 19:55:38.252 [info] > git rev-parse --show-toplevel [1ms]
2024-01-08 19:55:38.256 [info] > git rev-parse --show-toplevel [1ms]
2024-01-08 19:55:38.261 [info] > git rev-parse --show-toplevel [1ms]
2024-01-08 19:55:38.266 [info] > git rev-parse --show-toplevel [1ms]
2024-01-08 19:55:38.270 [info] > git rev-parse --show-toplevel [0ms]
2024-01-08 19:55:38.275 [info] > git rev-parse --show-toplevel [1ms]
2024-01-08 19:55:38.281 [info] > git rev-parse --show-toplevel [1ms]
2024-01-08 19:55:38.291 [info] > git show --textconv HEAD:app/queries/remunerations/salary_payment_drafts_queries.rb [4ms]
2024-01-08 19:55:38.292 [info] > git ls-tree -l HEAD -- /home/brayan/work/web/app/queries/remunerations/salary_payment_drafts_queries.rb [1ms]
2024-01-08 19:55:38.360 [info] > git ls-tree -l HEAD -- /home/brayan/work/web/app/queries/remunerations/salary_payment_drafts_queries.rb [1ms]
2024-01-08 19:55:38.873 [info] > git check-ignore -v -z --stdin [30ms]
2024-01-08 19:55:39.042 [info] > git config --get commit.template [2ms]
2024-01-08 19:55:39.056 [info] > git for-each-ref --format=%(refname)%00%(upstream:short)%00%(objectname)%00%(upstream:track)%00%(upstream:remotename)%00%(upstream:remoteref) refs/heads/SAAS-4037/part-time-with-worked-days refs/remotes/SAAS-4037/part-time-with-worked-days [2ms]
2024-01-08 19:55:39.099 [info] > git status -z -uall [30ms]
2024-01-08 19:55:43.326 [info] > git show --textconv :app/builders/salary_payments/full_time_builder.rb [7ms]
2024-01-08 19:55:43.327 [info] > git ls-files --stage -- /home/brayan/work/web/app/builders/salary_payments/full_time_builder.rb [2ms]
2024-01-08 19:55:43.338 [info] > git cat-file -s 32646492ca0a9a86770fd601dbf081d56b6daffd [2ms]
2024-01-08 19:55:43.814 [info] > git check-ignore -v -z --stdin [11ms]
2024-01-08 19:55:48.635 [info] > git config --get commit.template [6ms]
2024-01-08 19:55:48.635 [info] > git for-each-ref --format=%(refname)%00%(upstream:short)%00%(objectname)%00%(upstream:track)%00%(upstream:remotename)%00%(upstream:remoteref) refs/heads/SAAS-4037/part-time-with-worked-days refs/remotes/SAAS-4037/part-time-with-worked-days [2ms]
2024-01-08 19:55:48.653 [info] > git status -z -uall [13ms]
