2024-01-10 17:01:45.379 [info] Log level: Info
2024-01-10 17:01:45.379 [info] Validating found git in: "git"
2024-01-10 17:01:45.379 [info] Using git "2.34.1" from "git"
2024-01-10 17:01:45.379 [info] > git rev-parse --show-toplevel [5ms]
2024-01-10 17:01:45.379 [info] > git rev-parse --git-dir --git-common-dir [2ms]
2024-01-10 17:01:45.379 [info] Open repository: /home/brayan/.dotfiles
2024-01-10 17:01:45.380 [info] > git rev-parse --show-toplevel [7ms]
2024-01-10 17:01:45.381 [info] > git config --get commit.template [10ms]
2024-01-10 17:01:45.394 [info] > git for-each-ref --format=%(refname)%00%(upstream:short)%00%(objectname)%00%(upstream:track)%00%(upstream:remotename)%00%(upstream:remoteref) refs/heads/main refs/remotes/main [2ms]
2024-01-10 17:01:45.395 [info] > git rev-parse --show-toplevel [7ms]
2024-01-10 17:01:45.400 [info] > git rev-parse --show-toplevel [1ms]
2024-01-10 17:01:45.408 [info] > git rev-parse --show-toplevel [1ms]
2024-01-10 17:01:45.421 [info] > git status -z -uall [17ms]
2024-01-10 17:01:45.435 [info] > git config --get commit.template [1ms]
2024-01-10 17:01:45.442 [info] > git for-each-ref --format=%(refname)%00%(upstream:short)%00%(objectname)%00%(upstream:track)%00%(upstream:remotename)%00%(upstream:remoteref) refs/heads/main refs/remotes/main [1ms]
2024-01-10 17:01:45.519 [info] > git status -z -uall [26ms]
2024-01-10 17:01:45.889 [info] > git check-ignore -v -z --stdin [1ms]
2024-01-10 17:01:48.015 [info] > git check-ignore -v -z --stdin [5ms]
2024-01-10 17:01:48.788 [info] > git config --get commit.template [7ms]
2024-01-10 17:01:48.789 [info] > git for-each-ref --format=%(refname)%00%(upstream:short)%00%(objectname)%00%(upstream:track)%00%(upstream:remotename)%00%(upstream:remoteref) refs/heads/main refs/remotes/main [2ms]
2024-01-10 17:01:48.817 [info] > git status -z -uall [22ms]
2024-01-10 17:01:51.486 [info] > git show --textconv :.gitignore [4ms]
2024-01-10 17:01:51.487 [info] > git ls-files --stage -- /home/brayan/.dotfiles/.gitignore [1ms]
2024-01-10 17:01:53.831 [info] > git config --get commit.template [1ms]
2024-01-10 17:01:53.838 [info] > git for-each-ref --format=%(refname)%00%(upstream:short)%00%(objectname)%00%(upstream:track)%00%(upstream:remotename)%00%(upstream:remoteref) refs/heads/main refs/remotes/main [2ms]
2024-01-10 17:01:53.859 [info] > git status -z -uall [17ms]
2024-01-10 17:01:58.875 [info] > git config --get commit.template [2ms]
2024-01-10 17:01:58.883 [info] > git for-each-ref --format=%(refname)%00%(upstream:short)%00%(objectname)%00%(upstream:track)%00%(upstream:remotename)%00%(upstream:remoteref) refs/heads/main refs/remotes/main [1ms]
2024-01-10 17:01:58.909 [info] > git status -z -uall [23ms]
2024-01-10 17:02:05.338 [info] > git check-ignore -v -z --stdin [1ms]
2024-01-10 17:02:06.168 [info] > git config --get commit.template [3ms]
2024-01-10 17:02:06.178 [info] > git for-each-ref --format=%(refname)%00%(upstream:short)%00%(objectname)%00%(upstream:track)%00%(upstream:remotename)%00%(upstream:remoteref) refs/heads/main refs/remotes/main [2ms]
2024-01-10 17:02:06.209 [info] > git status -z -uall [20ms]
2024-01-10 17:02:06.940 [info] > git show --textconv :vscode/.config/Code/User/settings.json [10ms]
2024-01-10 17:02:06.942 [info] > git ls-files --stage -- /home/brayan/.dotfiles/vscode/.config/Code/User/settings.json [2ms]
2024-01-10 17:02:06.970 [info] > git cat-file -s 5c6c0d72f708a2d1be7a9e066344d319e10d3151 [20ms]
2024-01-10 17:02:07.196 [info] > git check-ignore -v -z --stdin [4ms]
2024-01-10 17:02:11.237 [info] > git config --get commit.template [8ms]
2024-01-10 17:02:11.238 [info] > git for-each-ref --format=%(refname)%00%(upstream:short)%00%(objectname)%00%(upstream:track)%00%(upstream:remotename)%00%(upstream:remoteref) refs/heads/main refs/remotes/main [1ms]
2024-01-10 17:02:11.259 [info] > git status -z -uall [17ms]
2024-01-10 17:02:11.416 [info] > git check-ignore -v -z --stdin [2ms]
2024-01-10 17:02:14.418 [info] > git show --textconv :.gitignore [9ms]
2024-01-10 17:02:14.423 [info] > git ls-files --stage -- /home/brayan/.dotfiles/.gitignore [7ms]
2024-01-10 17:02:16.276 [info] > git config --get commit.template [2ms]
2024-01-10 17:02:16.282 [info] > git for-each-ref --format=%(refname)%00%(upstream:short)%00%(objectname)%00%(upstream:track)%00%(upstream:remotename)%00%(upstream:remoteref) refs/heads/main refs/remotes/main [1ms]
2024-01-10 17:02:16.312 [info] > git status -z -uall [24ms]
2024-01-10 17:02:25.939 [info] > git config --get commit.template [1ms]
2024-01-10 17:02:25.947 [info] > git for-each-ref --format=%(refname)%00%(upstream:short)%00%(objectname)%00%(upstream:track)%00%(upstream:remotename)%00%(upstream:remoteref) refs/heads/main refs/remotes/main [2ms]
2024-01-10 17:02:25.972 [info] > git status -z -uall [19ms]
2024-01-10 17:02:30.992 [info] > git config --get commit.template [3ms]
2024-01-10 17:02:30.997 [info] > git for-each-ref --format=%(refname)%00%(upstream:short)%00%(objectname)%00%(upstream:track)%00%(upstream:remotename)%00%(upstream:remoteref) refs/heads/main refs/remotes/main [1ms]
2024-01-10 17:02:31.023 [info] > git status -z -uall [20ms]
2024-01-10 17:02:36.202 [info] > git config --get commit.template [5ms]
2024-01-10 17:02:36.203 [info] > git for-each-ref --format=%(refname)%00%(upstream:short)%00%(objectname)%00%(upstream:track)%00%(upstream:remotename)%00%(upstream:remoteref) refs/heads/main refs/remotes/main [1ms]
2024-01-10 17:02:36.225 [info] > git status -z -uall [18ms]
2024-01-10 17:02:36.783 [info] > git check-ignore -v -z --stdin [3ms]
2024-01-10 17:02:40.442 [info] > git check-ignore -v -z --stdin [3ms]
2024-01-10 17:02:41.245 [info] > git config --get commit.template [2ms]
2024-01-10 17:02:41.253 [info] > git for-each-ref --format=%(refname)%00%(upstream:short)%00%(objectname)%00%(upstream:track)%00%(upstream:remotename)%00%(upstream:remoteref) refs/heads/main refs/remotes/main [1ms]
2024-01-10 17:02:41.277 [info] > git status -z -uall [18ms]
2024-01-10 17:02:41.878 [info] > git check-ignore -v -z --stdin [3ms]
2024-01-10 17:02:46.302 [info] > git config --get commit.template [10ms]
2024-01-10 17:02:46.303 [info] > git for-each-ref --format=%(refname)%00%(upstream:short)%00%(objectname)%00%(upstream:track)%00%(upstream:remotename)%00%(upstream:remoteref) refs/heads/main refs/remotes/main [2ms]
2024-01-10 17:02:46.330 [info] > git status -z -uall [21ms]
2024-01-10 17:02:51.340 [info] > git config --get commit.template [0ms]
2024-01-10 17:02:51.345 [info] > git for-each-ref --format=%(refname)%00%(upstream:short)%00%(objectname)%00%(upstream:track)%00%(upstream:remotename)%00%(upstream:remoteref) refs/heads/main refs/remotes/main [1ms]
2024-01-10 17:02:51.369 [info] > git status -z -uall [18ms]
2024-01-10 17:02:56.386 [info] > git config --get commit.template [1ms]
2024-01-10 17:02:56.394 [info] > git for-each-ref --format=%(refname)%00%(upstream:short)%00%(objectname)%00%(upstream:track)%00%(upstream:remotename)%00%(upstream:remoteref) refs/heads/main refs/remotes/main [1ms]
2024-01-10 17:02:56.423 [info] > git status -z -uall [25ms]
2024-01-10 17:02:58.786 [info] > git check-ignore -v -z --stdin [4ms]
2024-01-10 17:03:01.194 [info] > git merge-base refs/heads/main refs/remotes/origin/main [2ms]
2024-01-10 17:03:01.201 [info] > git rev-list --count --left-right refs/heads/main...refs/remotes/origin/main [1ms]
2024-01-10 17:03:01.437 [info] > git config --get commit.template [3ms]
2024-01-10 17:03:01.438 [info] > git for-each-ref --format=%(refname)%00%(upstream:short)%00%(objectname)%00%(upstream:track)%00%(upstream:remotename)%00%(upstream:remoteref) refs/heads/main refs/remotes/main [2ms]
2024-01-10 17:03:01.471 [info] > git status -z -uall [25ms]
2024-01-10 17:03:01.669 [info] > git check-ignore -v -z --stdin [3ms]
2024-01-10 17:03:05.426 [info] > git check-ignore -v -z --stdin [7ms]
2024-01-10 17:03:06.490 [info] > git config --get commit.template [2ms]
2024-01-10 17:03:06.500 [info] > git for-each-ref --format=%(refname)%00%(upstream:short)%00%(objectname)%00%(upstream:track)%00%(upstream:remotename)%00%(upstream:remoteref) refs/heads/main refs/remotes/main [1ms]
2024-01-10 17:03:06.525 [info] > git status -z -uall [20ms]
2024-01-10 17:03:09.721 [info] > git check-ignore -v -z --stdin [10ms]
2024-01-10 17:03:11.554 [info] > git config --get commit.template [4ms]
2024-01-10 17:03:11.561 [info] > git for-each-ref --format=%(refname)%00%(upstream:short)%00%(objectname)%00%(upstream:track)%00%(upstream:remotename)%00%(upstream:remoteref) refs/heads/main refs/remotes/main [1ms]
2024-01-10 17:03:11.593 [info] > git status -z -uall [21ms]
2024-01-10 17:03:13.212 [info] > git check-ignore -v -z --stdin [1ms]
2024-01-10 17:03:16.614 [info] > git config --get commit.template [2ms]
2024-01-10 17:03:16.619 [info] > git for-each-ref --format=%(refname)%00%(upstream:short)%00%(objectname)%00%(upstream:track)%00%(upstream:remotename)%00%(upstream:remoteref) refs/heads/main refs/remotes/main [1ms]
2024-01-10 17:03:16.643 [info] > git status -z -uall [19ms]
2024-01-10 17:03:21.664 [info] > git config --get commit.template [2ms]
2024-01-10 17:03:21.673 [info] > git for-each-ref --format=%(refname)%00%(upstream:short)%00%(objectname)%00%(upstream:track)%00%(upstream:remotename)%00%(upstream:remoteref) refs/heads/main refs/remotes/main [2ms]
2024-01-10 17:03:21.697 [info] > git status -z -uall [19ms]
2024-01-10 17:03:26.723 [info] > git config --get commit.template [7ms]
2024-01-10 17:03:26.723 [info] > git for-each-ref --format=%(refname)%00%(upstream:short)%00%(objectname)%00%(upstream:track)%00%(upstream:remotename)%00%(upstream:remoteref) refs/heads/main refs/remotes/main [1ms]
2024-01-10 17:03:26.746 [info] > git status -z -uall [19ms]
2024-01-10 17:03:31.770 [info] > git config --get commit.template [2ms]
2024-01-10 17:03:31.776 [info] > git for-each-ref --format=%(refname)%00%(upstream:short)%00%(objectname)%00%(upstream:track)%00%(upstream:remotename)%00%(upstream:remoteref) refs/heads/main refs/remotes/main [1ms]
2024-01-10 17:03:31.800 [info] > git status -z -uall [20ms]
2024-01-10 17:03:36.821 [info] > git config --get commit.template [8ms]
2024-01-10 17:03:36.822 [info] > git for-each-ref --format=%(refname)%00%(upstream:short)%00%(objectname)%00%(upstream:track)%00%(upstream:remotename)%00%(upstream:remoteref) refs/heads/main refs/remotes/main [2ms]
2024-01-10 17:03:36.845 [info] > git status -z -uall [18ms]
2024-01-10 17:03:41.871 [info] > git config --get commit.template [6ms]
2024-01-10 17:03:41.871 [info] > git for-each-ref --format=%(refname)%00%(upstream:short)%00%(objectname)%00%(upstream:track)%00%(upstream:remotename)%00%(upstream:remoteref) refs/heads/main refs/remotes/main [1ms]
2024-01-10 17:03:41.894 [info] > git status -z -uall [18ms]
2024-01-10 17:03:46.912 [info] > git config --get commit.template [2ms]
2024-01-10 17:03:46.921 [info] > git for-each-ref --format=%(refname)%00%(upstream:short)%00%(objectname)%00%(upstream:track)%00%(upstream:remotename)%00%(upstream:remoteref) refs/heads/main refs/remotes/main [1ms]
2024-01-10 17:03:46.952 [info] > git status -z -uall [25ms]
2024-01-10 17:03:51.977 [info] > git config --get commit.template [5ms]
2024-01-10 17:03:51.977 [info] > git for-each-ref --format=%(refname)%00%(upstream:short)%00%(objectname)%00%(upstream:track)%00%(upstream:remotename)%00%(upstream:remoteref) refs/heads/main refs/remotes/main [1ms]
2024-01-10 17:03:52.000 [info] > git status -z -uall [19ms]
2024-01-10 17:03:57.028 [info] > git for-each-ref --format=%(refname)%00%(upstream:short)%00%(objectname)%00%(upstream:track)%00%(upstream:remotename)%00%(upstream:remoteref) refs/heads/main refs/remotes/main [1ms]
2024-01-10 17:03:57.029 [info] > git config --get commit.template [11ms]
2024-01-10 17:03:57.052 [info] > git status -z -uall [18ms]
2024-01-10 17:04:02.075 [info] > git config --get commit.template [5ms]
2024-01-10 17:04:02.075 [info] > git for-each-ref --format=%(refname)%00%(upstream:short)%00%(objectname)%00%(upstream:track)%00%(upstream:remotename)%00%(upstream:remoteref) refs/heads/main refs/remotes/main [1ms]
2024-01-10 17:04:02.096 [info] > git status -z -uall [18ms]
2024-01-10 17:04:07.118 [info] > git config --get commit.template [6ms]
2024-01-10 17:04:07.118 [info] > git for-each-ref --format=%(refname)%00%(upstream:short)%00%(objectname)%00%(upstream:track)%00%(upstream:remotename)%00%(upstream:remoteref) refs/heads/main refs/remotes/main [1ms]
2024-01-10 17:04:07.146 [info] > git status -z -uall [24ms]
2024-01-10 17:04:12.171 [info] > git config --get commit.template [7ms]
2024-01-10 17:04:12.171 [info] > git for-each-ref --format=%(refname)%00%(upstream:short)%00%(objectname)%00%(upstream:track)%00%(upstream:remotename)%00%(upstream:remoteref) refs/heads/main refs/remotes/main [1ms]
2024-01-10 17:04:12.200 [info] > git status -z -uall [22ms]
2024-01-10 17:04:17.226 [info] > git config --get commit.template [10ms]
2024-01-10 17:04:17.227 [info] > git for-each-ref --format=%(refname)%00%(upstream:short)%00%(objectname)%00%(upstream:track)%00%(upstream:remotename)%00%(upstream:remoteref) refs/heads/main refs/remotes/main [2ms]
2024-01-10 17:04:17.254 [info] > git status -z -uall [24ms]
