2024-01-05 09:33:08.890 [info] Checking if asdf is available on the path with command: /bin/zsh -ic 'asdf --version'
2024-01-05 09:33:09.215 [info] Checking if chruby is available on the path with command: /bin/zsh -ic 'chruby --version'
2024-01-05 09:33:09.503 [info] Checking if rbenv is available on the path with command: /bin/zsh -ic 'rbenv --version'
2024-01-05 09:33:09.793 [info] Discovered version manager rbenv
2024-01-05 09:33:09.793 [info] Trying to activate Ruby environment with command: /bin/zsh -ic 'rbenv exec ruby -rjson -e "STDERR.printf(%{RUBY_ENV_ACTIVATE%sRUBY_ENV_ACTIVATE}, JSON.dump({ env: ENV.to_h, ruby_version: RUBY_VERSION, yjit: defined?(RubyVM::YJIT) }))"' inside directory: /home/brayan/work/web
2024-01-05 09:33:10.654 [info] Ruby LSP> Skipping custom bundle setup since /home/brayan/work/web/.ruby-lsp/Gemfile.lock already exists and is up to date

2024-01-05 09:33:10.668 [info] Ruby LSP> Running bundle install for the custom bundle. This may take a while...
Ruby LSP> Command: (bundle check || bundle install) 1>&2

2024-01-05 09:33:10.843 [info] Warning: the running version of Bundler (2.2.32) is older than the version that created the lockfile (2.2.34). We suggest you to upgrade to the version that created the lockfile by running `gem install bundler:2.2.34`.

2024-01-05 09:33:10.999 [info] The Gemfile's dependencies are satisfied

2024-01-05 09:33:12.177 [info] Starting Ruby LSP v0.13.2...

2024-01-05 09:33:12.189 [info] Ruby LSP is ready

2024-01-05 09:33:12.277 [info] Warning: obsolete parameter `ExcludedMethods` (for `Metrics/BlockLength`) found in .rubocop.yml
`ExcludedMethods` has been renamed to `IgnoredMethods`.

2024-01-05 09:33:12.359 [info] The following cops were added to RuboCop, but are not configured. Please set Enabled to either `true` or `false` in your `.rubocop.yml` file.

Please also note that you can opt-in to new cops by default by adding this to your config:
  AllCops:
    NewCops: enable
Gemspec/DateAssignment: # new in 1.10
  Enabled: true
Gemspec/RequireMFA: # new in 1.23
  Enabled: true
Layout/LineEndStringConcatenationIndentation: # new in 1.18
  Enabled: true
Layout/SpaceBeforeBrackets: # new in 1.7
  Enabled: true
Lint/AmbiguousAssignment: # new in 1.7
  Enabled: true
Lint/AmbiguousOperatorPrecedence: # new in 1.21
  Enabled: true
Lint/AmbiguousRange: # new in 1.19
  Enabled: true
Lint/DeprecatedConstants: # new in 1.8
  Enabled: true
Lint/DuplicateBranch: # new in 1.3
  Enabled: true
Lint/DuplicateRegexpCharacterClassElement: # new in 1.1
  Enabled: true
Lint/EmptyBlock: # new in 1.1
  Enabled: true
Lint/EmptyClass: # new in 1.3
  Enabled: true
Lint/EmptyInPattern: # new in 1.16
  Enabled: true
Lint/IncompatibleIoSelectWithFiberScheduler: # new in 1.21
  Enabled: true
Lint/LambdaWithoutLiteralBlock: # new in 1.8
  Enabled: true
Lint/NoReturnInBeginEndBlocks: # new in 1.2
  Enabled: true
Lint/NumberedParameterAssignment: # new in 1.9
  Enabled: true
Lint/OrAssignmentToConstant: # new in 1.9
  Enabled: true
Lint/RedundantDirGlobSort: # new in 1.8
  Enabled: true
Lint/RequireRelativeSelfPath: # new in 1.22
  Enabled: true
Lint/SymbolConversion: # new in 1.9
  Enabled: true
Lint/ToEnumArguments: # new in 1.1
  Enabled: true
Lint/TripleQuotes: # new in 1.9
  Enabled: true
Lint/UnexpectedBlockArity: # new in 1.5
  Enabled: true
Lint/UnmodifiedReduceAccumulator: # new in 1.1
  Enabled: true
Lint/UselessRuby2Keywords: # new in 1.23
  Enabled: true
Naming/BlockForwarding: # new in 1.24
  Enabled: true
Security/IoMethods: # new in 1.22
  Enabled: true
Style/ArgumentsForwarding: # new in 1.1
  Enabled: true
Style/CollectionCompact: # new in 1.2
  Enabled: true
Style/DocumentDynamicEvalDefinition: # new in 1.1
  Enabled: true
Style/EndlessMethod: # new in 1.8
  Enabled: true
Style/FileRead: # new in 1.24
  Enabled: true
Style/FileWrite: # new in 1.24
  Enabled: true
Style/HashConversion: # new in 1.10
  Enabled: true
Style/HashExcept: # new in 1.7
  Enabled: true
Style/IfWithBooleanLiteralBranches: # new in 1.9
  Enabled: true
Style/InPatternThen: # new in 1.16
  Enabled: true
Style/MapToHash: # new in 1.24
  Enabled: true
Style/MultilineInPatternThen: # new in 1.16
  Enabled: true
Style/NegatedIfElseCondition: # new in 1.2
  Enabled: true
Style/NestedFileDirname: # new in 1.26
  Enabled: true
Style/NilLambda: # new in 1.3
  Enabled: true
Style/NumberedParameters: # new in 1.22
  Enabled: true
Style/NumberedParametersLimit: # new in 1.22
  Enabled: true
Style/OpenStructUse: # new in 1.23
  Enabled: true
Style/QuotedSymbols: # new in 1.16
  Enabled: true
Style/RedundantArgument: # new in 1.4
  Enabled: true
Style/RedundantSelfAssignmentBranch: # new in 1.19
  Enabled: true
Style/SelectByRegexp: # new in 1.22
  Enabled: true
Style/StringChars: # new in 1.12
  Enabled: true
Style/SwapValues: # new in 1.1
  Enabled: true
For more information: https://docs.rubocop.org/rubocop/versioning.html

