2024-01-08 20:53:43.214 [info] Extension host with pid 157055 started
2024-01-08 20:53:43.320 [info] ExtensionService#_doActivateExtension vscode.git-base, startup: true, activationEvent: '*', root cause: vscode.git
2024-01-08 20:53:43.323 [info] ExtensionService#_doActivateExtension EditorConfig.EditorConfig, startup: true, activationEvent: '*'
2024-01-08 20:53:43.351 [info] ExtensionService#_doActivateExtension vscode.git, startup: true, activationEvent: '*'
2024-01-08 20:53:43.375 [info] ExtensionService#_doActivateExtension vscode.github, startup: true, activationEvent: '*'
2024-01-08 20:53:43.440 [info] Eager extensions activated
2024-01-08 20:53:43.449 [info] ExtensionService#_doActivateExtension vscode.debug-auto-launch, startup: false, activationEvent: 'onStartupFinished'
2024-01-08 20:53:43.451 [info] ExtensionService#_doActivateExtension vscode.merge-conflict, startup: false, activationEvent: 'onStartupFinished'
2024-01-08 20:53:43.461 [info] ExtensionService#_doActivateExtension Catppuccin.catppuccin-vsc, startup: false, activationEvent: 'onStartupFinished'
2024-01-08 20:53:43.464 [info] ExtensionService#_doActivateExtension eamodio.gitlens, startup: false, activationEvent: 'onStartupFinished'
2024-01-08 20:53:43.501 [info] ExtensionService#_doActivateExtension ms-vscode-remote.remote-containers, startup: false, activationEvent: 'onStartupFinished'
2024-01-08 20:53:43.750 [info] ExtensionService#_doActivateExtension vscode.json-language-features, startup: false, activationEvent: 'onLanguage:jsonc'
2024-01-08 20:53:43.767 [info] ExtensionService#_doActivateExtension vscode.typescript-language-features, startup: false, activationEvent: 'onLanguage:jsonc'
2024-01-08 20:53:43.789 [info] ExtensionService#_doActivateExtension vscode.emmet, startup: false, activationEvent: 'onLanguage'
2024-01-08 20:53:47.308 [info] Extension host terminating: renderer closed the MessagePort
2024-01-08 20:53:47.334 [error] Canceled: Canceled
	at new g (/usr/share/code/resources/app/out/vs/workbench/api/node/extensionHostProcess.js:141:110274)
	at l.U (/usr/share/code/resources/app/out/vs/workbench/api/node/extensionHostProcess.js:150:10866)
	at P.<computed>.j.charCodeAt.P.<computed> (/usr/share/code/resources/app/out/vs/workbench/api/node/extensionHostProcess.js:150:8317)
	at d.g (/usr/share/code/resources/app/out/vs/workbench/api/node/extensionHostProcess.js:141:139555)
	at d.executeCommand (/usr/share/code/resources/app/out/vs/workbench/api/node/extensionHostProcess.js:141:138993)
	at p.registerCommand.description (/usr/share/code/resources/app/out/vs/workbench/api/node/extensionHostProcess.js:141:138317)
	at d.h (/usr/share/code/resources/app/out/vs/workbench/api/node/extensionHostProcess.js:141:140094)
	at d.g (/usr/share/code/resources/app/out/vs/workbench/api/node/extensionHostProcess.js:141:139086)
	at d.executeCommand (/usr/share/code/resources/app/out/vs/workbench/api/node/extensionHostProcess.js:141:138993)
	at Object.executeCommand (/usr/share/code/resources/app/out/vs/workbench/api/node/extensionHostProcess.js:158:21333)
	at w (/home/brayan/.vscode/extensions/eamodio.gitlens-14.6.1/dist/gitlens.js:1077:40599)
	at h (/home/brayan/.vscode/extensions/eamodio.gitlens-14.6.1/dist/gitlens.js:1077:45646)
	at ActionRunners._updateContextKeys (/home/brayan/.vscode/extensions/eamodio.gitlens-14.6.1/dist/gitlens.js:663:17278)
	at s (/home/brayan/.vscode/extensions/eamodio.gitlens-14.6.1/dist/gitlens.js:663:15722)
	at RegisteredActionRunner.unregister (/home/brayan/.vscode/extensions/eamodio.gitlens-14.6.1/dist/gitlens.js:663:15865)
	at RegisteredActionRunner.dispose (/home/brayan/.vscode/extensions/eamodio.gitlens-14.6.1/dist/gitlens.js:663:14518)
	at ActionRunners.dispose (/home/brayan/.vscode/extensions/eamodio.gitlens-14.6.1/dist/gitlens.js:663:15305)
	at /home/brayan/.vscode/extensions/eamodio.gitlens-14.6.1/dist/gitlens.js:1037:19246
	at Array.forEach (<anonymous>)
	at Object.dispose (/home/brayan/.vscode/extensions/eamodio.gitlens-14.6.1/dist/gitlens.js:1037:19228)
	at s (/usr/share/code/resources/app/out/vs/workbench/api/node/extensionHostProcess.js:30:754)
	at f.cb (/usr/share/code/resources/app/out/vs/workbench/api/node/extensionHostProcess.js:154:9873)
	at /usr/share/code/resources/app/out/vs/workbench/api/node/extensionHostProcess.js:154:7808
	at Array.map (<anonymous>)
	at f.Y (/usr/share/code/resources/app/out/vs/workbench/api/node/extensionHostProcess.js:154:7795)
	at f.terminate (/usr/share/code/resources/app/out/vs/workbench/api/node/extensionHostProcess.js:154:8068)
	at s.terminate (/usr/share/code/resources/app/out/vs/workbench/api/node/extensionHostProcess.js:158:1513)
	at a (/usr/share/code/resources/app/out/vs/workbench/api/node/extensionHostProcess.js:171:9802)
	at MessagePortMain.<anonymous> (/usr/share/code/resources/app/out/vs/workbench/api/node/extensionHostProcess.js:171:6227)
	at MessagePortMain.emit (node:events:513:28)
	at MessagePortMain._internalPort.emit (node:electron/js2c/utility_init:2:367) setContext undefined
2024-01-08 20:53:47.334 [error] Canceled: Canceled
	at new g (/usr/share/code/resources/app/out/vs/workbench/api/node/extensionHostProcess.js:141:110274)
	at l.U (/usr/share/code/resources/app/out/vs/workbench/api/node/extensionHostProcess.js:150:10866)
	at P.<computed>.j.charCodeAt.P.<computed> (/usr/share/code/resources/app/out/vs/workbench/api/node/extensionHostProcess.js:150:8317)
	at d.g (/usr/share/code/resources/app/out/vs/workbench/api/node/extensionHostProcess.js:141:139555)
	at d.executeCommand (/usr/share/code/resources/app/out/vs/workbench/api/node/extensionHostProcess.js:141:138993)
	at p.registerCommand.description (/usr/share/code/resources/app/out/vs/workbench/api/node/extensionHostProcess.js:141:138317)
	at d.h (/usr/share/code/resources/app/out/vs/workbench/api/node/extensionHostProcess.js:141:140094)
	at d.g (/usr/share/code/resources/app/out/vs/workbench/api/node/extensionHostProcess.js:141:139086)
	at d.executeCommand (/usr/share/code/resources/app/out/vs/workbench/api/node/extensionHostProcess.js:141:138993)
	at Object.executeCommand (/usr/share/code/resources/app/out/vs/workbench/api/node/extensionHostProcess.js:158:21333)
	at w (/home/brayan/.vscode/extensions/eamodio.gitlens-14.6.1/dist/gitlens.js:1077:40599)
	at h (/home/brayan/.vscode/extensions/eamodio.gitlens-14.6.1/dist/gitlens.js:1077:45646)
	at ActionRunners._updateContextKeys (/home/brayan/.vscode/extensions/eamodio.gitlens-14.6.1/dist/gitlens.js:663:17278)
	at s (/home/brayan/.vscode/extensions/eamodio.gitlens-14.6.1/dist/gitlens.js:663:15722)
	at RegisteredActionRunner.unregister (/home/brayan/.vscode/extensions/eamodio.gitlens-14.6.1/dist/gitlens.js:663:15865)
	at RegisteredActionRunner.dispose (/home/brayan/.vscode/extensions/eamodio.gitlens-14.6.1/dist/gitlens.js:663:14518)
	at ActionRunners.dispose (/home/brayan/.vscode/extensions/eamodio.gitlens-14.6.1/dist/gitlens.js:663:15305)
	at /home/brayan/.vscode/extensions/eamodio.gitlens-14.6.1/dist/gitlens.js:1037:19246
	at Array.forEach (<anonymous>)
	at Object.dispose (/home/brayan/.vscode/extensions/eamodio.gitlens-14.6.1/dist/gitlens.js:1037:19228)
	at s (/usr/share/code/resources/app/out/vs/workbench/api/node/extensionHostProcess.js:30:754)
	at f.cb (/usr/share/code/resources/app/out/vs/workbench/api/node/extensionHostProcess.js:154:9873)
	at /usr/share/code/resources/app/out/vs/workbench/api/node/extensionHostProcess.js:154:7808
	at Array.map (<anonymous>)
	at f.Y (/usr/share/code/resources/app/out/vs/workbench/api/node/extensionHostProcess.js:154:7795)
	at f.terminate (/usr/share/code/resources/app/out/vs/workbench/api/node/extensionHostProcess.js:154:8068)
	at s.terminate (/usr/share/code/resources/app/out/vs/workbench/api/node/extensionHostProcess.js:158:1513)
	at a (/usr/share/code/resources/app/out/vs/workbench/api/node/extensionHostProcess.js:171:9802)
	at MessagePortMain.<anonymous> (/usr/share/code/resources/app/out/vs/workbench/api/node/extensionHostProcess.js:171:6227)
	at MessagePortMain.emit (node:events:513:28)
	at MessagePortMain._internalPort.emit (node:electron/js2c/utility_init:2:367) setContext undefined
2024-01-08 20:53:47.335 [error] Canceled: Canceled
	at new g (/usr/share/code/resources/app/out/vs/workbench/api/node/extensionHostProcess.js:141:110274)
	at l.U (/usr/share/code/resources/app/out/vs/workbench/api/node/extensionHostProcess.js:150:10866)
	at P.<computed>.j.charCodeAt.P.<computed> (/usr/share/code/resources/app/out/vs/workbench/api/node/extensionHostProcess.js:150:8317)
	at d.g (/usr/share/code/resources/app/out/vs/workbench/api/node/extensionHostProcess.js:141:139555)
	at d.executeCommand (/usr/share/code/resources/app/out/vs/workbench/api/node/extensionHostProcess.js:141:138993)
	at p.registerCommand.description (/usr/share/code/resources/app/out/vs/workbench/api/node/extensionHostProcess.js:141:138317)
	at d.h (/usr/share/code/resources/app/out/vs/workbench/api/node/extensionHostProcess.js:141:140094)
	at d.g (/usr/share/code/resources/app/out/vs/workbench/api/node/extensionHostProcess.js:141:139086)
	at d.executeCommand (/usr/share/code/resources/app/out/vs/workbench/api/node/extensionHostProcess.js:141:138993)
	at Object.executeCommand (/usr/share/code/resources/app/out/vs/workbench/api/node/extensionHostProcess.js:158:21333)
	at w (/home/brayan/.vscode/extensions/eamodio.gitlens-14.6.1/dist/gitlens.js:1077:40599)
	at h (/home/brayan/.vscode/extensions/eamodio.gitlens-14.6.1/dist/gitlens.js:1077:45646)
	at ActionRunners._updateContextKeys (/home/brayan/.vscode/extensions/eamodio.gitlens-14.6.1/dist/gitlens.js:663:17278)
	at s (/home/brayan/.vscode/extensions/eamodio.gitlens-14.6.1/dist/gitlens.js:663:15722)
	at RegisteredActionRunner.unregister (/home/brayan/.vscode/extensions/eamodio.gitlens-14.6.1/dist/gitlens.js:663:15865)
	at RegisteredActionRunner.dispose (/home/brayan/.vscode/extensions/eamodio.gitlens-14.6.1/dist/gitlens.js:663:14518)
	at ActionRunners.dispose (/home/brayan/.vscode/extensions/eamodio.gitlens-14.6.1/dist/gitlens.js:663:15305)
	at /home/brayan/.vscode/extensions/eamodio.gitlens-14.6.1/dist/gitlens.js:1037:19246
	at Array.forEach (<anonymous>)
	at Object.dispose (/home/brayan/.vscode/extensions/eamodio.gitlens-14.6.1/dist/gitlens.js:1037:19228)
	at s (/usr/share/code/resources/app/out/vs/workbench/api/node/extensionHostProcess.js:30:754)
	at f.cb (/usr/share/code/resources/app/out/vs/workbench/api/node/extensionHostProcess.js:154:9873)
	at /usr/share/code/resources/app/out/vs/workbench/api/node/extensionHostProcess.js:154:7808
	at Array.map (<anonymous>)
	at f.Y (/usr/share/code/resources/app/out/vs/workbench/api/node/extensionHostProcess.js:154:7795)
	at f.terminate (/usr/share/code/resources/app/out/vs/workbench/api/node/extensionHostProcess.js:154:8068)
	at s.terminate (/usr/share/code/resources/app/out/vs/workbench/api/node/extensionHostProcess.js:158:1513)
	at a (/usr/share/code/resources/app/out/vs/workbench/api/node/extensionHostProcess.js:171:9802)
	at MessagePortMain.<anonymous> (/usr/share/code/resources/app/out/vs/workbench/api/node/extensionHostProcess.js:171:6227)
	at MessagePortMain.emit (node:events:513:28)
	at MessagePortMain._internalPort.emit (node:electron/js2c/utility_init:2:367) setContext undefined
2024-01-08 20:53:47.338 [info] Extension host with pid 157055 exiting with code 0
2024-01-08 20:53:48.012 [info] Extension host with pid 157104 started
2024-01-08 20:53:48.012 [info] Skipping acquiring lock for /home/brayan/.config/Code/User/workspaceStorage/3e5e6d6f7e9976681a79a6f5de822ba8.
2024-01-08 20:53:48.115 [info] ExtensionService#_doActivateExtension vscode.emmet, startup: false, activationEvent: 'onLanguage'
2024-01-08 20:53:48.121 [info] ExtensionService#_doActivateExtension Shopify.ruby-lsp, startup: false, activationEvent: 'onLanguage:ruby'
2024-01-08 20:53:49.086 [info] ExtensionService#_doActivateExtension vscode.git-base, startup: true, activationEvent: '*', root cause: vscode.git
2024-01-08 20:53:49.088 [info] ExtensionService#_doActivateExtension EditorConfig.EditorConfig, startup: true, activationEvent: '*'
2024-01-08 20:53:49.105 [info] ExtensionService#_doActivateExtension vscode.npm, startup: true, activationEvent: 'workspaceContains:package.json'
2024-01-08 20:53:49.149 [info] ExtensionService#_doActivateExtension vscode.git, startup: true, activationEvent: '*'
2024-01-08 20:53:49.176 [info] ExtensionService#_doActivateExtension vscode.github, startup: true, activationEvent: '*'
2024-01-08 20:53:49.462 [info] ExtensionService#_doActivateExtension vscode.github-authentication, startup: false, activationEvent: 'onAuthenticationRequest:github'
2024-01-08 20:53:53.458 [info] Eager extensions activated
2024-01-08 20:53:53.465 [info] ExtensionService#_doActivateExtension vscode.debug-auto-launch, startup: false, activationEvent: 'onStartupFinished'
2024-01-08 20:53:53.466 [info] ExtensionService#_doActivateExtension vscode.merge-conflict, startup: false, activationEvent: 'onStartupFinished'
2024-01-08 20:53:53.473 [info] ExtensionService#_doActivateExtension Catppuccin.catppuccin-vsc, startup: false, activationEvent: 'onStartupFinished'
2024-01-08 20:53:53.475 [info] ExtensionService#_doActivateExtension eamodio.gitlens, startup: false, activationEvent: 'onStartupFinished'
2024-01-08 20:53:53.509 [info] ExtensionService#_doActivateExtension ms-vscode-remote.remote-containers, startup: false, activationEvent: 'onStartupFinished'
2024-01-08 20:53:53.804 [info] ExtensionService#_doActivateExtension vscode.json-language-features, startup: false, activationEvent: 'onLanguage:jsonc'
2024-01-08 20:53:53.828 [info] ExtensionService#_doActivateExtension vscode.typescript-language-features, startup: false, activationEvent: 'onLanguage:jsonc'
2024-01-08 21:07:44.445 [warning] TextEditor is closed/disposed
2024-01-08 21:08:06.375 [warning] TextEditor is closed/disposed
2024-01-08 21:08:06.386 [warning] TextEditor is closed/disposed
2024-01-08 21:08:06.386 [warning] TextEditor is closed/disposed
2024-01-08 21:08:11.949 [warning] TextEditor is closed/disposed
2024-01-08 21:08:20.467 [warning] TextEditor is closed/disposed
2024-01-08 21:08:58.034 [warning] TextEditor is closed/disposed
2024-01-08 21:09:33.221 [warning] TextEditor is closed/disposed
2024-01-08 21:09:44.797 [warning] TextEditor is closed/disposed
2024-01-08 21:10:16.808 [warning] TextEditor is closed/disposed
2024-01-08 21:17:32.904 [warning] TextEditor is closed/disposed
2024-01-08 21:21:03.561 [warning] Shopify.ruby-lsp - Code actions of kind 'quickfix 'requested but returned code action is of kind 'refactor.extract'. Code action will be dropped. Please check 'CodeActionContext.only' to only return requested code actions.
2024-01-08 21:32:08.635 [warning] TextEditor is closed/disposed
2024-01-08 21:33:30.075 [warning] TextEditor is closed/disposed
2024-01-08 21:40:37.685 [warning] TextEditor is closed/disposed
2024-01-08 21:40:38.650 [warning] TextEditor is closed/disposed
2024-01-08 21:40:41.528 [warning] TextEditor is closed/disposed
2024-01-08 21:40:50.571 [warning] TextEditor is closed/disposed
2024-01-08 21:41:01.129 [warning] TextEditor is closed/disposed
2024-01-08 21:48:15.115 [warning] TextEditor is closed/disposed
2024-01-08 21:49:29.907 [warning] TextEditor is closed/disposed
