2023-12-29 09:18:12.564 [info] Checking if asdf is available on the path with command: /bin/zsh -ic 'asdf --version'
2023-12-29 09:18:12.877 [info] Checking if chruby is available on the path with command: /bin/zsh -ic 'chruby --version'
2023-12-29 09:18:13.167 [info] Checking if rbenv is available on the path with command: /bin/zsh -ic 'rbenv --version'
2023-12-29 09:18:13.438 [info] Discovered version manager rbenv
2023-12-29 09:18:13.438 [info] Trying to activate Ruby environment with command: /bin/zsh -ic 'rbenv exec ruby -rjson -e "STDERR.printf(%{RUBY_ENV_ACTIVATE%sRUBY_ENV_ACTIVATE}, JSON.dump({ env: ENV.to_h, ruby_version: RUBY_VERSION, yjit: defined?(RubyVM::YJIT) }))"' inside directory: /home/brayan/work/web
2023-12-29 09:18:16.471 [info] Ruby LSP> Skipping custom bundle setup since /home/brayan/work/web/.ruby-lsp/Gemfile.lock already exists and is up to date

2023-12-29 09:18:16.482 [info] Ruby LSP> Running bundle install for the custom bundle. This may take a while...
Ruby LSP> Command: ((bundle check && bundle update ruby-lsp debug) || bundle install) 1>&2

2023-12-29 09:18:16.621 [info] Warning: the running version of Bundler (2.2.32) is older than the version that created the lockfile (2.2.34). We suggest you to upgrade to the version that created the lockfile by running `gem install bundler:2.2.34`.

2023-12-29 09:18:16.761 [info] The Gemfile's dependencies are satisfied

2023-12-29 09:18:16.893 [info] Warning: the running version of Bundler (2.2.32) is older than the version that created the lockfile (2.2.34). We suggest you to upgrade to the version that created the lockfile by running `gem install bundler:2.2.34`.

2023-12-29 09:18:17.922 [info] Fetching gem metadata from https://rubygems.org/
2023-12-29 09:18:17.924 [info] .
2023-12-29 09:18:18.333 [info] .
2023-12-29 09:18:18.423 [info] .
2023-12-29 09:18:18.702 [info] .
2023-12-29 09:18:19.039 [info] .
2023-12-29 09:18:19.048 [info] .
2023-12-29 09:18:20.052 [info] 

2023-12-29 09:18:20.122 [info] Resolving dependencies...
2023-12-29 09:18:20.451 [info] .
2023-12-29 09:18:20.525 [info] 

2023-12-29 09:18:20.661 [info] Using rake 13.0.6

2023-12-29 09:18:20.667 [info] Using concurrent-ruby 1.2.2
Using minitest 5.15.0
Using builder 3.2.4
Using erubi 1.12.0

2023-12-29 09:18:20.667 [info] Using mini_portile2 2.8.4
Using racc 1.7.1
Using crass 1.0.6
Using rack 2.2.8

2023-12-29 09:18:20.667 [info] Using nio4r 2.5.9
Using websocket-extensions 0.1.5

2023-12-29 09:18:20.702 [info] Using marcel 1.0.2
Using mini_mime 1.1.2
Using date 3.3.3
Using timeout 0.4.0
Using aws-eventstream 1.2.0
Using aws-partitions 1.568.0
Using jmespath 1.6.1
Using bundler 2.2.32
Using method_source 1.0.0
Using thor 1.2.2
Using zeitwerk 2.6.11

2023-12-29 09:18:20.702 [info] Using multi_json 1.15.0
Using public_suffix 5.0.0

2023-12-29 09:18:20.702 [info] Using aes_key_wrap 1.1.0

2023-12-29 09:18:20.750 [info] Using ansi 1.5.0
Using api 0.1.0 from https://github.com/ComunidadFeliz/api.git (at main@6818fe0)

2023-12-29 09:18:20.759 [info] Using ast 2.4.2

2023-12-29 09:18:20.759 [info] Using execjs 2.8.1

2023-12-29 09:18:20.762 [info] Using awesome_print 1.9.2
Using htmlentities 4.3.4

2023-12-29 09:18:20.762 [info] Using rubyzip 2.3.2
Using babel-source 5.8.35
Using barby 0.6.8

2023-12-29 09:18:20.784 [info] Using batch-loader 2.0.1

2023-12-29 09:18:20.800 [info] Using bcrypt 3.1.17

2023-12-29 09:18:20.800 [info] Using bindata 2.4.10

2023-12-29 09:18:20.801 [info] Using bindex 0.8.1

2023-12-29 09:18:20.801 [info] Using msgpack 1.4.5

2023-12-29 09:18:20.801 [info] Using ffi 1.15.5

2023-12-29 09:18:20.801 [info] Using browser 5.3.1

2023-12-29 09:18:20.825 [info] Using smart_properties 1.17.0

2023-12-29 09:18:20.825 [info] Using byebug 11.1.3
Using cancancan 3.3.0

2023-12-29 09:18:20.825 [info] Using matrix 0.4.2

2023-12-29 09:18:20.826 [info] Using mini_magick 4.11.0

2023-12-29 09:18:20.826 [info] Using ssrf_filter 1.0.7

2023-12-29 09:18:20.826 [info] Using choice 0.2.0

2023-12-29 09:18:20.857 [info] Using uniform_notifier 1.16.0

2023-12-29 09:18:20.857 [info] Using cocoon 1.2.15

2023-12-29 09:18:20.867 [info] Using coffee-script-source 1.12.2
Using regexp_parser 2.2.1
Using chunky_png 1.4.0

2023-12-29 09:18:20.871 [info] Using colorize 0.8.1

2023-12-29 09:18:20.875 [info] Using ruby-rc4 0.1.5

2023-12-29 09:18:20.878 [info] Using connection_pool 2.2.5
Using rexml 3.2.5

2023-12-29 09:18:20.885 [info] Using daemons 1.4.1
Using database_cleaner-core 2.0.1

2023-12-29 09:18:20.886 [info] Using stringio 3.1.0
Using io-console 0.7.1

2023-12-29 09:18:20.886 [info] Using declarative 0.0.20
Using diff-lcs 1.5.0
Using digest-crc 0.6.4

2023-12-29 09:18:20.886 [info] Using docile 1.4.0
Using unf_ext 0.0.8.2

2023-12-29 09:18:20.886 [info] Using dotenv 2.8.1
Using ruby2_keywords 0.0.5

2023-12-29 09:18:20.886 [info] Using draper-cancancan 1.1.1
Using faraday-net_http 3.0.0

2023-12-29 09:18:20.933 [info] Using jwt 2.5.0

2023-12-29 09:18:20.937 [info] Using multi_xml 0.6.0

2023-12-29 09:18:20.941 [info] Using excon 0.92.3

2023-12-29 09:18:20.945 [info] Using fastimage 2.2.7

2023-12-29 09:18:20.949 [info] Using formatador 1.1.0

2023-12-29 09:18:20.953 [info] Using mime-types-data 3.2022.0105

2023-12-29 09:18:20.957 [info] Using fuzzy_match 2.1.0
Using gems 1.2.0

2023-12-29 09:18:20.957 [info] Using memoist 0.16.2

2023-12-29 09:18:20.957 [info] Using os 1.1.4

2023-12-29 09:18:20.997 [info] Using uber 0.1.0
Using retriable 3.1.2

2023-12-29 09:18:21.019 [info] Using rotp 6.2.2
Using httpclient 2.8.3
Using trailblazer-option 0.1.2
Using webrick 1.7.0

2023-12-29 09:18:21.023 [info] Using rqrcode_core 1.2.0
Using temple 0.10.2
Using tilt 2.2.0

2023-12-29 09:18:21.023 [info] Using parallel 1.21.0
Using rainbow 3.1.1
Using ruby-progressbar 1.11.0

2023-12-29 09:18:21.023 [info] Using unicode-display_width 2.1.0
Using sysexits 1.2.0
Using hash-deep-merge 0.1.1

2023-12-29 09:18:21.023 [info] Using hashdiff 1.0.1
Using hashie 5.0.0
Using highline 2.0.3

2023-12-29 09:18:21.023 [info] Using hirb 0.7.3
Using htmlbeautifier 1.4.2
Using socksify 1.7.1

2023-12-29 09:18:21.024 [info] Using hub 1.12.4
Using interactor 3.1.2
Using json 2.6.1

2023-12-29 09:18:21.024 [info] Using language_server-protocol 3.17.0.3
Using rb-fsevent 0.11.1
Using redcarpet 3.5.1

2023-12-29 09:18:21.024 [info] Using rouge 4.0.0

2023-12-29 09:18:21.024 [info] Using net-http-digest_auth 1.4.1

2023-12-29 09:18:21.115 [info] Using graphql 1.11.10

2023-12-29 09:18:21.115 [info] Using memory_profiler 1.0.1

2023-12-29 09:18:21.115 [info] Using missing_t 0.4.1

2023-12-29 09:18:21.115 [info] Using mixpanel-ruby 2.3.0

2023-12-29 09:18:21.136 [info] Using rubyntlm 0.6.3
Using webrobots 0.1.2
Using nori 2.6.0

2023-12-29 09:18:21.136 [info] Using options 2.3.2
Using payments_api_client 0.1.0 from https://github.com/ComunidadFeliz/PaymentsApiClient.git (at main@5bc4703)

2023-12-29 09:18:21.137 [info] Using pdf-core 0.9.0

2023-12-29 09:18:21.137 [info] Using pg 1.3.4

2023-12-29 09:18:21.165 [info] Using rack-timeout 0.6.0

2023-12-29 09:18:21.165 [info] Using woothee 1.13.0
Using railroady 1.6.0

2023-12-29 09:18:21.165 [info] Using oj 3.10.18

2023-12-29 09:18:21.165 [info] Using remotipart 1.4.4

2023-12-29 09:18:21.166 [info] Using rollbar 3.3.0

2023-12-29 09:18:21.192 [info] Using ttfunk 1.7.0
Using prism 0.19.0
Using redis 4.8.1

2023-12-29 09:18:21.192 [info] Using rspec-support 3.10.3

2023-12-29 09:18:21.207 [info] Using ruby-ole 1.2.12.2

2023-12-29 09:18:21.207 [info] Using sorbet-runtime 0.5.11164

2023-12-29 09:18:21.207 [info] Using service-object 0.1.0 from https://github.com/ComunidadFeliz/service-objects.git (at main@836d75c)

2023-12-29 09:18:21.215 [info] Using semantic_range 3.0.0

2023-12-29 09:18:21.220 [info] Using shoulda-context 2.0.0

2023-12-29 09:18:21.224 [info] Using simplecov-html 0.12.3

2023-12-29 09:18:21.228 [info] Using simplecov_json_formatter 0.1.4

2023-12-29 09:18:21.236 [info] Using will_paginate 3.3.1
Using i18n 1.14.1

2023-12-29 09:18:21.237 [info] Using tzinfo 2.0.6

2023-12-29 09:18:21.237 [info] Using nokogiri 1.15.3 (x86_64-linux)
Using wkhtmltopdf-binary 0.12.3.1

2023-12-29 09:18:21.252 [info] Using rack-test 2.1.0
Using request_store 1.5.1

2023-12-29 09:18:21.253 [info] Using sprockets 4.2.0
Using rack-protection 2.2.0
Using puma 5.6.2
Using rack-cors 1.1.1

2023-12-29 09:18:21.253 [info] Using rack-mini-profiler 3.0.0
Using rack-proxy 0.7.2
Using rack_session_access 0.2.0

2023-12-29 09:18:21.253 [info] Using websocket-driver 0.7.6
Using addressable 2.8.1
Using aws-sigv4 1.4.0
Using parser 3.1.1.0

2023-12-29 09:18:21.253 [info] Using uglifier 4.2.0
Using autoprefixer-rails 10.4.2.0

2023-12-29 09:18:21.253 [info] Using babel-transpiler 0.7.0
Using bootsnap 1.11.1

2023-12-29 09:18:21.253 [info] Using sassc 2.4.0
Using ruby-vips 2.1.4

2023-12-29 09:18:21.253 [info] Using rb-inotify 0.10.1

2023-12-29 09:18:21.253 [info] Using coffee-script 2.4.1

2023-12-29 09:18:21.253 [info] Using crack 0.4.5

2023-12-29 09:18:21.253 [info] Using ruby-graphviz 1.2.5

2023-12-29 09:18:21.320 [info] Using gyoku 1.3.1
Using net-protocol 0.2.1

2023-12-29 09:18:21.352 [info] Using psych 5.1.2
Using reline 0.4.1

2023-12-29 09:18:21.352 [info] Using faraday 2.5.2
Using ruby-ll 2.1.3

2023-12-29 09:18:21.352 [info] Using figaro 1.2.0

2023-12-29 09:18:21.353 [info] Using net-http-persistent 4.0.1

2023-12-29 09:18:21.353 [info] Using next_rails 1.0.4

2023-12-29 09:18:21.353 [info] Using mime-types 3.4.1

2023-12-29 09:18:21.353 [info] Using haml 5.2.2

2023-12-29 09:18:21.353 [info] Using httpi 2.5.0

2023-12-29 09:18:21.353 [info] Using terminal-table 3.0.2

2023-12-29 09:18:21.353 [info] Using lazy_high_charts 1.6.1 from https://github.com/michelson/lazy_high_charts (at master@54f4b6d)

2023-12-29 09:18:21.353 [info] Using parallel_tests 4.1.0

2023-12-29 09:18:21.353 [info] Using recaptcha 5.9.0

2023-12-29 09:18:21.353 [info] Using sendgrid 1.2.4

2023-12-29 09:18:21.353 [info] Using combine_pdf 1.0.21

2023-12-29 09:18:21.353 [info] Using graphql-guard 2.0.0

2023-12-29 09:18:21.353 [info] Using progress_bar 1.3.3

2023-12-29 09:18:21.353 [info] Using rack-user_agent 0.5.3

2023-12-29 09:18:21.353 [info] Using rspec-core 3.10.2

2023-12-29 09:18:21.353 [info] Using rspec-expectations 3.10.2

2023-12-29 09:18:21.354 [info] Using rspec-mocks 3.10.3
Using prawn 2.4.0

2023-12-29 09:18:21.354 [info] Using ruby-lsp 0.13.2
Using rqrcode 2.1.1

2023-12-29 09:18:21.354 [info] Using activesupport 7.0.6
Using loofah 2.21.3

2023-12-29 09:18:21.449 [info] Using unf 0.1.4

2023-12-29 09:18:21.449 [info] Using caxlsx 3.2.0

2023-12-29 09:18:21.453 [info] Using xpath 3.2.0

2023-12-29 09:18:21.459 [info] Using faker 2.20.0

2023-12-29 09:18:21.464 [info] Using i18n-js 3.9.1

2023-12-29 09:18:21.467 [info] Using mimemagic 0.4.3

2023-12-29 09:18:21.471 [info] Using money 6.16.0

2023-12-29 09:18:21.478 [info] Using numbers_and_words 0.11.11
Using roo 2.8.3

2023-12-29 09:18:21.488 [info] Using sanitize 6.0.0
Using signer 1.10.0

2023-12-29 09:18:21.488 [info] Using tzinfo-data 1.2023.3
Using will_paginate-bootstrap 1.0.2

2023-12-29 09:18:21.488 [info] Using aws-sdk-core 3.130.0

2023-12-29 09:18:21.498 [info] Using image_processing 1.12.2
Using css_parser 1.11.0
Using launchy 2.5.0

2023-12-29 09:18:21.498 [info] Using rubocop-ast 1.16.0
Using handlebars_assets 0.23.9
Using listen 3.7.1
Using omniauth 2.0.4

2023-12-29 09:18:21.498 [info] Using scout_apm 5.1.1
Using webmock 3.18.1
Using net-imap 0.3.7

2023-12-29 09:18:21.498 [info] Using net-pop 0.1.2
Using net-smtp 0.3.3
Using akami 1.3.1

2023-12-29 09:18:21.499 [info] Using rails-dom-testing 2.2.0
Using globalid 1.1.0
Using activemodel 7.0.6
Using bullet 7.0.7

2023-12-29 09:18:21.499 [info] Using rdoc 6.6.2
Using delayed_job 4.1.10
Using factory_bot 6.2.0
Using fog-core 2.3.0

2023-12-29 09:18:21.499 [info] Using json-jwt 1.13.0
Using view_component 2.77.0

2023-12-29 09:18:21.499 [info] Using oga 3.4
Using pagy 5.10.1

2023-12-29 09:18:21.499 [info] Using prawn-icon 3.1.0
Using prawn-table 0.2.2

2023-12-29 09:18:21.499 [info] Using prawn-qrcode 0.5.2

2023-12-29 09:18:21.499 [info] Using rspec 3.10.0
Using rspec_junit_formatter 0.5.1

2023-12-29 09:18:21.499 [info] Using wasabi 3.7.0

2023-12-29 09:18:21.499 [info] Using shoulda-matchers 5.3.0

2023-12-29 09:18:21.499 [info] Using wicked_pdf 2.7.0

2023-12-29 09:18:21.499 [info] Using rails-html-sanitizer 1.6.0

2023-12-29 09:18:21.499 [info] Using simplecov 0.21.2

2023-12-29 09:18:21.499 [info] Using domain_name 0.5.20190701

2023-12-29 09:18:21.499 [info] Using spreadsheet 1.3.0

2023-12-29 09:18:21.499 [info] Using representable 3.2.0

2023-12-29 09:18:21.500 [info] Using aws-sdk-sqs 1.51.0

2023-12-29 09:18:21.500 [info] Using aws-sdk-autoscaling 1.78.0

2023-12-29 09:18:21.500 [info] Using aws-sdk-dynamodb 1.74.0

2023-12-29 09:18:21.500 [info] Using aws-sdk-ec2 1.303.0

2023-12-29 09:18:21.500 [info] Using aws-sdk-kms 1.55.0

2023-12-29 09:18:21.500 [info] Using aws-sdk-sns 1.53.0

2023-12-29 09:18:21.500 [info] Using axlsx_styler 1.1.0

2023-12-29 09:18:21.500 [info] Using oauth2 1.4.9

2023-12-29 09:18:21.500 [info] Using signet 0.17.0

2023-12-29 09:18:21.500 [info] Using bootstrap-sass 3.4.1

2023-12-29 09:18:21.722 [info] Using actionview 7.0.6

2023-12-29 09:18:21.722 [info] Using activerecord 7.0.6

2023-12-29 09:18:21.722 [info] Using mail 2.8.1

2023-12-29 09:18:21.723 [info] Using activemodel-serializers-xml 1.0.2

2023-12-29 09:18:21.723 [info] Using aws-sdk-s3 1.113.0

2023-12-29 09:18:21.723 [info] Using capybara 3.36.0

2023-12-29 09:18:21.723 [info] Using carrierwave 2.2.2

2023-12-29 09:18:21.772 [info] Using irb 1.11.0
Using fog-json 1.2.0
Using fog-xml 0.1.4
Using activejob 7.0.6
Using dropbox_api 0.1.21
Using googleauth 1.2.0

2023-12-29 09:18:21.798 [info] Using http-cookie 1.0.5

2023-12-29 09:18:21.798 [info] Using omniauth-oauth2 1.7.2

2023-12-29 09:18:21.798 [info] Using rubocop 1.26.0

2023-12-29 09:18:21.798 [info] Using prawn-markup 1.0.0

2023-12-29 09:18:21.798 [info] Using premailer 1.15.0

2023-12-29 09:18:21.808 [info] Using prawn-html 0.7.1

2023-12-29 09:18:21.811 [info] Using roo-xls 1.2.0

2023-12-29 09:18:21.814 [info] Using rspec-activemodel-mocks 1.1.0

2023-12-29 09:18:21.814 [info] Using paper_trail 12.3.0

2023-12-29 09:18:21.815 [info] Using prawn-rails 1.4.2

2023-12-29 09:18:21.815 [info] Using rails-erd 1.6.1

2023-12-29 09:18:21.822 [info] Using savon 2.12.1

2023-12-29 09:18:21.822 [info] Using ransack 2.6.0
Using actionpack 7.0.6

2023-12-29 09:18:21.827 [info] Using active_record_union 1.3.0
Using active_type 2.1.1

2023-12-29 09:18:21.830 [info] Using activerecord-import 1.3.0

2023-12-29 09:18:21.830 [info] Using annotate 3.2.0

2023-12-29 09:18:21.831 [info] Using better_html 2.0.2

2023-12-29 09:18:21.831 [info] Using database_cleaner-active_record 2.0.1

2023-12-29 09:18:21.839 [info] Using friendly_id 5.4.2

2023-12-29 09:18:21.839 [info] Using jbuilder 2.11.5
Using debug 1.9.1

2023-12-29 09:18:21.839 [info] Using haml_lint 0.40.0

2023-12-29 09:18:21.839 [info] Using omniauth-facebook 9.0.0

2023-12-29 09:18:21.850 [info] Using delayed_job_active_record 4.1.7
Using email_spec 2.2.0

2023-12-29 09:18:21.853 [info] Using omniauth-google-oauth2 1.0.1

2023-12-29 09:18:21.855 [info] Using rubocop-faker 1.1.0

2023-12-29 09:18:21.856 [info] Using rubocop-graphql 0.13.0

2023-12-29 09:18:21.858 [info] Using google-apis-core 0.9.0

2023-12-29 09:18:21.860 [info] Using yard 0.9.28

2023-12-29 09:18:21.862 [info] Using mechanize 2.8.5
Using actioncable 7.0.6

2023-12-29 09:18:21.868 [info] Using caxlsx_rails 0.6.3
Using railties 7.0.6

2023-12-29 09:18:21.868 [info] Using sprockets-rails 3.4.2

2023-12-29 09:18:21.868 [info] Using monetize 1.12.0

2023-12-29 09:18:21.868 [info] Using rails-controller-testing 1.0.5

2023-12-29 09:18:21.879 [info] Using draper 4.0.2

2023-12-29 09:18:21.879 [info] Using actionmailer 7.0.6

2023-12-29 09:18:21.880 [info] Using activestorage 7.0.6

2023-12-29 09:18:21.896 [info] Using actionmailbox 7.0.6
Using actiontext 7.0.6
Using google-apis-discovery_v1 0.12.0
Using premailer-rails 1.11.1

2023-12-29 09:18:21.908 [info] Using fog-aws 3.13.0
Using google-apis-generator 0.10.0

2023-12-29 09:18:21.908 [info] Using scrapper-edifito 1.3.17 from https://github.com/ComunidadFeliz/scraper-edifito.git (at main@fa38070)

2023-12-29 09:18:21.913 [info] Using rails 7.0.6
Using activerecord-session_store 2.0.0

2023-12-29 09:18:21.913 [info] Using momentjs-rails 2.29.1.1

2023-12-29 09:18:21.913 [info] Using factory_bot_rails 6.2.0

2023-12-29 09:18:21.916 [info] Using jquery-ui-rails 6.0.1
Using google-api-client 0.53.0
Using haml-rails 2.1.0
Using highcharts-rails 6.0.3
Using js-routes 2.2.3
Using jquery-rails 4.4.0
Using coffee-rails 5.0.0
Using dotenv-rails 2.8.1
Using lookbook 1.4.1

2023-12-29 09:18:21.916 [info] Using money-rails 1.15.0

2023-12-29 09:18:21.916 [info] Using font-awesome-rails 4.7.0.8

2023-12-29 09:18:21.916 [info] Using graphiql-rails 1.7.0

2023-12-29 09:18:21.916 [info] Using rspec-rails 5.0.0

2023-12-29 09:18:21.916 [info] Using rails-i18n 7.0.7

2023-12-29 09:18:21.916 [info] Using sassc-rails 2.1.2

2023-12-29 09:18:21.916 [info] Using tinymce-rails 6.5.0

2023-12-29 09:18:21.917 [info] Using turbo-rails 1.4.0

2023-12-29 09:18:21.917 [info] Using web-console 4.2.0

2023-12-29 09:18:21.917 [info] Using webpacker 5.4.3

2023-12-29 09:18:21.917 [info] Using active_elastic_job 3.2.0

2023-12-29 09:18:21.917 [info] Using bootstrap3-datetimepicker-rails 4.17.47

2023-12-29 09:18:21.917 [info] Using google-authenticator-rails 3.2.1

2023-12-29 09:18:21.917 [info] Using rename 1.0.8

2023-12-29 09:18:21.919 [info] Using tinymce-rails-langs 6.20230529

2023-12-29 09:18:21.919 [info] Using react-rails 2.6.1

2023-12-29 09:18:21.920 [info] Using responders 3.0.1
Using rut_validation 1.1.0
Using i18n-tasks 1.0.12

2023-12-29 09:18:21.921 [info] Using bootstrap-validator-rails 0.5.3

2023-12-29 09:18:21.921 [info] Using fullcalendar-rails 3.9.0.0

2023-12-29 09:18:21.940 [info] Bundler attempted to update ruby-lsp but its version stayed the same
Bundler attempted to update debug but its version stayed the same
Bundle updated!

2023-12-29 09:18:21.941 [info] 1 installed gem you directly depend on is looking for funding.
  Run `bundle fund` for details

2023-12-29 09:18:23.369 [info] Starting Ruby LSP v0.13.2...

2023-12-29 09:18:23.385 [info] Ruby LSP is ready

2023-12-29 09:18:23.481 [info] Warning: obsolete parameter `ExcludedMethods` (for `Metrics/BlockLength`) found in .rubocop.yml
`ExcludedMethods` has been renamed to `IgnoredMethods`.

2023-12-29 09:18:23.482 [info] The following cops were added to RuboCop, but are not configured. Please set Enabled to either `true` or `false` in your `.rubocop.yml` file.

Please also note that you can opt-in to new cops by default by adding this to your config:
  AllCops:
    NewCops: enable
Gemspec/DateAssignment: # new in 1.10
  Enabled: true
Gemspec/RequireMFA: # new in 1.23
  Enabled: true
Layout/LineEndStringConcatenationIndentation: # new in 1.18
  Enabled: true
Layout/SpaceBeforeBrackets: # new in 1.7
  Enabled: true
Lint/AmbiguousAssignment: # new in 1.7
  Enabled: true
Lint/AmbiguousOperatorPrecedence: # new in 1.21
  Enabled: true
Lint/AmbiguousRange: # new in 1.19
  Enabled: true
Lint/DeprecatedConstants: # new in 1.8
  Enabled: true
Lint/DuplicateBranch: # new in 1.3
  Enabled: true
Lint/DuplicateRegexpCharacterClassElement: # new in 1.1
  Enabled: true
Lint/EmptyBlock: # new in 1.1
  Enabled: true
Lint/EmptyClass: # new in 1.3
  Enabled: true
Lint/EmptyInPattern: # new in 1.16
  Enabled: true
Lint/IncompatibleIoSelectWithFiberScheduler: # new in 1.21
  Enabled: true
Lint/LambdaWithoutLiteralBlock: # new in 1.8
  Enabled: true
Lint/NoReturnInBeginEndBlocks: # new in 1.2
  Enabled: true
Lint/NumberedParameterAssignment: # new in 1.9
  Enabled: true
Lint/OrAssignmentToConstant: # new in 1.9
  Enabled: true
Lint/RedundantDirGlobSort: # new in 1.8
  Enabled: true
Lint/RequireRelativeSelfPath: # new in 1.22
  Enabled: true
Lint/SymbolConversion: # new in 1.9
  Enabled: true
Lint/ToEnumArguments: # new in 1.1
  Enabled: true
Lint/TripleQuotes: # new in 1.9
  Enabled: true
Lint/UnexpectedBlockArity: # new in 1.5
  Enabled: true
Lint/UnmodifiedReduceAccumulator: # new in 1.1
  Enabled: true
Lint/UselessRuby2Keywords: # new in 1.23
  Enabled: true
Naming/BlockForwarding: # new in 1.24
  Enabled: true
Security/IoMethods: # new in 1.22
  Enabled: true
Style/ArgumentsForwarding: # new in 1.1
  Enabled: true
Style/CollectionCompact: # new in 1.2
  Enabled: true
Style/DocumentDynamicEvalDefinition: # new in 1.1
  Enabled: true
Style/EndlessMethod: # new in 1.8
  Enabled: true
Style/FileRead: # new in 1.24
  Enabled: true
Style/FileWrite: # new in 1.24
  Enabled: true
Style/HashConversion: # new in 1.10
  Enabled: true
Style/HashExcept: # new in 1.7
  Enabled: true
Style/IfWithBooleanLiteralBranches: # new in 1.9
  Enabled: true
Style/InPatternThen: # new in 1.16
  Enabled: true
Style/MapToHash: # new in 1.24
  Enabled: true
Style/MultilineInPatternThen: # new in 1.16
  Enabled: true
Style/NegatedIfElseCondition: # new in 1.2
  Enabled: true
Style/NestedFileDirname: # new in 1.26
  Enabled: true
Style/NilLambda: # new in 1.3
  Enabled: true
Style/NumberedParameters: # new in 1.22
  Enabled: true
Style/NumberedParametersLimit: # new in 1.22
  Enabled: true
Style/OpenStructUse: # new in 1.23
  Enabled: true
Style/QuotedSymbols: # new in 1.16
  Enabled: true
Style/RedundantArgument: # new in 1.4
  Enabled: true
Style/RedundantSelfAssignmentBranch: # new in 1.19
  Enabled: true
Style/SelectByRegexp: # new in 1.22
  Enabled: true
Style/StringChars: # new in 1.12
  Enabled: true
Style/SwapValues: # new in 1.1
  Enabled: true
For more information: https://docs.rubocop.org/rubocop/versioning.html

2023-12-29 11:21:33.289 [info] Shutting down Ruby LSP...

2023-12-29 11:21:33.309 [info] Checking if asdf is available on the path with command: /bin/zsh -ic 'asdf --version'
2023-12-29 11:21:33.309 [info] Shutdown complete with status 0

2023-12-29 11:21:33.497 [info] [Error - 11:21:33 AM] Server process exited with code 0.
2023-12-29 11:21:33.560 [info] Checking if chruby is available on the path with command: /bin/zsh -ic 'chruby --version'
2023-12-29 11:21:33.856 [info] Checking if rbenv is available on the path with command: /bin/zsh -ic 'rbenv --version'
2023-12-29 11:21:34.120 [info] Discovered version manager rbenv
2023-12-29 11:21:34.120 [info] Trying to activate Ruby environment with command: /bin/zsh -ic 'rbenv exec ruby -rjson -e "STDERR.printf(%{RUBY_ENV_ACTIVATE%sRUBY_ENV_ACTIVATE}, JSON.dump({ env: ENV.to_h, ruby_version: RUBY_VERSION, yjit: defined?(RubyVM::YJIT) }))"' inside directory: /home/brayan/work/web
2023-12-29 11:21:35.039 [info] Ruby LSP> Running bundle install for the custom bundle. This may take a while...
Ruby LSP> Command: (bundle check || bundle install) 1>&2

2023-12-29 11:21:35.230 [info] Warning: the running version of Bundler (2.2.32) is older than the version that created the lockfile (2.2.34). We suggest you to upgrade to the version that created the lockfile by running `gem install bundler:2.2.34`.

2023-12-29 11:21:35.359 [info] https://github.com/ComunidadFeliz/scraper-kastor-legacy.git (at main@beecfb5) is
not yet checked out. Run `bundle install` first.

2023-12-29 11:21:35.550 [info] Warning: the running version of Bundler (2.2.32) is older than the version that created the lockfile (2.2.34). We suggest you to upgrade to the version that created the lockfile by running `gem install bundler:2.2.34`.

2023-12-29 11:21:44.851 [info] Fetching https://github.com/ComunidadFeliz/scraper-kastor-legacy.git

2023-12-29 11:21:45.235 [info] fatal: could not read Username for 'https://github.com': No such device or address

Retrying `git clone https://github.com/ComunidadFeliz/scraper-kastor-legacy.git /home/brayan/.rbenv/versions/3.0.3/lib/ruby/gems/3.0.0/cache/bundler/git/scraper-kastor-legacy-97447238f8cbdd8b2405c45887fa12b98bac62c3 --bare --no-hardlinks --quiet` at /home/brayan/work/web due to error (2/4): Bundler::Source::Git::GitCommandError Git error: command `git clone https://github.com/ComunidadFeliz/scraper-kastor-legacy.git /home/brayan/.rbenv/versions/3.0.3/lib/ruby/gems/3.0.0/cache/bundler/git/scraper-kastor-legacy-97447238f8cbdd8b2405c45887fa12b98bac62c3 --bare --no-hardlinks --quiet` in directory /home/brayan/work/web has failed.

If this error persists you could try removing the cache directory '/home/brayan/work/web'

2023-12-29 11:21:45.607 [info] 
Retrying `git clone https://github.com/ComunidadFeliz/scraper-kastor-legacy.git /home/brayan/.rbenv/versions/3.0.3/lib/ruby/gems/3.0.0/cache/bundler/git/scraper-kastor-legacy-97447238f8cbdd8b2405c45887fa12b98bac62c3 --bare --no-hardlinks --quiet` at /home/brayan/work/web due to error (3/4): Bundler::Source::Git::GitCommandError Git error: command `git clone https://github.com/ComunidadFeliz/scraper-kastor-legacy.git /home/brayan/.rbenv/versions/3.0.3/lib/ruby/gems/3.0.0/cache/bundler/git/scraper-kastor-legacy-97447238f8cbdd8b2405c45887fa12b98bac62c3 --bare --no-hardlinks --quiet` in directory /home/brayan/work/web has failed.

If this error persists you could try removing the cache directory '/home/brayan/work/web'

2023-12-29 11:21:45.980 [info] 
Retrying `git clone https://github.com/ComunidadFeliz/scraper-kastor-legacy.git /home/brayan/.rbenv/versions/3.0.3/lib/ruby/gems/3.0.0/cache/bundler/git/scraper-kastor-legacy-97447238f8cbdd8b2405c45887fa12b98bac62c3 --bare --no-hardlinks --quiet` at /home/brayan/work/web due to error (4/4): Bundler::Source::Git::GitCommandError Git error: command `git clone https://github.com/ComunidadFeliz/scraper-kastor-legacy.git /home/brayan/.rbenv/versions/3.0.3/lib/ruby/gems/3.0.0/cache/bundler/git/scraper-kastor-legacy-97447238f8cbdd8b2405c45887fa12b98bac62c3 --bare --no-hardlinks --quiet` in directory /home/brayan/work/web has failed.

If this error persists you could try removing the cache directory '/home/brayan/work/web'

2023-12-29 11:21:46.369 [info] 

2023-12-29 11:21:46.374 [info] Git error: command `git clone
https://github.com/ComunidadFeliz/scraper-kastor-legacy.git
/home/brayan/.rbenv/versions/3.0.3/lib/ruby/gems/3.0.0/cache/bundler/git/scraper-kastor-legacy-97447238f8cbdd8b2405c45887fa12b98bac62c3
--bare --no-hardlinks --quiet` in directory /home/brayan/work/web has failed.

If this error persists you could try removing the cache directory
'/home/brayan/work/web'

2023-12-29 11:21:46.585 [info] bundler: failed to load command: ruby-lsp (/home/brayan/.rbenv/versions/3.0.3/bin/ruby-lsp)
/home/brayan/.rbenv/versions/3.0.3/lib/ruby/3.0.0/bundler/source/git.rb:214:in `rescue in load_spec_files': https://github.com/ComunidadFeliz/scraper-kastor-legacy.git (at main@beecfb5) is not yet checked out. Run `bundle install` first. (Bundler::GitError)
	from /home/brayan/.rbenv/versions/3.0.3/lib/ruby/3.0.0/bundler/source/git.rb:210:in `load_spec_files'
	from /home/brayan/.rbenv/versions/3.0.3/lib/ruby/3.0.0/bundler/source/path.rb:107:in `local_specs'
	from /home/brayan/.rbenv/versions/3.0.3/lib/ruby/3.0.0/bundler/source/git.rb:178:in `specs'
	from /home/brayan/.rbenv/versions/3.0.3/lib/ruby/3.0.0/bundler/source/rubygems_aggregate.rb:35:in `block (2 levels) in build_index'
	from /home/brayan/.rbenv/versions/3.0.3/lib/ruby/3.0.0/bundler/source/rubygems_aggregate.rb:33:in `each'
	from /home/brayan/.rbenv/versions/3.0.3/lib/ruby/3.0.0/bundler/source/rubygems_aggregate.rb:33:in `block in build_index'
	from /home/brayan/.rbenv/versions/3.0.3/lib/ruby/3.0.0/bundler/index.rb:9:in `build'
	from /home/brayan/.rbenv/versions/3.0.3/lib/ruby/3.0.0/bundler/source/rubygems_aggregate.rb:30:in `build_index'
	from /home/brayan/.rbenv/versions/3.0.3/lib/ruby/3.0.0/bundler/source/rubygems_aggregate.rb:12:in `initialize'
	from /home/brayan/.rbenv/versions/3.0.3/lib/ruby/3.0.0/bundler/definition.rb:808:in `new'
	from /home/brayan/.rbenv/versions/3.0.3/lib/ruby/3.0.0/bundler/definition.rb:808:in `source_requirements'
	from /home/brayan/.rbenv/versions/3.0.3/lib/ruby/3.0.0/bundler/definition.rb:268:in `resolve'
	from /home/brayan/.rbenv/versions/3.0.3/lib/ruby/3.0.0/bundler/definition.rb:489:in `materialize'
	from /home/brayan/.rbenv/versions/3.0.3/lib/ruby/3.0.0/bundler/definition.rb:189:in `specs'
	from /home/brayan/.rbenv/versions/3.0.3/lib/ruby/3.0.0/bundler/definition.rb:237:in `specs_for'
	from /home/brayan/.rbenv/versions/3.0.3/lib/ruby/3.0.0/bundler/runtime.rb:18:in `setup'
	from /home/brayan/.rbenv/versions/3.0.3/lib/ruby/3.0.0/bundler.rb:150:in `setup'
	from /home/brayan/.rbenv/versions/3.0.3/lib/ruby/3.0.0/bundler/setup.rb:20:in `block in <top (required)>'
	from /home/brayan/.rbenv/versions/3.0.3/lib/ruby/3.0.0/bundler/ui/shell.rb:136:in `with_level'
	from /home/brayan/.rbenv/versions/3.0.3/lib/ruby/3.0.0/bundler/ui/shell.rb:88:in `silence'
	from /home/brayan/.rbenv/versions/3.0.3/lib/ruby/3.0.0/bundler/setup.rb:20:in `<top (required)>'
	from /home/brayan/.rbenv/versions/3.0.3/lib/ruby/3.0.0/bundler/cli/exec.rb:56:in `require_relative'
	from /home/brayan/.rbenv/versions/3.0.3/lib/ruby/3.0.0/bundler/cli/exec.rb:56:in `kernel_load'
	from /home/brayan/.rbenv/versions/3.0.3/lib/ruby/3.0.0/bundler/cli/exec.rb:23:in `run'
	from /home/brayan/.rbenv/versions/3.0.3/lib/ruby/3.0.0/bundler/cli.rb:478:in `exec'
	from /home/brayan/.rbenv/versions/3.0.3/lib/ruby/3.0.0/bundler/vendor/thor/lib/thor/command.rb:27:in `run'
	from /home/brayan/.rbenv/versions/3.0.3/lib/ruby/3.0.0/bundler/vendor/thor/lib/thor/invocation.rb:127:in `invoke_command'
	from /home/brayan/.rbenv/versions/3.0.3/lib/ruby/3.0.0/bundler/vendor/thor/lib/thor.rb:392:in `dispatch'
	from /home/brayan/.rbenv/versions/3.0.3/lib/ruby/3.0.0/bundler/cli.rb:31:in `dispatch'
	from /home/brayan/.rbenv/versions/3.0.3/lib/ruby/3.0.0/bundler/vendor/thor/lib/thor/base.rb:485:in `start'
	from /home/brayan/.rbenv/versions/3.0.3/lib/ruby/3.0.0/bundler/cli.rb:25:in `start'
	from /home/brayan/.rbenv/versions/3.0.3/lib/ruby/gems/3.0.0/gems/bundler-2.2.32/libexec/bundle:49:in `block in <top (required)>'
	from /home/brayan/.rbenv/versions/3.0.3/lib/ruby/3.0.0/bundler/friendly_errors.rb:103:in `with_friendly_errors'
	from /home/brayan/.rbenv/versions/3.0.3/lib/ruby/gems/3.0.0/gems/bundler-2.2.32/libexec/bundle:37:in `<top (required)>'
	from /home/brayan/.rbenv/versions/3.0.3/bin/bundle:23:in `load'
	from /home/brayan/.rbenv/versions/3.0.3/bin/bundle:23:in `<main>'
/home/brayan/.rbenv/versions/3.0.3/lib/ruby/3.0.0/bundler/source/path.rb:209:in `load_spec_files': The path `/home/brayan/.rbenv/versions/3.0.3/lib/ruby/gems/3.0.0/bundler/gems/scraper-kastor-legacy-beecfb5d4e20` does not exist. (Bundler::PathError)
	from /home/brayan/.rbenv/versions/3.0.3/lib/ruby/3.0.0/bundler/source/git.rb:211:in `load_spec_files'
	from /home/brayan/.rbenv/versions/3.0.3/lib/ruby/3.0.0/bundler/source/path.rb:107:in `local_specs'
	from /home/brayan/.rbenv/versions/3.0.3/lib/ruby/3.0.0/bundler/source/git.rb:178:in `specs'
	from /home/brayan/.rbenv/versions/3.0.3/lib/ruby/3.0.0/bundler/source/rubygems_aggregate.rb:35:in `block (2 levels) in build_index'
	from /home/brayan/.rbenv/versions/3.0.3/lib/ruby/3.0.0/bundler/source/rubygems_aggregate.rb:33:in `each'
	from /home/brayan/.rbenv/versions/3.0.3/lib/ruby/3.0.0/bundler/source/rubygems_aggregate.rb:33:in `block in build_index'
	from /home/brayan/.rbenv/versions/3.0.3/lib/ruby/3.0.0/bundler/index.rb:9:in `build'
	from /home/brayan/.rbenv/versions/3.0.3/lib/ruby/3.0.0/bundler/source/rubygems_aggregate.rb:30:in `build_index'
	from /home/brayan/.rbenv/versions/3.0.3/lib/ruby/3.0.0/bundler/source/rubygems_aggregate.rb:12:in `initialize'
	from /home/brayan/.rbenv/versions/3.0.3/lib/ruby/3.0.0/bundler/definition.rb:808:in `new'
	from /home/brayan/.rbenv/versions/3.0.3/lib/ruby/3.0.0/bundler/definition.rb:808:in `source_requirements'
	from /home/brayan/.rbenv/versions/3.0.3/lib/ruby/3.0.0/bundler/definition.rb:268:in `resolve'
	from /home/brayan/.rbenv/versions/3.0.3/lib/ruby/3.0.0/bundler/definition.rb:489:in `materialize'
	from /home/brayan/.rbenv/versions/3.0.3/lib/ruby/3.0.0/bundler/definition.rb:189:in `specs'
	from /home/brayan/.rbenv/versions/3.0.3/lib/ruby/3.0.0/bundler/definition.rb:237:in `specs_for'
	from /home/brayan/.rbenv/versions/3.0.3/lib/ruby/3.0.0/bundler/runtime.rb:18:in `setup'
	from /home/brayan/.rbenv/versions/3.0.3/lib/ruby/3.0.0/bundler.rb:150:in `setup'
	from /home/brayan/.rbenv/versions/3.0.3/lib/ruby/3.0.0/bundler/setup.rb:20:in `block in <top (required)>'
	from /home/brayan/.rbenv/versions/3.0.3/lib/ruby/3.0.0/bundler/ui/shell.rb:136:in `with_level'
	from /home/brayan/.rbenv/versions/3.0.3/lib/ruby/3.0.0/bundler/ui/shell.rb:88:in `silence'
	from /home/brayan/.rbenv/versions/3.0.3/lib/ruby/3.0.0/bundler/setup.rb:20:in `<top (required)>'
	from /home/brayan/.rbenv/versions/3.0.3/lib/ruby/3.0.0/bundler/cli/exec.rb:56:in `require_relative'
	from /home/brayan/.rbenv/versions/3.0.3/lib/ruby/3.0.0/bundler/cli/exec.rb:56:in `kernel_load'
	from /home/brayan/.rbenv/versions/3.0.3/lib/ruby/3.0.0/bundler/cli/exec.rb:23:in `run'
	from /home/brayan/.rbenv/versions/3.0.3/lib/ruby/3.0.0/bundler/cli.rb:478:in `exec'
	from /home/brayan/.rbenv/versions/3.0.3/lib/ruby/3.0.0/bundler/vendor/thor/lib/thor/command.rb:27:in `run'
	from /home/brayan/.rbenv/versions/3.0.3/lib/ruby/3.0.0/bundler/vendor/thor/lib/thor/invocation.rb:127:in `invoke_command'
	from /home/brayan/.rbenv/versions/3.0.3/lib/ruby/3.0.0/bundler/vendor/thor/lib/thor.rb:392:in `dispatch'
	from /home/brayan/.rbenv/versions/3.0.3/lib/ruby/3.0.0/bundler/cli.rb:31:in `dispatch'
	from /home/brayan/.rbenv/versions/3.0.3/lib/ruby/3.0.0/bundler/vendor/thor/lib/thor/base.rb:485:in `start'
	from /home/brayan/.rbenv/versions/3.0.3/lib/ruby/3.0.0/bundler/cli.rb:25:in `start'
	from /home/brayan/.rbenv/versions/3.0.3/lib/ruby/gems/3.0.0/gems/bundler-2.2.32/libexec/bundle:49:in `block in <top (required)>'
	from /home/brayan/.rbenv/versions/3.0.3/lib/ruby/3.0.0/bundler/friendly_errors.rb:103:in `with_friendly_errors'
	from /home/brayan/.rbenv/versions/3.0.3/lib/ruby/gems/3.0.0/gems/bundler-2.2.32/libexec/bundle:37:in `<top (required)>'
	from /home/brayan/.rbenv/versions/3.0.3/bin/bundle:23:in `load'
	from /home/brayan/.rbenv/versions/3.0.3/bin/bundle:23:in `<main>'

2023-12-29 11:21:46.587 [info] [Error - 11:21:46 AM] Server process exited with code 1.
2023-12-29 11:21:46.588 [info] [Error - 11:21:46 AM] Server initialization failed.
2023-12-29 11:21:46.588 [info]   Message: Pending response rejected since connection got disposed
  Code: -32097 
2023-12-29 11:21:46.588 [info] [Info  - 11:21:46 AM] Connection to server got closed. Server will restart.
2023-12-29 11:21:46.588 [info] true
2023-12-29 11:21:46.588 [info] [Error - 11:21:46 AM] Ruby LSP client: couldn't create connection to server.
2023-12-29 11:21:46.588 [info]   Message: Pending response rejected since connection got disposed
  Code: -32097 
2023-12-29 11:21:46.750 [info] Ruby LSP> Skipping custom bundle setup since /home/brayan/work/web/.ruby-lsp/Gemfile.lock already exists and is up to date

2023-12-29 11:21:46.759 [info] Ruby LSP> Running bundle install for the custom bundle. This may take a while...
Ruby LSP> Command: (bundle check || bundle install) 1>&2

2023-12-29 11:21:46.880 [info] Warning: the running version of Bundler (2.2.32) is older than the version that created the lockfile (2.2.34). We suggest you to upgrade to the version that created the lockfile by running `gem install bundler:2.2.34`.

2023-12-29 11:21:46.981 [info] https://github.com/ComunidadFeliz/scraper-kastor-legacy.git (at main@beecfb5) is
not yet checked out. Run `bundle install` first.

2023-12-29 11:21:47.127 [info] Warning: the running version of Bundler (2.2.32) is older than the version that created the lockfile (2.2.34). We suggest you to upgrade to the version that created the lockfile by running `gem install bundler:2.2.34`.

2023-12-29 11:21:47.216 [info] Fetching https://github.com/ComunidadFeliz/scraper-kastor-legacy.git

2023-12-29 11:21:47.596 [info] fatal: could not read Username for 'https://github.com': No such device or address

Retrying `git clone https://github.com/ComunidadFeliz/scraper-kastor-legacy.git /home/brayan/.rbenv/versions/3.0.3/lib/ruby/gems/3.0.0/cache/bundler/git/scraper-kastor-legacy-97447238f8cbdd8b2405c45887fa12b98bac62c3 --bare --no-hardlinks --quiet` at /home/brayan/work/web due to error (2/4): Bundler::Source::Git::GitCommandError Git error: command `git clone https://github.com/ComunidadFeliz/scraper-kastor-legacy.git /home/brayan/.rbenv/versions/3.0.3/lib/ruby/gems/3.0.0/cache/bundler/git/scraper-kastor-legacy-97447238f8cbdd8b2405c45887fa12b98bac62c3 --bare --no-hardlinks --quiet` in directory /home/brayan/work/web has failed.

If this error persists you could try removing the cache directory '/home/brayan/work/web'

2023-12-29 11:21:47.969 [info] 
Retrying `git clone https://github.com/ComunidadFeliz/scraper-kastor-legacy.git /home/brayan/.rbenv/versions/3.0.3/lib/ruby/gems/3.0.0/cache/bundler/git/scraper-kastor-legacy-97447238f8cbdd8b2405c45887fa12b98bac62c3 --bare --no-hardlinks --quiet` at /home/brayan/work/web due to error (3/4): Bundler::Source::Git::GitCommandError Git error: command `git clone https://github.com/ComunidadFeliz/scraper-kastor-legacy.git /home/brayan/.rbenv/versions/3.0.3/lib/ruby/gems/3.0.0/cache/bundler/git/scraper-kastor-legacy-97447238f8cbdd8b2405c45887fa12b98bac62c3 --bare --no-hardlinks --quiet` in directory /home/brayan/work/web has failed.

If this error persists you could try removing the cache directory '/home/brayan/work/web'

2023-12-29 11:21:48.353 [info] 
Retrying `git clone https://github.com/ComunidadFeliz/scraper-kastor-legacy.git /home/brayan/.rbenv/versions/3.0.3/lib/ruby/gems/3.0.0/cache/bundler/git/scraper-kastor-legacy-97447238f8cbdd8b2405c45887fa12b98bac62c3 --bare --no-hardlinks --quiet` at /home/brayan/work/web due to error (4/4): Bundler::Source::Git::GitCommandError Git error: command `git clone https://github.com/ComunidadFeliz/scraper-kastor-legacy.git /home/brayan/.rbenv/versions/3.0.3/lib/ruby/gems/3.0.0/cache/bundler/git/scraper-kastor-legacy-97447238f8cbdd8b2405c45887fa12b98bac62c3 --bare --no-hardlinks --quiet` in directory /home/brayan/work/web has failed.

If this error persists you could try removing the cache directory '/home/brayan/work/web'

2023-12-29 11:21:48.740 [info] 

2023-12-29 11:21:48.746 [info] Git error: command `git clone
https://github.com/ComunidadFeliz/scraper-kastor-legacy.git
/home/brayan/.rbenv/versions/3.0.3/lib/ruby/gems/3.0.0/cache/bundler/git/scraper-kastor-legacy-97447238f8cbdd8b2405c45887fa12b98bac62c3
--bare --no-hardlinks --quiet` in directory /home/brayan/work/web has failed.

If this error persists you could try removing the cache directory
'/home/brayan/work/web'

2023-12-29 11:21:48.958 [info] bundler: failed to load command: ruby-lsp (/home/brayan/.rbenv/versions/3.0.3/bin/ruby-lsp)
/home/brayan/.rbenv/versions/3.0.3/lib/ruby/3.0.0/bundler/source/git.rb:214:in `rescue in load_spec_files': https://github.com/ComunidadFeliz/scraper-kastor-legacy.git (at main@beecfb5) is not yet checked out. Run `bundle install` first. (Bundler::GitError)
	from /home/brayan/.rbenv/versions/3.0.3/lib/ruby/3.0.0/bundler/source/git.rb:210:in `load_spec_files'
	from /home/brayan/.rbenv/versions/3.0.3/lib/ruby/3.0.0/bundler/source/path.rb:107:in `local_specs'
	from /home/brayan/.rbenv/versions/3.0.3/lib/ruby/3.0.0/bundler/source/git.rb:178:in `specs'
	from /home/brayan/.rbenv/versions/3.0.3/lib/ruby/3.0.0/bundler/source/rubygems_aggregate.rb:35:in `block (2 levels) in build_index'
	from /home/brayan/.rbenv/versions/3.0.3/lib/ruby/3.0.0/bundler/source/rubygems_aggregate.rb:33:in `each'
	from /home/brayan/.rbenv/versions/3.0.3/lib/ruby/3.0.0/bundler/source/rubygems_aggregate.rb:33:in `block in build_index'
	from /home/brayan/.rbenv/versions/3.0.3/lib/ruby/3.0.0/bundler/index.rb:9:in `build'
	from /home/brayan/.rbenv/versions/3.0.3/lib/ruby/3.0.0/bundler/source/rubygems_aggregate.rb:30:in `build_index'
	from /home/brayan/.rbenv/versions/3.0.3/lib/ruby/3.0.0/bundler/source/rubygems_aggregate.rb:12:in `initialize'
	from /home/brayan/.rbenv/versions/3.0.3/lib/ruby/3.0.0/bundler/definition.rb:808:in `new'
	from /home/brayan/.rbenv/versions/3.0.3/lib/ruby/3.0.0/bundler/definition.rb:808:in `source_requirements'
	from /home/brayan/.rbenv/versions/3.0.3/lib/ruby/3.0.0/bundler/definition.rb:268:in `resolve'
	from /home/brayan/.rbenv/versions/3.0.3/lib/ruby/3.0.0/bundler/definition.rb:489:in `materialize'
	from /home/brayan/.rbenv/versions/3.0.3/lib/ruby/3.0.0/bundler/definition.rb:189:in `specs'
	from /home/brayan/.rbenv/versions/3.0.3/lib/ruby/3.0.0/bundler/definition.rb:237:in `specs_for'
	from /home/brayan/.rbenv/versions/3.0.3/lib/ruby/3.0.0/bundler/runtime.rb:18:in `setup'
	from /home/brayan/.rbenv/versions/3.0.3/lib/ruby/3.0.0/bundler.rb:150:in `setup'
	from /home/brayan/.rbenv/versions/3.0.3/lib/ruby/3.0.0/bundler/setup.rb:20:in `block in <top (required)>'
	from /home/brayan/.rbenv/versions/3.0.3/lib/ruby/3.0.0/bundler/ui/shell.rb:136:in `with_level'
	from /home/brayan/.rbenv/versions/3.0.3/lib/ruby/3.0.0/bundler/ui/shell.rb:88:in `silence'
	from /home/brayan/.rbenv/versions/3.0.3/lib/ruby/3.0.0/bundler/setup.rb:20:in `<top (required)>'
	from /home/brayan/.rbenv/versions/3.0.3/lib/ruby/3.0.0/bundler/cli/exec.rb:56:in `require_relative'
	from /home/brayan/.rbenv/versions/3.0.3/lib/ruby/3.0.0/bundler/cli/exec.rb:56:in `kernel_load'
	from /home/brayan/.rbenv/versions/3.0.3/lib/ruby/3.0.0/bundler/cli/exec.rb:23:in `run'
	from /home/brayan/.rbenv/versions/3.0.3/lib/ruby/3.0.0/bundler/cli.rb:478:in `exec'
	from /home/brayan/.rbenv/versions/3.0.3/lib/ruby/3.0.0/bundler/vendor/thor/lib/thor/command.rb:27:in `run'
	from /home/brayan/.rbenv/versions/3.0.3/lib/ruby/3.0.0/bundler/vendor/thor/lib/thor/invocation.rb:127:in `invoke_command'
	from /home/brayan/.rbenv/versions/3.0.3/lib/ruby/3.0.0/bundler/vendor/thor/lib/thor.rb:392:in `dispatch'
	from /home/brayan/.rbenv/versions/3.0.3/lib/ruby/3.0.0/bundler/cli.rb:31:in `dispatch'
	from /home/brayan/.rbenv/versions/3.0.3/lib/ruby/3.0.0/bundler/vendor/thor/lib/thor/base.rb:485:in `start'
	from /home/brayan/.rbenv/versions/3.0.3/lib/ruby/3.0.0/bundler/cli.rb:25:in `start'
	from /home/brayan/.rbenv/versions/3.0.3/lib/ruby/gems/3.0.0/gems/bundler-2.2.32/libexec/bundle:49:in `block in <top (required)>'
	from /home/brayan/.rbenv/versions/3.0.3/lib/ruby/3.0.0/bundler/friendly_errors.rb:103:in `with_friendly_errors'
	from /home/brayan/.rbenv/versions/3.0.3/lib/ruby/gems/3.0.0/gems/bundler-2.2.32/libexec/bundle:37:in `<top (required)>'
	from /home/brayan/.rbenv/versions/3.0.3/bin/bundle:23:in `load'
	from /home/brayan/.rbenv/versions/3.0.3/bin/bundle:23:in `<main>'
/home/brayan/.rbenv/versions/3.0.3/lib/ruby/3.0.0/bundler/source/path.rb:209:in `load_spec_files': The path `/home/brayan/.rbenv/versions/3.0.3/lib/ruby/gems/3.0.0/bundler/gems/scraper-kastor-legacy-beecfb5d4e20` does not exist. (Bundler::PathError)
	from /home/brayan/.rbenv/versions/3.0.3/lib/ruby/3.0.0/bundler/source/git.rb:211:in `load_spec_files'
	from /home/brayan/.rbenv/versions/3.0.3/lib/ruby/3.0.0/bundler/source/path.rb:107:in `local_specs'
	from /home/brayan/.rbenv/versions/3.0.3/lib/ruby/3.0.0/bundler/source/git.rb:178:in `specs'
	from /home/brayan/.rbenv/versions/3.0.3/lib/ruby/3.0.0/bundler/source/rubygems_aggregate.rb:35:in `block (2 levels) in build_index'
	from /home/brayan/.rbenv/versions/3.0.3/lib/ruby/3.0.0/bundler/source/rubygems_aggregate.rb:33:in `each'
	from /home/brayan/.rbenv/versions/3.0.3/lib/ruby/3.0.0/bundler/source/rubygems_aggregate.rb:33:in `block in build_index'
	from /home/brayan/.rbenv/versions/3.0.3/lib/ruby/3.0.0/bundler/index.rb:9:in `build'
	from /home/brayan/.rbenv/versions/3.0.3/lib/ruby/3.0.0/bundler/source/rubygems_aggregate.rb:30:in `build_index'
	from /home/brayan/.rbenv/versions/3.0.3/lib/ruby/3.0.0/bundler/source/rubygems_aggregate.rb:12:in `initialize'
	from /home/brayan/.rbenv/versions/3.0.3/lib/ruby/3.0.0/bundler/definition.rb:808:in `new'
	from /home/brayan/.rbenv/versions/3.0.3/lib/ruby/3.0.0/bundler/definition.rb:808:in `source_requirements'
	from /home/brayan/.rbenv/versions/3.0.3/lib/ruby/3.0.0/bundler/definition.rb:268:in `resolve'
	from /home/brayan/.rbenv/versions/3.0.3/lib/ruby/3.0.0/bundler/definition.rb:489:in `materialize'
	from /home/brayan/.rbenv/versions/3.0.3/lib/ruby/3.0.0/bundler/definition.rb:189:in `specs'
	from /home/brayan/.rbenv/versions/3.0.3/lib/ruby/3.0.0/bundler/definition.rb:237:in `specs_for'
	from /home/brayan/.rbenv/versions/3.0.3/lib/ruby/3.0.0/bundler/runtime.rb:18:in `setup'
	from /home/brayan/.rbenv/versions/3.0.3/lib/ruby/3.0.0/bundler.rb:150:in `setup'
	from /home/brayan/.rbenv/versions/3.0.3/lib/ruby/3.0.0/bundler/setup.rb:20:in `block in <top (required)>'
	from /home/brayan/.rbenv/versions/3.0.3/lib/ruby/3.0.0/bundler/ui/shell.rb:136:in `with_level'
	from /home/brayan/.rbenv/versions/3.0.3/lib/ruby/3.0.0/bundler/ui/shell.rb:88:in `silence'
	from /home/brayan/.rbenv/versions/3.0.3/lib/ruby/3.0.0/bundler/setup.rb:20:in `<top (required)>'
	from /home/brayan/.rbenv/versions/3.0.3/lib/ruby/3.0.0/bundler/cli/exec.rb:56:in `require_relative'
	from /home/brayan/.rbenv/versions/3.0.3/lib/ruby/3.0.0/bundler/cli/exec.rb:56:in `kernel_load'
	from /home/brayan/.rbenv/versions/3.0.3/lib/ruby/3.0.0/bundler/cli/exec.rb:23:in `run'
	from /home/brayan/.rbenv/versions/3.0.3/lib/ruby/3.0.0/bundler/cli.rb:478:in `exec'
	from /home/brayan/.rbenv/versions/3.0.3/lib/ruby/3.0.0/bundler/vendor/thor/lib/thor/command.rb:27:in `run'
	from /home/brayan/.rbenv/versions/3.0.3/lib/ruby/3.0.0/bundler/vendor/thor/lib/thor/invocation.rb:127:in `invoke_command'
	from /home/brayan/.rbenv/versions/3.0.3/lib/ruby/3.0.0/bundler/vendor/thor/lib/thor.rb:392:in `dispatch'
	from /home/brayan/.rbenv/versions/3.0.3/lib/ruby/3.0.0/bundler/cli.rb:31:in `dispatch'
	from /home/brayan/.rbenv/versions/3.0.3/lib/ruby/3.0.0/bundler/vendor/thor/lib/thor/base.rb:485:in `start'
	from /home/brayan/.rbenv/versions/3.0.3/lib/ruby/3.0.0/bundler/cli.rb:25:in `start'
	from /home/brayan/.rbenv/versions/3.0.3/lib/ruby/gems/3.0.0/gems/bundler-2.2.32/libexec/bundle:49:in `block in <top (required)>'
	from /home/brayan/.rbenv/versions/3.0.3/lib/ruby/3.0.0/bundler/friendly_errors.rb:103:in `with_friendly_errors'
	from /home/brayan/.rbenv/versions/3.0.3/lib/ruby/gems/3.0.0/gems/bundler-2.2.32/libexec/bundle:37:in `<top (required)>'
	from /home/brayan/.rbenv/versions/3.0.3/bin/bundle:23:in `load'
	from /home/brayan/.rbenv/versions/3.0.3/bin/bundle:23:in `<main>'

2023-12-29 11:21:48.960 [info] [Error - 11:21:48 AM] Server process exited with code 1.
2023-12-29 11:21:48.960 [info] [Error - 11:21:48 AM] Server initialization failed.
2023-12-29 11:21:48.960 [info]   Message: Pending response rejected since connection got disposed
  Code: -32097 
2023-12-29 11:21:48.960 [info] [Info  - 11:21:48 AM] Connection to server got closed. Server will restart.
2023-12-29 11:21:48.960 [info] true
2023-12-29 11:21:48.960 [info] [Error - 11:21:48 AM] Ruby LSP client: couldn't create connection to server.
2023-12-29 11:21:48.960 [info]   Message: Pending response rejected since connection got disposed
  Code: -32097 
2023-12-29 11:21:48.960 [error] Error starting the server: Pending response rejected since connection got disposed
2023-12-29 11:21:49.130 [info] Ruby LSP> Skipping custom bundle setup since /home/brayan/work/web/.ruby-lsp/Gemfile.lock already exists and is up to date

2023-12-29 11:21:49.139 [info] Ruby LSP> Running bundle install for the custom bundle. This may take a while...
Ruby LSP> Command: (bundle check || bundle install) 1>&2

2023-12-29 11:21:49.262 [info] Warning: the running version of Bundler (2.2.32) is older than the version that created the lockfile (2.2.34). We suggest you to upgrade to the version that created the lockfile by running `gem install bundler:2.2.34`.

2023-12-29 11:21:49.371 [info] https://github.com/ComunidadFeliz/scraper-kastor-legacy.git (at main@beecfb5) is
not yet checked out. Run `bundle install` first.

2023-12-29 11:21:49.541 [info] Warning: the running version of Bundler (2.2.32) is older than the version that created the lockfile (2.2.34). We suggest you to upgrade to the version that created the lockfile by running `gem install bundler:2.2.34`.

2023-12-29 11:21:49.641 [info] Fetching https://github.com/ComunidadFeliz/scraper-kastor-legacy.git

2023-12-29 11:21:50.022 [info] fatal: could not read Username for 'https://github.com': No such device or address

Retrying `git clone https://github.com/ComunidadFeliz/scraper-kastor-legacy.git /home/brayan/.rbenv/versions/3.0.3/lib/ruby/gems/3.0.0/cache/bundler/git/scraper-kastor-legacy-97447238f8cbdd8b2405c45887fa12b98bac62c3 --bare --no-hardlinks --quiet` at /home/brayan/work/web due to error (2/4): Bundler::Source::Git::GitCommandError Git error: command `git clone https://github.com/ComunidadFeliz/scraper-kastor-legacy.git /home/brayan/.rbenv/versions/3.0.3/lib/ruby/gems/3.0.0/cache/bundler/git/scraper-kastor-legacy-97447238f8cbdd8b2405c45887fa12b98bac62c3 --bare --no-hardlinks --quiet` in directory /home/brayan/work/web has failed.

If this error persists you could try removing the cache directory '/home/brayan/work/web'

2023-12-29 11:21:50.405 [info] 
Retrying `git clone https://github.com/ComunidadFeliz/scraper-kastor-legacy.git /home/brayan/.rbenv/versions/3.0.3/lib/ruby/gems/3.0.0/cache/bundler/git/scraper-kastor-legacy-97447238f8cbdd8b2405c45887fa12b98bac62c3 --bare --no-hardlinks --quiet` at /home/brayan/work/web due to error (3/4): Bundler::Source::Git::GitCommandError Git error: command `git clone https://github.com/ComunidadFeliz/scraper-kastor-legacy.git /home/brayan/.rbenv/versions/3.0.3/lib/ruby/gems/3.0.0/cache/bundler/git/scraper-kastor-legacy-97447238f8cbdd8b2405c45887fa12b98bac62c3 --bare --no-hardlinks --quiet` in directory /home/brayan/work/web has failed.

If this error persists you could try removing the cache directory '/home/brayan/work/web'

2023-12-29 11:21:50.783 [info] 
Retrying `git clone https://github.com/ComunidadFeliz/scraper-kastor-legacy.git /home/brayan/.rbenv/versions/3.0.3/lib/ruby/gems/3.0.0/cache/bundler/git/scraper-kastor-legacy-97447238f8cbdd8b2405c45887fa12b98bac62c3 --bare --no-hardlinks --quiet` at /home/brayan/work/web due to error (4/4): Bundler::Source::Git::GitCommandError Git error: command `git clone https://github.com/ComunidadFeliz/scraper-kastor-legacy.git /home/brayan/.rbenv/versions/3.0.3/lib/ruby/gems/3.0.0/cache/bundler/git/scraper-kastor-legacy-97447238f8cbdd8b2405c45887fa12b98bac62c3 --bare --no-hardlinks --quiet` in directory /home/brayan/work/web has failed.

If this error persists you could try removing the cache directory '/home/brayan/work/web'

2023-12-29 11:21:51.162 [info] 

2023-12-29 11:21:51.167 [info] Git error: command `git clone
https://github.com/ComunidadFeliz/scraper-kastor-legacy.git
/home/brayan/.rbenv/versions/3.0.3/lib/ruby/gems/3.0.0/cache/bundler/git/scraper-kastor-legacy-97447238f8cbdd8b2405c45887fa12b98bac62c3
--bare --no-hardlinks --quiet` in directory /home/brayan/work/web has failed.

If this error persists you could try removing the cache directory
'/home/brayan/work/web'

2023-12-29 11:21:51.378 [info] bundler: failed to load command: ruby-lsp (/home/brayan/.rbenv/versions/3.0.3/bin/ruby-lsp)
/home/brayan/.rbenv/versions/3.0.3/lib/ruby/3.0.0/bundler/source/git.rb:214:in `rescue in load_spec_files': https://github.com/ComunidadFeliz/scraper-kastor-legacy.git (at main@beecfb5) is not yet checked out. Run `bundle install` first. (Bundler::GitError)
	from /home/brayan/.rbenv/versions/3.0.3/lib/ruby/3.0.0/bundler/source/git.rb:210:in `load_spec_files'
	from /home/brayan/.rbenv/versions/3.0.3/lib/ruby/3.0.0/bundler/source/path.rb:107:in `local_specs'
	from /home/brayan/.rbenv/versions/3.0.3/lib/ruby/3.0.0/bundler/source/git.rb:178:in `specs'
	from /home/brayan/.rbenv/versions/3.0.3/lib/ruby/3.0.0/bundler/source/rubygems_aggregate.rb:35:in `block (2 levels) in build_index'
	from /home/brayan/.rbenv/versions/3.0.3/lib/ruby/3.0.0/bundler/source/rubygems_aggregate.rb:33:in `each'
	from /home/brayan/.rbenv/versions/3.0.3/lib/ruby/3.0.0/bundler/source/rubygems_aggregate.rb:33:in `block in build_index'
	from /home/brayan/.rbenv/versions/3.0.3/lib/ruby/3.0.0/bundler/index.rb:9:in `build'
	from /home/brayan/.rbenv/versions/3.0.3/lib/ruby/3.0.0/bundler/source/rubygems_aggregate.rb:30:in `build_index'
	from /home/brayan/.rbenv/versions/3.0.3/lib/ruby/3.0.0/bundler/source/rubygems_aggregate.rb:12:in `initialize'
	from /home/brayan/.rbenv/versions/3.0.3/lib/ruby/3.0.0/bundler/definition.rb:808:in `new'
	from /home/brayan/.rbenv/versions/3.0.3/lib/ruby/3.0.0/bundler/definition.rb:808:in `source_requirements'
	from /home/brayan/.rbenv/versions/3.0.3/lib/ruby/3.0.0/bundler/definition.rb:268:in `resolve'
	from /home/brayan/.rbenv/versions/3.0.3/lib/ruby/3.0.0/bundler/definition.rb:489:in `materialize'
	from /home/brayan/.rbenv/versions/3.0.3/lib/ruby/3.0.0/bundler/definition.rb:189:in `specs'
	from /home/brayan/.rbenv/versions/3.0.3/lib/ruby/3.0.0/bundler/definition.rb:237:in `specs_for'
	from /home/brayan/.rbenv/versions/3.0.3/lib/ruby/3.0.0/bundler/runtime.rb:18:in `setup'
	from /home/brayan/.rbenv/versions/3.0.3/lib/ruby/3.0.0/bundler.rb:150:in `setup'
	from /home/brayan/.rbenv/versions/3.0.3/lib/ruby/3.0.0/bundler/setup.rb:20:in `block in <top (required)>'
	from /home/brayan/.rbenv/versions/3.0.3/lib/ruby/3.0.0/bundler/ui/shell.rb:136:in `with_level'
	from /home/brayan/.rbenv/versions/3.0.3/lib/ruby/3.0.0/bundler/ui/shell.rb:88:in `silence'
	from /home/brayan/.rbenv/versions/3.0.3/lib/ruby/3.0.0/bundler/setup.rb:20:in `<top (required)>'
	from /home/brayan/.rbenv/versions/3.0.3/lib/ruby/3.0.0/bundler/cli/exec.rb:56:in `require_relative'
	from /home/brayan/.rbenv/versions/3.0.3/lib/ruby/3.0.0/bundler/cli/exec.rb:56:in `kernel_load'
	from /home/brayan/.rbenv/versions/3.0.3/lib/ruby/3.0.0/bundler/cli/exec.rb:23:in `run'
	from /home/brayan/.rbenv/versions/3.0.3/lib/ruby/3.0.0/bundler/cli.rb:478:in `exec'
	from /home/brayan/.rbenv/versions/3.0.3/lib/ruby/3.0.0/bundler/vendor/thor/lib/thor/command.rb:27:in `run'
	from /home/brayan/.rbenv/versions/3.0.3/lib/ruby/3.0.0/bundler/vendor/thor/lib/thor/invocation.rb:127:in `invoke_command'
	from /home/brayan/.rbenv/versions/3.0.3/lib/ruby/3.0.0/bundler/vendor/thor/lib/thor.rb:392:in `dispatch'
	from /home/brayan/.rbenv/versions/3.0.3/lib/ruby/3.0.0/bundler/cli.rb:31:in `dispatch'
	from /home/brayan/.rbenv/versions/3.0.3/lib/ruby/3.0.0/bundler/vendor/thor/lib/thor/base.rb:485:in `start'
	from /home/brayan/.rbenv/versions/3.0.3/lib/ruby/3.0.0/bundler/cli.rb:25:in `start'
	from /home/brayan/.rbenv/versions/3.0.3/lib/ruby/gems/3.0.0/gems/bundler-2.2.32/libexec/bundle:49:in `block in <top (required)>'
	from /home/brayan/.rbenv/versions/3.0.3/lib/ruby/3.0.0/bundler/friendly_errors.rb:103:in `with_friendly_errors'
	from /home/brayan/.rbenv/versions/3.0.3/lib/ruby/gems/3.0.0/gems/bundler-2.2.32/libexec/bundle:37:in `<top (required)>'
	from /home/brayan/.rbenv/versions/3.0.3/bin/bundle:23:in `load'
	from /home/brayan/.rbenv/versions/3.0.3/bin/bundle:23:in `<main>'
/home/brayan/.rbenv/versions/3.0.3/lib/ruby/3.0.0/bundler/source/path.rb:209:in `load_spec_files': The path `/home/brayan/.rbenv/versions/3.0.3/lib/ruby/gems/3.0.0/bundler/gems/scraper-kastor-legacy-beecfb5d4e20` does not exist. (Bundler::PathError)
	from /home/brayan/.rbenv/versions/3.0.3/lib/ruby/3.0.0/bundler/source/git.rb:211:in `load_spec_files'
	from /home/brayan/.rbenv/versions/3.0.3/lib/ruby/3.0.0/bundler/source/path.rb:107:in `local_specs'
	from /home/brayan/.rbenv/versions/3.0.3/lib/ruby/3.0.0/bundler/source/git.rb:178:in `specs'
	from /home/brayan/.rbenv/versions/3.0.3/lib/ruby/3.0.0/bundler/source/rubygems_aggregate.rb:35:in `block (2 levels) in build_index'
	from /home/brayan/.rbenv/versions/3.0.3/lib/ruby/3.0.0/bundler/source/rubygems_aggregate.rb:33:in `each'
	from /home/brayan/.rbenv/versions/3.0.3/lib/ruby/3.0.0/bundler/source/rubygems_aggregate.rb:33:in `block in build_index'
	from /home/brayan/.rbenv/versions/3.0.3/lib/ruby/3.0.0/bundler/index.rb:9:in `build'
	from /home/brayan/.rbenv/versions/3.0.3/lib/ruby/3.0.0/bundler/source/rubygems_aggregate.rb:30:in `build_index'
	from /home/brayan/.rbenv/versions/3.0.3/lib/ruby/3.0.0/bundler/source/rubygems_aggregate.rb:12:in `initialize'
	from /home/brayan/.rbenv/versions/3.0.3/lib/ruby/3.0.0/bundler/definition.rb:808:in `new'
	from /home/brayan/.rbenv/versions/3.0.3/lib/ruby/3.0.0/bundler/definition.rb:808:in `source_requirements'
	from /home/brayan/.rbenv/versions/3.0.3/lib/ruby/3.0.0/bundler/definition.rb:268:in `resolve'
	from /home/brayan/.rbenv/versions/3.0.3/lib/ruby/3.0.0/bundler/definition.rb:489:in `materialize'
	from /home/brayan/.rbenv/versions/3.0.3/lib/ruby/3.0.0/bundler/definition.rb:189:in `specs'
	from /home/brayan/.rbenv/versions/3.0.3/lib/ruby/3.0.0/bundler/definition.rb:237:in `specs_for'
	from /home/brayan/.rbenv/versions/3.0.3/lib/ruby/3.0.0/bundler/runtime.rb:18:in `setup'
	from /home/brayan/.rbenv/versions/3.0.3/lib/ruby/3.0.0/bundler.rb:150:in `setup'
	from /home/brayan/.rbenv/versions/3.0.3/lib/ruby/3.0.0/bundler/setup.rb:20:in `block in <top (required)>'
	from /home/brayan/.rbenv/versions/3.0.3/lib/ruby/3.0.0/bundler/ui/shell.rb:136:in `with_level'
	from /home/brayan/.rbenv/versions/3.0.3/lib/ruby/3.0.0/bundler/ui/shell.rb:88:in `silence'
	from /home/brayan/.rbenv/versions/3.0.3/lib/ruby/3.0.0/bundler/setup.rb:20:in `<top (required)>'
	from /home/brayan/.rbenv/versions/3.0.3/lib/ruby/3.0.0/bundler/cli/exec.rb:56:in `require_relative'
	from /home/brayan/.rbenv/versions/3.0.3/lib/ruby/3.0.0/bundler/cli/exec.rb:56:in `kernel_load'
	from /home/brayan/.rbenv/versions/3.0.3/lib/ruby/3.0.0/bundler/cli/exec.rb:23:in `run'
	from /home/brayan/.rbenv/versions/3.0.3/lib/ruby/3.0.0/bundler/cli.rb:478:in `exec'
	from /home/brayan/.rbenv/versions/3.0.3/lib/ruby/3.0.0/bundler/vendor/thor/lib/thor/command.rb:27:in `run'
	from /home/brayan/.rbenv/versions/3.0.3/lib/ruby/3.0.0/bundler/vendor/thor/lib/thor/invocation.rb:127:in `invoke_command'
	from /home/brayan/.rbenv/versions/3.0.3/lib/ruby/3.0.0/bundler/vendor/thor/lib/thor.rb:392:in `dispatch'
	from /home/brayan/.rbenv/versions/3.0.3/lib/ruby/3.0.0/bundler/cli.rb:31:in `dispatch'
	from /home/brayan/.rbenv/versions/3.0.3/lib/ruby/3.0.0/bundler/vendor/thor/lib/thor/base.rb:485:in `start'
	from /home/brayan/.rbenv/versions/3.0.3/lib/ruby/3.0.0/bundler/cli.rb:25:in `start'
	from /home/brayan/.rbenv/versions/3.0.3/lib/ruby/gems/3.0.0/gems/bundler-2.2.32/libexec/bundle:49:in `block in <top (required)>'
	from /home/brayan/.rbenv/versions/3.0.3/lib/ruby/3.0.0/bundler/friendly_errors.rb:103:in `with_friendly_errors'
	from /home/brayan/.rbenv/versions/3.0.3/lib/ruby/gems/3.0.0/gems/bundler-2.2.32/libexec/bundle:37:in `<top (required)>'
	from /home/brayan/.rbenv/versions/3.0.3/bin/bundle:23:in `load'
	from /home/brayan/.rbenv/versions/3.0.3/bin/bundle:23:in `<main>'

2023-12-29 11:21:51.380 [info] [Error - 11:21:51 AM] Server process exited with code 1.
2023-12-29 11:21:51.380 [info] [Error - 11:21:51 AM] Server initialization failed.
2023-12-29 11:21:51.380 [info]   Message: Pending response rejected since connection got disposed
  Code: -32097 
2023-12-29 11:21:51.380 [info] [Info  - 11:21:51 AM] Connection to server got closed. Server will restart.
2023-12-29 11:21:51.380 [info] true
2023-12-29 11:21:51.380 [info] [Error - 11:21:51 AM] Ruby LSP client: couldn't create connection to server.
2023-12-29 11:21:51.380 [info]   Message: Pending response rejected since connection got disposed
  Code: -32097 
2023-12-29 11:21:51.380 [info] [Error - 11:21:51 AM] Restarting server failed
2023-12-29 11:21:51.380 [info]   Message: Pending response rejected since connection got disposed
  Code: -32097 
2023-12-29 11:21:51.550 [info] Ruby LSP> Skipping custom bundle setup since /home/brayan/work/web/.ruby-lsp/Gemfile.lock already exists and is up to date

2023-12-29 11:21:51.558 [info] Ruby LSP> Running bundle install for the custom bundle. This may take a while...
Ruby LSP> Command: (bundle check || bundle install) 1>&2

2023-12-29 11:21:51.680 [info] Warning: the running version of Bundler (2.2.32) is older than the version that created the lockfile (2.2.34). We suggest you to upgrade to the version that created the lockfile by running `gem install bundler:2.2.34`.

2023-12-29 11:21:51.787 [info] https://github.com/ComunidadFeliz/scraper-kastor-legacy.git (at main@beecfb5) is
not yet checked out. Run `bundle install` first.

2023-12-29 11:21:51.946 [info] Warning: the running version of Bundler (2.2.32) is older than the version that created the lockfile (2.2.34). We suggest you to upgrade to the version that created the lockfile by running `gem install bundler:2.2.34`.

2023-12-29 11:21:52.040 [info] Fetching https://github.com/ComunidadFeliz/scraper-kastor-legacy.git

2023-12-29 11:21:52.413 [info] fatal: could not read Username for 'https://github.com': No such device or address

Retrying `git clone https://github.com/ComunidadFeliz/scraper-kastor-legacy.git /home/brayan/.rbenv/versions/3.0.3/lib/ruby/gems/3.0.0/cache/bundler/git/scraper-kastor-legacy-97447238f8cbdd8b2405c45887fa12b98bac62c3 --bare --no-hardlinks --quiet` at /home/brayan/work/web due to error (2/4): Bundler::Source::Git::GitCommandError Git error: command `git clone https://github.com/ComunidadFeliz/scraper-kastor-legacy.git /home/brayan/.rbenv/versions/3.0.3/lib/ruby/gems/3.0.0/cache/bundler/git/scraper-kastor-legacy-97447238f8cbdd8b2405c45887fa12b98bac62c3 --bare --no-hardlinks --quiet` in directory /home/brayan/work/web has failed.

If this error persists you could try removing the cache directory '/home/brayan/work/web'

2023-12-29 11:21:52.796 [info] 
Retrying `git clone https://github.com/ComunidadFeliz/scraper-kastor-legacy.git /home/brayan/.rbenv/versions/3.0.3/lib/ruby/gems/3.0.0/cache/bundler/git/scraper-kastor-legacy-97447238f8cbdd8b2405c45887fa12b98bac62c3 --bare --no-hardlinks --quiet` at /home/brayan/work/web due to error (3/4): Bundler::Source::Git::GitCommandError Git error: command `git clone https://github.com/ComunidadFeliz/scraper-kastor-legacy.git /home/brayan/.rbenv/versions/3.0.3/lib/ruby/gems/3.0.0/cache/bundler/git/scraper-kastor-legacy-97447238f8cbdd8b2405c45887fa12b98bac62c3 --bare --no-hardlinks --quiet` in directory /home/brayan/work/web has failed.

If this error persists you could try removing the cache directory '/home/brayan/work/web'

2023-12-29 11:21:53.188 [info] 
Retrying `git clone https://github.com/ComunidadFeliz/scraper-kastor-legacy.git /home/brayan/.rbenv/versions/3.0.3/lib/ruby/gems/3.0.0/cache/bundler/git/scraper-kastor-legacy-97447238f8cbdd8b2405c45887fa12b98bac62c3 --bare --no-hardlinks --quiet` at /home/brayan/work/web due to error (4/4): Bundler::Source::Git::GitCommandError Git error: command `git clone https://github.com/ComunidadFeliz/scraper-kastor-legacy.git /home/brayan/.rbenv/versions/3.0.3/lib/ruby/gems/3.0.0/cache/bundler/git/scraper-kastor-legacy-97447238f8cbdd8b2405c45887fa12b98bac62c3 --bare --no-hardlinks --quiet` in directory /home/brayan/work/web has failed.

If this error persists you could try removing the cache directory '/home/brayan/work/web'

2023-12-29 11:21:53.568 [info] 

2023-12-29 11:21:53.577 [info] Git error: command `git clone
https://github.com/ComunidadFeliz/scraper-kastor-legacy.git
/home/brayan/.rbenv/versions/3.0.3/lib/ruby/gems/3.0.0/cache/bundler/git/scraper-kastor-legacy-97447238f8cbdd8b2405c45887fa12b98bac62c3
--bare --no-hardlinks --quiet` in directory /home/brayan/work/web has failed.

If this error persists you could try removing the cache directory
'/home/brayan/work/web'

2023-12-29 11:21:53.819 [info] bundler: failed to load command: ruby-lsp (/home/brayan/.rbenv/versions/3.0.3/bin/ruby-lsp)
/home/brayan/.rbenv/versions/3.0.3/lib/ruby/3.0.0/bundler/source/git.rb:214:in `rescue in load_spec_files': https://github.com/ComunidadFeliz/scraper-kastor-legacy.git (at main@beecfb5) is not yet checked out. Run `bundle install` first. (Bundler::GitError)
	from /home/brayan/.rbenv/versions/3.0.3/lib/ruby/3.0.0/bundler/source/git.rb:210:in `load_spec_files'
	from /home/brayan/.rbenv/versions/3.0.3/lib/ruby/3.0.0/bundler/source/path.rb:107:in `local_specs'
	from /home/brayan/.rbenv/versions/3.0.3/lib/ruby/3.0.0/bundler/source/git.rb:178:in `specs'
	from /home/brayan/.rbenv/versions/3.0.3/lib/ruby/3.0.0/bundler/source/rubygems_aggregate.rb:35:in `block (2 levels) in build_index'
	from /home/brayan/.rbenv/versions/3.0.3/lib/ruby/3.0.0/bundler/source/rubygems_aggregate.rb:33:in `each'
	from /home/brayan/.rbenv/versions/3.0.3/lib/ruby/3.0.0/bundler/source/rubygems_aggregate.rb:33:in `block in build_index'
	from /home/brayan/.rbenv/versions/3.0.3/lib/ruby/3.0.0/bundler/index.rb:9:in `build'
	from /home/brayan/.rbenv/versions/3.0.3/lib/ruby/3.0.0/bundler/source/rubygems_aggregate.rb:30:in `build_index'
	from /home/brayan/.rbenv/versions/3.0.3/lib/ruby/3.0.0/bundler/source/rubygems_aggregate.rb:12:in `initialize'
	from /home/brayan/.rbenv/versions/3.0.3/lib/ruby/3.0.0/bundler/definition.rb:808:in `new'
	from /home/brayan/.rbenv/versions/3.0.3/lib/ruby/3.0.0/bundler/definition.rb:808:in `source_requirements'
	from /home/brayan/.rbenv/versions/3.0.3/lib/ruby/3.0.0/bundler/definition.rb:268:in `resolve'
	from /home/brayan/.rbenv/versions/3.0.3/lib/ruby/3.0.0/bundler/definition.rb:489:in `materialize'
	from /home/brayan/.rbenv/versions/3.0.3/lib/ruby/3.0.0/bundler/definition.rb:189:in `specs'
	from /home/brayan/.rbenv/versions/3.0.3/lib/ruby/3.0.0/bundler/definition.rb:237:in `specs_for'
	from /home/brayan/.rbenv/versions/3.0.3/lib/ruby/3.0.0/bundler/runtime.rb:18:in `setup'
	from /home/brayan/.rbenv/versions/3.0.3/lib/ruby/3.0.0/bundler.rb:150:in `setup'
	from /home/brayan/.rbenv/versions/3.0.3/lib/ruby/3.0.0/bundler/setup.rb:20:in `block in <top (required)>'
	from /home/brayan/.rbenv/versions/3.0.3/lib/ruby/3.0.0/bundler/ui/shell.rb:136:in `with_level'
	from /home/brayan/.rbenv/versions/3.0.3/lib/ruby/3.0.0/bundler/ui/shell.rb:88:in `silence'
	from /home/brayan/.rbenv/versions/3.0.3/lib/ruby/3.0.0/bundler/setup.rb:20:in `<top (required)>'
	from /home/brayan/.rbenv/versions/3.0.3/lib/ruby/3.0.0/bundler/cli/exec.rb:56:in `require_relative'
	from /home/brayan/.rbenv/versions/3.0.3/lib/ruby/3.0.0/bundler/cli/exec.rb:56:in `kernel_load'
	from /home/brayan/.rbenv/versions/3.0.3/lib/ruby/3.0.0/bundler/cli/exec.rb:23:in `run'
	from /home/brayan/.rbenv/versions/3.0.3/lib/ruby/3.0.0/bundler/cli.rb:478:in `exec'
	from /home/brayan/.rbenv/versions/3.0.3/lib/ruby/3.0.0/bundler/vendor/thor/lib/thor/command.rb:27:in `run'
	from /home/brayan/.rbenv/versions/3.0.3/lib/ruby/3.0.0/bundler/vendor/thor/lib/thor/invocation.rb:127:in `invoke_command'
	from /home/brayan/.rbenv/versions/3.0.3/lib/ruby/3.0.0/bundler/vendor/thor/lib/thor.rb:392:in `dispatch'
	from /home/brayan/.rbenv/versions/3.0.3/lib/ruby/3.0.0/bundler/cli.rb:31:in `dispatch'
	from /home/brayan/.rbenv/versions/3.0.3/lib/ruby/3.0.0/bundler/vendor/thor/lib/thor/base.rb:485:in `start'
	from /home/brayan/.rbenv/versions/3.0.3/lib/ruby/3.0.0/bundler/cli.rb:25:in `start'
	from /home/brayan/.rbenv/versions/3.0.3/lib/ruby/gems/3.0.0/gems/bundler-2.2.32/libexec/bundle:49:in `block in <top (required)>'
	from /home/brayan/.rbenv/versions/3.0.3/lib/ruby/3.0.0/bundler/friendly_errors.rb:103:in `with_friendly_errors'
	from /home/brayan/.rbenv/versions/3.0.3/lib/ruby/gems/3.0.0/gems/bundler-2.2.32/libexec/bundle:37:in `<top (required)>'
	from /home/brayan/.rbenv/versions/3.0.3/bin/bundle:23:in `load'
	from /home/brayan/.rbenv/versions/3.0.3/bin/bundle:23:in `<main>'
/home/brayan/.rbenv/versions/3.0.3/lib/ruby/3.0.0/bundler/source/path.rb:209:in `load_spec_files': The path `/home/brayan/.rbenv/versions/3.0.3/lib/ruby/gems/3.0.0/bundler/gems/scraper-kastor-legacy-beecfb5d4e20` does not exist. (Bundler::PathError)
	from /home/brayan/.rbenv/versions/3.0.3/lib/ruby/3.0.0/bundler/source/git.rb:211:in `load_spec_files'
	from /home/brayan/.rbenv/versions/3.0.3/lib/ruby/3.0.0/bundler/source/path.rb:107:in `local_specs'
	from /home/brayan/.rbenv/versions/3.0.3/lib/ruby/3.0.0/bundler/source/git.rb:178:in `specs'
	from /home/brayan/.rbenv/versions/3.0.3/lib/ruby/3.0.0/bundler/source/rubygems_aggregate.rb:35:in `block (2 levels) in build_index'
	from /home/brayan/.rbenv/versions/3.0.3/lib/ruby/3.0.0/bundler/source/rubygems_aggregate.rb:33:in `each'
	from /home/brayan/.rbenv/versions/3.0.3/lib/ruby/3.0.0/bundler/source/rubygems_aggregate.rb:33:in `block in build_index'
	from /home/brayan/.rbenv/versions/3.0.3/lib/ruby/3.0.0/bundler/index.rb:9:in `build'
	from /home/brayan/.rbenv/versions/3.0.3/lib/ruby/3.0.0/bundler/source/rubygems_aggregate.rb:30:in `build_index'
	from /home/brayan/.rbenv/versions/3.0.3/lib/ruby/3.0.0/bundler/source/rubygems_aggregate.rb:12:in `initialize'
	from /home/brayan/.rbenv/versions/3.0.3/lib/ruby/3.0.0/bundler/definition.rb:808:in `new'
	from /home/brayan/.rbenv/versions/3.0.3/lib/ruby/3.0.0/bundler/definition.rb:808:in `source_requirements'
	from /home/brayan/.rbenv/versions/3.0.3/lib/ruby/3.0.0/bundler/definition.rb:268:in `resolve'

2023-12-29 11:21:53.819 [info] 	from /home/brayan/.rbenv/versions/3.0.3/lib/ruby/3.0.0/bundler/definition.rb:489:in `materialize'
	from /home/brayan/.rbenv/versions/3.0.3/lib/ruby/3.0.0/bundler/definition.rb:189:in `specs'
	from /home/brayan/.rbenv/versions/3.0.3/lib/ruby/3.0.0/bundler/definition.rb:237:in `specs_for'
	from /home/brayan/.rbenv/versions/3.0.3/lib/ruby/3.0.0/bundler/runtime.rb:18:in `setup'
	from /home/brayan/.rbenv/versions/3.0.3/lib/ruby/3.0.0/bundler.rb:150:in `setup'
	from /home/brayan/.rbenv/versions/3.0.3/lib/ruby/3.0.0/bundler/setup.rb:20:in `block in <top (required)>'
	from /home/brayan/.rbenv/versions/3.0.3/lib/ruby/3.0.0/bundler/ui/shell.rb:136:in `with_level'
	from /home/brayan/.rbenv/versions/3.0.3/lib/ruby/3.0.0/bundler/ui/shell.rb:88:in `silence'
	from /home/brayan/.rbenv/versions/3.0.3/lib/ruby/3.0.0/bundler/setup.rb:20:in `<top (required)>'
	from /home/brayan/.rbenv/versions/3.0.3/lib/ruby/3.0.0/bundler/cli/exec.rb:56:in `require_relative'
	from /home/brayan/.rbenv/versions/3.0.3/lib/ruby/3.0.0/bundler/cli/exec.rb:56:in `kernel_load'
	from /home/brayan/.rbenv/versions/3.0.3/lib/ruby/3.0.0/bundler/cli/exec.rb:23:in `run'
	from /home/brayan/.rbenv/versions/3.0.3/lib/ruby/3.0.0/bundler/cli.rb:478:in `exec'
	from /home/brayan/.rbenv/versions/3.0.3/lib/ruby/3.0.0/bundler/vendor/thor/lib/thor/command.rb:27:in `run'
	from /home/brayan/.rbenv/versions/3.0.3/lib/ruby/3.0.0/bundler/vendor/thor/lib/thor/invocation.rb:127:in `invoke_command'
	from /home/brayan/.rbenv/versions/3.0.3/lib/ruby/3.0.0/bundler/vendor/thor/lib/thor.rb:392:in `dispatch'
	from /home/brayan/.rbenv/versions/3.0.3/lib/ruby/3.0.0/bundler/cli.rb:31:in `dispatch'
	from /home/brayan/.rbenv/versions/3.0.3/lib/ruby/3.0.0/bundler/vendor/thor/lib/thor/base.rb:485:in `start'
	from /home/brayan/.rbenv/versions/3.0.3/lib/ruby/3.0.0/bundler/cli.rb:25:in `start'
	from /home/brayan/.rbenv/versions/3.0.3/lib/ruby/gems/3.0.0/gems/bundler-2.2.32/libexec/bundle:49:in `block in <top (required)>'
	from /home/brayan/.rbenv/versions/3.0.3/lib/ruby/3.0.0/bundler/friendly_errors.rb:103:in `with_friendly_errors'
	from /home/brayan/.rbenv/versions/3.0.3/lib/ruby/gems/3.0.0/gems/bundler-2.2.32/libexec/bundle:37:in `<top (required)>'
	from /home/brayan/.rbenv/versions/3.0.3/bin/bundle:23:in `load'
	from /home/brayan/.rbenv/versions/3.0.3/bin/bundle:23:in `<main>'

2023-12-29 11:21:53.821 [info] [Error - 11:21:53 AM] Server process exited with code 1.
2023-12-29 11:21:53.821 [info] [Error - 11:21:53 AM] Server initialization failed.
2023-12-29 11:21:53.821 [info]   Message: Pending response rejected since connection got disposed
  Code: -32097 
2023-12-29 11:21:53.821 [info] [Info  - 11:21:53 AM] Connection to server got closed. Server will restart.
2023-12-29 11:21:53.821 [info] true
2023-12-29 11:21:53.821 [info] [Error - 11:21:53 AM] Ruby LSP client: couldn't create connection to server.
2023-12-29 11:21:53.821 [info]   Message: Pending response rejected since connection got disposed
  Code: -32097 
2023-12-29 11:21:53.821 [info] [Error - 11:21:53 AM] Restarting server failed
2023-12-29 11:21:53.821 [info]   Message: Pending response rejected since connection got disposed
  Code: -32097 
2023-12-29 11:21:53.993 [info] Ruby LSP> Skipping custom bundle setup since /home/brayan/work/web/.ruby-lsp/Gemfile.lock already exists and is up to date

2023-12-29 11:21:54.003 [info] Ruby LSP> Running bundle install for the custom bundle. This may take a while...
Ruby LSP> Command: (bundle check || bundle install) 1>&2

2023-12-29 11:21:54.123 [info] Warning: the running version of Bundler (2.2.32) is older than the version that created the lockfile (2.2.34). We suggest you to upgrade to the version that created the lockfile by running `gem install bundler:2.2.34`.

2023-12-29 11:21:54.230 [info] https://github.com/ComunidadFeliz/scraper-kastor-legacy.git (at main@beecfb5) is
not yet checked out. Run `bundle install` first.

2023-12-29 11:21:54.390 [info] Warning: the running version of Bundler (2.2.32) is older than the version that created the lockfile (2.2.34). We suggest you to upgrade to the version that created the lockfile by running `gem install bundler:2.2.34`.

2023-12-29 11:21:54.483 [info] Fetching https://github.com/ComunidadFeliz/scraper-kastor-legacy.git

2023-12-29 11:21:54.864 [info] fatal: could not read Username for 'https://github.com': No such device or address


2023-12-29 11:21:54.865 [info] Retrying `git clone https://github.com/ComunidadFeliz/scraper-kastor-legacy.git /home/brayan/.rbenv/versions/3.0.3/lib/ruby/gems/3.0.0/cache/bundler/git/scraper-kastor-legacy-97447238f8cbdd8b2405c45887fa12b98bac62c3 --bare --no-hardlinks --quiet` at /home/brayan/work/web due to error (2/4): Bundler::Source::Git::GitCommandError Git error: command `git clone https://github.com/ComunidadFeliz/scraper-kastor-legacy.git /home/brayan/.rbenv/versions/3.0.3/lib/ruby/gems/3.0.0/cache/bundler/git/scraper-kastor-legacy-97447238f8cbdd8b2405c45887fa12b98bac62c3 --bare --no-hardlinks --quiet` in directory /home/brayan/work/web has failed.

If this error persists you could try removing the cache directory '/home/brayan/work/web'

2023-12-29 11:21:55.260 [info] 
Retrying `git clone https://github.com/ComunidadFeliz/scraper-kastor-legacy.git /home/brayan/.rbenv/versions/3.0.3/lib/ruby/gems/3.0.0/cache/bundler/git/scraper-kastor-legacy-97447238f8cbdd8b2405c45887fa12b98bac62c3 --bare --no-hardlinks --quiet` at /home/brayan/work/web due to error (3/4): Bundler::Source::Git::GitCommandError Git error: command `git clone https://github.com/ComunidadFeliz/scraper-kastor-legacy.git /home/brayan/.rbenv/versions/3.0.3/lib/ruby/gems/3.0.0/cache/bundler/git/scraper-kastor-legacy-97447238f8cbdd8b2405c45887fa12b98bac62c3 --bare --no-hardlinks --quiet` in directory /home/brayan/work/web has failed.

If this error persists you could try removing the cache directory '/home/brayan/work/web'

2023-12-29 11:21:55.635 [info] 
Retrying `git clone https://github.com/ComunidadFeliz/scraper-kastor-legacy.git /home/brayan/.rbenv/versions/3.0.3/lib/ruby/gems/3.0.0/cache/bundler/git/scraper-kastor-legacy-97447238f8cbdd8b2405c45887fa12b98bac62c3 --bare --no-hardlinks --quiet` at /home/brayan/work/web due to error (4/4): Bundler::Source::Git::GitCommandError Git error: command `git clone https://github.com/ComunidadFeliz/scraper-kastor-legacy.git /home/brayan/.rbenv/versions/3.0.3/lib/ruby/gems/3.0.0/cache/bundler/git/scraper-kastor-legacy-97447238f8cbdd8b2405c45887fa12b98bac62c3 --bare --no-hardlinks --quiet` in directory /home/brayan/work/web has failed.

If this error persists you could try removing the cache directory '/home/brayan/work/web'

2023-12-29 11:21:56.021 [info] 

2023-12-29 11:21:56.023 [info] Git error: command `git clone
https://github.com/ComunidadFeliz/scraper-kastor-legacy.git
/home/brayan/.rbenv/versions/3.0.3/lib/ruby/gems/3.0.0/cache/bundler/git/scraper-kastor-legacy-97447238f8cbdd8b2405c45887fa12b98bac62c3
--bare --no-hardlinks --quiet` in directory /home/brayan/work/web has failed.

If this error persists you could try removing the cache directory
'/home/brayan/work/web'

2023-12-29 11:21:56.233 [info] bundler: failed to load command: ruby-lsp (/home/brayan/.rbenv/versions/3.0.3/bin/ruby-lsp)
/home/brayan/.rbenv/versions/3.0.3/lib/ruby/3.0.0/bundler/source/git.rb:214:in `rescue in load_spec_files': https://github.com/ComunidadFeliz/scraper-kastor-legacy.git (at main@beecfb5) is not yet checked out. Run `bundle install` first. (Bundler::GitError)
	from /home/brayan/.rbenv/versions/3.0.3/lib/ruby/3.0.0/bundler/source/git.rb:210:in `load_spec_files'
	from /home/brayan/.rbenv/versions/3.0.3/lib/ruby/3.0.0/bundler/source/path.rb:107:in `local_specs'
	from /home/brayan/.rbenv/versions/3.0.3/lib/ruby/3.0.0/bundler/source/git.rb:178:in `specs'
	from /home/brayan/.rbenv/versions/3.0.3/lib/ruby/3.0.0/bundler/source/rubygems_aggregate.rb:35:in `block (2 levels) in build_index'
	from /home/brayan/.rbenv/versions/3.0.3/lib/ruby/3.0.0/bundler/source/rubygems_aggregate.rb:33:in `each'
	from /home/brayan/.rbenv/versions/3.0.3/lib/ruby/3.0.0/bundler/source/rubygems_aggregate.rb:33:in `block in build_index'
	from /home/brayan/.rbenv/versions/3.0.3/lib/ruby/3.0.0/bundler/index.rb:9:in `build'
	from /home/brayan/.rbenv/versions/3.0.3/lib/ruby/3.0.0/bundler/source/rubygems_aggregate.rb:30:in `build_index'
	from /home/brayan/.rbenv/versions/3.0.3/lib/ruby/3.0.0/bundler/source/rubygems_aggregate.rb:12:in `initialize'
	from /home/brayan/.rbenv/versions/3.0.3/lib/ruby/3.0.0/bundler/definition.rb:808:in `new'
	from /home/brayan/.rbenv/versions/3.0.3/lib/ruby/3.0.0/bundler/definition.rb:808:in `source_requirements'
	from /home/brayan/.rbenv/versions/3.0.3/lib/ruby/3.0.0/bundler/definition.rb:268:in `resolve'
	from /home/brayan/.rbenv/versions/3.0.3/lib/ruby/3.0.0/bundler/definition.rb:489:in `materialize'
	from /home/brayan/.rbenv/versions/3.0.3/lib/ruby/3.0.0/bundler/definition.rb:189:in `specs'
	from /home/brayan/.rbenv/versions/3.0.3/lib/ruby/3.0.0/bundler/definition.rb:237:in `specs_for'
	from /home/brayan/.rbenv/versions/3.0.3/lib/ruby/3.0.0/bundler/runtime.rb:18:in `setup'
	from /home/brayan/.rbenv/versions/3.0.3/lib/ruby/3.0.0/bundler.rb:150:in `setup'
	from /home/brayan/.rbenv/versions/3.0.3/lib/ruby/3.0.0/bundler/setup.rb:20:in `block in <top (required)>'
	from /home/brayan/.rbenv/versions/3.0.3/lib/ruby/3.0.0/bundler/ui/shell.rb:136:in `with_level'
	from /home/brayan/.rbenv/versions/3.0.3/lib/ruby/3.0.0/bundler/ui/shell.rb:88:in `silence'
	from /home/brayan/.rbenv/versions/3.0.3/lib/ruby/3.0.0/bundler/setup.rb:20:in `<top (required)>'
	from /home/brayan/.rbenv/versions/3.0.3/lib/ruby/3.0.0/bundler/cli/exec.rb:56:in `require_relative'
	from /home/brayan/.rbenv/versions/3.0.3/lib/ruby/3.0.0/bundler/cli/exec.rb:56:in `kernel_load'
	from /home/brayan/.rbenv/versions/3.0.3/lib/ruby/3.0.0/bundler/cli/exec.rb:23:in `run'
	from /home/brayan/.rbenv/versions/3.0.3/lib/ruby/3.0.0/bundler/cli.rb:478:in `exec'
	from /home/brayan/.rbenv/versions/3.0.3/lib/ruby/3.0.0/bundler/vendor/thor/lib/thor/command.rb:27:in `run'
	from /home/brayan/.rbenv/versions/3.0.3/lib/ruby/3.0.0/bundler/vendor/thor/lib/thor/invocation.rb:127:in `invoke_command'
	from /home/brayan/.rbenv/versions/3.0.3/lib/ruby/3.0.0/bundler/vendor/thor/lib/thor.rb:392:in `dispatch'
	from /home/brayan/.rbenv/versions/3.0.3/lib/ruby/3.0.0/bundler/cli.rb:31:in `dispatch'
	from /home/brayan/.rbenv/versions/3.0.3/lib/ruby/3.0.0/bundler/vendor/thor/lib/thor/base.rb:485:in `start'
	from /home/brayan/.rbenv/versions/3.0.3/lib/ruby/3.0.0/bundler/cli.rb:25:in `start'
	from /home/brayan/.rbenv/versions/3.0.3/lib/ruby/gems/3.0.0/gems/bundler-2.2.32/libexec/bundle:49:in `block in <top (required)>'
	from /home/brayan/.rbenv/versions/3.0.3/lib/ruby/3.0.0/bundler/friendly_errors.rb:103:in `with_friendly_errors'
	from /home/brayan/.rbenv/versions/3.0.3/lib/ruby/gems/3.0.0/gems/bundler-2.2.32/libexec/bundle:37:in `<top (required)>'
	from /home/brayan/.rbenv/versions/3.0.3/bin/bundle:23:in `load'
	from /home/brayan/.rbenv/versions/3.0.3/bin/bundle:23:in `<main>'
/home/brayan/.rbenv/versions/3.0.3/lib/ruby/3.0.0/bundler/source/path.rb:209:in `load_spec_files': The path `/home/brayan/.rbenv/versions/3.0.3/lib/ruby/gems/3.0.0/bundler/gems/scraper-kastor-legacy-beecfb5d4e20` does not exist. (Bundler::PathError)
	from /home/brayan/.rbenv/versions/3.0.3/lib/ruby/3.0.0/bundler/source/git.rb:211:in `load_spec_files'
	from /home/brayan/.rbenv/versions/3.0.3/lib/ruby/3.0.0/bundler/source/path.rb:107:in `local_specs'
	from /home/brayan/.rbenv/versions/3.0.3/lib/ruby/3.0.0/bundler/source/git.rb:178:in `specs'
	from /home/brayan/.rbenv/versions/3.0.3/lib/ruby/3.0.0/bundler/source/rubygems_aggregate.rb:35:in `block (2 levels) in build_index'
	from /home/brayan/.rbenv/versions/3.0.3/lib/ruby/3.0.0/bundler/source/rubygems_aggregate.rb:33:in `each'
	from /home/brayan/.rbenv/versions/3.0.3/lib/ruby/3.0.0/bundler/source/rubygems_aggregate.rb:33:in `block in build_index'
	from /home/brayan/.rbenv/versions/3.0.3/lib/ruby/3.0.0/bundler/index.rb:9:in `build'
	from /home/brayan/.rbenv/versions/3.0.3/lib/ruby/3.0.0/bundler/source/rubygems_aggregate.rb:30:in `build_index'
	from /home/brayan/.rbenv/versions/3.0.3/lib/ruby/3.0.0/bundler/source/rubygems_aggregate.rb:12:in `initialize'
	from /home/brayan/.rbenv/versions/3.0.3/lib/ruby/3.0.0/bundler/definition.rb:808:in `new'
	from /home/brayan/.rbenv/versions/3.0.3/lib/ruby/3.0.0/bundler/definition.rb:808:in `source_requirements'
	from /home/brayan/.rbenv/versions/3.0.3/lib/ruby/3.0.0/bundler/definition.rb:268:in `resolve'
	from /home/brayan/.rbenv/versions/3.0.3/lib/ruby/3.0.0/bundler/definition.rb:489:in `materialize'
	from /home/brayan/.rbenv/versions/3.0.3/lib/ruby/3.0.0/bundler/definition.rb:189:in `specs'
	from /home/brayan/.rbenv/versions/3.0.3/lib/ruby/3.0.0/bundler/definition.rb:237:in `specs_for'
	from /home/brayan/.rbenv/versions/3.0.3/lib/ruby/3.0.0/bundler/runtime.rb:18:in `setup'
	from /home/brayan/.rbenv/versions/3.0.3/lib/ruby/3.0.0/bundler.rb:150:in `setup'
	from /home/brayan/.rbenv/versions/3.0.3/lib/ruby/3.0.0/bundler/setup.rb:20:in `block in <top (required)>'
	from /home/brayan/.rbenv/versions/3.0.3/lib/ruby/3.0.0/bundler/ui/shell.rb:136:in `with_level'
	from /home/brayan/.rbenv/versions/3.0.3/lib/ruby/3.0.0/bundler/ui/shell.rb:88:in `silence'
	from /home/brayan/.rbenv/versions/3.0.3/lib/ruby/3.0.0/bundler/setup.rb:20:in `<top (required)>'
	from /home/brayan/.rbenv/versions/3.0.3/lib/ruby/3.0.0/bundler/cli/exec.rb:56:in `require_relative'
	from /home/brayan/.rbenv/versions/3.0.3/lib/ruby/3.0.0/bundler/cli/exec.rb:56:in `kernel_load'
	from /home/brayan/.rbenv/versions/3.0.3/lib/ruby/3.0.0/bundler/cli/exec.rb:23:in `run'
	from /home/brayan/.rbenv/versions/3.0.3/lib/ruby/3.0.0/bundler/cli.rb:478:in `exec'
	from /home/brayan/.rbenv/versions/3.0.3/lib/ruby/3.0.0/bundler/vendor/thor/lib/thor/command.rb:27:in `run'
	from /home/brayan/.rbenv/versions/3.0.3/lib/ruby/3.0.0/bundler/vendor/thor/lib/thor/invocation.rb:127:in `invoke_command'
	from /home/brayan/.rbenv/versions/3.0.3/lib/ruby/3.0.0/bundler/vendor/thor/lib/thor.rb:392:in `dispatch'
	from /home/brayan/.rbenv/versions/3.0.3/lib/ruby/3.0.0/bundler/cli.rb:31:in `dispatch'
	from /home/brayan/.rbenv/versions/3.0.3/lib/ruby/3.0.0/bundler/vendor/thor/lib/thor/base.rb:485:in `start'
	from /home/brayan/.rbenv/versions/3.0.3/lib/ruby/3.0.0/bundler/cli.rb:25:in `start'
	from /home/brayan/.rbenv/versions/3.0.3/lib/ruby/gems/3.0.0/gems/bundler-2.2.32/libexec/bundle:49:in `block in <top (required)>'
	from /home/brayan/.rbenv/versions/3.0.3/lib/ruby/3.0.0/bundler/friendly_errors.rb:103:in `with_friendly_errors'
	from /home/brayan/.rbenv/versions/3.0.3/lib/ruby/gems/3.0.0/gems/bundler-2.2.32/libexec/bundle:37:in `<top (required)>'
	from /home/brayan/.rbenv/versions/3.0.3/bin/bundle:23:in `load'
	from /home/brayan/.rbenv/versions/3.0.3/bin/bundle:23:in `<main>'

2023-12-29 11:21:56.234 [info] [Error - 11:21:56 AM] Server process exited with code 1.
2023-12-29 11:21:56.235 [info] [Error - 11:21:56 AM] Server initialization failed.
2023-12-29 11:21:56.235 [info]   Message: Pending response rejected since connection got disposed
  Code: -32097 
2023-12-29 11:21:56.235 [info] [Error - 11:21:56 AM] The Ruby LSP server crashed 5 times in the last 3 minutes. The server will not be restarted. See the output for more information.
2023-12-29 11:21:56.235 [info] [Error - 11:21:56 AM] Ruby LSP client: couldn't create connection to server.
2023-12-29 11:21:56.235 [info]   Message: Pending response rejected since connection got disposed
  Code: -32097 
2023-12-29 11:21:56.235 [info] [Error - 11:21:56 AM] Restarting server failed
2023-12-29 11:21:56.235 [info]   Message: Pending response rejected since connection got disposed
  Code: -32097 
2023-12-29 11:23:48.585 [error] Error restarting the server: Client is not running and can't be stopped. It's current state is: startFailed
