Initializing document watcher...
web/config/initializers/rollbar.rb: {"insertSpaces":true,"tabSize":2}
web/app/models/finkok_response.rb: {"insertSpaces":true,"tabSize":2}
web/app/models/finkok_response.rb: Using EditorConfig core...
app/models/finkok_response.rb: editor.action.trimTrailingWhitespace
web/app/models/finkok_response.rb: Using EditorConfig core...
app/models/finkok_response.rb: editor.action.trimTrailingWhitespace
web/app/models/finkok_response.rb: Using EditorConfig core...
app/models/finkok_response.rb: editor.action.trimTrailingWhitespace
web/app/models/finkok_response.rb: {"insertSpaces":true,"tabSize":2}
web/app/models/finkok_response.rb: {"insertSpaces":true,"tabSize":2}
web/app/models/finkok_response.rb: {"insertSpaces":true,"tabSize":2}
web/app/models/finkok_response.rb: {"insertSpaces":true,"tabSize":2}
web/app/models/finkok_response.rb: {"insertSpaces":true,"tabSize":2}
web/app/models/finkok_response.rb: {"insertSpaces":true,"tabSize":2}
web/app/models/finkok_response.rb: {"insertSpaces":true,"tabSize":2}
web/app/models/finkok_response.rb: {"insertSpaces":true,"tabSize":2}
web/config/application.yml: {"insertSpaces":true,"tabSize":2}
web/config/initializers/rollbar.rb: {"insertSpaces":true,"tabSize":2}
web/config/initializers/rollbar.rb: Using EditorConfig core...
config/initializers/rollbar.rb: editor.action.trimTrailingWhitespace
web/config/initializers/rollbar.rb: {"insertSpaces":true,"tabSize":2}
web/config/initializers/rollbar.rb: {"insertSpaces":true,"tabSize":2}
web/config/initializers/rollbar.rb: {"insertSpaces":true,"tabSize":2}
web/config/initializers/rollbar.rb: {"insertSpaces":true,"tabSize":2}
web/config/initializers/rollbar.rb: {"insertSpaces":true,"tabSize":2}
web/config/initializers/rollbar.rb: {"insertSpaces":true,"tabSize":2}
web/app/models/finkok_response.rb: {"insertSpaces":true,"tabSize":2}
web/app/models/finkok_response.rb: {"insertSpaces":true,"tabSize":2}
web/app/lib/finkok/document.rb: {"insertSpaces":true,"tabSize":2}
web/app/models/finkok_response.rb: {"insertSpaces":true,"tabSize":2}
web/app/models/finkok_response.rb: Using EditorConfig core...
app/models/finkok_response.rb: editor.action.trimTrailingWhitespace
web/app/models/finkok_response.rb: Using EditorConfig core...
app/models/finkok_response.rb: editor.action.trimTrailingWhitespace
web/app/models/finkok_response.rb: Using EditorConfig core...
app/models/finkok_response.rb: editor.action.trimTrailingWhitespace
web/app/models/finkok_response.rb: {"insertSpaces":true,"tabSize":2}
web/app/models/finkok_response.rb: {"insertSpaces":true,"tabSize":2}
web/config/application.yml: {"insertSpaces":true,"tabSize":2}
web/config/application.yml: Using EditorConfig core...
config/application.yml: editor.action.trimTrailingWhitespace
web/config/initializers/rollbar.rb: {"insertSpaces":true,"tabSize":2}
web/config/initializers/rollbar.rb: Using EditorConfig core...
config/initializers/rollbar.rb: editor.action.trimTrailingWhitespace
web/config/initializers/rollbar.rb: {"insertSpaces":true,"tabSize":2}
web/config/initializers/rollbar.rb: {"insertSpaces":true,"tabSize":2}
web/config/initializers/rollbar.rb: {"insertSpaces":true,"tabSize":2}
web/config/initializers/rollbar.rb: {"insertSpaces":true,"tabSize":2}
web/config/initializers/rollbar.rb: {"insertSpaces":true,"tabSize":2}
web/config/initializers/rollbar.rb: {"insertSpaces":true,"tabSize":2}
web/config/initializers/rollbar.rb: {"insertSpaces":true,"tabSize":2}
web/config/initializers/rollbar.rb: {"insertSpaces":true,"tabSize":2}
web/config/application.yml: {"insertSpaces":true,"tabSize":2}
web/config/application.yml: {"insertSpaces":true,"tabSize":2}
web/config/application.yml: {"insertSpaces":true,"tabSize":2}
web/config/application.yml: {"insertSpaces":true,"tabSize":2}
web/config/application.yml: {"insertSpaces":true,"tabSize":2}
web/config/application.yml: {"insertSpaces":true,"tabSize":2}
web/config/application.yml: {"insertSpaces":true,"tabSize":2}
web/config/application.yml: {"insertSpaces":true,"tabSize":2}
web/config/application.yml: {"insertSpaces":true,"tabSize":2}
web/config/application.yml: {"insertSpaces":true,"tabSize":2}
web/config/application.yml: {"insertSpaces":true,"tabSize":2}
web/config/application.yml: {"insertSpaces":true,"tabSize":2}
web/config/application.yml: {"insertSpaces":true,"tabSize":2}
web/config/initializers/rollbar.rb: {"insertSpaces":true,"tabSize":2}
web/config/initializers/rollbar.rb: Using EditorConfig core...
config/initializers/rollbar.rb: editor.action.trimTrailingWhitespace
web/config/initializers/rollbar.rb: Using EditorConfig core...
config/initializers/rollbar.rb: editor.action.trimTrailingWhitespace
