2024-01-04 09:17:03.263 [info] Checking if asdf is available on the path with command: /bin/zsh -ic 'asdf --version'
2024-01-04 09:17:03.490 [info] Checking if chruby is available on the path with command: /bin/zsh -ic 'chruby --version'
2024-01-04 09:17:03.778 [info] Checking if rbenv is available on the path with command: /bin/zsh -ic 'rbenv --version'
2024-01-04 09:17:04.214 [info] Discovered version manager rbenv
2024-01-04 09:17:04.214 [info] Trying to activate Ruby environment with command: /bin/zsh -ic 'rbenv exec ruby -rjson -e "STDERR.printf(%{RUBY_ENV_ACTIVATE%sRUBY_ENV_ACTIVATE}, JSON.dump({ env: ENV.to_h, ruby_version: RUBY_VERSION, yjit: defined?(RubyVM::YJIT) }))"' inside directory: /home/brayan/work/web
2024-01-04 09:17:05.314 [info] Ruby LSP> Skipping custom bundle setup since /home/brayan/work/web/.ruby-lsp/Gemfile.lock already exists and is up to date

2024-01-04 09:17:05.330 [info] Ruby LSP> Running bundle install for the custom bundle. This may take a while...
Ruby LSP> Command: ((bundle check && bundle update ruby-lsp debug) || bundle install) 1>&2

2024-01-04 09:17:05.473 [info] Warning: the running version of Bundler (2.2.32) is older than the version that created the lockfile (2.2.34). We suggest you to upgrade to the version that created the lockfile by running `gem install bundler:2.2.34`.

2024-01-04 09:17:05.610 [info] The Gemfile's dependencies are satisfied

2024-01-04 09:17:05.729 [info] Warning: the running version of Bundler (2.2.32) is older than the version that created the lockfile (2.2.34). We suggest you to upgrade to the version that created the lockfile by running `gem install bundler:2.2.34`.

2024-01-04 09:17:06.619 [info] Fetching gem metadata from https://rubygems.org/
2024-01-04 09:17:06.621 [info] .
2024-01-04 09:17:06.946 [info] .
2024-01-04 09:17:07.029 [info] .
2024-01-04 09:17:07.253 [info] .
2024-01-04 09:17:07.422 [info] .
2024-01-04 09:17:07.443 [info] .
2024-01-04 09:17:08.450 [info] 

2024-01-04 09:17:08.520 [info] Resolving dependencies...
2024-01-04 09:17:08.849 [info] .
2024-01-04 09:17:09.002 [info] 

2024-01-04 09:17:09.157 [info] Using rake 13.0.6

2024-01-04 09:17:09.164 [info] Using concurrent-ruby 1.2.2
Using minitest 5.15.0

2024-01-04 09:17:09.164 [info] Using builder 3.2.4
Using erubi 1.12.0

2024-01-04 09:17:09.164 [info] Using mini_portile2 2.8.4

2024-01-04 09:17:09.181 [info] Using racc 1.7.1
Using rack 2.2.8
Using websocket-extensions 0.1.5
Using marcel 1.0.2
Using mini_mime 1.1.2
Using date 3.3.3
Using timeout 0.4.0
Using aws-eventstream 1.2.0
Using aws-partitions 1.568.0
Using jmespath 1.6.1
Using bundler 2.2.32

2024-01-04 09:17:09.181 [info] Using method_source 1.0.0

2024-01-04 09:17:09.181 [info] Using thor 1.2.2

2024-01-04 09:17:09.181 [info] Using zeitwerk 2.6.11

2024-01-04 09:17:09.181 [info] Using multi_json 1.15.0

2024-01-04 09:17:09.204 [info] Using crass 1.0.6
Using nio4r 2.5.9

2024-01-04 09:17:09.205 [info] Using public_suffix 5.0.0
Using aes_key_wrap 1.1.0

2024-01-04 09:17:09.216 [info] Using api 0.1.0 from https://github.com/ComunidadFeliz/api.git (at main@6818fe0)

2024-01-04 09:17:09.218 [info] Using ansi 1.5.0
Using ast 2.4.2

2024-01-04 09:17:09.229 [info] Using htmlentities 4.3.4

2024-01-04 09:17:09.242 [info] Using rubyzip 2.3.2
Using execjs 2.8.1
Using awesome_print 1.9.2
Using babel-source 5.8.35
Using barby 0.6.8

2024-01-04 09:17:09.254 [info] Using batch-loader 2.0.1

2024-01-04 09:17:09.264 [info] Using bcrypt 3.1.17
Using bindata 2.4.10

2024-01-04 09:17:09.264 [info] Using bindex 0.8.1
Using msgpack 1.4.5

2024-01-04 09:17:09.264 [info] Using ffi 1.15.5

2024-01-04 09:17:09.265 [info] Using browser 5.3.1

2024-01-04 09:17:09.265 [info] Using uniform_notifier 1.16.0

2024-01-04 09:17:09.292 [info] Using smart_properties 1.17.0
Using byebug 11.1.3

2024-01-04 09:17:09.300 [info] Using cancancan 3.3.0

2024-01-04 09:17:09.300 [info] Using regexp_parser 2.2.1

2024-01-04 09:17:09.312 [info] Using matrix 0.4.2
Using mini_magick 4.11.0

2024-01-04 09:17:09.345 [info] Using ssrf_filter 1.0.7

2024-01-04 09:17:09.346 [info] Using choice 0.2.0

2024-01-04 09:17:09.346 [info] Using cocoon 1.2.15

2024-01-04 09:17:09.361 [info] Using chunky_png 1.4.0
Using coffee-script-source 1.12.2

2024-01-04 09:17:09.362 [info] Using colorize 0.8.1

2024-01-04 09:17:09.362 [info] Using connection_pool 2.2.5

2024-01-04 09:17:09.373 [info] Using ruby-rc4 0.1.5

2024-01-04 09:17:09.373 [info] Using rexml 3.2.5

2024-01-04 09:17:09.378 [info] Using daemons 1.4.1
Using database_cleaner-core 2.0.1

2024-01-04 09:17:09.385 [info] Using io-console 0.7.1

2024-01-04 09:17:09.386 [info] Using stringio 3.1.0
Using digest-crc 0.6.4

2024-01-04 09:17:09.386 [info] Using docile 1.4.0

2024-01-04 09:17:09.386 [info] Using unf_ext 0.0.8.2

2024-01-04 09:17:09.411 [info] Using ruby2_keywords 0.0.5

2024-01-04 09:17:09.411 [info] Using draper-cancancan 1.1.1
Using faraday-net_http 3.0.0

2024-01-04 09:17:09.411 [info] Using jwt 2.5.0

2024-01-04 09:17:09.411 [info] Using multi_xml 0.6.0
Using excon 0.92.3

2024-01-04 09:17:09.440 [info] Using declarative 0.0.20
Using diff-lcs 1.5.0
Using dotenv 2.8.1
Using fastimage 2.2.7

2024-01-04 09:17:09.441 [info] Using mime-types-data 3.2022.0105
Using fuzzy_match 2.1.0

2024-01-04 09:17:09.452 [info] Using formatador 1.1.0
Using gems 1.2.0

2024-01-04 09:17:09.452 [info] Using memoist 0.16.2
Using os 1.1.4

2024-01-04 09:17:09.452 [info] Using httpclient 2.8.3

2024-01-04 09:17:09.452 [info] Using trailblazer-option 0.1.2

2024-01-04 09:17:09.473 [info] Using retriable 3.1.2
Using webrick 1.7.0

2024-01-04 09:17:09.485 [info] Using uber 0.1.0
Using rotp 6.2.2
Using rqrcode_core 1.2.0

2024-01-04 09:17:09.485 [info] Using graphql 1.11.10
Using temple 0.10.2

2024-01-04 09:17:09.485 [info] Using parallel 1.21.0

2024-01-04 09:17:09.486 [info] Using rainbow 3.1.1

2024-01-04 09:17:09.486 [info] Using ruby-progressbar 1.11.0

2024-01-04 09:17:09.529 [info] Using tilt 2.2.0
Using unicode-display_width 2.1.0
Using sysexits 1.2.0

2024-01-04 09:17:09.529 [info] Using hashdiff 1.0.1

2024-01-04 09:17:09.537 [info] Using hash-deep-merge 0.1.1

2024-01-04 09:17:09.541 [info] Using hashie 5.0.0

2024-01-04 09:17:09.549 [info] Using highline 2.0.3
Using hirb 0.7.3

2024-01-04 09:17:09.556 [info] Using htmlbeautifier 1.4.2
Using socksify 1.7.1

2024-01-04 09:17:09.565 [info] Using interactor 3.1.2
Using json 2.6.1

2024-01-04 09:17:09.565 [info] Using language_server-protocol 3.17.0.3

2024-01-04 09:17:09.577 [info] Using hub 1.12.4

2024-01-04 09:17:09.585 [info] Using rb-fsevent 0.11.1
Using redcarpet 3.5.1
Using rouge 4.0.0
Using net-http-digest_auth 1.4.1
Using rubyntlm 0.6.3

2024-01-04 09:17:09.585 [info] Using webrobots 0.1.2
Using memory_profiler 1.0.1
Using missing_t 0.4.1
Using mixpanel-ruby 2.3.0

2024-01-04 09:17:09.586 [info] Using nori 2.6.0
Using oj 3.10.18
Using options 2.3.2

2024-01-04 09:17:09.586 [info] Using payments_api_client 0.1.0 from https://github.com/ComunidadFeliz/PaymentsApiClient.git (at main@5bc4703)

2024-01-04 09:17:09.586 [info] Using pdf-core 0.9.0
Using pg 1.3.4
Using ttfunk 1.7.0

2024-01-04 09:17:09.586 [info] Using prism 0.19.0
Using rack-timeout 0.6.0

2024-01-04 09:17:09.586 [info] Using woothee 1.13.0

2024-01-04 09:17:09.586 [info] Using railroady 1.6.0

2024-01-04 09:17:09.586 [info] Using redis 4.8.1

2024-01-04 09:17:09.586 [info] Using remotipart 1.4.4

2024-01-04 09:17:09.586 [info] Using rollbar 3.3.0

2024-01-04 09:17:09.586 [info] Using ruby-ole 1.2.12.2

2024-01-04 09:17:09.586 [info] Using rspec-support 3.10.3

2024-01-04 09:17:09.589 [info] Fetching sorbet-runtime 0.5.11175 (was 0.5.11170)

2024-01-04 09:17:09.686 [info] Using semantic_range 3.0.0
Using service-object 0.1.0 from https://github.com/ComunidadFeliz/service-objects.git (at main@836d75c)

2024-01-04 09:17:09.686 [info] Using shoulda-context 2.0.0

2024-01-04 09:17:09.721 [info] Using will_paginate 3.3.1
Using simplecov-html 0.12.3
Using simplecov_json_formatter 0.1.4

2024-01-04 09:17:09.721 [info] Using i18n 1.14.1
Using tzinfo 2.0.6

2024-01-04 09:17:09.721 [info] Using gyoku 1.3.1
Using figaro 1.2.0
Using net-protocol 0.2.1

2024-01-04 09:17:09.722 [info] Using aws-sigv4 1.4.0
Using parser 3.1.1.0

2024-01-04 09:17:09.722 [info] Using ruby-ll 2.1.3

2024-01-04 09:17:09.722 [info] Using nokogiri 1.15.3 (x86_64-linux)

2024-01-04 09:17:09.936 [info] Using wkhtmltopdf-binary 0.12.3.1

2024-01-04 09:17:09.940 [info] Using puma 5.6.2

2024-01-04 09:17:09.945 [info] Using bootsnap 1.11.1
Using sassc 2.4.0

2024-01-04 09:17:09.953 [info] Using ruby-vips 2.1.4
Using addressable 2.8.1

2024-01-04 09:17:09.953 [info] Using websocket-driver 0.7.6
Using rack-test 2.1.0
Using request_store 1.5.1

2024-01-04 09:17:09.974 [info] Using rb-inotify 0.10.1

2024-01-04 09:17:09.982 [info] Using sprockets 4.2.0
Using next_rails 1.0.4

2024-01-04 09:17:09.982 [info] Using rack-cors 1.1.1

2024-01-04 09:17:09.989 [info] Using rack-protection 2.2.0

2024-01-04 09:17:09.997 [info] Using rack-mini-profiler 3.0.0
Using rack-proxy 0.7.2

2024-01-04 09:17:09.998 [info] Using rack_session_access 0.2.0

2024-01-04 09:17:09.998 [info] Using net-http-persistent 4.0.1

2024-01-04 09:17:09.998 [info] Using autoprefixer-rails 10.4.2.0

2024-01-04 09:17:09.998 [info] Using uglifier 4.2.0

2024-01-04 09:17:10.018 [info] Using crack 0.4.5

2024-01-04 09:17:10.022 [info] Using ruby-graphviz 1.2.5

2024-01-04 09:17:10.030 [info] Using babel-transpiler 0.7.0
Using psych 5.1.2

2024-01-04 09:17:10.030 [info] Using unf 0.1.4

2024-01-04 09:17:10.030 [info] Using coffee-script 2.4.1

2024-01-04 09:17:10.030 [info] Using reline 0.4.1

2024-01-04 09:17:10.030 [info] Using faraday 2.5.2

2024-01-04 09:17:10.050 [info] Using mime-types 3.4.1

2024-01-04 09:17:10.058 [info] Using rqrcode 2.1.1

2024-01-04 09:17:10.058 [info] Using parallel_tests 4.1.0
Using lazy_high_charts 1.6.1 from https://github.com/michelson/lazy_high_charts (at master@54f4b6d)

2024-01-04 09:17:10.058 [info] Using haml 5.2.2
Using httpi 2.5.0

2024-01-04 09:17:10.058 [info] Using recaptcha 5.9.0

2024-01-04 09:17:10.059 [info] Using sendgrid 1.2.4
Using combine_pdf 1.0.21

2024-01-04 09:17:10.059 [info] Using graphql-guard 2.0.0

2024-01-04 09:17:10.059 [info] Using rack-user_agent 0.5.3

2024-01-04 09:17:10.059 [info] Using spreadsheet 1.3.0

2024-01-04 09:17:10.059 [info] Using rspec-core 3.10.2
Using progress_bar 1.3.3

2024-01-04 09:17:10.113 [info] Using yard 0.9.28

2024-01-04 09:17:10.113 [info] Using net-pop 0.1.2

2024-01-04 09:17:10.113 [info] Using net-smtp 0.3.3

2024-01-04 09:17:10.113 [info] Using aws-sdk-core 3.130.0

2024-01-04 09:17:10.113 [info] Using faker 2.20.0

2024-01-04 09:17:10.113 [info] Using rubocop-ast 1.16.0

2024-01-04 09:17:10.113 [info] Using terminal-table 3.0.2

2024-01-04 09:17:10.113 [info] Using money 6.16.0

2024-01-04 09:17:10.114 [info] Using numbers_and_words 0.11.11

2024-01-04 09:17:10.114 [info] Using oga 3.4

2024-01-04 09:17:10.114 [info] Using scout_apm 5.1.1

2024-01-04 09:17:10.153 [info] Using prawn 2.4.0
Using activesupport 7.0.6
Using net-imap 0.3.7
Using i18n-js 3.9.1

2024-01-04 09:17:10.159 [info] Using tzinfo-data 1.2023.3

2024-01-04 09:17:10.159 [info] Using loofah 2.21.3

2024-01-04 09:17:10.159 [info] Using akami 1.3.1

2024-01-04 09:17:10.159 [info] Using caxlsx 3.2.0

2024-01-04 09:17:10.159 [info] Using xpath 3.2.0

2024-01-04 09:17:10.179 [info] Using will_paginate-bootstrap 1.0.2

2024-01-04 09:17:10.180 [info] Using mimemagic 0.4.3

2024-01-04 09:17:10.186 [info] Using roo 2.8.3

2024-01-04 09:17:10.193 [info] Using sanitize 6.0.0
Using signer 1.10.0

2024-01-04 09:17:10.193 [info] Using css_parser 1.11.0

2024-01-04 09:17:10.193 [info] Using launchy 2.5.0

2024-01-04 09:17:10.194 [info] Using simplecov 0.21.2
Using bootstrap-sass 3.4.1

2024-01-04 09:17:10.194 [info] Using rdoc 6.6.2
Using domain_name 0.5.20190701

2024-01-04 09:17:10.222 [info] Using image_processing 1.12.2

2024-01-04 09:17:10.222 [info] Using rspec-mocks 3.10.3

2024-01-04 09:17:10.222 [info] Using rspec-expectations 3.10.2
Using oauth2 1.4.9

2024-01-04 09:17:10.223 [info] Using signet 0.17.0

2024-01-04 09:17:10.223 [info] Using omniauth 2.0.4

2024-01-04 09:17:10.223 [info] Using handlebars_assets 0.23.9

2024-01-04 09:17:10.223 [info] Using rspec_junit_formatter 0.5.1

2024-01-04 09:17:10.223 [info] Using wasabi 3.7.0

2024-01-04 09:17:10.223 [info] Using aws-sdk-sqs 1.51.0

2024-01-04 09:17:10.223 [info] Using aws-sdk-autoscaling 1.78.0

2024-01-04 09:17:10.223 [info] Using aws-sdk-dynamodb 1.74.0

2024-01-04 09:17:10.386 [info] Using aws-sdk-kms 1.55.0

2024-01-04 09:17:10.405 [info] Using aws-sdk-ec2 1.303.0
Using aws-sdk-sns 1.53.0
Using fog-core 2.3.0

2024-01-04 09:17:10.415 [info] Using rails-html-sanitizer 1.6.0

2024-01-04 09:17:10.415 [info] Using capybara 3.36.0

2024-01-04 09:17:10.416 [info] Using mail 2.8.1

2024-01-04 09:17:10.416 [info] Using irb 1.11.0

2024-01-04 09:17:10.432 [info] Using rubocop 1.26.0
Using monetize 1.12.0
Using premailer 1.15.0

2024-01-04 09:17:10.435 [info] Using http-cookie 1.0.5

2024-01-04 09:17:10.445 [info] Using dropbox_api 0.1.21
Using omniauth-oauth2 1.7.2

2024-01-04 09:17:10.445 [info] Using roo-xls 1.2.0

2024-01-04 09:17:10.446 [info] Using googleauth 1.2.0
Using savon 2.12.1

2024-01-04 09:17:10.446 [info] Using aws-sdk-s3 1.113.0

2024-01-04 09:17:10.461 [info] Using fog-xml 0.1.4
Using email_spec 2.2.0

2024-01-04 09:17:10.461 [info] Using webmock 3.18.1

2024-01-04 09:17:10.461 [info] Using debug 1.9.1

2024-01-04 09:17:10.461 [info] Using mechanize 2.8.5

2024-01-04 09:17:10.461 [info] Using listen 3.7.1

2024-01-04 09:17:10.482 [info] Using fog-json 1.2.0
Using representable 3.2.0
Using omniauth-google-oauth2 1.0.1

2024-01-04 09:17:10.482 [info] Using rails-dom-testing 2.2.0

2024-01-04 09:17:10.483 [info] Using globalid 1.1.0

2024-01-04 09:17:10.491 [info] Using omniauth-facebook 9.0.0
Using activemodel 7.0.6

2024-01-04 09:17:10.491 [info] Using axlsx_styler 1.1.0

2024-01-04 09:17:10.496 [info] Using bullet 7.0.7
Using delayed_job 4.1.10

2024-01-04 09:17:10.496 [info] Using factory_bot 6.2.0

2024-01-04 09:17:10.496 [info] Using json-jwt 1.13.0

2024-01-04 09:17:10.496 [info] Using view_component 2.77.0

2024-01-04 09:17:10.497 [info] Using pagy 5.10.1

2024-01-04 09:17:10.515 [info] Using scrapper-edifito 1.3.17 from https://github.com/ComunidadFeliz/scraper-edifito.git (at main@fa38070)

2024-01-04 09:17:10.523 [info] Using shoulda-matchers 5.3.0
Using actionview 7.0.6
Using activejob 7.0.6
Using activerecord 7.0.6

2024-01-04 09:17:10.523 [info] Using activemodel-serializers-xml 1.0.2
Using carrierwave 2.2.2
Using rspec-activemodel-mocks 1.1.0

2024-01-04 09:17:10.524 [info] Using fog-aws 3.13.0

2024-01-04 09:17:10.524 [info] Using wicked_pdf 2.7.0

2024-01-04 09:17:10.540 [info] Using active_record_union 1.3.0
Using active_type 2.1.1
Using activerecord-import 1.3.0
Using annotate 3.2.0

2024-01-04 09:17:10.541 [info] Using better_html 2.0.2

2024-01-04 09:17:10.553 [info] Using database_cleaner-active_record 2.0.1
Using delayed_job_active_record 4.1.7
Using actionpack 7.0.6
Using friendly_id 5.4.2
Using haml_lint 0.40.0
Using jbuilder 2.11.5

2024-01-04 09:17:10.553 [info] Using paper_trail 12.3.0
Using rails-erd 1.6.1
Using ransack 2.6.0

2024-01-04 09:17:10.553 [info] Using rubocop-faker 1.1.0
Using rubocop-graphql 0.13.0

2024-01-04 09:17:10.571 [info] Using google-apis-core 0.9.0

2024-01-04 09:17:10.587 [info] Installing sorbet-runtime 0.5.11175 (was 0.5.11170)

2024-01-04 09:17:10.590 [info] Using actioncable 7.0.6

2024-01-04 09:17:10.592 [info] Using activestorage 7.0.6
Using actionmailer 7.0.6
Using railties 7.0.6
Using caxlsx_rails 0.6.3
Using google-apis-discovery_v1 0.12.0
Using sprockets-rails 3.4.2
Using prawn-icon 3.1.0
Using prawn-table 0.2.2
Using prawn-qrcode 0.5.2

2024-01-04 09:17:10.594 [info] Using draper 4.0.2
Using prawn-html 0.7.1

2024-01-04 09:17:10.596 [info] Using rails-controller-testing 1.0.5

2024-01-04 09:17:10.598 [info] Using rspec 3.10.0

2024-01-04 09:17:10.598 [info] Using jquery-rails 4.4.0

2024-01-04 09:17:10.598 [info] Using momentjs-rails 2.29.1.1

2024-01-04 09:17:10.601 [info] Using coffee-rails 5.0.0
Using activerecord-session_store 2.0.0
Using dotenv-rails 2.8.1

2024-01-04 09:17:10.603 [info] Using font-awesome-rails 4.7.0.8

2024-01-04 09:17:10.603 [info] Using jquery-ui-rails 6.0.1

2024-01-04 09:17:10.603 [info] Using haml-rails 2.1.0

2024-01-04 09:17:10.604 [info] Using highcharts-rails 6.0.3
Using rails-i18n 7.0.7
Using factory_bot_rails 6.2.0
Using js-routes 2.2.3

2024-01-04 09:17:10.604 [info] Using lookbook 1.4.1

2024-01-04 09:17:10.608 [info] Using money-rails 1.15.0

2024-01-04 09:17:10.608 [info] Using premailer-rails 1.11.1

2024-01-04 09:17:10.608 [info] Using react-rails 2.6.1

2024-01-04 09:17:10.608 [info] Using responders 3.0.1

2024-01-04 09:17:10.608 [info] Using rspec-rails 5.0.0

2024-01-04 09:17:10.630 [info] Using rut_validation 1.1.0
Using tinymce-rails 6.5.0

2024-01-04 09:17:10.630 [info] Using turbo-rails 1.4.0

2024-01-04 09:17:10.630 [info] Using web-console 4.2.0

2024-01-04 09:17:10.633 [info] Using bootstrap3-datetimepicker-rails 4.17.47

2024-01-04 09:17:10.633 [info] Using prawn-markup 1.0.0

2024-01-04 09:17:10.633 [info] Using prawn-rails 1.4.2

2024-01-04 09:17:10.633 [info] Using fullcalendar-rails 3.9.0.0

2024-01-04 09:17:10.633 [info] Using tinymce-rails-langs 6.20230529

2024-01-04 09:17:10.634 [info] Using webpacker 5.4.3

2024-01-04 09:17:10.638 [info] Using bootstrap-validator-rails 0.5.3
Using google-apis-generator 0.10.0

2024-01-04 09:17:10.638 [info] Using graphiql-rails 1.7.0

2024-01-04 09:17:10.640 [info] Using sassc-rails 2.1.2
Using google-api-client 0.53.0

2024-01-04 09:17:10.643 [info] Using i18n-tasks 1.0.12

2024-01-04 09:17:10.643 [info] Using actionmailbox 7.0.6

2024-01-04 09:17:10.643 [info] Using actiontext 7.0.6

2024-01-04 09:17:10.644 [info] Using rails 7.0.6

2024-01-04 09:17:10.645 [info] Using active_elastic_job 3.2.0

2024-01-04 09:17:10.645 [info] Using google-authenticator-rails 3.2.1
Using rename 1.0.8

2024-01-04 09:17:10.668 [info] Using ruby-lsp 0.13.2

2024-01-04 09:17:10.685 [info] Bundler attempted to update ruby-lsp but its version stayed the same
Bundler attempted to update debug but its version stayed the same
Bundle updated!

2024-01-04 09:17:10.686 [info] 1 installed gem you directly depend on is looking for funding.
  Run `bundle fund` for details

2024-01-04 09:17:11.881 [info] Starting Ruby LSP v0.13.2...

2024-01-04 09:17:11.899 [info] Ruby LSP is ready

2024-01-04 09:17:11.997 [info] Warning: obsolete parameter `ExcludedMethods` (for `Metrics/BlockLength`) found in .rubocop.yml
`ExcludedMethods` has been renamed to `IgnoredMethods`.

2024-01-04 09:17:12.014 [info] The following cops were added to RuboCop, but are not configured. Please set Enabled to either `true` or `false` in your `.rubocop.yml` file.

Please also note that you can opt-in to new cops by default by adding this to your config:
  AllCops:
    NewCops: enable
Gemspec/DateAssignment: # new in 1.10
  Enabled: true
Gemspec/RequireMFA: # new in 1.23
  Enabled: true
Layout/LineEndStringConcatenationIndentation: # new in 1.18
  Enabled: true
Layout/SpaceBeforeBrackets: # new in 1.7
  Enabled: true
Lint/AmbiguousAssignment: # new in 1.7
  Enabled: true
Lint/AmbiguousOperatorPrecedence: # new in 1.21
  Enabled: true
Lint/AmbiguousRange: # new in 1.19
  Enabled: true
Lint/DeprecatedConstants: # new in 1.8
  Enabled: true
Lint/DuplicateBranch: # new in 1.3
  Enabled: true
Lint/DuplicateRegexpCharacterClassElement: # new in 1.1
  Enabled: true
Lint/EmptyBlock: # new in 1.1
  Enabled: true
Lint/EmptyClass: # new in 1.3
  Enabled: true
Lint/EmptyInPattern: # new in 1.16
  Enabled: true
Lint/IncompatibleIoSelectWithFiberScheduler: # new in 1.21
  Enabled: true
Lint/LambdaWithoutLiteralBlock: # new in 1.8
  Enabled: true
Lint/NoReturnInBeginEndBlocks: # new in 1.2
  Enabled: true
Lint/NumberedParameterAssignment: # new in 1.9
  Enabled: true
Lint/OrAssignmentToConstant: # new in 1.9
  Enabled: true
Lint/RedundantDirGlobSort: # new in 1.8
  Enabled: true
Lint/RequireRelativeSelfPath: # new in 1.22
  Enabled: true
Lint/SymbolConversion: # new in 1.9
  Enabled: true
Lint/ToEnumArguments: # new in 1.1
  Enabled: true
Lint/TripleQuotes: # new in 1.9
  Enabled: true
Lint/UnexpectedBlockArity: # new in 1.5
  Enabled: true
Lint/UnmodifiedReduceAccumulator: # new in 1.1
  Enabled: true
Lint/UselessRuby2Keywords: # new in 1.23
  Enabled: true
Naming/BlockForwarding: # new in 1.24
  Enabled: true
Security/IoMethods: # new in 1.22
  Enabled: true
Style/ArgumentsForwarding: # new in 1.1
  Enabled: true
Style/CollectionCompact: # new in 1.2
  Enabled: true
Style/DocumentDynamicEvalDefinition: # new in 1.1
  Enabled: true
Style/EndlessMethod: # new in 1.8
  Enabled: true
Style/FileRead: # new in 1.24
  Enabled: true
Style/FileWrite: # new in 1.24
  Enabled: true
Style/HashConversion: # new in 1.10
  Enabled: true
Style/HashExcept: # new in 1.7
  Enabled: true
Style/IfWithBooleanLiteralBranches: # new in 1.9
  Enabled: true
Style/InPatternThen: # new in 1.16
  Enabled: true
Style/MapToHash: # new in 1.24
  Enabled: true
Style/MultilineInPatternThen: # new in 1.16
  Enabled: true
Style/NegatedIfElseCondition: # new in 1.2
  Enabled: true
Style/NestedFileDirname: # new in 1.26
  Enabled: true
Style/NilLambda: # new in 1.3
  Enabled: true
Style/NumberedParameters: # new in 1.22
  Enabled: true
Style/NumberedParametersLimit: # new in 1.22
  Enabled: true
Style/OpenStructUse: # new in 1.23
  Enabled: true
Style/QuotedSymbols: # new in 1.16
  Enabled: true
Style/RedundantArgument: # new in 1.4
  Enabled: true
Style/RedundantSelfAssignmentBranch: # new in 1.19
  Enabled: true
Style/SelectByRegexp: # new in 1.22
  Enabled: true
Style/StringChars: # new in 1.12
  Enabled: true
Style/SwapValues: # new in 1.1
  Enabled: true
For more information: https://docs.rubocop.org/rubocop/versioning.html

2024-01-04 09:25:28.707 [info] Shutting down Ruby LSP...

2024-01-04 09:25:28.711 [info] Checking if asdf is available on the path with command: /bin/zsh -ic 'asdf --version'
2024-01-04 09:25:28.711 [info] Shutdown complete with status 0

2024-01-04 09:25:28.807 [info] [Error - 9:25:28 AM] Server process exited with code 0.
2024-01-04 09:25:28.935 [info] Checking if chruby is available on the path with command: /bin/zsh -ic 'chruby --version'
2024-01-04 09:25:29.152 [info] Checking if rbenv is available on the path with command: /bin/zsh -ic 'rbenv --version'
2024-01-04 09:25:29.353 [info] Discovered version manager rbenv
2024-01-04 09:25:29.353 [info] Trying to activate Ruby environment with command: /bin/zsh -ic 'rbenv exec ruby -rjson -e "STDERR.printf(%{RUBY_ENV_ACTIVATE%sRUBY_ENV_ACTIVATE}, JSON.dump({ env: ENV.to_h, ruby_version: RUBY_VERSION, yjit: defined?(RubyVM::YJIT) }))"' inside directory: /home/brayan/work/web
2024-01-04 09:25:29.991 [info] Ruby LSP> Running bundle install for the custom bundle. This may take a while...
Ruby LSP> Command: (bundle check || bundle install) 1>&2

2024-01-04 09:25:30.129 [info] Warning: the running version of Bundler (2.2.32) is older than the version that created the lockfile (2.2.34). We suggest you to upgrade to the version that created the lockfile by running `gem install bundler:2.2.34`.

2024-01-04 09:25:30.239 [info] https://github.com/ComunidadFeliz/scraper-kastor-legacy.git (at main@beecfb5) is
not yet checked out. Run `bundle install` first.

2024-01-04 09:25:30.429 [info] Warning: the running version of Bundler (2.2.32) is older than the version that created the lockfile (2.2.34). We suggest you to upgrade to the version that created the lockfile by running `gem install bundler:2.2.34`.

2024-01-04 09:25:30.523 [info] Fetching https://github.com/ComunidadFeliz/scraper-kastor-legacy.git

2024-01-04 09:25:30.947 [info] fatal: could not read Username for 'https://github.com': No such device or address


2024-01-04 09:25:30.947 [info] Retrying `git clone https://github.com/ComunidadFeliz/scraper-kastor-legacy.git /home/brayan/.rbenv/versions/3.0.3/lib/ruby/gems/3.0.0/cache/bundler/git/scraper-kastor-legacy-97447238f8cbdd8b2405c45887fa12b98bac62c3 --bare --no-hardlinks --quiet` at /home/brayan/work/web due to error (2/4): Bundler::Source::Git::GitCommandError Git error: command `git clone https://github.com/ComunidadFeliz/scraper-kastor-legacy.git /home/brayan/.rbenv/versions/3.0.3/lib/ruby/gems/3.0.0/cache/bundler/git/scraper-kastor-legacy-97447238f8cbdd8b2405c45887fa12b98bac62c3 --bare --no-hardlinks --quiet` in directory /home/brayan/work/web has failed.

If this error persists you could try removing the cache directory '/home/brayan/work/web'

2024-01-04 09:25:31.328 [info] 
Retrying `git clone https://github.com/ComunidadFeliz/scraper-kastor-legacy.git /home/brayan/.rbenv/versions/3.0.3/lib/ruby/gems/3.0.0/cache/bundler/git/scraper-kastor-legacy-97447238f8cbdd8b2405c45887fa12b98bac62c3 --bare --no-hardlinks --quiet` at /home/brayan/work/web due to error (3/4): Bundler::Source::Git::GitCommandError Git error: command `git clone https://github.com/ComunidadFeliz/scraper-kastor-legacy.git /home/brayan/.rbenv/versions/3.0.3/lib/ruby/gems/3.0.0/cache/bundler/git/scraper-kastor-legacy-97447238f8cbdd8b2405c45887fa12b98bac62c3 --bare --no-hardlinks --quiet` in directory /home/brayan/work/web has failed.

If this error persists you could try removing the cache directory '/home/brayan/work/web'

2024-01-04 09:25:31.696 [info] 
Retrying `git clone https://github.com/ComunidadFeliz/scraper-kastor-legacy.git /home/brayan/.rbenv/versions/3.0.3/lib/ruby/gems/3.0.0/cache/bundler/git/scraper-kastor-legacy-97447238f8cbdd8b2405c45887fa12b98bac62c3 --bare --no-hardlinks --quiet` at /home/brayan/work/web due to error (4/4): Bundler::Source::Git::GitCommandError Git error: command `git clone https://github.com/ComunidadFeliz/scraper-kastor-legacy.git /home/brayan/.rbenv/versions/3.0.3/lib/ruby/gems/3.0.0/cache/bundler/git/scraper-kastor-legacy-97447238f8cbdd8b2405c45887fa12b98bac62c3 --bare --no-hardlinks --quiet` in directory /home/brayan/work/web has failed.

If this error persists you could try removing the cache directory '/home/brayan/work/web'

2024-01-04 09:25:32.054 [info] 

2024-01-04 09:25:32.056 [info] Git error: command `git clone
https://github.com/ComunidadFeliz/scraper-kastor-legacy.git
/home/brayan/.rbenv/versions/3.0.3/lib/ruby/gems/3.0.0/cache/bundler/git/scraper-kastor-legacy-97447238f8cbdd8b2405c45887fa12b98bac62c3
--bare --no-hardlinks --quiet` in directory /home/brayan/work/web has failed.

If this error persists you could try removing the cache directory
'/home/brayan/work/web'

2024-01-04 09:25:32.267 [info] bundler: failed to load command: ruby-lsp (/home/brayan/.rbenv/versions/3.0.3/bin/ruby-lsp)
/home/brayan/.rbenv/versions/3.0.3/lib/ruby/3.0.0/bundler/source/git.rb:214:in `rescue in load_spec_files': https://github.com/ComunidadFeliz/scraper-kastor-legacy.git (at main@beecfb5) is not yet checked out. Run `bundle install` first. (Bundler::GitError)
	from /home/brayan/.rbenv/versions/3.0.3/lib/ruby/3.0.0/bundler/source/git.rb:210:in `load_spec_files'
	from /home/brayan/.rbenv/versions/3.0.3/lib/ruby/3.0.0/bundler/source/path.rb:107:in `local_specs'
	from /home/brayan/.rbenv/versions/3.0.3/lib/ruby/3.0.0/bundler/source/git.rb:178:in `specs'
	from /home/brayan/.rbenv/versions/3.0.3/lib/ruby/3.0.0/bundler/source/rubygems_aggregate.rb:35:in `block (2 levels) in build_index'
	from /home/brayan/.rbenv/versions/3.0.3/lib/ruby/3.0.0/bundler/source/rubygems_aggregate.rb:33:in `each'
	from /home/brayan/.rbenv/versions/3.0.3/lib/ruby/3.0.0/bundler/source/rubygems_aggregate.rb:33:in `block in build_index'
	from /home/brayan/.rbenv/versions/3.0.3/lib/ruby/3.0.0/bundler/index.rb:9:in `build'
	from /home/brayan/.rbenv/versions/3.0.3/lib/ruby/3.0.0/bundler/source/rubygems_aggregate.rb:30:in `build_index'
	from /home/brayan/.rbenv/versions/3.0.3/lib/ruby/3.0.0/bundler/source/rubygems_aggregate.rb:12:in `initialize'
	from /home/brayan/.rbenv/versions/3.0.3/lib/ruby/3.0.0/bundler/definition.rb:808:in `new'
	from /home/brayan/.rbenv/versions/3.0.3/lib/ruby/3.0.0/bundler/definition.rb:808:in `source_requirements'
	from /home/brayan/.rbenv/versions/3.0.3/lib/ruby/3.0.0/bundler/definition.rb:268:in `resolve'
	from /home/brayan/.rbenv/versions/3.0.3/lib/ruby/3.0.0/bundler/definition.rb:489:in `materialize'
	from /home/brayan/.rbenv/versions/3.0.3/lib/ruby/3.0.0/bundler/definition.rb:189:in `specs'
	from /home/brayan/.rbenv/versions/3.0.3/lib/ruby/3.0.0/bundler/definition.rb:237:in `specs_for'
	from /home/brayan/.rbenv/versions/3.0.3/lib/ruby/3.0.0/bundler/runtime.rb:18:in `setup'
	from /home/brayan/.rbenv/versions/3.0.3/lib/ruby/3.0.0/bundler.rb:150:in `setup'
	from /home/brayan/.rbenv/versions/3.0.3/lib/ruby/3.0.0/bundler/setup.rb:20:in `block in <top (required)>'
	from /home/brayan/.rbenv/versions/3.0.3/lib/ruby/3.0.0/bundler/ui/shell.rb:136:in `with_level'
	from /home/brayan/.rbenv/versions/3.0.3/lib/ruby/3.0.0/bundler/ui/shell.rb:88:in `silence'
	from /home/brayan/.rbenv/versions/3.0.3/lib/ruby/3.0.0/bundler/setup.rb:20:in `<top (required)>'
	from /home/brayan/.rbenv/versions/3.0.3/lib/ruby/3.0.0/bundler/cli/exec.rb:56:in `require_relative'
	from /home/brayan/.rbenv/versions/3.0.3/lib/ruby/3.0.0/bundler/cli/exec.rb:56:in `kernel_load'
	from /home/brayan/.rbenv/versions/3.0.3/lib/ruby/3.0.0/bundler/cli/exec.rb:23:in `run'
	from /home/brayan/.rbenv/versions/3.0.3/lib/ruby/3.0.0/bundler/cli.rb:478:in `exec'
	from /home/brayan/.rbenv/versions/3.0.3/lib/ruby/3.0.0/bundler/vendor/thor/lib/thor/command.rb:27:in `run'
	from /home/brayan/.rbenv/versions/3.0.3/lib/ruby/3.0.0/bundler/vendor/thor/lib/thor/invocation.rb:127:in `invoke_command'
	from /home/brayan/.rbenv/versions/3.0.3/lib/ruby/3.0.0/bundler/vendor/thor/lib/thor.rb:392:in `dispatch'
	from /home/brayan/.rbenv/versions/3.0.3/lib/ruby/3.0.0/bundler/cli.rb:31:in `dispatch'
	from /home/brayan/.rbenv/versions/3.0.3/lib/ruby/3.0.0/bundler/vendor/thor/lib/thor/base.rb:485:in `start'
	from /home/brayan/.rbenv/versions/3.0.3/lib/ruby/3.0.0/bundler/cli.rb:25:in `start'
	from /home/brayan/.rbenv/versions/3.0.3/lib/ruby/gems/3.0.0/gems/bundler-2.2.32/libexec/bundle:49:in `block in <top (required)>'
	from /home/brayan/.rbenv/versions/3.0.3/lib/ruby/3.0.0/bundler/friendly_errors.rb:103:in `with_friendly_errors'
	from /home/brayan/.rbenv/versions/3.0.3/lib/ruby/gems/3.0.0/gems/bundler-2.2.32/libexec/bundle:37:in `<top (required)>'
	from /home/brayan/.rbenv/versions/3.0.3/bin/bundle:23:in `load'
	from /home/brayan/.rbenv/versions/3.0.3/bin/bundle:23:in `<main>'

2024-01-04 09:25:32.267 [info] /home/brayan/.rbenv/versions/3.0.3/lib/ruby/3.0.0/bundler/source/path.rb:209:in `load_spec_files': The path `/home/brayan/.rbenv/versions/3.0.3/lib/ruby/gems/3.0.0/bundler/gems/scraper-kastor-legacy-beecfb5d4e20` does not exist. (Bundler::PathError)
	from /home/brayan/.rbenv/versions/3.0.3/lib/ruby/3.0.0/bundler/source/git.rb:211:in `load_spec_files'
	from /home/brayan/.rbenv/versions/3.0.3/lib/ruby/3.0.0/bundler/source/path.rb:107:in `local_specs'
	from /home/brayan/.rbenv/versions/3.0.3/lib/ruby/3.0.0/bundler/source/git.rb:178:in `specs'
	from /home/brayan/.rbenv/versions/3.0.3/lib/ruby/3.0.0/bundler/source/rubygems_aggregate.rb:35:in `block (2 levels) in build_index'
	from /home/brayan/.rbenv/versions/3.0.3/lib/ruby/3.0.0/bundler/source/rubygems_aggregate.rb:33:in `each'
	from /home/brayan/.rbenv/versions/3.0.3/lib/ruby/3.0.0/bundler/source/rubygems_aggregate.rb:33:in `block in build_index'
	from /home/brayan/.rbenv/versions/3.0.3/lib/ruby/3.0.0/bundler/index.rb:9:in `build'
	from /home/brayan/.rbenv/versions/3.0.3/lib/ruby/3.0.0/bundler/source/rubygems_aggregate.rb:30:in `build_index'
	from /home/brayan/.rbenv/versions/3.0.3/lib/ruby/3.0.0/bundler/source/rubygems_aggregate.rb:12:in `initialize'
	from /home/brayan/.rbenv/versions/3.0.3/lib/ruby/3.0.0/bundler/definition.rb:808:in `new'
	from /home/brayan/.rbenv/versions/3.0.3/lib/ruby/3.0.0/bundler/definition.rb:808:in `source_requirements'
	from /home/brayan/.rbenv/versions/3.0.3/lib/ruby/3.0.0/bundler/definition.rb:268:in `resolve'
	from /home/brayan/.rbenv/versions/3.0.3/lib/ruby/3.0.0/bundler/definition.rb:489:in `materialize'
	from /home/brayan/.rbenv/versions/3.0.3/lib/ruby/3.0.0/bundler/definition.rb:189:in `specs'
	from /home/brayan/.rbenv/versions/3.0.3/lib/ruby/3.0.0/bundler/definition.rb:237:in `specs_for'
	from /home/brayan/.rbenv/versions/3.0.3/lib/ruby/3.0.0/bundler/runtime.rb:18:in `setup'
	from /home/brayan/.rbenv/versions/3.0.3/lib/ruby/3.0.0/bundler.rb:150:in `setup'
	from /home/brayan/.rbenv/versions/3.0.3/lib/ruby/3.0.0/bundler/setup.rb:20:in `block in <top (required)>'
	from /home/brayan/.rbenv/versions/3.0.3/lib/ruby/3.0.0/bundler/ui/shell.rb:136:in `with_level'
	from /home/brayan/.rbenv/versions/3.0.3/lib/ruby/3.0.0/bundler/ui/shell.rb:88:in `silence'
	from /home/brayan/.rbenv/versions/3.0.3/lib/ruby/3.0.0/bundler/setup.rb:20:in `<top (required)>'
	from /home/brayan/.rbenv/versions/3.0.3/lib/ruby/3.0.0/bundler/cli/exec.rb:56:in `require_relative'
	from /home/brayan/.rbenv/versions/3.0.3/lib/ruby/3.0.0/bundler/cli/exec.rb:56:in `kernel_load'
	from /home/brayan/.rbenv/versions/3.0.3/lib/ruby/3.0.0/bundler/cli/exec.rb:23:in `run'
	from /home/brayan/.rbenv/versions/3.0.3/lib/ruby/3.0.0/bundler/cli.rb:478:in `exec'
	from /home/brayan/.rbenv/versions/3.0.3/lib/ruby/3.0.0/bundler/vendor/thor/lib/thor/command.rb:27:in `run'
	from /home/brayan/.rbenv/versions/3.0.3/lib/ruby/3.0.0/bundler/vendor/thor/lib/thor/invocation.rb:127:in `invoke_command'
	from /home/brayan/.rbenv/versions/3.0.3/lib/ruby/3.0.0/bundler/vendor/thor/lib/thor.rb:392:in `dispatch'
	from /home/brayan/.rbenv/versions/3.0.3/lib/ruby/3.0.0/bundler/cli.rb:31:in `dispatch'
	from /home/brayan/.rbenv/versions/3.0.3/lib/ruby/3.0.0/bundler/vendor/thor/lib/thor/base.rb:485:in `start'
	from /home/brayan/.rbenv/versions/3.0.3/lib/ruby/3.0.0/bundler/cli.rb:25:in `start'
	from /home/brayan/.rbenv/versions/3.0.3/lib/ruby/gems/3.0.0/gems/bundler-2.2.32/libexec/bundle:49:in `block in <top (required)>'
	from /home/brayan/.rbenv/versions/3.0.3/lib/ruby/3.0.0/bundler/friendly_errors.rb:103:in `with_friendly_errors'
	from /home/brayan/.rbenv/versions/3.0.3/lib/ruby/gems/3.0.0/gems/bundler-2.2.32/libexec/bundle:37:in `<top (required)>'
	from /home/brayan/.rbenv/versions/3.0.3/bin/bundle:23:in `load'
	from /home/brayan/.rbenv/versions/3.0.3/bin/bundle:23:in `<main>'

2024-01-04 09:25:32.269 [info] [Error - 9:25:32 AM] Server process exited with code 1.
2024-01-04 09:25:32.270 [info] [Error - 9:25:32 AM] Server initialization failed.
2024-01-04 09:25:32.270 [info]   Message: Pending response rejected since connection got disposed
  Code: -32097 
2024-01-04 09:25:32.270 [info] [Info  - 9:25:32 AM] Connection to server got closed. Server will restart.
2024-01-04 09:25:32.270 [info] true
2024-01-04 09:25:32.270 [info] [Error - 9:25:32 AM] Ruby LSP client: couldn't create connection to server.
2024-01-04 09:25:32.270 [info]   Message: Pending response rejected since connection got disposed
  Code: -32097 
2024-01-04 09:25:32.447 [info] Ruby LSP> Skipping custom bundle setup since /home/brayan/work/web/.ruby-lsp/Gemfile.lock already exists and is up to date

2024-01-04 09:25:32.456 [info] Ruby LSP> Running bundle install for the custom bundle. This may take a while...
Ruby LSP> Command: (bundle check || bundle install) 1>&2

2024-01-04 09:25:32.587 [info] Warning: the running version of Bundler (2.2.32) is older than the version that created the lockfile (2.2.34). We suggest you to upgrade to the version that created the lockfile by running `gem install bundler:2.2.34`.

2024-01-04 09:25:32.697 [info] https://github.com/ComunidadFeliz/scraper-kastor-legacy.git (at main@beecfb5) is
not yet checked out. Run `bundle install` first.

2024-01-04 09:25:32.848 [info] Warning: the running version of Bundler (2.2.32) is older than the version that created the lockfile (2.2.34). We suggest you to upgrade to the version that created the lockfile by running `gem install bundler:2.2.34`.

2024-01-04 09:25:32.939 [info] Fetching https://github.com/ComunidadFeliz/scraper-kastor-legacy.git

2024-01-04 09:25:33.326 [info] fatal: could not read Username for 'https://github.com': No such device or address

Retrying `git clone https://github.com/ComunidadFeliz/scraper-kastor-legacy.git /home/brayan/.rbenv/versions/3.0.3/lib/ruby/gems/3.0.0/cache/bundler/git/scraper-kastor-legacy-97447238f8cbdd8b2405c45887fa12b98bac62c3 --bare --no-hardlinks --quiet` at /home/brayan/work/web due to error (2/4): Bundler::Source::Git::GitCommandError Git error: command `git clone https://github.com/ComunidadFeliz/scraper-kastor-legacy.git /home/brayan/.rbenv/versions/3.0.3/lib/ruby/gems/3.0.0/cache/bundler/git/scraper-kastor-legacy-97447238f8cbdd8b2405c45887fa12b98bac62c3 --bare --no-hardlinks --quiet` in directory /home/brayan/work/web has failed.

If this error persists you could try removing the cache directory '/home/brayan/work/web'

2024-01-04 09:25:33.717 [info] 
Retrying `git clone https://github.com/ComunidadFeliz/scraper-kastor-legacy.git /home/brayan/.rbenv/versions/3.0.3/lib/ruby/gems/3.0.0/cache/bundler/git/scraper-kastor-legacy-97447238f8cbdd8b2405c45887fa12b98bac62c3 --bare --no-hardlinks --quiet` at /home/brayan/work/web due to error (3/4): Bundler::Source::Git::GitCommandError Git error: command `git clone https://github.com/ComunidadFeliz/scraper-kastor-legacy.git /home/brayan/.rbenv/versions/3.0.3/lib/ruby/gems/3.0.0/cache/bundler/git/scraper-kastor-legacy-97447238f8cbdd8b2405c45887fa12b98bac62c3 --bare --no-hardlinks --quiet` in directory /home/brayan/work/web has failed.

If this error persists you could try removing the cache directory '/home/brayan/work/web'

2024-01-04 09:25:34.103 [info] 
Retrying `git clone https://github.com/ComunidadFeliz/scraper-kastor-legacy.git /home/brayan/.rbenv/versions/3.0.3/lib/ruby/gems/3.0.0/cache/bundler/git/scraper-kastor-legacy-97447238f8cbdd8b2405c45887fa12b98bac62c3 --bare --no-hardlinks --quiet` at /home/brayan/work/web due to error (4/4): Bundler::Source::Git::GitCommandError Git error: command `git clone https://github.com/ComunidadFeliz/scraper-kastor-legacy.git /home/brayan/.rbenv/versions/3.0.3/lib/ruby/gems/3.0.0/cache/bundler/git/scraper-kastor-legacy-97447238f8cbdd8b2405c45887fa12b98bac62c3 --bare --no-hardlinks --quiet` in directory /home/brayan/work/web has failed.

If this error persists you could try removing the cache directory '/home/brayan/work/web'

2024-01-04 09:25:34.487 [info] 

2024-01-04 09:25:34.491 [info] Git error: command `git clone
https://github.com/ComunidadFeliz/scraper-kastor-legacy.git
/home/brayan/.rbenv/versions/3.0.3/lib/ruby/gems/3.0.0/cache/bundler/git/scraper-kastor-legacy-97447238f8cbdd8b2405c45887fa12b98bac62c3
--bare --no-hardlinks --quiet` in directory /home/brayan/work/web has failed.

If this error persists you could try removing the cache directory
'/home/brayan/work/web'

2024-01-04 09:25:34.739 [info] bundler: failed to load command: ruby-lsp (/home/brayan/.rbenv/versions/3.0.3/bin/ruby-lsp)
/home/brayan/.rbenv/versions/3.0.3/lib/ruby/3.0.0/bundler/source/git.rb:214:in `rescue in load_spec_files': https://github.com/ComunidadFeliz/scraper-kastor-legacy.git (at main@beecfb5) is not yet checked out. Run `bundle install` first. (Bundler::GitError)
	from /home/brayan/.rbenv/versions/3.0.3/lib/ruby/3.0.0/bundler/source/git.rb:210:in `load_spec_files'
	from /home/brayan/.rbenv/versions/3.0.3/lib/ruby/3.0.0/bundler/source/path.rb:107:in `local_specs'
	from /home/brayan/.rbenv/versions/3.0.3/lib/ruby/3.0.0/bundler/source/git.rb:178:in `specs'
	from /home/brayan/.rbenv/versions/3.0.3/lib/ruby/3.0.0/bundler/source/rubygems_aggregate.rb:35:in `block (2 levels) in build_index'
	from /home/brayan/.rbenv/versions/3.0.3/lib/ruby/3.0.0/bundler/source/rubygems_aggregate.rb:33:in `each'
	from /home/brayan/.rbenv/versions/3.0.3/lib/ruby/3.0.0/bundler/source/rubygems_aggregate.rb:33:in `block in build_index'
	from /home/brayan/.rbenv/versions/3.0.3/lib/ruby/3.0.0/bundler/index.rb:9:in `build'
	from /home/brayan/.rbenv/versions/3.0.3/lib/ruby/3.0.0/bundler/source/rubygems_aggregate.rb:30:in `build_index'
	from /home/brayan/.rbenv/versions/3.0.3/lib/ruby/3.0.0/bundler/source/rubygems_aggregate.rb:12:in `initialize'
	from /home/brayan/.rbenv/versions/3.0.3/lib/ruby/3.0.0/bundler/definition.rb:808:in `new'
	from /home/brayan/.rbenv/versions/3.0.3/lib/ruby/3.0.0/bundler/definition.rb:808:in `source_requirements'
	from /home/brayan/.rbenv/versions/3.0.3/lib/ruby/3.0.0/bundler/definition.rb:268:in `resolve'
	from /home/brayan/.rbenv/versions/3.0.3/lib/ruby/3.0.0/bundler/definition.rb:489:in `materialize'
	from /home/brayan/.rbenv/versions/3.0.3/lib/ruby/3.0.0/bundler/definition.rb:189:in `specs'
	from /home/brayan/.rbenv/versions/3.0.3/lib/ruby/3.0.0/bundler/definition.rb:237:in `specs_for'
	from /home/brayan/.rbenv/versions/3.0.3/lib/ruby/3.0.0/bundler/runtime.rb:18:in `setup'
	from /home/brayan/.rbenv/versions/3.0.3/lib/ruby/3.0.0/bundler.rb:150:in `setup'
	from /home/brayan/.rbenv/versions/3.0.3/lib/ruby/3.0.0/bundler/setup.rb:20:in `block in <top (required)>'
	from /home/brayan/.rbenv/versions/3.0.3/lib/ruby/3.0.0/bundler/ui/shell.rb:136:in `with_level'
	from /home/brayan/.rbenv/versions/3.0.3/lib/ruby/3.0.0/bundler/ui/shell.rb:88:in `silence'
	from /home/brayan/.rbenv/versions/3.0.3/lib/ruby/3.0.0/bundler/setup.rb:20:in `<top (required)>'
	from /home/brayan/.rbenv/versions/3.0.3/lib/ruby/3.0.0/bundler/cli/exec.rb:56:in `require_relative'
	from /home/brayan/.rbenv/versions/3.0.3/lib/ruby/3.0.0/bundler/cli/exec.rb:56:in `kernel_load'
	from /home/brayan/.rbenv/versions/3.0.3/lib/ruby/3.0.0/bundler/cli/exec.rb:23:in `run'
	from /home/brayan/.rbenv/versions/3.0.3/lib/ruby/3.0.0/bundler/cli.rb:478:in `exec'
	from /home/brayan/.rbenv/versions/3.0.3/lib/ruby/3.0.0/bundler/vendor/thor/lib/thor/command.rb:27:in `run'
	from /home/brayan/.rbenv/versions/3.0.3/lib/ruby/3.0.0/bundler/vendor/thor/lib/thor/invocation.rb:127:in `invoke_command'
	from /home/brayan/.rbenv/versions/3.0.3/lib/ruby/3.0.0/bundler/vendor/thor/lib/thor.rb:392:in `dispatch'
	from /home/brayan/.rbenv/versions/3.0.3/lib/ruby/3.0.0/bundler/cli.rb:31:in `dispatch'
	from /home/brayan/.rbenv/versions/3.0.3/lib/ruby/3.0.0/bundler/vendor/thor/lib/thor/base.rb:485:in `start'
	from /home/brayan/.rbenv/versions/3.0.3/lib/ruby/3.0.0/bundler/cli.rb:25:in `start'
	from /home/brayan/.rbenv/versions/3.0.3/lib/ruby/gems/3.0.0/gems/bundler-2.2.32/libexec/bundle:49:in `block in <top (required)>'
	from /home/brayan/.rbenv/versions/3.0.3/lib/ruby/3.0.0/bundler/friendly_errors.rb:103:in `with_friendly_errors'
	from /home/brayan/.rbenv/versions/3.0.3/lib/ruby/gems/3.0.0/gems/bundler-2.2.32/libexec/bundle:37:in `<top (required)>'
	from /home/brayan/.rbenv/versions/3.0.3/bin/bundle:23:in `load'
	from /home/brayan/.rbenv/versions/3.0.3/bin/bundle:23:in `<main>'
/home/brayan/.rbenv/versions/3.0.3/lib/ruby/3.0.0/bundler/source/path.rb:209:in `load_spec_files': The path `/home/brayan/.rbenv/versions/3.0.3/lib/ruby/gems/3.0.0/bundler/gems/scraper-kastor-legacy-beecfb5d4e20` does not exist. (Bundler::PathError)
	from /home/brayan/.rbenv/versions/3.0.3/lib/ruby/3.0.0/bundler/source/git.rb:211:in `load_spec_files'
	from /home/brayan/.rbenv/versions/3.0.3/lib/ruby/3.0.0/bundler/source/path.rb:107:in `local_specs'
	from /home/brayan/.rbenv/versions/3.0.3/lib/ruby/3.0.0/bundler/source/git.rb:178:in `specs'
	from /home/brayan/.rbenv/versions/3.0.3/lib/ruby/3.0.0/bundler/source/rubygems_aggregate.rb:35:in `block (2 levels) in build_index'
	from /home/brayan/.rbenv/versions/3.0.3/lib/ruby/3.0.0/bundler/source/rubygems_aggregate.rb:33:in `each'
	from /home/brayan/.rbenv/versions/3.0.3/lib/ruby/3.0.0/bundler/source/rubygems_aggregate.rb:33:in `block in build_index'
	from /home/brayan/.rbenv/versions/3.0.3/lib/ruby/3.0.0/bundler/index.rb:9:in `build'
	from /home/brayan/.rbenv/versions/3.0.3/lib/ruby/3.0.0/bundler/source/rubygems_aggregate.rb:30:in `build_index'
	from /home/brayan/.rbenv/versions/3.0.3/lib/ruby/3.0.0/bundler/source/rubygems_aggregate.rb:12:in `initialize'
	from /home/brayan/.rbenv/versions/3.0.3/lib/ruby/3.0.0/bundler/definition.rb:808:in `new'
	from /home/brayan/.rbenv/versions/3.0.3/lib/ruby/3.0.0/bundler/definition.rb:808:in `source_requirements'
	from /home/brayan/.rbenv/versions/3.0.3/lib/ruby/3.0.0/bundler/definition.rb:268:in `resolve'
	from /home/brayan/.rbenv/versions/3.0.3/lib/ruby/3.0.0/bundler/definition.rb:489:in `materialize'
	from /home/brayan/.rbenv/versions/3.0.3/lib/ruby/3.0.0/bundler/definition.rb:189:in `specs'
	from /home/brayan/.rbenv/versions/3.0.3/lib/ruby/3.0.0/bundler/definition.rb:237:in `specs_for'
	from /home/brayan/.rbenv/versions/3.0.3/lib/ruby/3.0.0/bundler/runtime.rb:18:in `setup'
	from /home/brayan/.rbenv/versions/3.0.3/lib/ruby/3.0.0/bundler.rb:150:in `setup'
	from /home/brayan/.rbenv/versions/3.0.3/lib/ruby/3.0.0/bundler/setup.rb:20:in `block in <top (required)>'
	from /home/brayan/.rbenv/versions/3.0.3/lib/ruby/3.0.0/bundler/ui/shell.rb:136:in `with_level'
	from /home/brayan/.rbenv/versions/3.0.3/lib/ruby/3.0.0/bundler/ui/shell.rb:88:in `silence'
	from /home/brayan/.rbenv/versions/3.0.3/lib/ruby/3.0.0/bundler/setup.rb:20:in `<top (required)>'
	from /home/brayan/.rbenv/versions/3.0.3/lib/ruby/3.0.0/bundler/cli/exec.rb:56:in `require_relative'
	from /home/brayan/.rbenv/versions/3.0.3/lib/ruby/3.0.0/bundler/cli/exec.rb:56:in `kernel_load'
	from /home/brayan/.rbenv/versions/3.0.3/lib/ruby/3.0.0/bundler/cli/exec.rb:23:in `run'
	from /home/brayan/.rbenv/versions/3.0.3/lib/ruby/3.0.0/bundler/cli.rb:478:in `exec'
	from /home/brayan/.rbenv/versions/3.0.3/lib/ruby/3.0.0/bundler/vendor/thor/lib/thor/command.rb:27:in `run'
	from /home/brayan/.rbenv/versions/3.0.3/lib/ruby/3.0.0/bundler/vendor/thor/lib/thor/invocation.rb:127:in `invoke_command'
	from /home/brayan/.rbenv/versions/3.0.3/lib/ruby/3.0.0/bundler/vendor/thor/lib/thor.rb:392:in `dispatch'
	from /home/brayan/.rbenv/versions/3.0.3/lib/ruby/3.0.0/bundler/cli.rb:31:in `dispatch'
	from /home/brayan/.rbenv/versions/3.0.3/lib/ruby/3.0.0/bundler/vendor/thor/lib/thor/base.rb:485:in `start'
	from /home/brayan/.rbenv/versions/3.0.3/lib/ruby/3.0.0/bundler/cli.rb:25:in `start'
	from /home/brayan/.rbenv/versions/3.0.3/lib/ruby/gems/3.0.0/gems/bundler-2.2.32/libexec/bundle:49:in `block in <top (required)>'
	from /home/brayan/.rbenv/versions/3.0.3/lib/ruby/3.0.0/bundler/friendly_errors.rb:103:in `with_friendly_errors'
	from /home/brayan/.rbenv/versions/3.0.3/lib/ruby/gems/3.0.0/gems/bundler-2.2.32/libexec/bundle:37:in `<top (required)>'
	from /home/brayan/.rbenv/versions/3.0.3/bin/bundle:23:in `load'
	from /home/brayan/.rbenv/versions/3.0.3/bin/bundle:23:in `<main>'

2024-01-04 09:25:34.741 [info] [Error - 9:25:34 AM] Server process exited with code 1.
2024-01-04 09:25:34.741 [info] [Error - 9:25:34 AM] Server initialization failed.
2024-01-04 09:25:34.741 [info]   Message: Pending response rejected since connection got disposed
  Code: -32097 
2024-01-04 09:25:34.741 [info] [Info  - 9:25:34 AM] Connection to server got closed. Server will restart.
2024-01-04 09:25:34.741 [info] true
2024-01-04 09:25:34.742 [info] [Error - 9:25:34 AM] Ruby LSP client: couldn't create connection to server.
2024-01-04 09:25:34.742 [info]   Message: Pending response rejected since connection got disposed
  Code: -32097 
2024-01-04 09:25:34.742 [error] Error starting the server: Pending response rejected since connection got disposed
2024-01-04 09:25:34.950 [info] Ruby LSP> Skipping custom bundle setup since /home/brayan/work/web/.ruby-lsp/Gemfile.lock already exists and is up to date

2024-01-04 09:25:34.959 [info] Ruby LSP> Running bundle install for the custom bundle. This may take a while...
Ruby LSP> Command: (bundle check || bundle install) 1>&2

2024-01-04 09:25:35.090 [info] Warning: the running version of Bundler (2.2.32) is older than the version that created the lockfile (2.2.34). We suggest you to upgrade to the version that created the lockfile by running `gem install bundler:2.2.34`.

2024-01-04 09:25:35.199 [info] https://github.com/ComunidadFeliz/scraper-kastor-legacy.git (at main@beecfb5) is
not yet checked out. Run `bundle install` first.

2024-01-04 09:25:35.358 [info] Warning: the running version of Bundler (2.2.32) is older than the version that created the lockfile (2.2.34). We suggest you to upgrade to the version that created the lockfile by running `gem install bundler:2.2.34`.

2024-01-04 09:25:35.459 [info] Fetching https://github.com/ComunidadFeliz/scraper-kastor-legacy.git

2024-01-04 09:25:35.829 [info] fatal: could not read Username for 'https://github.com': No such device or address

2024-01-04 09:25:35.829 [info] 
Retrying `git clone https://github.com/ComunidadFeliz/scraper-kastor-legacy.git /home/brayan/.rbenv/versions/3.0.3/lib/ruby/gems/3.0.0/cache/bundler/git/scraper-kastor-legacy-97447238f8cbdd8b2405c45887fa12b98bac62c3 --bare --no-hardlinks --quiet` at /home/brayan/work/web due to error (2/4): Bundler::Source::Git::GitCommandError Git error: command `git clone https://github.com/ComunidadFeliz/scraper-kastor-legacy.git /home/brayan/.rbenv/versions/3.0.3/lib/ruby/gems/3.0.0/cache/bundler/git/scraper-kastor-legacy-97447238f8cbdd8b2405c45887fa12b98bac62c3 --bare --no-hardlinks --quiet` in directory /home/brayan/work/web has failed.

If this error persists you could try removing the cache directory '/home/brayan/work/web'

2024-01-04 09:25:36.203 [info] 
Retrying `git clone https://github.com/ComunidadFeliz/scraper-kastor-legacy.git /home/brayan/.rbenv/versions/3.0.3/lib/ruby/gems/3.0.0/cache/bundler/git/scraper-kastor-legacy-97447238f8cbdd8b2405c45887fa12b98bac62c3 --bare --no-hardlinks --quiet` at /home/brayan/work/web due to error (3/4): Bundler::Source::Git::GitCommandError Git error: command `git clone https://github.com/ComunidadFeliz/scraper-kastor-legacy.git /home/brayan/.rbenv/versions/3.0.3/lib/ruby/gems/3.0.0/cache/bundler/git/scraper-kastor-legacy-97447238f8cbdd8b2405c45887fa12b98bac62c3 --bare --no-hardlinks --quiet` in directory /home/brayan/work/web has failed.

If this error persists you could try removing the cache directory '/home/brayan/work/web'

2024-01-04 09:25:36.574 [info] 
Retrying `git clone https://github.com/ComunidadFeliz/scraper-kastor-legacy.git /home/brayan/.rbenv/versions/3.0.3/lib/ruby/gems/3.0.0/cache/bundler/git/scraper-kastor-legacy-97447238f8cbdd8b2405c45887fa12b98bac62c3 --bare --no-hardlinks --quiet` at /home/brayan/work/web due to error (4/4): Bundler::Source::Git::GitCommandError Git error: command `git clone https://github.com/ComunidadFeliz/scraper-kastor-legacy.git /home/brayan/.rbenv/versions/3.0.3/lib/ruby/gems/3.0.0/cache/bundler/git/scraper-kastor-legacy-97447238f8cbdd8b2405c45887fa12b98bac62c3 --bare --no-hardlinks --quiet` in directory /home/brayan/work/web has failed.

If this error persists you could try removing the cache directory '/home/brayan/work/web'

2024-01-04 09:25:36.961 [info] 

2024-01-04 09:25:36.966 [info] Git error: command `git clone
https://github.com/ComunidadFeliz/scraper-kastor-legacy.git
/home/brayan/.rbenv/versions/3.0.3/lib/ruby/gems/3.0.0/cache/bundler/git/scraper-kastor-legacy-97447238f8cbdd8b2405c45887fa12b98bac62c3
--bare --no-hardlinks --quiet` in directory /home/brayan/work/web has failed.

If this error persists you could try removing the cache directory
'/home/brayan/work/web'

2024-01-04 09:25:37.199 [info] bundler: failed to load command: ruby-lsp (/home/brayan/.rbenv/versions/3.0.3/bin/ruby-lsp)
/home/brayan/.rbenv/versions/3.0.3/lib/ruby/3.0.0/bundler/source/git.rb:214:in `rescue in load_spec_files': https://github.com/ComunidadFeliz/scraper-kastor-legacy.git (at main@beecfb5) is not yet checked out. Run `bundle install` first. (Bundler::GitError)
	from /home/brayan/.rbenv/versions/3.0.3/lib/ruby/3.0.0/bundler/source/git.rb:210:in `load_spec_files'
	from /home/brayan/.rbenv/versions/3.0.3/lib/ruby/3.0.0/bundler/source/path.rb:107:in `local_specs'
	from /home/brayan/.rbenv/versions/3.0.3/lib/ruby/3.0.0/bundler/source/git.rb:178:in `specs'
	from /home/brayan/.rbenv/versions/3.0.3/lib/ruby/3.0.0/bundler/source/rubygems_aggregate.rb:35:in `block (2 levels) in build_index'
	from /home/brayan/.rbenv/versions/3.0.3/lib/ruby/3.0.0/bundler/source/rubygems_aggregate.rb:33:in `each'
	from /home/brayan/.rbenv/versions/3.0.3/lib/ruby/3.0.0/bundler/source/rubygems_aggregate.rb:33:in `block in build_index'
	from /home/brayan/.rbenv/versions/3.0.3/lib/ruby/3.0.0/bundler/index.rb:9:in `build'
	from /home/brayan/.rbenv/versions/3.0.3/lib/ruby/3.0.0/bundler/source/rubygems_aggregate.rb:30:in `build_index'
	from /home/brayan/.rbenv/versions/3.0.3/lib/ruby/3.0.0/bundler/source/rubygems_aggregate.rb:12:in `initialize'
	from /home/brayan/.rbenv/versions/3.0.3/lib/ruby/3.0.0/bundler/definition.rb:808:in `new'
	from /home/brayan/.rbenv/versions/3.0.3/lib/ruby/3.0.0/bundler/definition.rb:808:in `source_requirements'
	from /home/brayan/.rbenv/versions/3.0.3/lib/ruby/3.0.0/bundler/definition.rb:268:in `resolve'
	from /home/brayan/.rbenv/versions/3.0.3/lib/ruby/3.0.0/bundler/definition.rb:489:in `materialize'
	from /home/brayan/.rbenv/versions/3.0.3/lib/ruby/3.0.0/bundler/definition.rb:189:in `specs'
	from /home/brayan/.rbenv/versions/3.0.3/lib/ruby/3.0.0/bundler/definition.rb:237:in `specs_for'
	from /home/brayan/.rbenv/versions/3.0.3/lib/ruby/3.0.0/bundler/runtime.rb:18:in `setup'
	from /home/brayan/.rbenv/versions/3.0.3/lib/ruby/3.0.0/bundler.rb:150:in `setup'
	from /home/brayan/.rbenv/versions/3.0.3/lib/ruby/3.0.0/bundler/setup.rb:20:in `block in <top (required)>'
	from /home/brayan/.rbenv/versions/3.0.3/lib/ruby/3.0.0/bundler/ui/shell.rb:136:in `with_level'
	from /home/brayan/.rbenv/versions/3.0.3/lib/ruby/3.0.0/bundler/ui/shell.rb:88:in `silence'
	from /home/brayan/.rbenv/versions/3.0.3/lib/ruby/3.0.0/bundler/setup.rb:20:in `<top (required)>'
	from /home/brayan/.rbenv/versions/3.0.3/lib/ruby/3.0.0/bundler/cli/exec.rb:56:in `require_relative'
	from /home/brayan/.rbenv/versions/3.0.3/lib/ruby/3.0.0/bundler/cli/exec.rb:56:in `kernel_load'
	from /home/brayan/.rbenv/versions/3.0.3/lib/ruby/3.0.0/bundler/cli/exec.rb:23:in `run'
	from /home/brayan/.rbenv/versions/3.0.3/lib/ruby/3.0.0/bundler/cli.rb:478:in `exec'
	from /home/brayan/.rbenv/versions/3.0.3/lib/ruby/3.0.0/bundler/vendor/thor/lib/thor/command.rb:27:in `run'
	from /home/brayan/.rbenv/versions/3.0.3/lib/ruby/3.0.0/bundler/vendor/thor/lib/thor/invocation.rb:127:in `invoke_command'
	from /home/brayan/.rbenv/versions/3.0.3/lib/ruby/3.0.0/bundler/vendor/thor/lib/thor.rb:392:in `dispatch'
	from /home/brayan/.rbenv/versions/3.0.3/lib/ruby/3.0.0/bundler/cli.rb:31:in `dispatch'
	from /home/brayan/.rbenv/versions/3.0.3/lib/ruby/3.0.0/bundler/vendor/thor/lib/thor/base.rb:485:in `start'
	from /home/brayan/.rbenv/versions/3.0.3/lib/ruby/3.0.0/bundler/cli.rb:25:in `start'
	from /home/brayan/.rbenv/versions/3.0.3/lib/ruby/gems/3.0.0/gems/bundler-2.2.32/libexec/bundle:49:in `block in <top (required)>'
	from /home/brayan/.rbenv/versions/3.0.3/lib/ruby/3.0.0/bundler/friendly_errors.rb:103:in `with_friendly_errors'
	from /home/brayan/.rbenv/versions/3.0.3/lib/ruby/gems/3.0.0/gems/bundler-2.2.32/libexec/bundle:37:in `<top (required)>'
	from /home/brayan/.rbenv/versions/3.0.3/bin/bundle:23:in `load'
	from /home/brayan/.rbenv/versions/3.0.3/bin/bundle:23:in `<main>'
/home/brayan/.rbenv/versions/3.0.3/lib/ruby/3.0.0/bundler/source/path.rb:209:in `load_spec_files': The path `/home/brayan/.rbenv/versions/3.0.3/lib/ruby/gems/3.0.0/bundler/gems/scraper-kastor-legacy-beecfb5d4e20` does not exist. (Bundler::PathError)
	from /home/brayan/.rbenv/versions/3.0.3/lib/ruby/3.0.0/bundler/source/git.rb:211:in `load_spec_files'
	from /home/brayan/.rbenv/versions/3.0.3/lib/ruby/3.0.0/bundler/source/path.rb:107:in `local_specs'
	from /home/brayan/.rbenv/versions/3.0.3/lib/ruby/3.0.0/bundler/source/git.rb:178:in `specs'
	from /home/brayan/.rbenv/versions/3.0.3/lib/ruby/3.0.0/bundler/source/rubygems_aggregate.rb:35:in `block (2 levels) in build_index'
	from /home/brayan/.rbenv/versions/3.0.3/lib/ruby/3.0.0/bundler/source/rubygems_aggregate.rb:33:in `each'
	from /home/brayan/.rbenv/versions/3.0.3/lib/ruby/3.0.0/bundler/source/rubygems_aggregate.rb:33:in `block in build_index'
	from /home/brayan/.rbenv/versions/3.0.3/lib/ruby/3.0.0/bundler/index.rb:9:in `build'
	from /home/brayan/.rbenv/versions/3.0.3/lib/ruby/3.0.0/bundler/source/rubygems_aggregate.rb:30:in `build_index'
	from /home/brayan/.rbenv/versions/3.0.3/lib/ruby/3.0.0/bundler/source/rubygems_aggregate.rb:12:in `initialize'
	from /home/brayan/.rbenv/versions/3.0.3/lib/ruby/3.0.0/bundler/definition.rb:808:in `new'
	from /home/brayan/.rbenv/versions/3.0.3/lib/ruby/3.0.0/bundler/definition.rb:808:in `source_requirements'
	from /home/brayan/.rbenv/versions/3.0.3/lib/ruby/3.0.0/bundler/definition.rb:268:in `resolve'
	from /home/brayan/.rbenv/versions/3.0.3/lib/ruby/3.0.0/bundler/definition.rb:489:in `materialize'
	from /home/brayan/.rbenv/versions/3.0.3/lib/ruby/3.0.0/bundler/definition.rb:189:in `specs'
	from /home/brayan/.rbenv/versions/3.0.3/lib/ruby/3.0.0/bundler/definition.rb:237:in `specs_for'
	from /home/brayan/.rbenv/versions/3.0.3/lib/ruby/3.0.0/bundler/runtime.rb:18:in `setup'
	from /home/brayan/.rbenv/versions/3.0.3/lib/ruby/3.0.0/bundler.rb:150:in `setup'
	from /home/brayan/.rbenv/versions/3.0.3/lib/ruby/3.0.0/bundler/setup.rb:20:in `block in <top (required)>'
	from /home/brayan/.rbenv/versions/3.0.3/lib/ruby/3.0.0/bundler/ui/shell.rb:136:in `with_level'
	from /home/brayan/.rbenv/versions/3.0.3/lib/ruby/3.0.0/bundler/ui/shell.rb:88:in `silence'
	from /home/brayan/.rbenv/versions/3.0.3/lib/ruby/3.0.0/bundler/setup.rb:20:in `<top (required)>'
	from /home/brayan/.rbenv/versions/3.0.3/lib/ruby/3.0.0/bundler/cli/exec.rb:56:in `require_relative'
	from /home/brayan/.rbenv/versions/3.0.3/lib/ruby/3.0.0/bundler/cli/exec.rb:56:in `kernel_load'
	from /home/brayan/.rbenv/versions/3.0.3/lib/ruby/3.0.0/bundler/cli/exec.rb:23:in `run'
	from /home/brayan/.rbenv/versions/3.0.3/lib/ruby/3.0.0/bundler/cli.rb:478:in `exec'
	from /home/brayan/.rbenv/versions/3.0.3/lib/ruby/3.0.0/bundler/vendor/thor/lib/thor/command.rb:27:in `run'
	from /home/brayan/.rbenv/versions/3.0.3/lib/ruby/3.0.0/bundler/vendor/thor/lib/thor/invocation.rb:127:in `invoke_command'
	from /home/brayan/.rbenv/versions/3.0.3/lib/ruby/3.0.0/bundler/vendor/thor/lib/thor.rb:392:in `dispatch'

2024-01-04 09:25:37.200 [info] 	from /home/brayan/.rbenv/versions/3.0.3/lib/ruby/3.0.0/bundler/cli.rb:31:in `dispatch'
	from /home/brayan/.rbenv/versions/3.0.3/lib/ruby/3.0.0/bundler/vendor/thor/lib/thor/base.rb:485:in `start'
	from /home/brayan/.rbenv/versions/3.0.3/lib/ruby/3.0.0/bundler/cli.rb:25:in `start'
	from /home/brayan/.rbenv/versions/3.0.3/lib/ruby/gems/3.0.0/gems/bundler-2.2.32/libexec/bundle:49:in `block in <top (required)>'
	from /home/brayan/.rbenv/versions/3.0.3/lib/ruby/3.0.0/bundler/friendly_errors.rb:103:in `with_friendly_errors'
	from /home/brayan/.rbenv/versions/3.0.3/lib/ruby/gems/3.0.0/gems/bundler-2.2.32/libexec/bundle:37:in `<top (required)>'
	from /home/brayan/.rbenv/versions/3.0.3/bin/bundle:23:in `load'
	from /home/brayan/.rbenv/versions/3.0.3/bin/bundle:23:in `<main>'

2024-01-04 09:25:37.202 [info] [Error - 9:25:37 AM] Server process exited with code 1.
2024-01-04 09:25:37.203 [info] [Error - 9:25:37 AM] Server initialization failed.
2024-01-04 09:25:37.203 [info]   Message: Pending response rejected since connection got disposed
  Code: -32097 
2024-01-04 09:25:37.203 [info] [Info  - 9:25:37 AM] Connection to server got closed. Server will restart.
2024-01-04 09:25:37.203 [info] true
2024-01-04 09:25:37.203 [info] [Error - 9:25:37 AM] Ruby LSP client: couldn't create connection to server.
2024-01-04 09:25:37.203 [info]   Message: Pending response rejected since connection got disposed
  Code: -32097 
2024-01-04 09:25:37.203 [info] [Error - 9:25:37 AM] Restarting server failed
2024-01-04 09:25:37.203 [info]   Message: Pending response rejected since connection got disposed
  Code: -32097 
2024-01-04 09:25:37.389 [info] Ruby LSP> Skipping custom bundle setup since /home/brayan/work/web/.ruby-lsp/Gemfile.lock already exists and is up to date

2024-01-04 09:25:37.398 [info] Ruby LSP> Running bundle install for the custom bundle. This may take a while...
Ruby LSP> Command: (bundle check || bundle install) 1>&2

2024-01-04 09:25:37.538 [info] Warning: the running version of Bundler (2.2.32) is older than the version that created the lockfile (2.2.34). We suggest you to upgrade to the version that created the lockfile by running `gem install bundler:2.2.34`.

2024-01-04 09:25:37.647 [info] https://github.com/ComunidadFeliz/scraper-kastor-legacy.git (at main@beecfb5) is
not yet checked out. Run `bundle install` first.

2024-01-04 09:25:37.803 [info] Warning: the running version of Bundler (2.2.32) is older than the version that created the lockfile (2.2.34). We suggest you to upgrade to the version that created the lockfile by running `gem install bundler:2.2.34`.

2024-01-04 09:25:37.896 [info] Fetching https://github.com/ComunidadFeliz/scraper-kastor-legacy.git

2024-01-04 09:25:38.270 [info] fatal: could not read Username for 'https://github.com': No such device or address

2024-01-04 09:25:38.270 [info] 
Retrying `git clone https://github.com/ComunidadFeliz/scraper-kastor-legacy.git /home/brayan/.rbenv/versions/3.0.3/lib/ruby/gems/3.0.0/cache/bundler/git/scraper-kastor-legacy-97447238f8cbdd8b2405c45887fa12b98bac62c3 --bare --no-hardlinks --quiet` at /home/brayan/work/web due to error (2/4): Bundler::Source::Git::GitCommandError Git error: command `git clone https://github.com/ComunidadFeliz/scraper-kastor-legacy.git /home/brayan/.rbenv/versions/3.0.3/lib/ruby/gems/3.0.0/cache/bundler/git/scraper-kastor-legacy-97447238f8cbdd8b2405c45887fa12b98bac62c3 --bare --no-hardlinks --quiet` in directory /home/brayan/work/web has failed.

If this error persists you could try removing the cache directory '/home/brayan/work/web'

2024-01-04 09:25:38.646 [info] 
Retrying `git clone https://github.com/ComunidadFeliz/scraper-kastor-legacy.git /home/brayan/.rbenv/versions/3.0.3/lib/ruby/gems/3.0.0/cache/bundler/git/scraper-kastor-legacy-97447238f8cbdd8b2405c45887fa12b98bac62c3 --bare --no-hardlinks --quiet` at /home/brayan/work/web due to error (3/4): Bundler::Source::Git::GitCommandError Git error: command `git clone https://github.com/ComunidadFeliz/scraper-kastor-legacy.git /home/brayan/.rbenv/versions/3.0.3/lib/ruby/gems/3.0.0/cache/bundler/git/scraper-kastor-legacy-97447238f8cbdd8b2405c45887fa12b98bac62c3 --bare --no-hardlinks --quiet` in directory /home/brayan/work/web has failed.

If this error persists you could try removing the cache directory '/home/brayan/work/web'

2024-01-04 09:25:39.020 [info] 
Retrying `git clone https://github.com/ComunidadFeliz/scraper-kastor-legacy.git /home/brayan/.rbenv/versions/3.0.3/lib/ruby/gems/3.0.0/cache/bundler/git/scraper-kastor-legacy-97447238f8cbdd8b2405c45887fa12b98bac62c3 --bare --no-hardlinks --quiet` at /home/brayan/work/web due to error (4/4): Bundler::Source::Git::GitCommandError Git error: command `git clone https://github.com/ComunidadFeliz/scraper-kastor-legacy.git /home/brayan/.rbenv/versions/3.0.3/lib/ruby/gems/3.0.0/cache/bundler/git/scraper-kastor-legacy-97447238f8cbdd8b2405c45887fa12b98bac62c3 --bare --no-hardlinks --quiet` in directory /home/brayan/work/web has failed.

If this error persists you could try removing the cache directory '/home/brayan/work/web'

2024-01-04 09:25:39.404 [info] 

2024-01-04 09:25:39.408 [info] Git error: command `git clone
https://github.com/ComunidadFeliz/scraper-kastor-legacy.git
/home/brayan/.rbenv/versions/3.0.3/lib/ruby/gems/3.0.0/cache/bundler/git/scraper-kastor-legacy-97447238f8cbdd8b2405c45887fa12b98bac62c3
--bare --no-hardlinks --quiet` in directory /home/brayan/work/web has failed.

If this error persists you could try removing the cache directory
'/home/brayan/work/web'

2024-01-04 09:25:39.647 [info] bundler: failed to load command: ruby-lsp (/home/brayan/.rbenv/versions/3.0.3/bin/ruby-lsp)
/home/brayan/.rbenv/versions/3.0.3/lib/ruby/3.0.0/bundler/source/git.rb:214:in `rescue in load_spec_files': https://github.com/ComunidadFeliz/scraper-kastor-legacy.git (at main@beecfb5) is not yet checked out. Run `bundle install` first. (Bundler::GitError)
	from /home/brayan/.rbenv/versions/3.0.3/lib/ruby/3.0.0/bundler/source/git.rb:210:in `load_spec_files'
	from /home/brayan/.rbenv/versions/3.0.3/lib/ruby/3.0.0/bundler/source/path.rb:107:in `local_specs'
	from /home/brayan/.rbenv/versions/3.0.3/lib/ruby/3.0.0/bundler/source/git.rb:178:in `specs'
	from /home/brayan/.rbenv/versions/3.0.3/lib/ruby/3.0.0/bundler/source/rubygems_aggregate.rb:35:in `block (2 levels) in build_index'
	from /home/brayan/.rbenv/versions/3.0.3/lib/ruby/3.0.0/bundler/source/rubygems_aggregate.rb:33:in `each'
	from /home/brayan/.rbenv/versions/3.0.3/lib/ruby/3.0.0/bundler/source/rubygems_aggregate.rb:33:in `block in build_index'
	from /home/brayan/.rbenv/versions/3.0.3/lib/ruby/3.0.0/bundler/index.rb:9:in `build'
	from /home/brayan/.rbenv/versions/3.0.3/lib/ruby/3.0.0/bundler/source/rubygems_aggregate.rb:30:in `build_index'
	from /home/brayan/.rbenv/versions/3.0.3/lib/ruby/3.0.0/bundler/source/rubygems_aggregate.rb:12:in `initialize'
	from /home/brayan/.rbenv/versions/3.0.3/lib/ruby/3.0.0/bundler/definition.rb:808:in `new'
	from /home/brayan/.rbenv/versions/3.0.3/lib/ruby/3.0.0/bundler/definition.rb:808:in `source_requirements'

2024-01-04 09:25:39.648 [info] 	from /home/brayan/.rbenv/versions/3.0.3/lib/ruby/3.0.0/bundler/definition.rb:268:in `resolve'
	from /home/brayan/.rbenv/versions/3.0.3/lib/ruby/3.0.0/bundler/definition.rb:489:in `materialize'
	from /home/brayan/.rbenv/versions/3.0.3/lib/ruby/3.0.0/bundler/definition.rb:189:in `specs'
	from /home/brayan/.rbenv/versions/3.0.3/lib/ruby/3.0.0/bundler/definition.rb:237:in `specs_for'
	from /home/brayan/.rbenv/versions/3.0.3/lib/ruby/3.0.0/bundler/runtime.rb:18:in `setup'
	from /home/brayan/.rbenv/versions/3.0.3/lib/ruby/3.0.0/bundler.rb:150:in `setup'
	from /home/brayan/.rbenv/versions/3.0.3/lib/ruby/3.0.0/bundler/setup.rb:20:in `block in <top (required)>'
	from /home/brayan/.rbenv/versions/3.0.3/lib/ruby/3.0.0/bundler/ui/shell.rb:136:in `with_level'
	from /home/brayan/.rbenv/versions/3.0.3/lib/ruby/3.0.0/bundler/ui/shell.rb:88:in `silence'
	from /home/brayan/.rbenv/versions/3.0.3/lib/ruby/3.0.0/bundler/setup.rb:20:in `<top (required)>'
	from /home/brayan/.rbenv/versions/3.0.3/lib/ruby/3.0.0/bundler/cli/exec.rb:56:in `require_relative'
	from /home/brayan/.rbenv/versions/3.0.3/lib/ruby/3.0.0/bundler/cli/exec.rb:56:in `kernel_load'
	from /home/brayan/.rbenv/versions/3.0.3/lib/ruby/3.0.0/bundler/cli/exec.rb:23:in `run'
	from /home/brayan/.rbenv/versions/3.0.3/lib/ruby/3.0.0/bundler/cli.rb:478:in `exec'
	from /home/brayan/.rbenv/versions/3.0.3/lib/ruby/3.0.0/bundler/vendor/thor/lib/thor/command.rb:27:in `run'
	from /home/brayan/.rbenv/versions/3.0.3/lib/ruby/3.0.0/bundler/vendor/thor/lib/thor/invocation.rb:127:in `invoke_command'
	from /home/brayan/.rbenv/versions/3.0.3/lib/ruby/3.0.0/bundler/vendor/thor/lib/thor.rb:392:in `dispatch'
	from /home/brayan/.rbenv/versions/3.0.3/lib/ruby/3.0.0/bundler/cli.rb:31:in `dispatch'
	from /home/brayan/.rbenv/versions/3.0.3/lib/ruby/3.0.0/bundler/vendor/thor/lib/thor/base.rb:485:in `start'
	from /home/brayan/.rbenv/versions/3.0.3/lib/ruby/3.0.0/bundler/cli.rb:25:in `start'
	from /home/brayan/.rbenv/versions/3.0.3/lib/ruby/gems/3.0.0/gems/bundler-2.2.32/libexec/bundle:49:in `block in <top (required)>'
	from /home/brayan/.rbenv/versions/3.0.3/lib/ruby/3.0.0/bundler/friendly_errors.rb:103:in `with_friendly_errors'
	from /home/brayan/.rbenv/versions/3.0.3/lib/ruby/gems/3.0.0/gems/bundler-2.2.32/libexec/bundle:37:in `<top (required)>'
	from /home/brayan/.rbenv/versions/3.0.3/bin/bundle:23:in `load'
	from /home/brayan/.rbenv/versions/3.0.3/bin/bundle:23:in `<main>'
/home/brayan/.rbenv/versions/3.0.3/lib/ruby/3.0.0/bundler/source/path.rb:209:in `load_spec_files': The path `/home/brayan/.rbenv/versions/3.0.3/lib/ruby/gems/3.0.0/bundler/gems/scraper-kastor-legacy-beecfb5d4e20` does not exist. (Bundler::PathError)
	from /home/brayan/.rbenv/versions/3.0.3/lib/ruby/3.0.0/bundler/source/git.rb:211:in `load_spec_files'
	from /home/brayan/.rbenv/versions/3.0.3/lib/ruby/3.0.0/bundler/source/path.rb:107:in `local_specs'
	from /home/brayan/.rbenv/versions/3.0.3/lib/ruby/3.0.0/bundler/source/git.rb:178:in `specs'
	from /home/brayan/.rbenv/versions/3.0.3/lib/ruby/3.0.0/bundler/source/rubygems_aggregate.rb:35:in `block (2 levels) in build_index'
	from /home/brayan/.rbenv/versions/3.0.3/lib/ruby/3.0.0/bundler/source/rubygems_aggregate.rb:33:in `each'
	from /home/brayan/.rbenv/versions/3.0.3/lib/ruby/3.0.0/bundler/source/rubygems_aggregate.rb:33:in `block in build_index'
	from /home/brayan/.rbenv/versions/3.0.3/lib/ruby/3.0.0/bundler/index.rb:9:in `build'
	from /home/brayan/.rbenv/versions/3.0.3/lib/ruby/3.0.0/bundler/source/rubygems_aggregate.rb:30:in `build_index'
	from /home/brayan/.rbenv/versions/3.0.3/lib/ruby/3.0.0/bundler/source/rubygems_aggregate.rb:12:in `initialize'
	from /home/brayan/.rbenv/versions/3.0.3/lib/ruby/3.0.0/bundler/definition.rb:808:in `new'
	from /home/brayan/.rbenv/versions/3.0.3/lib/ruby/3.0.0/bundler/definition.rb:808:in `source_requirements'
	from /home/brayan/.rbenv/versions/3.0.3/lib/ruby/3.0.0/bundler/definition.rb:268:in `resolve'
	from /home/brayan/.rbenv/versions/3.0.3/lib/ruby/3.0.0/bundler/definition.rb:489:in `materialize'
	from /home/brayan/.rbenv/versions/3.0.3/lib/ruby/3.0.0/bundler/definition.rb:189:in `specs'
	from /home/brayan/.rbenv/versions/3.0.3/lib/ruby/3.0.0/bundler/definition.rb:237:in `specs_for'
	from /home/brayan/.rbenv/versions/3.0.3/lib/ruby/3.0.0/bundler/runtime.rb:18:in `setup'
	from /home/brayan/.rbenv/versions/3.0.3/lib/ruby/3.0.0/bundler.rb:150:in `setup'
	from /home/brayan/.rbenv/versions/3.0.3/lib/ruby/3.0.0/bundler/setup.rb:20:in `block in <top (required)>'
	from /home/brayan/.rbenv/versions/3.0.3/lib/ruby/3.0.0/bundler/ui/shell.rb:136:in `with_level'
	from /home/brayan/.rbenv/versions/3.0.3/lib/ruby/3.0.0/bundler/ui/shell.rb:88:in `silence'
	from /home/brayan/.rbenv/versions/3.0.3/lib/ruby/3.0.0/bundler/setup.rb:20:in `<top (required)>'
	from /home/brayan/.rbenv/versions/3.0.3/lib/ruby/3.0.0/bundler/cli/exec.rb:56:in `require_relative'
	from /home/brayan/.rbenv/versions/3.0.3/lib/ruby/3.0.0/bundler/cli/exec.rb:56:in `kernel_load'
	from /home/brayan/.rbenv/versions/3.0.3/lib/ruby/3.0.0/bundler/cli/exec.rb:23:in `run'
	from /home/brayan/.rbenv/versions/3.0.3/lib/ruby/3.0.0/bundler/cli.rb:478:in `exec'
	from /home/brayan/.rbenv/versions/3.0.3/lib/ruby/3.0.0/bundler/vendor/thor/lib/thor/command.rb:27:in `run'
	from /home/brayan/.rbenv/versions/3.0.3/lib/ruby/3.0.0/bundler/vendor/thor/lib/thor/invocation.rb:127:in `invoke_command'
	from /home/brayan/.rbenv/versions/3.0.3/lib/ruby/3.0.0/bundler/vendor/thor/lib/thor.rb:392:in `dispatch'
	from /home/brayan/.rbenv/versions/3.0.3/lib/ruby/3.0.0/bundler/cli.rb:31:in `dispatch'
	from /home/brayan/.rbenv/versions/3.0.3/lib/ruby/3.0.0/bundler/vendor/thor/lib/thor/base.rb:485:in `start'
	from /home/brayan/.rbenv/versions/3.0.3/lib/ruby/3.0.0/bundler/cli.rb:25:in `start'
	from /home/brayan/.rbenv/versions/3.0.3/lib/ruby/gems/3.0.0/gems/bundler-2.2.32/libexec/bundle:49:in `block in <top (required)>'
	from /home/brayan/.rbenv/versions/3.0.3/lib/ruby/3.0.0/bundler/friendly_errors.rb:103:in `with_friendly_errors'
	from /home/brayan/.rbenv/versions/3.0.3/lib/ruby/gems/3.0.0/gems/bundler-2.2.32/libexec/bundle:37:in `<top (required)>'
	from /home/brayan/.rbenv/versions/3.0.3/bin/bundle:23:in `load'
	from /home/brayan/.rbenv/versions/3.0.3/bin/bundle:23:in `<main>'

2024-01-04 09:25:39.649 [info] [Error - 9:25:39 AM] Server process exited with code 1.
2024-01-04 09:25:39.650 [info] [Error - 9:25:39 AM] Server initialization failed.
2024-01-04 09:25:39.650 [info]   Message: Pending response rejected since connection got disposed
  Code: -32097 
2024-01-04 09:25:39.650 [info] [Info  - 9:25:39 AM] Connection to server got closed. Server will restart.
2024-01-04 09:25:39.650 [info] true
2024-01-04 09:25:39.650 [info] [Error - 9:25:39 AM] Ruby LSP client: couldn't create connection to server.
2024-01-04 09:25:39.650 [info]   Message: Pending response rejected since connection got disposed
  Code: -32097 
2024-01-04 09:25:39.650 [info] [Error - 9:25:39 AM] Restarting server failed
2024-01-04 09:25:39.650 [info]   Message: Pending response rejected since connection got disposed
  Code: -32097 
2024-01-04 09:25:39.839 [info] Ruby LSP> Skipping custom bundle setup since /home/brayan/work/web/.ruby-lsp/Gemfile.lock already exists and is up to date

2024-01-04 09:25:39.847 [info] Ruby LSP> Running bundle install for the custom bundle. This may take a while...
Ruby LSP> Command: (bundle check || bundle install) 1>&2

2024-01-04 09:25:39.975 [info] Warning: the running version of Bundler (2.2.32) is older than the version that created the lockfile (2.2.34). We suggest you to upgrade to the version that created the lockfile by running `gem install bundler:2.2.34`.

2024-01-04 09:25:40.087 [info] https://github.com/ComunidadFeliz/scraper-kastor-legacy.git (at main@beecfb5) is
not yet checked out. Run `bundle install` first.

2024-01-04 09:25:40.248 [info] Warning: the running version of Bundler (2.2.32) is older than the version that created the lockfile (2.2.34). We suggest you to upgrade to the version that created the lockfile by running `gem install bundler:2.2.34`.

2024-01-04 09:25:40.346 [info] Fetching https://github.com/ComunidadFeliz/scraper-kastor-legacy.git

2024-01-04 09:25:40.746 [info] fatal: could not read Username for 'https://github.com': No such device or address

Retrying `git clone https://github.com/ComunidadFeliz/scraper-kastor-legacy.git /home/brayan/.rbenv/versions/3.0.3/lib/ruby/gems/3.0.0/cache/bundler/git/scraper-kastor-legacy-97447238f8cbdd8b2405c45887fa12b98bac62c3 --bare --no-hardlinks --quiet` at /home/brayan/work/web due to error (2/4): Bundler::Source::Git::GitCommandError Git error: command `git clone https://github.com/ComunidadFeliz/scraper-kastor-legacy.git /home/brayan/.rbenv/versions/3.0.3/lib/ruby/gems/3.0.0/cache/bundler/git/scraper-kastor-legacy-97447238f8cbdd8b2405c45887fa12b98bac62c3 --bare --no-hardlinks --quiet` in directory /home/brayan/work/web has failed.

If this error persists you could try removing the cache directory '/home/brayan/work/web'

2024-01-04 09:25:41.133 [info] 
Retrying `git clone https://github.com/ComunidadFeliz/scraper-kastor-legacy.git /home/brayan/.rbenv/versions/3.0.3/lib/ruby/gems/3.0.0/cache/bundler/git/scraper-kastor-legacy-97447238f8cbdd8b2405c45887fa12b98bac62c3 --bare --no-hardlinks --quiet` at /home/brayan/work/web due to error (3/4): Bundler::Source::Git::GitCommandError Git error: command `git clone https://github.com/ComunidadFeliz/scraper-kastor-legacy.git /home/brayan/.rbenv/versions/3.0.3/lib/ruby/gems/3.0.0/cache/bundler/git/scraper-kastor-legacy-97447238f8cbdd8b2405c45887fa12b98bac62c3 --bare --no-hardlinks --quiet` in directory /home/brayan/work/web has failed.

If this error persists you could try removing the cache directory '/home/brayan/work/web'

2024-01-04 09:25:41.519 [info] 
Retrying `git clone https://github.com/ComunidadFeliz/scraper-kastor-legacy.git /home/brayan/.rbenv/versions/3.0.3/lib/ruby/gems/3.0.0/cache/bundler/git/scraper-kastor-legacy-97447238f8cbdd8b2405c45887fa12b98bac62c3 --bare --no-hardlinks --quiet` at /home/brayan/work/web due to error (4/4): Bundler::Source::Git::GitCommandError Git error: command `git clone https://github.com/ComunidadFeliz/scraper-kastor-legacy.git /home/brayan/.rbenv/versions/3.0.3/lib/ruby/gems/3.0.0/cache/bundler/git/scraper-kastor-legacy-97447238f8cbdd8b2405c45887fa12b98bac62c3 --bare --no-hardlinks --quiet` in directory /home/brayan/work/web has failed.

If this error persists you could try removing the cache directory '/home/brayan/work/web'

2024-01-04 09:25:41.905 [info] 

2024-01-04 09:25:41.912 [info] Git error: command `git clone
https://github.com/ComunidadFeliz/scraper-kastor-legacy.git
/home/brayan/.rbenv/versions/3.0.3/lib/ruby/gems/3.0.0/cache/bundler/git/scraper-kastor-legacy-97447238f8cbdd8b2405c45887fa12b98bac62c3
--bare --no-hardlinks --quiet` in directory /home/brayan/work/web has failed.

If this error persists you could try removing the cache directory
'/home/brayan/work/web'

2024-01-04 09:25:42.144 [info] bundler: failed to load command: ruby-lsp (/home/brayan/.rbenv/versions/3.0.3/bin/ruby-lsp)
/home/brayan/.rbenv/versions/3.0.3/lib/ruby/3.0.0/bundler/source/git.rb:214:in `rescue in load_spec_files': https://github.com/ComunidadFeliz/scraper-kastor-legacy.git (at main@beecfb5) is not yet checked out. Run `bundle install` first. (Bundler::GitError)
	from /home/brayan/.rbenv/versions/3.0.3/lib/ruby/3.0.0/bundler/source/git.rb:210:in `load_spec_files'
	from /home/brayan/.rbenv/versions/3.0.3/lib/ruby/3.0.0/bundler/source/path.rb:107:in `local_specs'
	from /home/brayan/.rbenv/versions/3.0.3/lib/ruby/3.0.0/bundler/source/git.rb:178:in `specs'
	from /home/brayan/.rbenv/versions/3.0.3/lib/ruby/3.0.0/bundler/source/rubygems_aggregate.rb:35:in `block (2 levels) in build_index'
	from /home/brayan/.rbenv/versions/3.0.3/lib/ruby/3.0.0/bundler/source/rubygems_aggregate.rb:33:in `each'
	from /home/brayan/.rbenv/versions/3.0.3/lib/ruby/3.0.0/bundler/source/rubygems_aggregate.rb:33:in `block in build_index'
	from /home/brayan/.rbenv/versions/3.0.3/lib/ruby/3.0.0/bundler/index.rb:9:in `build'
	from /home/brayan/.rbenv/versions/3.0.3/lib/ruby/3.0.0/bundler/source/rubygems_aggregate.rb:30:in `build_index'
	from /home/brayan/.rbenv/versions/3.0.3/lib/ruby/3.0.0/bundler/source/rubygems_aggregate.rb:12:in `initialize'
	from /home/brayan/.rbenv/versions/3.0.3/lib/ruby/3.0.0/bundler/definition.rb:808:in `new'
	from /home/brayan/.rbenv/versions/3.0.3/lib/ruby/3.0.0/bundler/definition.rb:808:in `source_requirements'
	from /home/brayan/.rbenv/versions/3.0.3/lib/ruby/3.0.0/bundler/definition.rb:268:in `resolve'
	from /home/brayan/.rbenv/versions/3.0.3/lib/ruby/3.0.0/bundler/definition.rb:489:in `materialize'
	from /home/brayan/.rbenv/versions/3.0.3/lib/ruby/3.0.0/bundler/definition.rb:189:in `specs'
	from /home/brayan/.rbenv/versions/3.0.3/lib/ruby/3.0.0/bundler/definition.rb:237:in `specs_for'
	from /home/brayan/.rbenv/versions/3.0.3/lib/ruby/3.0.0/bundler/runtime.rb:18:in `setup'
	from /home/brayan/.rbenv/versions/3.0.3/lib/ruby/3.0.0/bundler.rb:150:in `setup'
	from /home/brayan/.rbenv/versions/3.0.3/lib/ruby/3.0.0/bundler/setup.rb:20:in `block in <top (required)>'
	from /home/brayan/.rbenv/versions/3.0.3/lib/ruby/3.0.0/bundler/ui/shell.rb:136:in `with_level'
	from /home/brayan/.rbenv/versions/3.0.3/lib/ruby/3.0.0/bundler/ui/shell.rb:88:in `silence'
	from /home/brayan/.rbenv/versions/3.0.3/lib/ruby/3.0.0/bundler/setup.rb:20:in `<top (required)>'
	from /home/brayan/.rbenv/versions/3.0.3/lib/ruby/3.0.0/bundler/cli/exec.rb:56:in `require_relative'
	from /home/brayan/.rbenv/versions/3.0.3/lib/ruby/3.0.0/bundler/cli/exec.rb:56:in `kernel_load'
	from /home/brayan/.rbenv/versions/3.0.3/lib/ruby/3.0.0/bundler/cli/exec.rb:23:in `run'
	from /home/brayan/.rbenv/versions/3.0.3/lib/ruby/3.0.0/bundler/cli.rb:478:in `exec'
	from /home/brayan/.rbenv/versions/3.0.3/lib/ruby/3.0.0/bundler/vendor/thor/lib/thor/command.rb:27:in `run'
	from /home/brayan/.rbenv/versions/3.0.3/lib/ruby/3.0.0/bundler/vendor/thor/lib/thor/invocation.rb:127:in `invoke_command'
	from /home/brayan/.rbenv/versions/3.0.3/lib/ruby/3.0.0/bundler/vendor/thor/lib/thor.rb:392:in `dispatch'
	from /home/brayan/.rbenv/versions/3.0.3/lib/ruby/3.0.0/bundler/cli.rb:31:in `dispatch'
	from /home/brayan/.rbenv/versions/3.0.3/lib/ruby/3.0.0/bundler/vendor/thor/lib/thor/base.rb:485:in `start'
	from /home/brayan/.rbenv/versions/3.0.3/lib/ruby/3.0.0/bundler/cli.rb:25:in `start'
	from /home/brayan/.rbenv/versions/3.0.3/lib/ruby/gems/3.0.0/gems/bundler-2.2.32/libexec/bundle:49:in `block in <top (required)>'
	from /home/brayan/.rbenv/versions/3.0.3/lib/ruby/3.0.0/bundler/friendly_errors.rb:103:in `with_friendly_errors'
	from /home/brayan/.rbenv/versions/3.0.3/lib/ruby/gems/3.0.0/gems/bundler-2.2.32/libexec/bundle:37:in `<top (required)>'
	from /home/brayan/.rbenv/versions/3.0.3/bin/bundle:23:in `load'
	from /home/brayan/.rbenv/versions/3.0.3/bin/bundle:23:in `<main>'
/home/brayan/.rbenv/versions/3.0.3/lib/ruby/3.0.0/bundler/source/path.rb:209:in `load_spec_files': The path `/home/brayan/.rbenv/versions/3.0.3/lib/ruby/gems/3.0.0/bundler/gems/scraper-kastor-legacy-beecfb5d4e20` does not exist. (Bundler::PathError)
	from /home/brayan/.rbenv/versions/3.0.3/lib/ruby/3.0.0/bundler/source/git.rb:211:in `load_spec_files'
	from /home/brayan/.rbenv/versions/3.0.3/lib/ruby/3.0.0/bundler/source/path.rb:107:in `local_specs'
	from /home/brayan/.rbenv/versions/3.0.3/lib/ruby/3.0.0/bundler/source/git.rb:178:in `specs'
	from /home/brayan/.rbenv/versions/3.0.3/lib/ruby/3.0.0/bundler/source/rubygems_aggregate.rb:35:in `block (2 levels) in build_index'
	from /home/brayan/.rbenv/versions/3.0.3/lib/ruby/3.0.0/bundler/source/rubygems_aggregate.rb:33:in `each'
	from /home/brayan/.rbenv/versions/3.0.3/lib/ruby/3.0.0/bundler/source/rubygems_aggregate.rb:33:in `block in build_index'
	from /home/brayan/.rbenv/versions/3.0.3/lib/ruby/3.0.0/bundler/index.rb:9:in `build'
	from /home/brayan/.rbenv/versions/3.0.3/lib/ruby/3.0.0/bundler/source/rubygems_aggregate.rb:30:in `build_index'
	from /home/brayan/.rbenv/versions/3.0.3/lib/ruby/3.0.0/bundler/source/rubygems_aggregate.rb:12:in `initialize'
	from /home/brayan/.rbenv/versions/3.0.3/lib/ruby/3.0.0/bundler/definition.rb:808:in `new'
	from /home/brayan/.rbenv/versions/3.0.3/lib/ruby/3.0.0/bundler/definition.rb:808:in `source_requirements'
	from /home/brayan/.rbenv/versions/3.0.3/lib/ruby/3.0.0/bundler/definition.rb:268:in `resolve'
	from /home/brayan/.rbenv/versions/3.0.3/lib/ruby/3.0.0/bundler/definition.rb:489:in `materialize'
	from /home/brayan/.rbenv/versions/3.0.3/lib/ruby/3.0.0/bundler/definition.rb:189:in `specs'
	from /home/brayan/.rbenv/versions/3.0.3/lib/ruby/3.0.0/bundler/definition.rb:237:in `specs_for'
	from /home/brayan/.rbenv/versions/3.0.3/lib/ruby/3.0.0/bundler/runtime.rb:18:in `setup'
	from /home/brayan/.rbenv/versions/3.0.3/lib/ruby/3.0.0/bundler.rb:150:in `setup'
	from /home/brayan/.rbenv/versions/3.0.3/lib/ruby/3.0.0/bundler/setup.rb:20:in `block in <top (required)>'
	from /home/brayan/.rbenv/versions/3.0.3/lib/ruby/3.0.0/bundler/ui/shell.rb:136:in `with_level'
	from /home/brayan/.rbenv/versions/3.0.3/lib/ruby/3.0.0/bundler/ui/shell.rb:88:in `silence'
	from /home/brayan/.rbenv/versions/3.0.3/lib/ruby/3.0.0/bundler/setup.rb:20:in `<top (required)>'
	from /home/brayan/.rbenv/versions/3.0.3/lib/ruby/3.0.0/bundler/cli/exec.rb:56:in `require_relative'
	from /home/brayan/.rbenv/versions/3.0.3/lib/ruby/3.0.0/bundler/cli/exec.rb:56:in `kernel_load'
	from /home/brayan/.rbenv/versions/3.0.3/lib/ruby/3.0.0/bundler/cli/exec.rb:23:in `run'
	from /home/brayan/.rbenv/versions/3.0.3/lib/ruby/3.0.0/bundler/cli.rb:478:in `exec'
	from /home/brayan/.rbenv/versions/3.0.3/lib/ruby/3.0.0/bundler/vendor/thor/lib/thor/command.rb:27:in `run'
	from /home/brayan/.rbenv/versions/3.0.3/lib/ruby/3.0.0/bundler/vendor/thor/lib/thor/invocation.rb:127:in `invoke_command'
	from /home/brayan/.rbenv/versions/3.0.3/lib/ruby/3.0.0/bundler/vendor/thor/lib/thor.rb:392:in `dispatch'
	from /home/brayan/.rbenv/versions/3.0.3/lib/ruby/3.0.0/bundler/cli.rb:31:in `dispatch'
	from /home/brayan/.rbenv/versions/3.0.3/lib/ruby/3.0.0/bundler/vendor/thor/lib/thor/base.rb:485:in `start'
	from /home/brayan/.rbenv/versions/3.0.3/lib/ruby/3.0.0/bundler/cli.rb:25:in `start'
	from /home/brayan/.rbenv/versions/3.0.3/lib/ruby/gems/3.0.0/gems/bundler-2.2.32/libexec/bundle:49:in `block in <top (required)>'
	from /home/brayan/.rbenv/versions/3.0.3/lib/ruby/3.0.0/bundler/friendly_errors.rb:103:in `with_friendly_errors'
	from /home/brayan/.rbenv/versions/3.0.3/lib/ruby/gems/3.0.0/gems/bundler-2.2.32/libexec/bundle:37:in `<top (required)>'
	from /home/brayan/.rbenv/versions/3.0.3/bin/bundle:23:in `load'
	from /home/brayan/.rbenv/versions/3.0.3/bin/bundle:23:in `<main>'

2024-01-04 09:25:42.146 [info] [Error - 9:25:42 AM] Server process exited with code 1.
2024-01-04 09:25:42.146 [info] [Error - 9:25:42 AM] Server initialization failed.
2024-01-04 09:25:42.146 [info]   Message: Pending response rejected since connection got disposed
  Code: -32097 
2024-01-04 09:25:42.146 [info] [Error - 9:25:42 AM] The Ruby LSP server crashed 5 times in the last 3 minutes. The server will not be restarted. See the output for more information.
2024-01-04 09:25:42.147 [info] [Error - 9:25:42 AM] Ruby LSP client: couldn't create connection to server.
2024-01-04 09:25:42.147 [info]   Message: Pending response rejected since connection got disposed
  Code: -32097 
2024-01-04 09:25:42.147 [info] [Error - 9:25:42 AM] Restarting server failed
2024-01-04 09:25:42.147 [info]   Message: Pending response rejected since connection got disposed
  Code: -32097 
2024-01-04 09:26:29.819 [error] Error restarting the server: Client is not running and can't be stopped. It's current state is: startFailed
2024-01-04 09:26:40.942 [error] Error restarting the server: Client is not running and can't be stopped. It's current state is: startFailed
2024-01-04 09:27:08.020 [error] Error restarting the server: Client is not running and can't be stopped. It's current state is: startFailed
2024-01-04 09:27:15.728 [error] Error restarting the server: Client is not running and can't be stopped. It's current state is: startFailed
2024-01-04 09:30:29.745 [error] Error restarting the server: Client is not running and can't be stopped. It's current state is: startFailed
2024-01-04 09:30:38.384 [error] Error restarting the server: Client is not running and can't be stopped. It's current state is: startFailed
