2024-01-10 17:01:35.041 [info] Added views:workbench.panel.markers.view in workbench.panel.markers
2024-01-10 17:01:35.041 [info] Added views:workbench.panel.output in workbench.panel.output
2024-01-10 17:01:35.041 [info] Added views:terminal in terminal
2024-01-10 17:01:35.041 [info] Added views:outline in workbench.view.explorer
2024-01-10 17:01:35.041 [info] Added views:workbench.scm in workbench.view.scm
2024-01-10 17:01:35.041 [info] Added views:workbench.view.search in workbench.view.search
2024-01-10 17:01:35.041 [info] Added views:timeline in workbench.view.explorer
2024-01-10 17:01:35.041 [info] Added views:workbench.explorer.fileView in workbench.view.explorer
2024-01-10 17:01:35.249 [info] Added views:gitlens.views.home,gitlens.views.drafts,gitlens.views.workspaces,gitlens.views.account in workbench.view.extension.gitlens
2024-01-10 17:01:35.251 [info] Added views:gitlens.views.commitDetails,gitlens.views.lineHistory,gitlens.views.fileHistory,gitlens.views.searchAndCompare in workbench.view.extension.gitlensInspect
2024-01-10 17:01:35.252 [info] Added views:gitlens.views.commits,gitlens.views.branches,gitlens.views.remotes,gitlens.views.stashes,gitlens.views.tags,gitlens.views.contributors in workbench.view.scm
2024-01-10 17:01:35.252 [info] Added views:dockerContainers,dockerImages,dockerRegistries,dockerNetworks,dockerVolumes,vscode-docker.views.dockerContexts,vscode-docker.views.help in workbench.view.extension.dockerView
2024-01-10 17:01:35.252 [info] Added views:targetsContainers,devVolumes in workbench.view.remote
2024-01-10 17:01:35.395 [info] Added views:workbench.debug.variablesView,workbench.debug.watchExpressionsView,workbench.debug.callStackView,workbench.debug.breakPointsView in workbench.view.debug
2024-01-10 17:01:35.419 [info] Added views:workbench.panel.repl.view in workbench.panel.repl
2024-01-10 17:01:35.421 [info] Removed views:workbench.debug.breakPointsView,workbench.debug.callStackView,workbench.debug.watchExpressionsView,workbench.debug.variablesView from workbench.view.debug
2024-01-10 17:01:35.421 [info] Added views:workbench.debug.welcome in workbench.view.debug
2024-01-10 17:01:35.610 [info] Removed views:gitlens.views.workspaces,gitlens.views.drafts from workbench.view.extension.gitlens
2024-01-10 17:01:35.639 [info] Removed views:gitlens.views.searchAndCompare,gitlens.views.fileHistory,gitlens.views.lineHistory,gitlens.views.commitDetails from workbench.view.extension.gitlensInspect
2024-01-10 17:01:35.639 [info] Removed views:gitlens.views.contributors,gitlens.views.tags,gitlens.views.stashes,gitlens.views.remotes,gitlens.views.branches,gitlens.views.commits from workbench.view.scm
2024-01-10 17:01:35.756 [info] Added views:~remote.forwardedPorts in ~remote.forwardedPortsContainer
2024-01-10 17:01:45.166 [info] Added views:gitlens.views.drafts,gitlens.views.workspaces in workbench.view.extension.gitlens
2024-01-10 17:01:45.178 [info] Added views:gitlens.views.graph,gitlens.views.graphDetails in workbench.view.extension.gitlensPanel
2024-01-10 17:01:45.180 [info] Added views:gitlens.views.commitDetails,gitlens.views.lineHistory,gitlens.views.fileHistory,gitlens.views.timeline,gitlens.views.searchAndCompare in workbench.view.extension.gitlensInspect
2024-01-10 17:01:45.181 [info] Added views:gitlens.views.commits,gitlens.views.branches,gitlens.views.remotes,gitlens.views.stashes,gitlens.views.tags,gitlens.views.worktrees,gitlens.views.contributors in workbench.view.scm
2024-01-10 17:01:45.253 [info] Added views:thunder-client-sidebar in workbench.view.extension.thunder-client
