2023-12-29 09:18:12.420 [info] Log level: Info
2023-12-29 09:18:12.420 [info] Validating found git in: "git"
2023-12-29 09:18:12.420 [info] Using git "2.34.1" from "git"
2023-12-29 09:18:12.420 [info] > git rev-parse --show-toplevel [5ms]
2023-12-29 09:18:12.428 [info] > git rev-parse --git-dir --git-common-dir [2ms]
2023-12-29 09:18:12.436 [info] Open repository: /home/brayan/work/web
2023-12-29 09:18:12.447 [info] > git config --get commit.template [3ms]
2023-12-29 09:18:12.448 [info] > git rev-parse --show-toplevel [2ms]
2023-12-29 09:18:12.457 [info] > git for-each-ref --format=%(refname)%00%(upstream:short)%00%(objectname)%00%(upstream:track)%00%(upstream:remotename)%00%(upstream:remoteref) refs/heads/SAAS-4023/generate-multiple-salary-payments refs/remotes/SAAS-4023/generate-multiple-salary-payments [5ms]
2023-12-29 09:18:12.465 [info] > git rev-parse --show-toplevel [9ms]
2023-12-29 09:18:12.476 [info] > git rev-parse --show-toplevel [2ms]
2023-12-29 09:18:12.485 [info] > git rev-parse --show-toplevel [4ms]
2023-12-29 09:18:12.494 [info] > git rev-parse --show-toplevel [1ms]
2023-12-29 09:18:12.503 [info] > git rev-parse --show-toplevel [2ms]
2023-12-29 09:18:12.509 [info] > git rev-parse --show-toplevel [0ms]
2023-12-29 09:18:12.515 [info] > git status -z -uall [52ms]
2023-12-29 09:18:12.526 [info] > git rev-parse --show-toplevel [11ms]
2023-12-29 09:18:12.531 [info] > git config --get commit.template [6ms]
2023-12-29 09:18:12.542 [info] > git rev-parse --show-toplevel [12ms]
2023-12-29 09:18:12.555 [info] > git rev-parse --show-toplevel [6ms]
2023-12-29 09:18:12.555 [info] > git for-each-ref --format=%(refname)%00%(upstream:short)%00%(objectname)%00%(upstream:track)%00%(upstream:remotename)%00%(upstream:remoteref) refs/heads/SAAS-4023/generate-multiple-salary-payments refs/remotes/SAAS-4023/generate-multiple-salary-payments [9ms]
2023-12-29 09:18:12.572 [info] > git rev-parse --show-toplevel [1ms]
2023-12-29 09:18:12.578 [info] > git status -z -uall [20ms]
2023-12-29 09:18:12.584 [info] > git rev-parse --show-toplevel [6ms]
2023-12-29 09:18:12.593 [info] > git rev-parse --show-toplevel [2ms]
2023-12-29 09:18:12.614 [info] > git rev-parse --show-toplevel [4ms]
2023-12-29 09:18:12.655 [info] > git rev-parse --show-toplevel [34ms]
2023-12-29 09:18:12.676 [info] > git rev-parse --show-toplevel [11ms]
2023-12-29 09:18:12.687 [info] > git rev-parse --show-toplevel [7ms]
2023-12-29 09:18:12.692 [info] > git rev-parse --show-toplevel [0ms]
2023-12-29 09:18:12.697 [info] > git rev-parse --show-toplevel [1ms]
2023-12-29 09:18:12.703 [info] > git rev-parse --show-toplevel [1ms]
2023-12-29 09:18:13.110 [info] > git check-ignore -v -z --stdin [9ms]
2023-12-29 09:18:13.474 [info] > git show --textconv :app/builders/salary_payments/full_time_builder.rb [6ms]
2023-12-29 09:18:13.475 [info] > git ls-files --stage -- /home/brayan/work/web/app/builders/salary_payments/full_time_builder.rb [2ms]
2023-12-29 09:18:17.207 [info] > git show --textconv :app/builders/salary_payments/salary_payment_director.rb [7ms]
2023-12-29 09:18:17.208 [info] > git ls-files --stage -- /home/brayan/work/web/app/builders/salary_payments/salary_payment_director.rb [2ms]
2023-12-29 09:18:17.565 [info] > git config --get commit.template [1ms]
2023-12-29 09:18:17.572 [info] > git for-each-ref --format=%(refname)%00%(upstream:short)%00%(objectname)%00%(upstream:track)%00%(upstream:remotename)%00%(upstream:remoteref) refs/heads/SAAS-4023/generate-multiple-salary-payments refs/remotes/SAAS-4023/generate-multiple-salary-payments [1ms]
2023-12-29 09:18:17.594 [info] > git status -z -uall [17ms]
2023-12-29 09:18:44.539 [info] > git config --get commit.template [1ms]
2023-12-29 09:18:44.544 [info] > git for-each-ref --format=%(refname)%00%(upstream:short)%00%(objectname)%00%(upstream:track)%00%(upstream:remotename)%00%(upstream:remoteref) refs/heads/SAAS-4023/generate-multiple-salary-payments refs/remotes/SAAS-4023/generate-multiple-salary-payments [1ms]
2023-12-29 09:18:44.559 [info] > git status -z -uall [12ms]
2023-12-29 09:18:51.927 [info] > git show --textconv :app/models/salary_payment.rb [5ms]
2023-12-29 09:18:51.928 [info] > git ls-files --stage -- /home/brayan/work/web/app/models/salary_payment.rb [2ms]
2023-12-29 09:18:51.936 [info] > git cat-file -s e339062d70bdb98ac5803c0b0ef47f0d55833428 [2ms]
2023-12-29 09:18:52.193 [info] > git check-ignore -v -z --stdin [5ms]
2023-12-29 09:20:42.217 [info] > git config --get commit.template [5ms]
2023-12-29 09:20:42.217 [info] > git for-each-ref --format=%(refname)%00%(upstream:short)%00%(objectname)%00%(upstream:track)%00%(upstream:remotename)%00%(upstream:remoteref) refs/heads/SAAS-4023/generate-multiple-salary-payments refs/remotes/SAAS-4023/generate-multiple-salary-payments [1ms]
2023-12-29 09:20:42.234 [info] > git status -z -uall [14ms]
2023-12-29 09:20:52.951 [info] > git config --get commit.template [1ms]
2023-12-29 09:20:52.958 [info] > git for-each-ref --format=%(refname)%00%(upstream:short)%00%(objectname)%00%(upstream:track)%00%(upstream:remotename)%00%(upstream:remoteref) refs/heads/SAAS-4023/generate-multiple-salary-payments refs/remotes/SAAS-4023/generate-multiple-salary-payments [2ms]
2023-12-29 09:20:52.977 [info] > git status -z -uall [15ms]
2023-12-29 09:20:59.023 [info] > git config --get commit.template [1ms]
2023-12-29 09:20:59.029 [info] > git for-each-ref --format=%(refname)%00%(upstream:short)%00%(objectname)%00%(upstream:track)%00%(upstream:remotename)%00%(upstream:remoteref) refs/heads/SAAS-4023/generate-multiple-salary-payments refs/remotes/SAAS-4023/generate-multiple-salary-payments [1ms]
2023-12-29 09:20:59.044 [info] > git status -z -uall [12ms]
2023-12-29 09:21:04.060 [info] > git config --get commit.template [6ms]
2023-12-29 09:21:04.061 [info] > git for-each-ref --format=%(refname)%00%(upstream:short)%00%(objectname)%00%(upstream:track)%00%(upstream:remotename)%00%(upstream:remoteref) refs/heads/SAAS-4023/generate-multiple-salary-payments refs/remotes/SAAS-4023/generate-multiple-salary-payments [2ms]
2023-12-29 09:21:04.077 [info] > git status -z -uall [12ms]
2023-12-29 09:21:14.081 [info] > git config --get commit.template [5ms]
2023-12-29 09:21:14.081 [info] > git for-each-ref --format=%(refname)%00%(upstream:short)%00%(objectname)%00%(upstream:track)%00%(upstream:remotename)%00%(upstream:remoteref) refs/heads/SAAS-4023/generate-multiple-salary-payments refs/remotes/SAAS-4023/generate-multiple-salary-payments [1ms]
2023-12-29 09:21:14.096 [info] > git status -z -uall [11ms]
2023-12-29 09:21:22.300 [info] > git config --get commit.template [1ms]
2023-12-29 09:21:22.305 [info] > git for-each-ref --format=%(refname)%00%(upstream:short)%00%(objectname)%00%(upstream:track)%00%(upstream:remotename)%00%(upstream:remoteref) refs/heads/SAAS-4023/generate-multiple-salary-payments refs/remotes/SAAS-4023/generate-multiple-salary-payments [1ms]
2023-12-29 09:21:22.321 [info] > git status -z -uall [12ms]
2023-12-29 09:21:31.293 [info] > git config --get commit.template [1ms]
2023-12-29 09:21:31.300 [info] > git for-each-ref --format=%(refname)%00%(upstream:short)%00%(objectname)%00%(upstream:track)%00%(upstream:remotename)%00%(upstream:remoteref) refs/heads/SAAS-4023/generate-multiple-salary-payments refs/remotes/SAAS-4023/generate-multiple-salary-payments [1ms]
2023-12-29 09:21:31.319 [info] > git status -z -uall [13ms]
2023-12-29 09:21:55.886 [info] > git config --get commit.template [7ms]
2023-12-29 09:21:55.887 [info] > git for-each-ref --format=%(refname)%00%(upstream:short)%00%(objectname)%00%(upstream:track)%00%(upstream:remotename)%00%(upstream:remoteref) refs/heads/SAAS-4023/generate-multiple-salary-payments refs/remotes/SAAS-4023/generate-multiple-salary-payments [2ms]
2023-12-29 09:21:55.903 [info] > git status -z -uall [13ms]
2023-12-29 09:22:00.924 [info] > git config --get commit.template [8ms]
2023-12-29 09:22:00.925 [info] > git for-each-ref --format=%(refname)%00%(upstream:short)%00%(objectname)%00%(upstream:track)%00%(upstream:remotename)%00%(upstream:remoteref) refs/heads/SAAS-4023/generate-multiple-salary-payments refs/remotes/SAAS-4023/generate-multiple-salary-payments [1ms]
2023-12-29 09:22:00.944 [info] > git status -z -uall [16ms]
2023-12-29 09:22:05.954 [info] > git config --get commit.template [1ms]
2023-12-29 09:22:05.960 [info] > git for-each-ref --format=%(refname)%00%(upstream:short)%00%(objectname)%00%(upstream:track)%00%(upstream:remotename)%00%(upstream:remoteref) refs/heads/SAAS-4023/generate-multiple-salary-payments refs/remotes/SAAS-4023/generate-multiple-salary-payments [1ms]
2023-12-29 09:22:05.974 [info] > git status -z -uall [11ms]
2023-12-29 09:22:10.999 [info] > git config --get commit.template [7ms]
2023-12-29 09:22:10.999 [info] > git for-each-ref --format=%(refname)%00%(upstream:short)%00%(objectname)%00%(upstream:track)%00%(upstream:remotename)%00%(upstream:remoteref) refs/heads/SAAS-4023/generate-multiple-salary-payments refs/remotes/SAAS-4023/generate-multiple-salary-payments [1ms]
2023-12-29 09:22:11.016 [info] > git status -z -uall [14ms]
2023-12-29 09:22:32.397 [info] > git config --get commit.template [7ms]
2023-12-29 09:22:32.398 [info] > git for-each-ref --format=%(refname)%00%(upstream:short)%00%(objectname)%00%(upstream:track)%00%(upstream:remotename)%00%(upstream:remoteref) refs/heads/SAAS-4023/generate-multiple-salary-payments refs/remotes/SAAS-4023/generate-multiple-salary-payments [1ms]
2023-12-29 09:22:32.413 [info] > git status -z -uall [12ms]
2023-12-29 09:23:01.550 [info] > git config --get commit.template [7ms]
2023-12-29 09:23:01.551 [info] > git for-each-ref --format=%(refname)%00%(upstream:short)%00%(objectname)%00%(upstream:track)%00%(upstream:remotename)%00%(upstream:remoteref) refs/heads/SAAS-4023/generate-multiple-salary-payments refs/remotes/SAAS-4023/generate-multiple-salary-payments [2ms]
2023-12-29 09:23:01.568 [info] > git status -z -uall [14ms]
2023-12-29 09:24:02.103 [info] > git show --textconv :app/services/remuneration/salary_payment_drafts/create_response.rb [8ms]
2023-12-29 09:24:02.104 [info] > git ls-files --stage -- /home/brayan/work/web/app/services/remuneration/salary_payment_drafts/create_response.rb [2ms]
2023-12-29 09:24:02.109 [info] > git cat-file -s 37f98da094844ab7ba8ffe0f812c88cfee6d23f9 [1ms]
2023-12-29 09:24:02.485 [info] > git check-ignore -v -z --stdin [8ms]
2023-12-29 09:24:07.701 [info] > git show --textconv :app/services/remuneration/salary_payment_drafts/base_response.rb [7ms]
2023-12-29 09:24:07.702 [info] > git ls-files --stage -- /home/brayan/work/web/app/services/remuneration/salary_payment_drafts/base_response.rb [1ms]
2023-12-29 09:24:07.710 [info] > git cat-file -s 2e4d3526875222d2be24b0b630c6e5487452d240 [1ms]
2023-12-29 09:24:22.037 [info] > git show --textconv :app/services/remuneration/salary_payment_drafts/create_response.rb [10ms]
2023-12-29 09:24:22.038 [info] > git ls-files --stage -- /home/brayan/work/web/app/services/remuneration/salary_payment_drafts/create_response.rb [2ms]
2023-12-29 09:24:22.042 [info] > git cat-file -s 37f98da094844ab7ba8ffe0f812c88cfee6d23f9 [0ms]
2023-12-29 09:24:46.688 [info] > git show --textconv :app/controllers/remuneration/salary_payment_drafts_controller.rb [8ms]
2023-12-29 09:24:46.689 [info] > git ls-files --stage -- /home/brayan/work/web/app/controllers/remuneration/salary_payment_drafts_controller.rb [3ms]
2023-12-29 09:24:46.695 [info] > git cat-file -s 868b938008f1a234e08dac6b1d728a331c16a13c [1ms]
2023-12-29 09:24:47.131 [info] > git check-ignore -v -z --stdin [6ms]
2023-12-29 09:25:06.525 [info] > git show --textconv :app/services/remuneration/salary_payment_drafts/index_response.rb [6ms]
2023-12-29 09:25:06.526 [info] > git ls-files --stage -- /home/brayan/work/web/app/services/remuneration/salary_payment_drafts/index_response.rb [2ms]
2023-12-29 09:25:06.531 [info] > git cat-file -s cbd0798a52929b3f5e208cf4d65888e2e0cad8c6 [1ms]
2023-12-29 09:25:06.877 [info] > git check-ignore -v -z --stdin [2ms]
2023-12-29 09:25:49.377 [info] > git config --get commit.template [8ms]
2023-12-29 09:25:49.377 [info] > git for-each-ref --format=%(refname)%00%(upstream:short)%00%(objectname)%00%(upstream:track)%00%(upstream:remotename)%00%(upstream:remoteref) refs/heads/SAAS-4023/generate-multiple-salary-payments refs/remotes/SAAS-4023/generate-multiple-salary-payments [1ms]
2023-12-29 09:25:49.397 [info] > git status -z -uall [15ms]
2023-12-29 09:26:04.921 [info] > git config --get commit.template [5ms]
2023-12-29 09:26:04.921 [info] > git for-each-ref --format=%(refname)%00%(upstream:short)%00%(objectname)%00%(upstream:track)%00%(upstream:remotename)%00%(upstream:remoteref) refs/heads/SAAS-4023/generate-multiple-salary-payments refs/remotes/SAAS-4023/generate-multiple-salary-payments [1ms]
2023-12-29 09:26:04.936 [info] > git status -z -uall [12ms]
2023-12-29 09:26:09.956 [info] > git config --get commit.template [6ms]
2023-12-29 09:26:09.956 [info] > git for-each-ref --format=%(refname)%00%(upstream:short)%00%(objectname)%00%(upstream:track)%00%(upstream:remotename)%00%(upstream:remoteref) refs/heads/SAAS-4023/generate-multiple-salary-payments refs/remotes/SAAS-4023/generate-multiple-salary-payments [1ms]
2023-12-29 09:26:09.972 [info] > git status -z -uall [11ms]
2023-12-29 09:26:14.986 [info] > git config --get commit.template [2ms]
2023-12-29 09:26:14.993 [info] > git for-each-ref --format=%(refname)%00%(upstream:short)%00%(objectname)%00%(upstream:track)%00%(upstream:remotename)%00%(upstream:remoteref) refs/heads/SAAS-4023/generate-multiple-salary-payments refs/remotes/SAAS-4023/generate-multiple-salary-payments [1ms]
2023-12-29 09:26:15.010 [info] > git status -z -uall [14ms]
2023-12-29 09:26:20.027 [info] > git config --get commit.template [6ms]
2023-12-29 09:26:20.028 [info] > git for-each-ref --format=%(refname)%00%(upstream:short)%00%(objectname)%00%(upstream:track)%00%(upstream:remotename)%00%(upstream:remoteref) refs/heads/SAAS-4023/generate-multiple-salary-payments refs/remotes/SAAS-4023/generate-multiple-salary-payments [1ms]
2023-12-29 09:26:20.050 [info] > git status -z -uall [17ms]
2023-12-29 09:26:47.556 [info] > git show --textconv :app/queries/remunerations/salary_payment_drafts_queries.rb [7ms]
2023-12-29 09:26:47.557 [info] > git ls-files --stage -- /home/brayan/work/web/app/queries/remunerations/salary_payment_drafts_queries.rb [1ms]
2023-12-29 09:26:47.563 [info] > git cat-file -s 66b7d70fc0a8bc5f97dfbd8467f84a4cb92269a7 [1ms]
2023-12-29 09:26:47.922 [info] > git check-ignore -v -z --stdin [8ms]
2023-12-29 09:28:07.741 [info] > git config --get commit.template [6ms]
2023-12-29 09:28:07.741 [info] > git for-each-ref --format=%(refname)%00%(upstream:short)%00%(objectname)%00%(upstream:track)%00%(upstream:remotename)%00%(upstream:remoteref) refs/heads/SAAS-4023/generate-multiple-salary-payments refs/remotes/SAAS-4023/generate-multiple-salary-payments [1ms]
2023-12-29 09:28:07.756 [info] > git status -z -uall [11ms]
2023-12-29 09:28:12.782 [info] > git config --get commit.template [1ms]
2023-12-29 09:28:12.789 [info] > git for-each-ref --format=%(refname)%00%(upstream:short)%00%(objectname)%00%(upstream:track)%00%(upstream:remotename)%00%(upstream:remoteref) refs/heads/SAAS-4023/generate-multiple-salary-payments refs/remotes/SAAS-4023/generate-multiple-salary-payments [1ms]
2023-12-29 09:28:12.807 [info] > git status -z -uall [12ms]
2023-12-29 09:28:18.783 [info] > git config --get commit.template [7ms]
2023-12-29 09:28:18.783 [info] > git for-each-ref --format=%(refname)%00%(upstream:short)%00%(objectname)%00%(upstream:track)%00%(upstream:remotename)%00%(upstream:remoteref) refs/heads/SAAS-4023/generate-multiple-salary-payments refs/remotes/SAAS-4023/generate-multiple-salary-payments [1ms]
2023-12-29 09:28:18.801 [info] > git status -z -uall [12ms]
2023-12-29 09:28:27.135 [info] > git config --get commit.template [6ms]
2023-12-29 09:28:27.136 [info] > git for-each-ref --format=%(refname)%00%(upstream:short)%00%(objectname)%00%(upstream:track)%00%(upstream:remotename)%00%(upstream:remoteref) refs/heads/SAAS-4023/generate-multiple-salary-payments refs/remotes/SAAS-4023/generate-multiple-salary-payments [1ms]
2023-12-29 09:28:27.153 [info] > git status -z -uall [13ms]
2023-12-29 09:28:32.174 [info] > git config --get commit.template [9ms]
2023-12-29 09:28:32.174 [info] > git for-each-ref --format=%(refname)%00%(upstream:short)%00%(objectname)%00%(upstream:track)%00%(upstream:remotename)%00%(upstream:remoteref) refs/heads/SAAS-4023/generate-multiple-salary-payments refs/remotes/SAAS-4023/generate-multiple-salary-payments [1ms]
2023-12-29 09:28:32.190 [info] > git status -z -uall [13ms]
2023-12-29 09:28:43.702 [info] > git config --get commit.template [2ms]
2023-12-29 09:28:43.708 [info] > git for-each-ref --format=%(refname)%00%(upstream:short)%00%(objectname)%00%(upstream:track)%00%(upstream:remotename)%00%(upstream:remoteref) refs/heads/SAAS-4023/generate-multiple-salary-payments refs/remotes/SAAS-4023/generate-multiple-salary-payments [1ms]
2023-12-29 09:28:43.725 [info] > git status -z -uall [14ms]
2023-12-29 09:29:41.845 [info] > git show --textconv :db/schema.rb [5ms]
2023-12-29 09:29:41.847 [info] > git ls-files --stage -- /home/brayan/work/web/db/schema.rb [3ms]
2023-12-29 09:29:41.854 [info] > git cat-file -s 9d876cdd192c74ad755f4a7c451d334f5a2efbc7 [2ms]
2023-12-29 09:29:42.209 [info] > git check-ignore -v -z --stdin [8ms]
2023-12-29 09:30:45.390 [info] > git config --get commit.template [7ms]
2023-12-29 09:30:45.390 [info] > git for-each-ref --format=%(refname)%00%(upstream:short)%00%(objectname)%00%(upstream:track)%00%(upstream:remotename)%00%(upstream:remoteref) refs/heads/SAAS-4023/generate-multiple-salary-payments refs/remotes/SAAS-4023/generate-multiple-salary-payments [1ms]
2023-12-29 09:30:45.421 [info] > git status -z -uall [26ms]
2023-12-29 09:30:50.435 [info] > git config --get commit.template [4ms]
2023-12-29 09:30:50.435 [info] > git for-each-ref --format=%(refname)%00%(upstream:short)%00%(objectname)%00%(upstream:track)%00%(upstream:remotename)%00%(upstream:remoteref) refs/heads/SAAS-4023/generate-multiple-salary-payments refs/remotes/SAAS-4023/generate-multiple-salary-payments [1ms]
2023-12-29 09:30:50.449 [info] > git status -z -uall [11ms]
2023-12-29 09:30:55.772 [info] > git config --get commit.template [1ms]
2023-12-29 09:30:55.776 [info] > git for-each-ref --format=%(refname)%00%(upstream:short)%00%(objectname)%00%(upstream:track)%00%(upstream:remotename)%00%(upstream:remoteref) refs/heads/SAAS-4023/generate-multiple-salary-payments refs/remotes/SAAS-4023/generate-multiple-salary-payments [1ms]
2023-12-29 09:30:55.795 [info] > git status -z -uall [15ms]
2023-12-29 09:31:38.828 [info] > git config --get commit.template [7ms]
2023-12-29 09:31:38.829 [info] > git for-each-ref --format=%(refname)%00%(upstream:short)%00%(objectname)%00%(upstream:track)%00%(upstream:remotename)%00%(upstream:remoteref) refs/heads/SAAS-4023/generate-multiple-salary-payments refs/remotes/SAAS-4023/generate-multiple-salary-payments [2ms]
2023-12-29 09:31:38.856 [info] > git status -z -uall [19ms]
2023-12-29 09:31:43.872 [info] > git config --get commit.template [6ms]
2023-12-29 09:31:43.873 [info] > git for-each-ref --format=%(refname)%00%(upstream:short)%00%(objectname)%00%(upstream:track)%00%(upstream:remotename)%00%(upstream:remoteref) refs/heads/SAAS-4023/generate-multiple-salary-payments refs/remotes/SAAS-4023/generate-multiple-salary-payments [1ms]
2023-12-29 09:31:43.894 [info] > git status -z -uall [18ms]
2023-12-29 09:33:22.152 [info] > git config --get commit.template [2ms]
2023-12-29 09:33:22.161 [info] > git for-each-ref --format=%(refname)%00%(upstream:short)%00%(objectname)%00%(upstream:track)%00%(upstream:remotename)%00%(upstream:remoteref) refs/heads/SAAS-4023/generate-multiple-salary-payments refs/remotes/SAAS-4023/generate-multiple-salary-payments [1ms]
2023-12-29 09:33:22.186 [info] > git status -z -uall [17ms]
2023-12-29 09:33:27.889 [info] > git config --get commit.template [1ms]
2023-12-29 09:33:27.895 [info] > git for-each-ref --format=%(refname)%00%(upstream:short)%00%(objectname)%00%(upstream:track)%00%(upstream:remotename)%00%(upstream:remoteref) refs/heads/SAAS-4023/generate-multiple-salary-payments refs/remotes/SAAS-4023/generate-multiple-salary-payments [1ms]
2023-12-29 09:33:27.918 [info] > git status -z -uall [17ms]
2023-12-29 09:33:32.932 [info] > git config --get commit.template [4ms]
2023-12-29 09:33:32.932 [info] > git for-each-ref --format=%(refname)%00%(upstream:short)%00%(objectname)%00%(upstream:track)%00%(upstream:remotename)%00%(upstream:remoteref) refs/heads/SAAS-4023/generate-multiple-salary-payments refs/remotes/SAAS-4023/generate-multiple-salary-payments [1ms]
2023-12-29 09:33:32.952 [info] > git status -z -uall [17ms]
2023-12-29 09:33:38.585 [info] > git config --get commit.template [7ms]
2023-12-29 09:33:38.586 [info] > git for-each-ref --format=%(refname)%00%(upstream:short)%00%(objectname)%00%(upstream:track)%00%(upstream:remotename)%00%(upstream:remoteref) refs/heads/SAAS-4023/generate-multiple-salary-payments refs/remotes/SAAS-4023/generate-multiple-salary-payments [2ms]
2023-12-29 09:33:38.605 [info] > git status -z -uall [13ms]
2023-12-29 09:33:49.428 [info] > git show --textconv :app/queries/remunerations/salary_payment_drafts_queries.rb [6ms]
2023-12-29 09:33:49.429 [info] > git ls-files --stage -- /home/brayan/work/web/app/queries/remunerations/salary_payment_drafts_queries.rb [1ms]
2023-12-29 09:33:49.434 [info] > git cat-file -s 66b7d70fc0a8bc5f97dfbd8467f84a4cb92269a7 [1ms]
2023-12-29 09:35:02.966 [info] > git show --textconv :app/models/employee.rb [6ms]
2023-12-29 09:35:02.967 [info] > git ls-files --stage -- /home/brayan/work/web/app/models/employee.rb [2ms]
2023-12-29 09:35:02.974 [info] > git cat-file -s 877df014cba084af18e7a7d0846e15d60f6884a2 [1ms]
2023-12-29 09:35:03.330 [info] > git check-ignore -v -z --stdin [6ms]
2023-12-29 09:35:24.070 [info] > git show --textconv :app/queries/remunerations/salary_payment_drafts_queries.rb [7ms]
2023-12-29 09:35:24.071 [info] > git ls-files --stage -- /home/brayan/work/web/app/queries/remunerations/salary_payment_drafts_queries.rb [2ms]
2023-12-29 09:35:24.076 [info] > git cat-file -s 66b7d70fc0a8bc5f97dfbd8467f84a4cb92269a7 [1ms]
2023-12-29 09:35:37.580 [info] > git config --get commit.template [7ms]
2023-12-29 09:35:37.582 [info] > git for-each-ref --format=%(refname)%00%(upstream:short)%00%(objectname)%00%(upstream:track)%00%(upstream:remotename)%00%(upstream:remoteref) refs/heads/SAAS-4023/generate-multiple-salary-payments refs/remotes/SAAS-4023/generate-multiple-salary-payments [2ms]
2023-12-29 09:35:37.597 [info] > git status -z -uall [12ms]
2023-12-29 09:35:54.772 [info] > git config --get commit.template [2ms]
2023-12-29 09:35:54.778 [info] > git for-each-ref --format=%(refname)%00%(upstream:short)%00%(objectname)%00%(upstream:track)%00%(upstream:remotename)%00%(upstream:remoteref) refs/heads/SAAS-4023/generate-multiple-salary-payments refs/remotes/SAAS-4023/generate-multiple-salary-payments [1ms]
2023-12-29 09:35:54.793 [info] > git status -z -uall [11ms]
2023-12-29 09:36:02.469 [info] > git config --get commit.template [8ms]
2023-12-29 09:36:02.470 [info] > git for-each-ref --format=%(refname)%00%(upstream:short)%00%(objectname)%00%(upstream:track)%00%(upstream:remotename)%00%(upstream:remoteref) refs/heads/SAAS-4023/generate-multiple-salary-payments refs/remotes/SAAS-4023/generate-multiple-salary-payments [1ms]
2023-12-29 09:36:02.490 [info] > git status -z -uall [15ms]
2023-12-29 09:36:44.753 [info] > git config --get commit.template [7ms]
2023-12-29 09:36:44.754 [info] > git for-each-ref --format=%(refname)%00%(upstream:short)%00%(objectname)%00%(upstream:track)%00%(upstream:remotename)%00%(upstream:remoteref) refs/heads/SAAS-4023/generate-multiple-salary-payments refs/remotes/SAAS-4023/generate-multiple-salary-payments [2ms]
2023-12-29 09:36:44.772 [info] > git status -z -uall [13ms]
2023-12-29 09:36:53.186 [info] > git config --get commit.template [7ms]
2023-12-29 09:36:53.187 [info] > git for-each-ref --format=%(refname)%00%(upstream:short)%00%(objectname)%00%(upstream:track)%00%(upstream:remotename)%00%(upstream:remoteref) refs/heads/SAAS-4023/generate-multiple-salary-payments refs/remotes/SAAS-4023/generate-multiple-salary-payments [2ms]
2023-12-29 09:36:53.207 [info] > git status -z -uall [14ms]
2023-12-29 09:37:10.884 [info] > git config --get commit.template [7ms]
2023-12-29 09:37:10.885 [info] > git for-each-ref --format=%(refname)%00%(upstream:short)%00%(objectname)%00%(upstream:track)%00%(upstream:remotename)%00%(upstream:remoteref) refs/heads/SAAS-4023/generate-multiple-salary-payments refs/remotes/SAAS-4023/generate-multiple-salary-payments [2ms]
2023-12-29 09:37:10.903 [info] > git status -z -uall [14ms]
2023-12-29 09:37:40.271 [info] > git config --get commit.template [1ms]
2023-12-29 09:37:40.278 [info] > git for-each-ref --format=%(refname)%00%(upstream:short)%00%(objectname)%00%(upstream:track)%00%(upstream:remotename)%00%(upstream:remoteref) refs/heads/SAAS-4023/generate-multiple-salary-payments refs/remotes/SAAS-4023/generate-multiple-salary-payments [2ms]
2023-12-29 09:37:40.299 [info] > git status -z -uall [16ms]
2023-12-29 09:37:46.731 [info] > git show --textconv :app/services/remuneration/salary_payment_drafts/create_response.rb [4ms]
2023-12-29 09:37:46.732 [info] > git ls-files --stage -- /home/brayan/work/web/app/services/remuneration/salary_payment_drafts/create_response.rb [2ms]
2023-12-29 09:37:46.738 [info] > git cat-file -s 37f98da094844ab7ba8ffe0f812c88cfee6d23f9 [1ms]
2023-12-29 09:37:49.192 [info] > git show --textconv :app/models/salary.rb [8ms]
2023-12-29 09:37:49.194 [info] > git ls-files --stage -- /home/brayan/work/web/app/models/salary.rb [2ms]
2023-12-29 09:37:49.199 [info] > git cat-file -s 520072e398a588f5b6489b4505b7a56b9daa1b1a [1ms]
2023-12-29 09:37:57.080 [info] > git show --textconv :app/models/finiquito.rb [10ms]
2023-12-29 09:37:57.082 [info] > git ls-files --stage -- /home/brayan/work/web/app/models/finiquito.rb [3ms]
2023-12-29 09:37:57.089 [info] > git cat-file -s a673d61d90a48564f9752febfd4aaa1d83b528a6 [1ms]
2023-12-29 09:37:57.356 [info] > git check-ignore -v -z --stdin [2ms]
2023-12-29 09:38:37.628 [info] > git config --get commit.template [5ms]
2023-12-29 09:38:37.628 [info] > git for-each-ref --format=%(refname)%00%(upstream:short)%00%(objectname)%00%(upstream:track)%00%(upstream:remotename)%00%(upstream:remoteref) refs/heads/SAAS-4023/generate-multiple-salary-payments refs/remotes/SAAS-4023/generate-multiple-salary-payments [1ms]
2023-12-29 09:38:37.643 [info] > git status -z -uall [12ms]
2023-12-29 09:38:55.466 [info] > git config --get commit.template [7ms]
2023-12-29 09:38:55.467 [info] > git for-each-ref --format=%(refname)%00%(upstream:short)%00%(objectname)%00%(upstream:track)%00%(upstream:remotename)%00%(upstream:remoteref) refs/heads/SAAS-4023/generate-multiple-salary-payments refs/remotes/SAAS-4023/generate-multiple-salary-payments [2ms]
2023-12-29 09:38:55.488 [info] > git status -z -uall [14ms]
2023-12-29 09:39:23.929 [info] > git show --textconv :app/controllers/remuneration/salary_payment_drafts_controller.rb [4ms]
2023-12-29 09:39:23.930 [info] > git ls-files --stage -- /home/brayan/work/web/app/controllers/remuneration/salary_payment_drafts_controller.rb [1ms]
2023-12-29 09:39:23.938 [info] > git cat-file -s 868b938008f1a234e08dac6b1d728a331c16a13c [1ms]
2023-12-29 09:39:25.977 [info] > git show --textconv :app/services/remuneration/salary_payment_drafts/index_response.rb [12ms]
2023-12-29 09:39:25.978 [info] > git ls-files --stage -- /home/brayan/work/web/app/services/remuneration/salary_payment_drafts/index_response.rb [2ms]
2023-12-29 09:39:25.991 [info] > git cat-file -s cbd0798a52929b3f5e208cf4d65888e2e0cad8c6 [3ms]
2023-12-29 09:39:27.015 [info] > git show --textconv :app/queries/remunerations/salary_payment_drafts_queries.rb [6ms]
2023-12-29 09:39:27.017 [info] > git ls-files --stage -- /home/brayan/work/web/app/queries/remunerations/salary_payment_drafts_queries.rb [2ms]
2023-12-29 09:39:27.024 [info] > git cat-file -s 66b7d70fc0a8bc5f97dfbd8467f84a4cb92269a7 [1ms]
2023-12-29 09:39:34.672 [info] > git config --get commit.template [1ms]
2023-12-29 09:39:34.680 [info] > git for-each-ref --format=%(refname)%00%(upstream:short)%00%(objectname)%00%(upstream:track)%00%(upstream:remotename)%00%(upstream:remoteref) refs/heads/SAAS-4023/generate-multiple-salary-payments refs/remotes/SAAS-4023/generate-multiple-salary-payments [1ms]
2023-12-29 09:39:34.699 [info] > git status -z -uall [14ms]
2023-12-29 09:39:45.192 [info] > git config --get commit.template [7ms]
2023-12-29 09:39:45.193 [info] > git for-each-ref --format=%(refname)%00%(upstream:short)%00%(objectname)%00%(upstream:track)%00%(upstream:remotename)%00%(upstream:remoteref) refs/heads/SAAS-4023/generate-multiple-salary-payments refs/remotes/SAAS-4023/generate-multiple-salary-payments [2ms]
2023-12-29 09:39:45.210 [info] > git status -z -uall [13ms]
2023-12-29 09:39:54.770 [info] > git for-each-ref --format=%(refname)%00%(upstream:short)%00%(objectname)%00%(upstream:track)%00%(upstream:remotename)%00%(upstream:remoteref) refs/heads/SAAS-4023/generate-multiple-salary-payments refs/remotes/SAAS-4023/generate-multiple-salary-payments [2ms]
2023-12-29 09:39:54.770 [info] > git config --get commit.template [7ms]
2023-12-29 09:39:54.789 [info] > git status -z -uall [14ms]
2023-12-29 09:40:13.063 [info] > git config --get commit.template [6ms]
2023-12-29 09:40:13.064 [info] > git for-each-ref --format=%(refname)%00%(upstream:short)%00%(objectname)%00%(upstream:track)%00%(upstream:remotename)%00%(upstream:remoteref) refs/heads/SAAS-4023/generate-multiple-salary-payments refs/remotes/SAAS-4023/generate-multiple-salary-payments [2ms]
2023-12-29 09:40:13.082 [info] > git status -z -uall [13ms]
2023-12-29 09:40:24.024 [info] > git config --get commit.template [0ms]
2023-12-29 09:40:24.028 [info] > git for-each-ref --format=%(refname)%00%(upstream:short)%00%(objectname)%00%(upstream:track)%00%(upstream:remotename)%00%(upstream:remoteref) refs/heads/SAAS-4023/generate-multiple-salary-payments refs/remotes/SAAS-4023/generate-multiple-salary-payments [1ms]
2023-12-29 09:40:24.042 [info] > git status -z -uall [11ms]
2023-12-29 09:40:34.942 [info] > git config --get commit.template [1ms]
2023-12-29 09:40:34.948 [info] > git for-each-ref --format=%(refname)%00%(upstream:short)%00%(objectname)%00%(upstream:track)%00%(upstream:remotename)%00%(upstream:remoteref) refs/heads/SAAS-4023/generate-multiple-salary-payments refs/remotes/SAAS-4023/generate-multiple-salary-payments [1ms]
2023-12-29 09:40:34.967 [info] > git status -z -uall [15ms]
2023-12-29 09:40:36.256 [info] > git show --textconv :app/services/remuneration/salary_payment_drafts/index_response.rb [5ms]
2023-12-29 09:40:36.256 [info] > git ls-files --stage -- /home/brayan/work/web/app/services/remuneration/salary_payment_drafts/index_response.rb [1ms]
2023-12-29 09:40:36.264 [info] > git cat-file -s cbd0798a52929b3f5e208cf4d65888e2e0cad8c6 [1ms]
2023-12-29 09:40:38.166 [info] > git show --textconv :app/services/remuneration/salary_payment_drafts/create_response.rb [9ms]
2023-12-29 09:40:38.167 [info] > git ls-files --stage -- /home/brayan/work/web/app/services/remuneration/salary_payment_drafts/create_response.rb [2ms]
2023-12-29 09:40:38.171 [info] > git cat-file -s 37f98da094844ab7ba8ffe0f812c88cfee6d23f9 [0ms]
2023-12-29 09:40:39.843 [info] > git show --textconv :app/models/salary.rb [4ms]
2023-12-29 09:40:39.844 [info] > git ls-files --stage -- /home/brayan/work/web/app/models/salary.rb [1ms]
2023-12-29 09:40:39.852 [info] > git cat-file -s 520072e398a588f5b6489b4505b7a56b9daa1b1a [1ms]
2023-12-29 09:40:40.374 [info] > git show --textconv :app/controllers/remuneration/salary_payment_drafts_controller.rb [6ms]
2023-12-29 09:40:40.375 [info] > git ls-files --stage -- /home/brayan/work/web/app/controllers/remuneration/salary_payment_drafts_controller.rb [1ms]
2023-12-29 09:40:40.381 [info] > git cat-file -s 868b938008f1a234e08dac6b1d728a331c16a13c [2ms]
2023-12-29 09:40:41.416 [info] > git show --textconv :app/services/remuneration/salary_payment_drafts/index_response.rb [7ms]
2023-12-29 09:40:41.417 [info] > git ls-files --stage -- /home/brayan/work/web/app/services/remuneration/salary_payment_drafts/index_response.rb [2ms]
2023-12-29 09:40:41.422 [info] > git cat-file -s cbd0798a52929b3f5e208cf4d65888e2e0cad8c6 [0ms]
2023-12-29 09:40:42.561 [info] > git show --textconv :app/models/employee.rb [16ms]
2023-12-29 09:40:42.562 [info] > git ls-files --stage -- /home/brayan/work/web/app/models/employee.rb [2ms]
2023-12-29 09:40:42.571 [info] > git cat-file -s 877df014cba084af18e7a7d0846e15d60f6884a2 [2ms]
2023-12-29 09:40:46.942 [info] > git show --textconv :app/queries/remunerations/salary_payment_drafts_queries.rb [8ms]
2023-12-29 09:40:46.943 [info] > git ls-files --stage -- /home/brayan/work/web/app/queries/remunerations/salary_payment_drafts_queries.rb [1ms]
2023-12-29 09:40:46.947 [info] > git cat-file -s 66b7d70fc0a8bc5f97dfbd8467f84a4cb92269a7 [1ms]
2023-12-29 09:42:07.503 [info] > git config --get commit.template [7ms]
2023-12-29 09:42:07.504 [info] > git for-each-ref --format=%(refname)%00%(upstream:short)%00%(objectname)%00%(upstream:track)%00%(upstream:remotename)%00%(upstream:remoteref) refs/heads/SAAS-4023/generate-multiple-salary-payments refs/remotes/SAAS-4023/generate-multiple-salary-payments [1ms]
2023-12-29 09:42:07.521 [info] > git status -z -uall [13ms]
2023-12-29 09:42:12.853 [info] > git config --get commit.template [1ms]
2023-12-29 09:42:12.857 [info] > git for-each-ref --format=%(refname)%00%(upstream:short)%00%(objectname)%00%(upstream:track)%00%(upstream:remotename)%00%(upstream:remoteref) refs/heads/SAAS-4023/generate-multiple-salary-payments refs/remotes/SAAS-4023/generate-multiple-salary-payments [1ms]
2023-12-29 09:42:12.874 [info] > git status -z -uall [15ms]
2023-12-29 09:42:22.116 [info] > git config --get commit.template [6ms]
2023-12-29 09:42:22.117 [info] > git for-each-ref --format=%(refname)%00%(upstream:short)%00%(objectname)%00%(upstream:track)%00%(upstream:remotename)%00%(upstream:remoteref) refs/heads/SAAS-4023/generate-multiple-salary-payments refs/remotes/SAAS-4023/generate-multiple-salary-payments [1ms]
2023-12-29 09:42:22.135 [info] > git status -z -uall [14ms]
2023-12-29 09:45:00.944 [info] > git show --textconv :app/models/salary_payment.rb [6ms]
2023-12-29 09:45:00.946 [info] > git ls-files --stage -- /home/brayan/work/web/app/models/salary_payment.rb [2ms]
2023-12-29 09:45:00.953 [info] > git cat-file -s e339062d70bdb98ac5803c0b0ef47f0d55833428 [1ms]
2023-12-29 09:45:09.030 [info] > git show --textconv :app/controllers/remuneration/salary_payments_controller.rb [7ms]
2023-12-29 09:45:09.031 [info] > git ls-files --stage -- /home/brayan/work/web/app/controllers/remuneration/salary_payments_controller.rb [2ms]
2023-12-29 09:45:09.039 [info] > git cat-file -s 656803beb6181acd3e7c64e7b9312ede5e83218a [1ms]
2023-12-29 09:45:09.384 [info] > git check-ignore -v -z --stdin [2ms]
2023-12-29 09:46:20.824 [info] > git show --textconv :app/models/salary_payment.rb [5ms]
2023-12-29 09:46:20.826 [info] > git ls-files --stage -- /home/brayan/work/web/app/models/salary_payment.rb [2ms]
2023-12-29 09:46:20.834 [info] > git cat-file -s e339062d70bdb98ac5803c0b0ef47f0d55833428 [1ms]
2023-12-29 09:47:13.998 [info] > git show --textconv :app/controllers/remuneration/salary_payments_controller.rb [12ms]
2023-12-29 09:47:13.998 [info] > git ls-files --stage -- /home/brayan/work/web/app/controllers/remuneration/salary_payments_controller.rb [1ms]
2023-12-29 09:47:14.004 [info] > git cat-file -s 656803beb6181acd3e7c64e7b9312ede5e83218a [2ms]
2023-12-29 09:47:18.657 [info] > git config --get commit.template [6ms]
2023-12-29 09:47:18.658 [info] > git for-each-ref --format=%(refname)%00%(upstream:short)%00%(objectname)%00%(upstream:track)%00%(upstream:remotename)%00%(upstream:remoteref) refs/heads/SAAS-4023/generate-multiple-salary-payments refs/remotes/SAAS-4023/generate-multiple-salary-payments [2ms]
2023-12-29 09:47:18.678 [info] > git status -z -uall [15ms]
2023-12-29 09:47:27.170 [info] > git config --get commit.template [1ms]
2023-12-29 09:47:27.175 [info] > git for-each-ref --format=%(refname)%00%(upstream:short)%00%(objectname)%00%(upstream:track)%00%(upstream:remotename)%00%(upstream:remoteref) refs/heads/SAAS-4023/generate-multiple-salary-payments refs/remotes/SAAS-4023/generate-multiple-salary-payments [1ms]
2023-12-29 09:47:27.191 [info] > git status -z -uall [13ms]
2023-12-29 09:47:59.525 [info] > git config --get commit.template [1ms]
2023-12-29 09:47:59.531 [info] > git for-each-ref --format=%(refname)%00%(upstream:short)%00%(objectname)%00%(upstream:track)%00%(upstream:remotename)%00%(upstream:remoteref) refs/heads/SAAS-4023/generate-multiple-salary-payments refs/remotes/SAAS-4023/generate-multiple-salary-payments [1ms]
2023-12-29 09:47:59.551 [info] > git status -z -uall [15ms]
2023-12-29 09:48:02.508 [info] > git show --textconv :app/models/salary.rb [5ms]
2023-12-29 09:48:02.510 [info] > git ls-files --stage -- /home/brayan/work/web/app/models/salary.rb [3ms]
2023-12-29 09:48:02.519 [info] > git cat-file -s 520072e398a588f5b6489b4505b7a56b9daa1b1a [1ms]
2023-12-29 09:48:04.568 [info] > git config --get commit.template [1ms]
2023-12-29 09:48:04.573 [info] > git for-each-ref --format=%(refname)%00%(upstream:short)%00%(objectname)%00%(upstream:track)%00%(upstream:remotename)%00%(upstream:remoteref) refs/heads/SAAS-4023/generate-multiple-salary-payments refs/remotes/SAAS-4023/generate-multiple-salary-payments [1ms]
2023-12-29 09:48:04.591 [info] > git status -z -uall [14ms]
2023-12-29 09:48:05.439 [info] > git show --textconv :app/models/salary_payment.rb [8ms]
2023-12-29 09:48:05.441 [info] > git ls-files --stage -- /home/brayan/work/web/app/models/salary_payment.rb [2ms]
2023-12-29 09:48:05.448 [info] > git cat-file -s e339062d70bdb98ac5803c0b0ef47f0d55833428 [1ms]
2023-12-29 09:48:45.887 [info] > git config --get commit.template [8ms]
2023-12-29 09:48:45.888 [info] > git for-each-ref --format=%(refname)%00%(upstream:short)%00%(objectname)%00%(upstream:track)%00%(upstream:remotename)%00%(upstream:remoteref) refs/heads/SAAS-4023/generate-multiple-salary-payments refs/remotes/SAAS-4023/generate-multiple-salary-payments [2ms]
2023-12-29 09:48:45.906 [info] > git status -z -uall [15ms]
2023-12-29 09:49:17.830 [info] > git config --get commit.template [4ms]
2023-12-29 09:49:17.830 [info] > git for-each-ref --format=%(refname)%00%(upstream:short)%00%(objectname)%00%(upstream:track)%00%(upstream:remotename)%00%(upstream:remoteref) refs/heads/SAAS-4023/generate-multiple-salary-payments refs/remotes/SAAS-4023/generate-multiple-salary-payments [1ms]
2023-12-29 09:49:17.844 [info] > git status -z -uall [11ms]
2023-12-29 09:49:22.879 [info] > git config --get commit.template [7ms]
2023-12-29 09:49:22.879 [info] > git for-each-ref --format=%(refname)%00%(upstream:short)%00%(objectname)%00%(upstream:track)%00%(upstream:remotename)%00%(upstream:remoteref) refs/heads/SAAS-4023/generate-multiple-salary-payments refs/remotes/SAAS-4023/generate-multiple-salary-payments [1ms]
2023-12-29 09:49:22.897 [info] > git status -z -uall [13ms]
2023-12-29 09:49:43.597 [info] > git config --get commit.template [12ms]
2023-12-29 09:49:43.597 [info] > git for-each-ref --format=%(refname)%00%(upstream:short)%00%(objectname)%00%(upstream:track)%00%(upstream:remotename)%00%(upstream:remoteref) refs/heads/SAAS-4023/generate-multiple-salary-payments refs/remotes/SAAS-4023/generate-multiple-salary-payments [2ms]
2023-12-29 09:49:43.620 [info] > git status -z -uall [16ms]
2023-12-29 09:49:48.640 [info] > git config --get commit.template [1ms]
2023-12-29 09:49:48.645 [info] > git for-each-ref --format=%(refname)%00%(upstream:short)%00%(objectname)%00%(upstream:track)%00%(upstream:remotename)%00%(upstream:remoteref) refs/heads/SAAS-4023/generate-multiple-salary-payments refs/remotes/SAAS-4023/generate-multiple-salary-payments [1ms]
2023-12-29 09:49:48.668 [info] > git status -z -uall [15ms]
2023-12-29 09:49:54.237 [info] > git show --textconv :app/models/salary.rb [6ms]
2023-12-29 09:49:54.238 [info] > git ls-files --stage -- /home/brayan/work/web/app/models/salary.rb [2ms]
2023-12-29 09:49:54.244 [info] > git cat-file -s 520072e398a588f5b6489b4505b7a56b9daa1b1a [1ms]
2023-12-29 09:50:01.834 [info] > git config --get commit.template [8ms]
2023-12-29 09:50:01.836 [info] > git for-each-ref --format=%(refname)%00%(upstream:short)%00%(objectname)%00%(upstream:track)%00%(upstream:remotename)%00%(upstream:remoteref) refs/heads/SAAS-4023/generate-multiple-salary-payments refs/remotes/SAAS-4023/generate-multiple-salary-payments [3ms]
2023-12-29 09:50:01.856 [info] > git status -z -uall [14ms]
2023-12-29 09:50:19.183 [info] > git config --get commit.template [1ms]
2023-12-29 09:50:19.191 [info] > git for-each-ref --format=%(refname)%00%(upstream:short)%00%(objectname)%00%(upstream:track)%00%(upstream:remotename)%00%(upstream:remoteref) refs/heads/SAAS-4023/generate-multiple-salary-payments refs/remotes/SAAS-4023/generate-multiple-salary-payments [1ms]
2023-12-29 09:50:19.209 [info] > git status -z -uall [13ms]
2023-12-29 09:50:20.321 [info] > git for-each-ref --format=%(refname)%00%(upstream:short)%00%(objectname)%00%(upstream:track)%00%(upstream:remotename)%00%(upstream:remoteref) refs/heads/SAAS-4023/generate-multiple-salary-payments [2ms]
2023-12-29 09:50:20.331 [info] > git config --local branch.SAAS-4023/generate-multiple-salary-payments.vscode-merge-base [0ms]
2023-12-29 09:50:20.336 [info] > git for-each-ref --format=%(refname)%00%(upstream:short)%00%(objectname)%00%(upstream:track)%00%(upstream:remotename)%00%(upstream:remoteref) refs/heads/SAAS-3774/remunerations-qa refs/remotes/SAAS-3774/remunerations-qa [1ms]
2023-12-29 09:50:20.381 [info] > git merge-base refs/heads/SAAS-4023/generate-multiple-salary-payments refs/heads/SAAS-3774/remunerations-qa [2ms]
2023-12-29 09:50:20.390 [info] > git rev-list --count --left-right refs/heads/SAAS-4023/generate-multiple-salary-payments...refs/heads/SAAS-3774/remunerations-qa [2ms]
2023-12-29 09:50:20.858 [info] > git check-ignore -v -z --stdin [3ms]
2023-12-29 09:51:50.340 [info] > git show --textconv :app/models/salary_payment.rb [8ms]
2023-12-29 09:51:50.341 [info] > git ls-files --stage -- /home/brayan/work/web/app/models/salary_payment.rb [1ms]
2023-12-29 09:51:50.346 [info] > git cat-file -s e339062d70bdb98ac5803c0b0ef47f0d55833428 [1ms]
2023-12-29 11:15:08.088 [info] > git config --get commit.template [1ms]
2023-12-29 11:15:08.095 [info] > git for-each-ref --format=%(refname)%00%(upstream:short)%00%(objectname)%00%(upstream:track)%00%(upstream:remotename)%00%(upstream:remoteref) refs/heads/SAAS-4023/generate-multiple-salary-payments refs/remotes/SAAS-4023/generate-multiple-salary-payments [1ms]
2023-12-29 11:15:08.115 [info] > git status -z -uall [16ms]
2023-12-29 11:15:13.129 [info] > git config --get commit.template [0ms]
2023-12-29 11:15:13.137 [info] > git for-each-ref --format=%(refname)%00%(upstream:short)%00%(objectname)%00%(upstream:track)%00%(upstream:remotename)%00%(upstream:remoteref) refs/heads/SAAS-4023/generate-multiple-salary-payments refs/remotes/SAAS-4023/generate-multiple-salary-payments [1ms]
2023-12-29 11:15:13.161 [info] > git status -z -uall [18ms]
2023-12-29 11:15:14.117 [info] > git ls-files --stage -- /home/brayan/work/web/app/builders/salary_payments/salary_payment_director.rb [7ms]
2023-12-29 11:15:14.119 [info] > git ls-files --stage -- /home/brayan/work/web/app/models/salary_payment.rb [2ms]
2023-12-29 11:15:14.130 [info] > git cat-file -s e339062d70bdb98ac5803c0b0ef47f0d55833428 [4ms]
2023-12-29 11:15:14.131 [info] > git show --textconv :app/builders/salary_payments/salary_payment_director.rb [2ms]
2023-12-29 11:15:14.138 [info] > git show --textconv :app/models/salary_payment.rb [2ms]
2023-12-29 11:15:18.183 [info] > git for-each-ref --format=%(refname)%00%(upstream:short)%00%(objectname)%00%(upstream:track)%00%(upstream:remotename)%00%(upstream:remoteref) refs/heads/SAAS-4023/generate-multiple-salary-payments refs/remotes/SAAS-4023/generate-multiple-salary-payments [1ms]
2023-12-29 11:15:18.183 [info] > git config --get commit.template [7ms]
2023-12-29 11:15:18.202 [info] > git status -z -uall [12ms]
2023-12-29 11:19:08.530 [info] > git config --get commit.template [1ms]
2023-12-29 11:19:08.536 [info] > git for-each-ref --format=%(refname)%00%(upstream:short)%00%(objectname)%00%(upstream:track)%00%(upstream:remotename)%00%(upstream:remoteref) refs/heads/SAAS-4023/generate-multiple-salary-payments refs/remotes/SAAS-4023/generate-multiple-salary-payments [1ms]
2023-12-29 11:19:08.554 [info] > git status -z -uall [14ms]
2023-12-29 11:19:53.788 [info] > git config --get commit.template [1ms]
2023-12-29 11:19:53.794 [info] > git for-each-ref --format=%(refname)%00%(upstream:short)%00%(objectname)%00%(upstream:track)%00%(upstream:remotename)%00%(upstream:remoteref) refs/heads/SAAS-4023/generate-multiple-salary-payments refs/remotes/SAAS-4023/generate-multiple-salary-payments [1ms]
2023-12-29 11:19:53.812 [info] > git status -z -uall [13ms]
2023-12-29 11:20:01.777 [info] > git config --get commit.template [8ms]
2023-12-29 11:20:01.778 [info] > git for-each-ref --format=%(refname)%00%(upstream:short)%00%(objectname)%00%(upstream:track)%00%(upstream:remotename)%00%(upstream:remoteref) refs/heads/SAAS-4023/generate-multiple-salary-payments refs/remotes/SAAS-4023/generate-multiple-salary-payments [1ms]
2023-12-29 11:20:01.795 [info] > git status -z -uall [13ms]
2023-12-29 11:20:59.251 [info] > git config --get commit.template [6ms]
2023-12-29 11:20:59.251 [info] > git for-each-ref --format=%(refname)%00%(upstream:short)%00%(objectname)%00%(upstream:track)%00%(upstream:remotename)%00%(upstream:remoteref) refs/heads/SAAS-4023/generate-multiple-salary-payments refs/remotes/SAAS-4023/generate-multiple-salary-payments [1ms]
2023-12-29 11:20:59.270 [info] > git status -z -uall [14ms]
2023-12-29 11:21:02.691 [info] > git show --textconv HEAD:app/builders/salary_payments/salary_payment_director.rb [8ms]
2023-12-29 11:21:02.692 [info] > git ls-tree -l HEAD -- /home/brayan/work/web/app/builders/salary_payments/salary_payment_director.rb [2ms]
2023-12-29 11:21:04.164 [info] > git show --textconv HEAD:app/builders/salary_payments/base_builder.rb [10ms]
2023-12-29 11:21:04.166 [info] > git ls-tree -l HEAD -- /home/brayan/work/web/app/builders/salary_payments/base_builder.rb [2ms]
2023-12-29 11:21:07.113 [info] > git add -A -- /home/brayan/work/web/app/builders/salary_payments/base_builder.rb /home/brayan/work/web/app/builders/salary_payments/full_time_builder.rb /home/brayan/work/web/app/builders/salary_payments/salary_payment_builder.rb /home/brayan/work/web/app/builders/salary_payments/salary_payment_director.rb /home/brayan/work/web/app/controllers/remuneration/salary_payments_controller.rb [8ms]
2023-12-29 11:21:07.119 [info] > git config --get commit.template [1ms]
2023-12-29 11:21:07.123 [info] > git for-each-ref --format=%(refname)%00%(upstream:short)%00%(objectname)%00%(upstream:track)%00%(upstream:remotename)%00%(upstream:remoteref) refs/heads/SAAS-4023/generate-multiple-salary-payments refs/remotes/SAAS-4023/generate-multiple-salary-payments [1ms]
2023-12-29 11:21:07.141 [info] > git status -z -uall [14ms]
2023-12-29 11:21:08.196 [info] > git config --get commit.template [1ms]
2023-12-29 11:21:08.205 [info] > git for-each-ref --format=%(refname)%00%(upstream:short)%00%(objectname)%00%(upstream:track)%00%(upstream:remotename)%00%(upstream:remoteref) refs/heads/SAAS-4023/generate-multiple-salary-payments refs/remotes/SAAS-4023/generate-multiple-salary-payments [2ms]
2023-12-29 11:21:08.227 [info] > git status -z -uall [17ms]
2023-12-29 11:21:08.302 [info] > git ls-files --stage -- /home/brayan/work/web/app/models/salary_payment.rb [7ms]
2023-12-29 11:21:08.306 [info] > git ls-files --stage -- /home/brayan/work/web/app/builders/salary_payments/base_builder.rb [4ms]
2023-12-29 11:21:08.311 [info] > git cat-file -s e339062d70bdb98ac5803c0b0ef47f0d55833428 [5ms]
2023-12-29 11:21:08.311 [info] > git cat-file -s cf3ed3e4779ce6db41d1a13da99a3f1b8176d10f [1ms]
2023-12-29 11:21:08.323 [info] > git show --textconv :app/models/salary_payment.rb [5ms]
2023-12-29 11:21:08.324 [info] > git show --textconv :app/builders/salary_payments/base_builder.rb [2ms]
2023-12-29 11:21:13.241 [info] > git config --get commit.template [0ms]
2023-12-29 11:21:13.247 [info] > git for-each-ref --format=%(refname)%00%(upstream:short)%00%(objectname)%00%(upstream:track)%00%(upstream:remotename)%00%(upstream:remoteref) refs/heads/SAAS-4023/generate-multiple-salary-payments refs/remotes/SAAS-4023/generate-multiple-salary-payments [2ms]
2023-12-29 11:21:13.264 [info] > git status -z -uall [13ms]
2023-12-29 11:21:26.567 [info] > git config --get commit.template [5ms]
2023-12-29 11:21:26.567 [info] > git for-each-ref --format=%(refname)%00%(upstream:short)%00%(objectname)%00%(upstream:track)%00%(upstream:remotename)%00%(upstream:remoteref) refs/heads/SAAS-4023/generate-multiple-salary-payments refs/remotes/SAAS-4023/generate-multiple-salary-payments [0ms]
2023-12-29 11:21:26.592 [info] > git status -z -uall [20ms]
2023-12-29 11:21:26.605 [info] > git for-each-ref --format=%(refname)%00%(upstream:short)%00%(objectname)%00%(upstream:track)%00%(upstream:remotename)%00%(upstream:remoteref) refs/heads/SAAS-4023/generate-multiple-salary-payments [1ms]
2023-12-29 11:21:26.610 [info] > git config --local branch.SAAS-4023/generate-multiple-salary-payments.vscode-merge-base [1ms]
2023-12-29 11:21:26.618 [info] > git for-each-ref --format=%(refname)%00%(upstream:short)%00%(objectname)%00%(upstream:track)%00%(upstream:remotename)%00%(upstream:remoteref) refs/heads/SAAS-3774/remunerations-qa refs/remotes/SAAS-3774/remunerations-qa [1ms]
2023-12-29 11:21:26.625 [info] > git merge-base refs/heads/SAAS-4023/generate-multiple-salary-payments refs/heads/SAAS-3774/remunerations-qa [1ms]
2023-12-29 11:21:26.632 [info] > git rev-list --count --left-right refs/heads/SAAS-4023/generate-multiple-salary-payments...refs/heads/SAAS-3774/remunerations-qa [1ms]
2023-12-29 11:21:26.665 [info] > git ls-files --stage -- /home/brayan/work/web/app/models/salary_payment.rb [7ms]
2023-12-29 11:21:26.669 [info] > git ls-tree -l HEAD -- /home/brayan/work/web/app/builders/salary_payments/base_builder.rb [4ms]
2023-12-29 11:21:26.669 [info] > git cat-file -s e339062d70bdb98ac5803c0b0ef47f0d55833428 [1ms]
2023-12-29 11:21:26.680 [info] > git show --textconv HEAD:app/builders/salary_payments/base_builder.rb [7ms]
2023-12-29 11:21:26.682 [info] > git show --textconv :app/models/salary_payment.rb [2ms]
2023-12-29 11:21:31.200 [info] > git ls-files --stage -- /home/brayan/work/web/app/models/salary_payment.rb [4ms]
2023-12-29 11:21:31.204 [info] > git ls-tree -l HEAD -- /home/brayan/work/web/app/builders/salary_payments/base_builder.rb [4ms]
2023-12-29 11:21:31.204 [info] > git cat-file -s 634bc50649a6fdf0c0859be57d290ae7b4a981fc [1ms]
2023-12-29 11:21:31.214 [info] > git show --textconv HEAD:app/builders/salary_payments/base_builder.rb [6ms]
2023-12-29 11:21:31.216 [info] > git show --textconv :app/models/salary_payment.rb [3ms]
2023-12-29 11:21:31.604 [info] > git config --get commit.template [4ms]
2023-12-29 11:21:31.606 [info] > git for-each-ref --format=%(refname)%00%(upstream:short)%00%(objectname)%00%(upstream:track)%00%(upstream:remotename)%00%(upstream:remoteref) refs/heads/main refs/remotes/main [2ms]
2023-12-29 11:21:31.627 [info] > git status -z -uall [16ms]
2023-12-29 11:21:31.641 [info] > git merge-base refs/heads/main refs/remotes/origin/main [1ms]
2023-12-29 11:21:31.650 [info] > git rev-list --count --left-right refs/heads/main...refs/remotes/origin/main [3ms]
2023-12-29 11:21:34.410 [info] > git ls-files --stage -- /home/brayan/work/web/app/models/salary_payment.rb [11ms]
2023-12-29 11:21:34.420 [info] > git ls-tree -l HEAD -- /home/brayan/work/web/app/builders/salary_payments/base_builder.rb [11ms]
2023-12-29 11:21:34.421 [info] > git cat-file -s 634bc50649a6fdf0c0859be57d290ae7b4a981fc [2ms]
2023-12-29 11:21:34.440 [info] > git show --textconv HEAD:app/builders/salary_payments/base_builder.rb [12ms]
2023-12-29 11:21:34.443 [info] > git show --textconv :app/models/salary_payment.rb [4ms]
2023-12-29 11:21:36.644 [info] > git config --get commit.template [1ms]
2023-12-29 11:21:36.653 [info] > git for-each-ref --format=%(refname)%00%(upstream:short)%00%(objectname)%00%(upstream:track)%00%(upstream:remotename)%00%(upstream:remoteref) refs/heads/main refs/remotes/main [1ms]
2023-12-29 11:21:36.682 [info] > git status -z -uall [21ms]
2023-12-29 11:21:36.694 [info] > git merge-base refs/heads/main refs/remotes/origin/main [1ms]
2023-12-29 11:21:36.699 [info] > git rev-list --count --left-right refs/heads/main...refs/remotes/origin/main [2ms]
2023-12-29 11:23:44.032 [info] > git ls-tree -l HEAD -- /home/brayan/work/web/app/builders/salary_payments/base_builder.rb [2ms]
2023-12-29 11:23:49.715 [info] > git ls-files --stage -- /home/brayan/work/web/app/models/salary_payment.rb [12ms]
2023-12-29 11:23:49.728 [info] > git cat-file -s e339062d70bdb98ac5803c0b0ef47f0d55833428 [5ms]
2023-12-29 11:23:49.730 [info] > git ls-tree -l HEAD -- /home/brayan/work/web/app/builders/salary_payments/base_builder.rb [18ms]
2023-12-29 11:23:49.764 [info] > git show --textconv :app/models/salary_payment.rb [11ms]
2023-12-29 11:23:49.767 [info] > git show --textconv HEAD:app/builders/salary_payments/base_builder.rb [4ms]
2023-12-29 11:23:51.558 [info] > git show --textconv :app/builders/salary_payments/salary_payment_director.rb [6ms]
2023-12-29 11:23:51.560 [info] > git ls-files --stage -- /home/brayan/work/web/app/builders/salary_payments/salary_payment_director.rb [2ms]
2023-12-29 11:23:51.568 [info] > git cat-file -s 377794e4fad5f650456c822456dfec886d6a7d84 [1ms]
2023-12-29 11:23:51.635 [info] > git config --get commit.template [9ms]
2023-12-29 11:23:51.636 [info] > git for-each-ref --format=%(refname)%00%(upstream:short)%00%(objectname)%00%(upstream:track)%00%(upstream:remotename)%00%(upstream:remoteref) refs/heads/SAAS-4023/generate-multiple-salary-payments refs/remotes/SAAS-4023/generate-multiple-salary-payments [2ms]
2023-12-29 11:23:51.659 [info] > git status -z -uall [19ms]
2023-12-29 11:23:51.672 [info] > git for-each-ref --format=%(refname)%00%(upstream:short)%00%(objectname)%00%(upstream:track)%00%(upstream:remotename)%00%(upstream:remoteref) refs/heads/SAAS-4023/generate-multiple-salary-payments [1ms]
2023-12-29 11:23:51.679 [info] > git config --local branch.SAAS-4023/generate-multiple-salary-payments.vscode-merge-base [1ms]
2023-12-29 11:23:51.689 [info] > git for-each-ref --format=%(refname)%00%(upstream:short)%00%(objectname)%00%(upstream:track)%00%(upstream:remotename)%00%(upstream:remoteref) refs/heads/SAAS-3774/remunerations-qa refs/remotes/SAAS-3774/remunerations-qa [1ms]
2023-12-29 11:23:51.696 [info] > git merge-base refs/heads/SAAS-4023/generate-multiple-salary-payments refs/heads/SAAS-3774/remunerations-qa [2ms]
2023-12-29 11:23:51.706 [info] > git rev-list --count --left-right refs/heads/SAAS-4023/generate-multiple-salary-payments...refs/heads/SAAS-3774/remunerations-qa [2ms]
2023-12-29 11:25:15.093 [info] > git show --textconv :Gemfile [6ms]
2023-12-29 11:25:15.094 [info] > git ls-files --stage -- /home/brayan/work/web/Gemfile [1ms]
2023-12-29 11:25:15.103 [info] > git cat-file -s 8693d885017f26d2232f39ea0ca1eff29623a392 [2ms]
2023-12-29 11:25:15.345 [info] > git check-ignore -v -z --stdin [2ms]
2023-12-29 11:26:41.886 [info] > git config --get commit.template [7ms]
2023-12-29 11:26:41.887 [info] > git for-each-ref --format=%(refname)%00%(upstream:short)%00%(objectname)%00%(upstream:track)%00%(upstream:remotename)%00%(upstream:remoteref) refs/heads/SAAS-4023/generate-multiple-salary-payments refs/remotes/SAAS-4023/generate-multiple-salary-payments [2ms]
2023-12-29 11:26:41.908 [info] > git status -z -uall [17ms]
2023-12-29 11:26:41.996 [info] > git ls-files --stage -- /home/brayan/work/web/app/builders/salary_payments/salary_payment_director.rb [5ms]
2023-12-29 11:26:42.000 [info] > git ls-files --stage -- /home/brayan/work/web/Gemfile [3ms]
2023-12-29 11:26:42.005 [info] > git cat-file -s 377794e4fad5f650456c822456dfec886d6a7d84 [6ms]
2023-12-29 11:26:42.006 [info] > git cat-file -s 8693d885017f26d2232f39ea0ca1eff29623a392 [1ms]
2023-12-29 11:26:42.016 [info] > git show --textconv :app/builders/salary_payments/salary_payment_director.rb [4ms]
2023-12-29 11:26:42.017 [info] > git show --textconv :Gemfile [1ms]
2023-12-29 11:26:44.548 [info] > git ls-files --stage -- /home/brayan/work/web/app/builders/salary_payments/salary_payment_director.rb [6ms]
2023-12-29 11:26:44.552 [info] > git ls-files --stage -- /home/brayan/work/web/Gemfile [4ms]
2023-12-29 11:26:44.557 [info] > git cat-file -s 377794e4fad5f650456c822456dfec886d6a7d84 [5ms]
2023-12-29 11:26:44.558 [info] > git cat-file -s 8693d885017f26d2232f39ea0ca1eff29623a392 [2ms]
2023-12-29 11:26:44.566 [info] > git show --textconv :app/builders/salary_payments/salary_payment_director.rb [4ms]
2023-12-29 11:26:44.567 [info] > git show --textconv :Gemfile [1ms]
2023-12-29 11:26:46.925 [info] > git config --get commit.template [6ms]
2023-12-29 11:26:46.925 [info] > git for-each-ref --format=%(refname)%00%(upstream:short)%00%(objectname)%00%(upstream:track)%00%(upstream:remotename)%00%(upstream:remoteref) refs/heads/SAAS-4023/generate-multiple-salary-payments refs/remotes/SAAS-4023/generate-multiple-salary-payments [1ms]
2023-12-29 11:26:46.956 [info] > git status -z -uall [26ms]
2023-12-29 11:26:50.710 [info] > git show --textconv :app/services/remuneration/salary_payment_drafts/index_response.rb [5ms]
2023-12-29 11:26:50.712 [info] > git ls-files --stage -- /home/brayan/work/web/app/services/remuneration/salary_payment_drafts/index_response.rb [2ms]
2023-12-29 11:26:50.720 [info] > git cat-file -s cbd0798a52929b3f5e208cf4d65888e2e0cad8c6 [1ms]
2023-12-29 11:26:51.353 [info] > git show --textconv :Gemfile [9ms]
2023-12-29 11:26:51.355 [info] > git ls-files --stage -- /home/brayan/work/web/Gemfile [2ms]
2023-12-29 11:26:51.361 [info] > git cat-file -s 8693d885017f26d2232f39ea0ca1eff29623a392 [1ms]
2023-12-29 11:26:54.160 [info] > git show --textconv :app/models/salary_payment.rb [6ms]
2023-12-29 11:26:54.161 [info] > git ls-files --stage -- /home/brayan/work/web/app/models/salary_payment.rb [1ms]
2023-12-29 11:26:54.170 [info] > git cat-file -s e339062d70bdb98ac5803c0b0ef47f0d55833428 [1ms]
2023-12-29 11:26:55.403 [info] > git show --textconv :app/controllers/remuneration/salary_payments_controller.rb [9ms]
2023-12-29 11:26:55.405 [info] > git ls-files --stage -- /home/brayan/work/web/app/controllers/remuneration/salary_payments_controller.rb [3ms]
2023-12-29 11:26:55.410 [info] > git cat-file -s fb5fe8d89e50c5e4b4af350724bef5fa2b9a113d [1ms]
2023-12-29 11:26:57.128 [info] > git show --textconv :app/queries/remunerations/salary_payment_drafts_queries.rb [6ms]
2023-12-29 11:26:57.129 [info] > git ls-files --stage -- /home/brayan/work/web/app/queries/remunerations/salary_payment_drafts_queries.rb [1ms]
2023-12-29 11:26:57.139 [info] > git cat-file -s 66b7d70fc0a8bc5f97dfbd8467f84a4cb92269a7 [2ms]
2023-12-29 11:27:00.008 [info] > git show --textconv :app/controllers/remuneration/salary_payments_controller.rb [9ms]
2023-12-29 11:27:00.009 [info] > git ls-files --stage -- /home/brayan/work/web/app/controllers/remuneration/salary_payments_controller.rb [2ms]
2023-12-29 11:27:00.015 [info] > git cat-file -s fb5fe8d89e50c5e4b4af350724bef5fa2b9a113d [1ms]
2023-12-29 11:27:01.779 [info] > git show --textconv :app/models/employee.rb [5ms]
2023-12-29 11:27:01.780 [info] > git ls-files --stage -- /home/brayan/work/web/app/models/employee.rb [1ms]
2023-12-29 11:27:01.786 [info] > git cat-file -s 877df014cba084af18e7a7d0846e15d60f6884a2 [2ms]
2023-12-29 11:27:04.962 [info] > git show --textconv :app/builders/salary_payments/salary_payment_director.rb [6ms]
2023-12-29 11:27:04.963 [info] > git ls-files --stage -- /home/brayan/work/web/app/builders/salary_payments/salary_payment_director.rb [1ms]
2023-12-29 11:27:04.968 [info] > git cat-file -s 377794e4fad5f650456c822456dfec886d6a7d84 [1ms]
2023-12-29 11:39:26.863 [info] > git config --get commit.template [1ms]
2023-12-29 11:39:26.871 [info] > git for-each-ref --format=%(refname)%00%(upstream:short)%00%(objectname)%00%(upstream:track)%00%(upstream:remotename)%00%(upstream:remoteref) refs/heads/SAAS-4023/generate-multiple-salary-payments refs/remotes/SAAS-4023/generate-multiple-salary-payments [1ms]
2023-12-29 11:39:26.896 [info] > git status -z -uall [21ms]
