2024-01-08 19:55:34.213 [info] Added views:workbench.panel.markers.view in workbench.panel.markers
2024-01-08 19:55:34.213 [info] Added views:workbench.panel.output in workbench.panel.output
2024-01-08 19:55:34.213 [info] Added views:terminal in terminal
2024-01-08 19:55:34.213 [info] Added views:outline in workbench.view.explorer
2024-01-08 19:55:34.213 [info] Added views:workbench.scm in workbench.view.scm
2024-01-08 19:55:34.213 [info] Added views:workbench.view.search in workbench.view.search
2024-01-08 19:55:34.213 [info] Added views:timeline in workbench.view.explorer
2024-01-08 19:55:34.213 [info] Added views:workbench.explorer.emptyView in workbench.view.explorer
2024-01-08 19:55:34.527 [info] Added views:gitlens.views.home,gitlens.views.drafts,gitlens.views.workspaces,gitlens.views.account in workbench.view.extension.gitlens
2024-01-08 19:55:34.528 [info] Added views:gitlens.views.commitDetails,gitlens.views.lineHistory,gitlens.views.fileHistory,gitlens.views.searchAndCompare in workbench.view.extension.gitlensInspect
2024-01-08 19:55:34.529 [info] Added views:gitlens.views.commits,gitlens.views.branches,gitlens.views.remotes,gitlens.views.stashes,gitlens.views.tags,gitlens.views.contributors in workbench.view.scm
2024-01-08 19:55:34.529 [info] Added views:dockerContainers,dockerImages,dockerRegistries,dockerNetworks,dockerVolumes,vscode-docker.views.dockerContexts,vscode-docker.views.help in workbench.view.extension.dockerView
2024-01-08 19:55:34.530 [info] Added views:targetsContainers,devVolumes in workbench.view.remote
2024-01-08 19:55:34.530 [info] Added views:thunder-client-sidebar in workbench.view.extension.thunder-client
2024-01-08 19:55:34.690 [info] Added views:workbench.debug.variablesView,workbench.debug.watchExpressionsView,workbench.debug.callStackView,workbench.debug.breakPointsView in workbench.view.debug
2024-01-08 19:55:34.742 [info] Added views:workbench.panel.repl.view in workbench.panel.repl
2024-01-08 19:55:34.744 [info] Removed views:workbench.debug.breakPointsView,workbench.debug.callStackView,workbench.debug.watchExpressionsView,workbench.debug.variablesView from workbench.view.debug
2024-01-08 19:55:34.744 [info] Added views:workbench.debug.welcome in workbench.view.debug
2024-01-08 19:55:34.915 [info] Added views:~remote.forwardedPorts in ~remote.forwardedPortsContainer
2024-01-08 19:55:35.107 [info] Removed views:gitlens.views.searchAndCompare,gitlens.views.fileHistory,gitlens.views.lineHistory,gitlens.views.commitDetails from workbench.view.extension.gitlensInspect
2024-01-08 19:55:35.108 [info] Removed views:gitlens.views.contributors,gitlens.views.tags,gitlens.views.stashes,gitlens.views.remotes,gitlens.views.branches,gitlens.views.commits from workbench.view.scm
2024-01-08 19:55:37.531 [info] Added views:workbench.panel.markers.view in workbench.panel.markers
2024-01-08 19:55:37.531 [info] Added views:workbench.panel.output in workbench.panel.output
2024-01-08 19:55:37.531 [info] Added views:terminal in terminal
2024-01-08 19:55:37.531 [info] Added views:outline in workbench.view.explorer
2024-01-08 19:55:37.531 [info] Added views:workbench.scm in workbench.view.scm
2024-01-08 19:55:37.531 [info] Added views:workbench.view.search in workbench.view.search
2024-01-08 19:55:37.531 [info] Added views:timeline in workbench.view.explorer
2024-01-08 19:55:37.531 [info] Added views:workbench.explorer.fileView in workbench.view.explorer
2024-01-08 19:55:37.684 [info] Added views:gitlens.views.home,gitlens.views.drafts,gitlens.views.workspaces,gitlens.views.account in workbench.view.extension.gitlens
2024-01-08 19:55:37.684 [info] Added views:gitlens.views.commitDetails,gitlens.views.lineHistory,gitlens.views.fileHistory,gitlens.views.searchAndCompare in workbench.view.extension.gitlensInspect
2024-01-08 19:55:37.684 [info] Added views:gitlens.views.commits,gitlens.views.branches,gitlens.views.remotes,gitlens.views.stashes,gitlens.views.tags,gitlens.views.contributors in workbench.view.scm
2024-01-08 19:55:37.684 [info] Added views:dockerContainers,dockerImages,dockerRegistries,dockerNetworks,dockerVolumes,vscode-docker.views.dockerContexts,vscode-docker.views.help in workbench.view.extension.dockerView
2024-01-08 19:55:37.685 [info] Added views:targetsContainers,devVolumes in workbench.view.remote
2024-01-08 19:55:37.685 [info] Added views:thunder-client-sidebar in workbench.view.extension.thunder-client
2024-01-08 19:55:37.862 [info] Added views:workbench.debug.welcome in workbench.view.debug
2024-01-08 19:55:37.863 [info] Added views:workbench.debug.breakPointsView in workbench.view.debug
2024-01-08 19:55:37.889 [info] Added views:workbench.panel.repl.view in workbench.panel.repl
2024-01-08 19:55:38.070 [info] Added views:workbench.view.testing in workbench.view.extension.test
2024-01-08 19:55:40.115 [info] Added views:~remote.forwardedPorts in ~remote.forwardedPortsContainer
2024-01-08 19:55:49.779 [info] Added views:gitlens.views.graph,gitlens.views.graphDetails in workbench.view.extension.gitlensPanel
2024-01-08 19:55:49.780 [info] Added views:gitlens.views.timeline in workbench.view.extension.gitlensInspect
2024-01-08 19:55:49.782 [info] Added views:gitlens.views.worktrees in workbench.view.scm
2024-01-08 19:59:16.581 [info] Removed views:workbench.view.testing from workbench.view.extension.test
