2024-01-05 09:10:41.162 [info] Log level: Info
2024-01-05 09:10:41.162 [info] Validating found git in: "git"
2024-01-05 09:10:41.162 [info] Using git "2.34.1" from "git"
2024-01-05 09:10:41.162 [info] > git rev-parse --show-toplevel [5ms]
2024-01-05 09:10:41.162 [info] > git rev-parse --git-dir --git-common-dir [2ms]
2024-01-05 09:10:41.162 [info] Open repository: /home/brayan/work/web
2024-01-05 09:10:41.163 [info] > git config --get commit.template [4ms]
2024-01-05 09:10:41.164 [info] > git rev-parse --show-toplevel [2ms]
2024-01-05 09:10:41.177 [info] > git rev-parse --show-toplevel [1ms]
2024-01-05 09:10:41.181 [info] > git for-each-ref --format=%(refname)%00%(upstream:short)%00%(objectname)%00%(upstream:track)%00%(upstream:remotename)%00%(upstream:remoteref) refs/heads/main refs/remotes/main [12ms]
2024-01-05 09:10:41.182 [info] > git rev-parse --show-toplevel [1ms]
2024-01-05 09:10:41.196 [info] > git rev-parse --show-toplevel [9ms]
2024-01-05 09:10:41.210 [info] > git rev-parse --show-toplevel [5ms]
2024-01-05 09:10:41.217 [info] > git rev-parse --show-toplevel [3ms]
2024-01-05 09:10:41.225 [info] > git rev-parse --show-toplevel [0ms]
2024-01-05 09:10:41.231 [info] > git rev-parse --show-toplevel [1ms]
2024-01-05 09:10:41.238 [info] > git rev-parse --show-toplevel [1ms]
2024-01-05 09:10:41.243 [info] > git status -z -uall [49ms]
2024-01-05 09:10:41.243 [info] > git rev-parse --show-toplevel [1ms]
2024-01-05 09:10:41.259 [info] > git rev-parse --show-toplevel [9ms]
2024-01-05 09:10:41.260 [info] > git config --get commit.template [1ms]
2024-01-05 09:10:41.270 [info] > git rev-parse --show-toplevel [7ms]
2024-01-05 09:10:41.280 [info] > git for-each-ref --format=%(refname)%00%(upstream:short)%00%(objectname)%00%(upstream:track)%00%(upstream:remotename)%00%(upstream:remoteref) refs/heads/main refs/remotes/main [12ms]
2024-01-05 09:10:41.287 [info] > git rev-parse --show-toplevel [9ms]
2024-01-05 09:10:41.298 [info] > git rev-parse --show-toplevel [4ms]
2024-01-05 09:10:41.310 [info] > git rev-parse --show-toplevel [3ms]
2024-01-05 09:10:41.315 [info] > git rev-parse --show-toplevel [1ms]
2024-01-05 09:10:41.323 [info] > git status -z -uall [21ms]
2024-01-05 09:10:41.323 [info] > git rev-parse --show-toplevel [2ms]
2024-01-05 09:10:41.362 [info] > git rev-parse --show-toplevel [31ms]
2024-01-05 09:10:41.370 [info] > git rev-parse --show-toplevel [1ms]
2024-01-05 09:10:41.390 [info] > git rev-parse --show-toplevel [4ms]
2024-01-05 09:10:41.394 [info] > git rev-parse --show-toplevel [1ms]
2024-01-05 09:10:41.804 [info] > git check-ignore -v -z --stdin [3ms]
2024-01-05 09:10:42.121 [info] > git show --textconv :config/initializers/rollbar.rb [9ms]
2024-01-05 09:10:42.122 [info] > git ls-files --stage -- /home/brayan/work/web/config/initializers/rollbar.rb [6ms]
2024-01-05 09:10:42.131 [info] > git cat-file -s a13cef54bae6c1c11e4a71e4d06836cf1b06e52d [4ms]
2024-01-05 09:10:42.138 [info] > git show --textconv :config/application.yml [7ms]
2024-01-05 09:10:42.141 [info] > git ls-files --stage -- /home/brayan/work/web/config/application.yml [3ms]
2024-01-05 09:11:54.241 [info] > git config --get commit.template [6ms]
2024-01-05 09:11:54.242 [info] > git for-each-ref --format=%(refname)%00%(upstream:short)%00%(objectname)%00%(upstream:track)%00%(upstream:remotename)%00%(upstream:remoteref) refs/heads/main refs/remotes/main [2ms]
2024-01-05 09:11:54.269 [info] > git status -z -uall [23ms]
2024-01-05 09:11:59.285 [info] > git config --get commit.template [6ms]
2024-01-05 09:11:59.288 [info] > git for-each-ref --format=%(refname)%00%(upstream:short)%00%(objectname)%00%(upstream:track)%00%(upstream:remotename)%00%(upstream:remoteref) refs/heads/main refs/remotes/main [4ms]
2024-01-05 09:11:59.313 [info] > git status -z -uall [20ms]
2024-01-05 09:12:09.623 [info] > git config --get commit.template [1ms]
2024-01-05 09:12:09.628 [info] > git for-each-ref --format=%(refname)%00%(upstream:short)%00%(objectname)%00%(upstream:track)%00%(upstream:remotename)%00%(upstream:remoteref) refs/heads/main refs/remotes/main [1ms]
2024-01-05 09:12:09.647 [info] > git status -z -uall [15ms]
2024-01-05 09:12:14.663 [info] > git config --get commit.template [1ms]
2024-01-05 09:12:14.670 [info] > git for-each-ref --format=%(refname)%00%(upstream:short)%00%(objectname)%00%(upstream:track)%00%(upstream:remotename)%00%(upstream:remoteref) refs/heads/main refs/remotes/main [2ms]
2024-01-05 09:12:14.694 [info] > git status -z -uall [19ms]
2024-01-05 09:13:08.833 [info] > git config --get commit.template [6ms]
2024-01-05 09:13:08.834 [info] > git for-each-ref --format=%(refname)%00%(upstream:short)%00%(objectname)%00%(upstream:track)%00%(upstream:remotename)%00%(upstream:remoteref) refs/heads/main refs/remotes/main [2ms]
2024-01-05 09:13:08.860 [info] > git status -z -uall [18ms]
2024-01-05 09:13:13.877 [info] > git config --get commit.template [6ms]
2024-01-05 09:13:13.878 [info] > git for-each-ref --format=%(refname)%00%(upstream:short)%00%(objectname)%00%(upstream:track)%00%(upstream:remotename)%00%(upstream:remoteref) refs/heads/main refs/remotes/main [2ms]
2024-01-05 09:13:13.897 [info] > git status -z -uall [15ms]
2024-01-05 09:13:14.674 [info] > git show --textconv :app/models/finkok_response.rb [5ms]
2024-01-05 09:13:14.676 [info] > git ls-files --stage -- /home/brayan/work/web/app/models/finkok_response.rb [2ms]
2024-01-05 09:13:14.684 [info] > git cat-file -s a5e3099882e234ce9412f5f3a84fb5117b897135 [1ms]
2024-01-05 09:13:14.921 [info] > git check-ignore -v -z --stdin [1ms]
2024-01-05 09:13:39.335 [info] > git config --get commit.template [6ms]
2024-01-05 09:13:39.336 [info] > git for-each-ref --format=%(refname)%00%(upstream:short)%00%(objectname)%00%(upstream:track)%00%(upstream:remotename)%00%(upstream:remoteref) refs/heads/main refs/remotes/main [2ms]
2024-01-05 09:13:39.358 [info] > git status -z -uall [17ms]
2024-01-05 09:13:51.780 [info] > git config --get commit.template [6ms]
2024-01-05 09:13:51.781 [info] > git for-each-ref --format=%(refname)%00%(upstream:short)%00%(objectname)%00%(upstream:track)%00%(upstream:remotename)%00%(upstream:remoteref) refs/heads/main refs/remotes/main [1ms]
2024-01-05 09:13:51.796 [info] > git status -z -uall [11ms]
2024-01-05 09:13:56.809 [info] > git config --get commit.template [6ms]
2024-01-05 09:13:56.810 [info] > git for-each-ref --format=%(refname)%00%(upstream:short)%00%(objectname)%00%(upstream:track)%00%(upstream:remotename)%00%(upstream:remoteref) refs/heads/main refs/remotes/main [2ms]
2024-01-05 09:13:56.828 [info] > git status -z -uall [14ms]
2024-01-05 09:14:10.911 [info] > git config --get commit.template [6ms]
2024-01-05 09:14:10.912 [info] > git for-each-ref --format=%(refname)%00%(upstream:short)%00%(objectname)%00%(upstream:track)%00%(upstream:remotename)%00%(upstream:remoteref) refs/heads/main refs/remotes/main [1ms]
2024-01-05 09:14:10.930 [info] > git status -z -uall [12ms]
2024-01-05 09:15:23.635 [info] > git config --get commit.template [2ms]
2024-01-05 09:15:23.642 [info] > git for-each-ref --format=%(refname)%00%(upstream:short)%00%(objectname)%00%(upstream:track)%00%(upstream:remotename)%00%(upstream:remoteref) refs/heads/main refs/remotes/main [2ms]
2024-01-05 09:15:23.660 [info] > git status -z -uall [14ms]
2024-01-05 09:15:59.775 [info] > git config --get commit.template [5ms]
2024-01-05 09:15:59.775 [info] > git for-each-ref --format=%(refname)%00%(upstream:short)%00%(objectname)%00%(upstream:track)%00%(upstream:remotename)%00%(upstream:remoteref) refs/heads/main refs/remotes/main [1ms]
2024-01-05 09:15:59.796 [info] > git status -z -uall [17ms]
2024-01-05 09:16:10.467 [info] > git config --get commit.template [5ms]
2024-01-05 09:16:10.468 [info] > git for-each-ref --format=%(refname)%00%(upstream:short)%00%(objectname)%00%(upstream:track)%00%(upstream:remotename)%00%(upstream:remoteref) refs/heads/main refs/remotes/main [1ms]
2024-01-05 09:16:10.485 [info] > git status -z -uall [14ms]
2024-01-05 09:16:15.506 [info] > git config --get commit.template [7ms]
2024-01-05 09:16:15.507 [info] > git for-each-ref --format=%(refname)%00%(upstream:short)%00%(objectname)%00%(upstream:track)%00%(upstream:remotename)%00%(upstream:remoteref) refs/heads/main refs/remotes/main [2ms]
2024-01-05 09:16:15.524 [info] > git status -z -uall [12ms]
2024-01-05 09:16:16.356 [info] > git show --textconv :config/initializers/rollbar.rb [11ms]
2024-01-05 09:16:16.357 [info] > git ls-files --stage -- /home/brayan/work/web/config/initializers/rollbar.rb [2ms]
2024-01-05 09:16:16.362 [info] > git cat-file -s a13cef54bae6c1c11e4a71e4d06836cf1b06e52d [1ms]
2024-01-05 09:16:23.648 [info] > git config --get commit.template [7ms]
2024-01-05 09:16:23.649 [info] > git for-each-ref --format=%(refname)%00%(upstream:short)%00%(objectname)%00%(upstream:track)%00%(upstream:remotename)%00%(upstream:remoteref) refs/heads/main refs/remotes/main [2ms]
2024-01-05 09:16:23.665 [info] > git status -z -uall [12ms]
2024-01-05 09:16:35.396 [info] > git config --get commit.template [0ms]
2024-01-05 09:16:35.402 [info] > git for-each-ref --format=%(refname)%00%(upstream:short)%00%(objectname)%00%(upstream:track)%00%(upstream:remotename)%00%(upstream:remoteref) refs/heads/main refs/remotes/main [1ms]
2024-01-05 09:16:35.422 [info] > git status -z -uall [15ms]
2024-01-05 09:17:28.043 [info] > git config --get commit.template [5ms]
2024-01-05 09:17:28.044 [info] > git for-each-ref --format=%(refname)%00%(upstream:short)%00%(objectname)%00%(upstream:track)%00%(upstream:remotename)%00%(upstream:remoteref) refs/heads/main refs/remotes/main [1ms]
2024-01-05 09:17:28.067 [info] > git status -z -uall [18ms]
2024-01-05 09:22:22.796 [info] > git config --get commit.template [5ms]
2024-01-05 09:22:22.796 [info] > git for-each-ref --format=%(refname)%00%(upstream:short)%00%(objectname)%00%(upstream:track)%00%(upstream:remotename)%00%(upstream:remoteref) refs/heads/main refs/remotes/main [1ms]
2024-01-05 09:22:22.814 [info] > git status -z -uall [13ms]
2024-01-05 09:22:28.925 [info] > git config --get commit.template [7ms]
2024-01-05 09:22:28.925 [info] > git for-each-ref --format=%(refname)%00%(upstream:short)%00%(objectname)%00%(upstream:track)%00%(upstream:remotename)%00%(upstream:remoteref) refs/heads/main refs/remotes/main [1ms]
2024-01-05 09:22:28.945 [info] > git status -z -uall [16ms]
2024-01-05 09:22:33.711 [info] > git show --textconv :app/models/finkok_response.rb [8ms]
2024-01-05 09:22:33.713 [info] > git ls-files --stage -- /home/brayan/work/web/app/models/finkok_response.rb [2ms]
2024-01-05 09:22:33.717 [info] > git cat-file -s a5e3099882e234ce9412f5f3a84fb5117b897135 [1ms]
2024-01-05 09:23:15.721 [info] > git show --textconv :app/lib/finkok/document.rb [4ms]
2024-01-05 09:23:15.722 [info] > git ls-files --stage -- /home/brayan/work/web/app/lib/finkok/document.rb [1ms]
2024-01-05 09:23:15.728 [info] > git cat-file -s 78064fb0d481622bc191126b5730f2ac7f290e54 [2ms]
2024-01-05 09:23:15.988 [info] > git check-ignore -v -z --stdin [3ms]
2024-01-05 09:24:47.944 [info] > git config --get commit.template [1ms]
2024-01-05 09:24:47.949 [info] > git for-each-ref --format=%(refname)%00%(upstream:short)%00%(objectname)%00%(upstream:track)%00%(upstream:remotename)%00%(upstream:remoteref) refs/heads/main refs/remotes/main [1ms]
2024-01-05 09:24:47.965 [info] > git status -z -uall [12ms]
2024-01-05 09:25:06.867 [info] > git config --get commit.template [2ms]
2024-01-05 09:25:06.873 [info] > git for-each-ref --format=%(refname)%00%(upstream:short)%00%(objectname)%00%(upstream:track)%00%(upstream:remotename)%00%(upstream:remoteref) refs/heads/main refs/remotes/main [2ms]
2024-01-05 09:25:06.889 [info] > git status -z -uall [12ms]
2024-01-05 09:25:19.037 [info] > git config --get commit.template [7ms]
2024-01-05 09:25:19.038 [info] > git for-each-ref --format=%(refname)%00%(upstream:short)%00%(objectname)%00%(upstream:track)%00%(upstream:remotename)%00%(upstream:remoteref) refs/heads/main refs/remotes/main [2ms]
2024-01-05 09:25:19.056 [info] > git status -z -uall [14ms]
2024-01-05 09:25:25.291 [info] > git for-each-ref --format=%(refname)%00%(upstream:short)%00%(objectname)%00%(upstream:track)%00%(upstream:remotename)%00%(upstream:remoteref) refs/heads/main refs/remotes/main [1ms]
2024-01-05 09:25:25.292 [info] > git config --get commit.template [6ms]
2024-01-05 09:25:25.309 [info] > git status -z -uall [13ms]
2024-01-05 09:25:58.546 [info] > git config --get commit.template [1ms]
2024-01-05 09:25:58.555 [info] > git for-each-ref --format=%(refname)%00%(upstream:short)%00%(objectname)%00%(upstream:track)%00%(upstream:remotename)%00%(upstream:remoteref) refs/heads/main refs/remotes/main [1ms]
2024-01-05 09:25:58.579 [info] > git status -z -uall [17ms]
2024-01-05 09:26:01.589 [info] > git show --textconv :config/application.yml [7ms]
2024-01-05 09:26:01.590 [info] > git ls-files --stage -- /home/brayan/work/web/config/application.yml [2ms]
2024-01-05 09:26:03.600 [info] > git config --get commit.template [7ms]
2024-01-05 09:26:03.600 [info] > git for-each-ref --format=%(refname)%00%(upstream:short)%00%(objectname)%00%(upstream:track)%00%(upstream:remotename)%00%(upstream:remoteref) refs/heads/main refs/remotes/main [1ms]
2024-01-05 09:26:03.616 [info] > git status -z -uall [11ms]
2024-01-05 09:26:08.631 [info] > git config --get commit.template [0ms]
2024-01-05 09:26:08.638 [info] > git for-each-ref --format=%(refname)%00%(upstream:short)%00%(objectname)%00%(upstream:track)%00%(upstream:remotename)%00%(upstream:remoteref) refs/heads/main refs/remotes/main [2ms]
2024-01-05 09:26:08.656 [info] > git status -z -uall [13ms]
2024-01-05 09:26:10.718 [info] > git show --textconv :config/initializers/rollbar.rb [4ms]
2024-01-05 09:26:10.720 [info] > git ls-files --stage -- /home/brayan/work/web/config/initializers/rollbar.rb [2ms]
2024-01-05 09:26:10.726 [info] > git cat-file -s a13cef54bae6c1c11e4a71e4d06836cf1b06e52d [1ms]
2024-01-05 09:26:18.918 [info] > git config --get commit.template [1ms]
2024-01-05 09:26:18.924 [info] > git for-each-ref --format=%(refname)%00%(upstream:short)%00%(objectname)%00%(upstream:track)%00%(upstream:remotename)%00%(upstream:remoteref) refs/heads/main refs/remotes/main [1ms]
2024-01-05 09:26:18.944 [info] > git status -z -uall [13ms]
2024-01-05 09:26:33.199 [info] > git config --get commit.template [1ms]
2024-01-05 09:26:33.206 [info] > git for-each-ref --format=%(refname)%00%(upstream:short)%00%(objectname)%00%(upstream:track)%00%(upstream:remotename)%00%(upstream:remoteref) refs/heads/main refs/remotes/main [2ms]
2024-01-05 09:26:33.231 [info] > git status -z -uall [20ms]
2024-01-05 09:26:57.567 [info] > git config --get commit.template [6ms]
2024-01-05 09:26:57.568 [info] > git for-each-ref --format=%(refname)%00%(upstream:short)%00%(objectname)%00%(upstream:track)%00%(upstream:remotename)%00%(upstream:remoteref) refs/heads/main refs/remotes/main [1ms]
2024-01-05 09:26:57.586 [info] > git status -z -uall [14ms]
2024-01-05 09:27:15.064 [info] > git config --get commit.template [8ms]
2024-01-05 09:27:15.064 [info] > git for-each-ref --format=%(refname)%00%(upstream:short)%00%(objectname)%00%(upstream:track)%00%(upstream:remotename)%00%(upstream:remoteref) refs/heads/main refs/remotes/main [1ms]
2024-01-05 09:27:15.084 [info] > git status -z -uall [15ms]
2024-01-05 09:27:20.121 [info] > git config --get commit.template [5ms]
2024-01-05 09:27:20.121 [info] > git for-each-ref --format=%(refname)%00%(upstream:short)%00%(objectname)%00%(upstream:track)%00%(upstream:remotename)%00%(upstream:remoteref) refs/heads/main refs/remotes/main [1ms]
2024-01-05 09:27:20.139 [info] > git status -z -uall [14ms]
2024-01-05 09:27:45.923 [info] > git config --get commit.template [12ms]
2024-01-05 09:27:45.923 [info] > git for-each-ref --format=%(refname)%00%(upstream:short)%00%(objectname)%00%(upstream:track)%00%(upstream:remotename)%00%(upstream:remoteref) refs/heads/main refs/remotes/main [1ms]
2024-01-05 09:27:45.953 [info] > git status -z -uall [23ms]
2024-01-05 09:28:08.333 [info] > git config --get commit.template [1ms]
2024-01-05 09:28:08.340 [info] > git for-each-ref --format=%(refname)%00%(upstream:short)%00%(objectname)%00%(upstream:track)%00%(upstream:remotename)%00%(upstream:remoteref) refs/heads/main refs/remotes/main [2ms]
2024-01-05 09:28:08.359 [info] > git status -z -uall [14ms]
2024-01-05 09:28:13.742 [info] > git config --get commit.template [1ms]
2024-01-05 09:28:13.746 [info] > git for-each-ref --format=%(refname)%00%(upstream:short)%00%(objectname)%00%(upstream:track)%00%(upstream:remotename)%00%(upstream:remoteref) refs/heads/main refs/remotes/main [1ms]
2024-01-05 09:28:13.766 [info] > git status -z -uall [16ms]
2024-01-05 09:28:44.057 [info] > git config --get commit.template [8ms]
2024-01-05 09:28:44.058 [info] > git for-each-ref --format=%(refname)%00%(upstream:short)%00%(objectname)%00%(upstream:track)%00%(upstream:remotename)%00%(upstream:remoteref) refs/heads/main refs/remotes/main [2ms]
2024-01-05 09:28:44.076 [info] > git status -z -uall [13ms]
2024-01-05 09:29:12.351 [info] > git config --get commit.template [1ms]
2024-01-05 09:29:12.357 [info] > git for-each-ref --format=%(refname)%00%(upstream:short)%00%(objectname)%00%(upstream:track)%00%(upstream:remotename)%00%(upstream:remoteref) refs/heads/main refs/remotes/main [1ms]
2024-01-05 09:29:12.377 [info] > git status -z -uall [15ms]
2024-01-05 09:29:37.142 [info] > git config --get commit.template [7ms]
2024-01-05 09:29:37.142 [info] > git for-each-ref --format=%(refname)%00%(upstream:short)%00%(objectname)%00%(upstream:track)%00%(upstream:remotename)%00%(upstream:remoteref) refs/heads/main refs/remotes/main [1ms]
2024-01-05 09:29:37.159 [info] > git status -z -uall [13ms]
2024-01-05 09:29:42.183 [info] > git config --get commit.template [7ms]
2024-01-05 09:29:42.183 [info] > git for-each-ref --format=%(refname)%00%(upstream:short)%00%(objectname)%00%(upstream:track)%00%(upstream:remotename)%00%(upstream:remoteref) refs/heads/main refs/remotes/main [1ms]
2024-01-05 09:29:42.200 [info] > git status -z -uall [11ms]
2024-01-05 09:29:51.603 [info] > git config --get commit.template [5ms]
2024-01-05 09:29:51.603 [info] > git for-each-ref --format=%(refname)%00%(upstream:short)%00%(objectname)%00%(upstream:track)%00%(upstream:remotename)%00%(upstream:remoteref) refs/heads/main refs/remotes/main [1ms]
2024-01-05 09:29:51.618 [info] > git status -z -uall [12ms]
2024-01-05 09:30:06.348 [info] > git config --get commit.template [8ms]
2024-01-05 09:30:06.349 [info] > git for-each-ref --format=%(refname)%00%(upstream:short)%00%(objectname)%00%(upstream:track)%00%(upstream:remotename)%00%(upstream:remoteref) refs/heads/main refs/remotes/main [2ms]
2024-01-05 09:30:06.368 [info] > git status -z -uall [13ms]
2024-01-05 09:30:11.386 [info] > git config --get commit.template [6ms]
2024-01-05 09:30:11.386 [info] > git for-each-ref --format=%(refname)%00%(upstream:short)%00%(objectname)%00%(upstream:track)%00%(upstream:remotename)%00%(upstream:remoteref) refs/heads/main refs/remotes/main [1ms]
2024-01-05 09:30:11.403 [info] > git status -z -uall [13ms]
2024-01-05 09:30:19.825 [info] > git config --get commit.template [7ms]
2024-01-05 09:30:19.826 [info] > git for-each-ref --format=%(refname)%00%(upstream:short)%00%(objectname)%00%(upstream:track)%00%(upstream:remotename)%00%(upstream:remoteref) refs/heads/main refs/remotes/main [2ms]
2024-01-05 09:30:19.843 [info] > git status -z -uall [12ms]
2024-01-05 09:30:24.859 [info] > git config --get commit.template [6ms]
2024-01-05 09:30:24.860 [info] > git for-each-ref --format=%(refname)%00%(upstream:short)%00%(objectname)%00%(upstream:track)%00%(upstream:remotename)%00%(upstream:remoteref) refs/heads/main refs/remotes/main [1ms]
2024-01-05 09:30:24.880 [info] > git status -z -uall [14ms]
2024-01-05 09:30:44.227 [info] > git config --get commit.template [5ms]
2024-01-05 09:30:44.228 [info] > git for-each-ref --format=%(refname)%00%(upstream:short)%00%(objectname)%00%(upstream:track)%00%(upstream:remotename)%00%(upstream:remoteref) refs/heads/main refs/remotes/main [1ms]
2024-01-05 09:30:44.244 [info] > git status -z -uall [12ms]
2024-01-05 09:30:49.257 [info] > git config --get commit.template [6ms]
2024-01-05 09:30:49.258 [info] > git for-each-ref --format=%(refname)%00%(upstream:short)%00%(objectname)%00%(upstream:track)%00%(upstream:remotename)%00%(upstream:remoteref) refs/heads/main refs/remotes/main [1ms]
2024-01-05 09:30:49.273 [info] > git status -z -uall [12ms]
2024-01-05 09:30:54.292 [info] > git config --get commit.template [7ms]
2024-01-05 09:30:54.293 [info] > git for-each-ref --format=%(refname)%00%(upstream:short)%00%(objectname)%00%(upstream:track)%00%(upstream:remotename)%00%(upstream:remoteref) refs/heads/main refs/remotes/main [1ms]
2024-01-05 09:30:54.315 [info] > git status -z -uall [17ms]
2024-01-05 09:30:55.730 [info] > git check-ignore -v -z --stdin [14ms]
2024-01-05 09:31:00.565 [info] > git check-ignore -v -z --stdin [5ms]
2024-01-05 09:31:02.422 [info] > git check-ignore -v -z --stdin [28ms]
2024-01-05 09:31:04.190 [info] > git check-ignore -v -z --stdin [3ms]
2024-01-05 09:31:06.214 [info] > git check-ignore -v -z --stdin [9ms]
2024-01-05 09:31:07.119 [info] > git check-ignore -v -z --stdin [5ms]
2024-01-05 09:31:08.672 [info] > git check-ignore -v -z --stdin [3ms]
2024-01-05 09:31:09.323 [info] > git check-ignore -v -z --stdin [4ms]
2024-01-05 09:31:10.844 [info] > git check-ignore -v -z --stdin [8ms]
2024-01-05 09:31:12.943 [info] > git check-ignore -v -z --stdin [4ms]
2024-01-05 09:31:14.895 [info] > git check-ignore -v -z --stdin [5ms]
2024-01-05 09:31:17.547 [info] > git check-ignore -v -z --stdin [4ms]
2024-01-05 09:31:21.896 [info] > git check-ignore -v -z --stdin [2ms]
2024-01-05 09:31:22.363 [info] > git config --get commit.template [4ms]
2024-01-05 09:31:22.363 [info] > git for-each-ref --format=%(refname)%00%(upstream:short)%00%(objectname)%00%(upstream:track)%00%(upstream:remotename)%00%(upstream:remoteref) refs/heads/main refs/remotes/main [1ms]
2024-01-05 09:31:22.379 [info] > git status -z -uall [12ms]
2024-01-05 09:31:26.466 [info] > git check-ignore -v -z --stdin [4ms]
2024-01-05 09:31:32.821 [info] > git check-ignore -v -z --stdin [2ms]
2024-01-05 09:31:34.070 [info] > git check-ignore -v -z --stdin [2ms]
2024-01-05 09:31:39.718 [info] > git check-ignore -v -z --stdin [2ms]
2024-01-05 09:31:52.752 [info] > git config --get commit.template [7ms]
2024-01-05 09:31:52.753 [info] > git for-each-ref --format=%(refname)%00%(upstream:short)%00%(objectname)%00%(upstream:track)%00%(upstream:remotename)%00%(upstream:remoteref) refs/heads/main refs/remotes/main [2ms]
2024-01-05 09:31:52.771 [info] > git status -z -uall [13ms]
2024-01-05 09:32:24.189 [info] > git config --get commit.template [9ms]
2024-01-05 09:32:24.193 [info] > git for-each-ref --format=%(refname)%00%(upstream:short)%00%(objectname)%00%(upstream:track)%00%(upstream:remotename)%00%(upstream:remoteref) refs/heads/main refs/remotes/main [5ms]
2024-01-05 09:32:24.214 [info] > git status -z -uall [13ms]
