Initializing document watcher...
web/app/lib/constants/finkok_response.rb: {"insertSpaces":true,"tabSize":2}
web/app/models/finkok_response.rb: {"insertSpaces":true,"tabSize":2}
web/app/lib/constants/finkok_response.rb: {"insertSpaces":true,"tabSize":2}
web/app/models/finkok_response.rb: {"insertSpaces":true,"tabSize":2}
web/app/lib/constants/finkok_response.rb: {"insertSpaces":true,"tabSize":2}
web/app/lib/constants/finkok_response.rb: Using EditorConfig core...
app/lib/constants/finkok_response.rb: editor.action.trimTrailingWhitespace
web/app/lib/constants/finkok_response.rb: Using EditorConfig core...
app/lib/constants/finkok_response.rb: editor.action.trimTrailingWhitespace
web/app/lib/constants/finkok_response.rb: Using EditorConfig core...
app/lib/constants/finkok_response.rb: editor.action.trimTrailingWhitespace
web/app/models/finkok_response.rb: {"insertSpaces":true,"tabSize":2}
web/app/models/finkok_response.rb: Using EditorConfig core...
app/models/finkok_response.rb: editor.action.trimTrailingWhitespace
web/app/models/finkok_response.rb: {"insertSpaces":true,"tabSize":2}
web/app/models/finkok_response.rb: Using EditorConfig core...
app/models/finkok_response.rb: editor.action.trimTrailingWhitespace
web/app/models/finkok_response.rb: {"insertSpaces":true,"tabSize":2}
web/app/models/finkok_response.rb: {"insertSpaces":true,"tabSize":2}
web/app/models/finkok_response.rb: {"insertSpaces":true,"tabSize":2}
web/app/views/mx_companies/irs_billed.haml: {"insertSpaces":true,"tabSize":2}
web/app/views/mx_companies/irs_billed.haml: Using EditorConfig core...
app/views/mx_companies/irs_billed.haml: editor.action.trimTrailingWhitespace
web/app/views/mx_companies/irs_billed.haml: {"insertSpaces":true,"tabSize":2}
web/app/views/mx_companies/irs_billed.haml: {"insertSpaces":true,"tabSize":2}
web/app/views/mx_companies/irs_billed.haml: {"insertSpaces":true,"tabSize":2}
web/app/views/mx_companies/irs_billed.haml: {"insertSpaces":true,"tabSize":2}
web/app/lib/constants/finkok_response.rb: {"insertSpaces":true,"tabSize":2}
web/app/models/finkok_response.rb: {"insertSpaces":true,"tabSize":2}
web/app/views/mx_companies/irs_billed.haml: {"insertSpaces":true,"tabSize":2}
web/app/views/mx_companies/irs_billed.haml: {"insertSpaces":true,"tabSize":2}
web/app/views/mx_companies/irs_billed.haml: {"insertSpaces":true,"tabSize":2}
web/app/views/mx_companies/irs_billed.haml: {"insertSpaces":true,"tabSize":2}
web/app/views/mx_companies/irs_billed.haml: {"insertSpaces":true,"tabSize":2}
web/app/views/mx_companies/irs_billed.haml: {"insertSpaces":true,"tabSize":2}
web/app/lib/constants/finkok_response.rb: {"insertSpaces":true,"tabSize":2}
web/app/views/mx_companies/irs_billed.haml: {"insertSpaces":true,"tabSize":2}
web/config/initializers/rollbar.rb: {"insertSpaces":true,"tabSize":2}
/home/brayan/.config/Code/User/settings.json: {}
web/config/initializers/rollbar.rb: {"insertSpaces":true,"tabSize":2}
undefined: {}
web/config/initializers/rollbar.rb: {"insertSpaces":true,"tabSize":2}
web/config/initializers/rollbar.rb: {"insertSpaces":true,"tabSize":2}
web/config/initializers/rollbar.rb: {"insertSpaces":true,"tabSize":2}
web/config/initializers/rollbar.rb: {"insertSpaces":true,"tabSize":2}
web/config/initializers/rollbar.rb: {"insertSpaces":true,"tabSize":2}
web/config/initializers/rollbar.rb: {"insertSpaces":true,"tabSize":2}
web/config/initializers/rollbar.rb: {"insertSpaces":true,"tabSize":2}
web/config/initializers/rollbar.rb: {"insertSpaces":true,"tabSize":2}
web/config/initializers/rollbar.rb: {"insertSpaces":true,"tabSize":2}
web/config/initializers/rollbar.rb: {"insertSpaces":true,"tabSize":2}
web/app/models/finkok_response.rb: {"insertSpaces":true,"tabSize":2}
web/app/models/finkok_response.rb: {"insertSpaces":true,"tabSize":2}
web/app/models/finkok_response.rb: {"insertSpaces":true,"tabSize":2}
web/app/models/finkok_response.rb: Using EditorConfig core...
app/models/finkok_response.rb: editor.action.trimTrailingWhitespace
web/app/models/finkok_response.rb: {"insertSpaces":true,"tabSize":2}
web/app/models/finkok_response.rb: {"insertSpaces":true,"tabSize":2}
web/app/models/finkok_response.rb: {"insertSpaces":true,"tabSize":2}
web/app/models/finkok_response.rb: {"insertSpaces":true,"tabSize":2}
web/app/models/finkok_response.rb: {"insertSpaces":true,"tabSize":2}
web/app/models/finkok_response.rb: {"insertSpaces":true,"tabSize":2}
web/app/models/finkok_response.rb: {"insertSpaces":true,"tabSize":2}
web/app/models/finkok_response.rb: {"insertSpaces":true,"tabSize":2}
web/app/models/finkok_response.rb: {"insertSpaces":true,"tabSize":2}
