Initializing document watcher...
web/spec/builders/salary_payments/salary_payment_director_spec.rb: {"insertSpaces":true,"tabSize":2}
web/spec/builders/salary_payments/salary_payment_director_spec.rb: {"insertSpaces":true,"tabSize":2}
web/spec/builders/salary_payments/salary_payment_director_spec.rb: Using EditorConfig core...
spec/builders/salary_payments/salary_payment_director_spec.rb: editor.action.trimTrailingWhitespace
web/spec/builders/salary_payments/salary_payment_director_spec.rb: {"insertSpaces":true,"tabSize":2}
web/spec/builders/salary_payments/salary_payment_director_spec.rb: {"insertSpaces":true,"tabSize":2}
web/spec/builders/salary_payments/salary_payment_director_spec.rb: {"insertSpaces":true,"tabSize":2}
web/spec/builders/salary_payments/salary_payment_director_spec.rb: Using EditorConfig core...
spec/builders/salary_payments/salary_payment_director_spec.rb: editor.action.trimTrailingWhitespace
web/spec/builders/salary_payments/salary_payment_director_spec.rb: Using EditorConfig core...
spec/builders/salary_payments/salary_payment_director_spec.rb: editor.action.trimTrailingWhitespace
web/spec/builders/salary_payments/salary_payment_director_spec.rb: {"insertSpaces":true,"tabSize":2}
web/app/builders/salary_payments/full_time_builder.rb: {"insertSpaces":true,"tabSize":2}
web/app/builders/salary_payments/full_time_builder.rb: Using EditorConfig core...
app/builders/salary_payments/full_time_builder.rb: editor.action.trimTrailingWhitespace
web/app/builders/salary_payments/full_time_builder.rb: Using EditorConfig core...
app/builders/salary_payments/full_time_builder.rb: editor.action.trimTrailingWhitespace
web/spec/builders/salary_payments/salary_payment_director_spec.rb: {"insertSpaces":true,"tabSize":2}
web/spec/factories/social_credit_fees.rb: {"insertSpaces":true,"tabSize":2}
web/spec/factories/social_credits.rb: {"insertSpaces":true,"tabSize":2}
web/spec/builders/salary_payments/salary_payment_director_spec.rb: {"insertSpaces":true,"tabSize":2}
web/spec/builders/salary_payments/salary_payment_director_spec.rb: {"insertSpaces":true,"tabSize":2}
web/spec/builders/salary_payments/salary_payment_director_spec.rb: {"insertSpaces":true,"tabSize":2}
web/spec/builders/salary_payments/salary_payment_director_spec.rb: Using EditorConfig core...
spec/builders/salary_payments/salary_payment_director_spec.rb: editor.action.trimTrailingWhitespace
web/spec/builders/salary_payments/salary_payment_director_spec.rb: Using EditorConfig core...
spec/builders/salary_payments/salary_payment_director_spec.rb: editor.action.trimTrailingWhitespace
web/spec/builders/salary_payments/salary_payment_director_spec.rb: {"insertSpaces":true,"tabSize":2}
web/spec/factories/social_credit_fees.rb: {"insertSpaces":true,"tabSize":2}
web/spec/builders/salary_payments/salary_payment_director_spec.rb: {"insertSpaces":true,"tabSize":2}
web/spec/builders/salary_payments/salary_payment_director_spec.rb: {"insertSpaces":true,"tabSize":2}
web/spec/builders/salary_payments/salary_payment_director_spec.rb: Using EditorConfig core...
spec/builders/salary_payments/salary_payment_director_spec.rb: editor.action.trimTrailingWhitespace
web/spec/builders/salary_payments/salary_payment_director_spec.rb: Using EditorConfig core...
spec/builders/salary_payments/salary_payment_director_spec.rb: editor.action.trimTrailingWhitespace
web/spec/builders/salary_payments/salary_payment_director_spec.rb: {"insertSpaces":true,"tabSize":2}
web/spec/builders/salary_payments/salary_payment_director_spec.rb: {"insertSpaces":true,"tabSize":2}
web/spec/factories/social_credits.rb: {"insertSpaces":true,"tabSize":2}
web/app/models/social_credit.rb: {"insertSpaces":true,"tabSize":2}
web/spec/builders/salary_payments/salary_payment_director_spec.rb: {"insertSpaces":true,"tabSize":2}
web/spec/builders/salary_payments/salary_payment_director_spec.rb: Using EditorConfig core...
spec/builders/salary_payments/salary_payment_director_spec.rb: editor.action.trimTrailingWhitespace
web/spec/builders/salary_payments/salary_payment_director_spec.rb: {"insertSpaces":true,"tabSize":2}
web/spec/builders/salary_payments/salary_payment_director_spec.rb: Using EditorConfig core...
spec/builders/salary_payments/salary_payment_director_spec.rb: editor.action.trimTrailingWhitespace
web/spec/factories/social_credits.rb: {"insertSpaces":true,"tabSize":2}
web/spec/factories/communities.rb: {"insertSpaces":true,"tabSize":2}
web/app/models/community.rb: {"insertSpaces":true,"tabSize":2}
web/spec/builders/salary_payments/salary_payment_director_spec.rb: {"insertSpaces":true,"tabSize":2}
web/spec/builders/salary_payments/salary_payment_director_spec.rb: Using EditorConfig core...
spec/builders/salary_payments/salary_payment_director_spec.rb: editor.action.trimTrailingWhitespace
web/spec/builders/salary_payments/salary_payment_director_spec.rb: Using EditorConfig core...
spec/builders/salary_payments/salary_payment_director_spec.rb: editor.action.trimTrailingWhitespace
web/spec/builders/salary_payments/salary_payment_director_spec.rb: Using EditorConfig core...
spec/builders/salary_payments/salary_payment_director_spec.rb: editor.action.trimTrailingWhitespace
web/app/models/community.rb: {"insertSpaces":true,"tabSize":2}
web/spec/factories/communities.rb: {"insertSpaces":true,"tabSize":2}
web/app/models/social_credit.rb: {"insertSpaces":true,"tabSize":2}
web/app/models/social_credit.rb: {"insertSpaces":true,"tabSize":2}
web/app/models/social_credit.rb: {"insertSpaces":true,"tabSize":2}
web/spec/builders/salary_payments/salary_payment_director_spec.rb: {"insertSpaces":true,"tabSize":2}
web/spec/builders/salary_payments/salary_payment_director_spec.rb: Using EditorConfig core...
spec/builders/salary_payments/salary_payment_director_spec.rb: editor.action.trimTrailingWhitespace
web/spec/builders/salary_payments/salary_payment_director_spec.rb: {"insertSpaces":true,"tabSize":2}
web/spec/builders/salary_payments/salary_payment_director_spec.rb: Using EditorConfig core...
spec/builders/salary_payments/salary_payment_director_spec.rb: editor.action.trimTrailingWhitespace
web/spec/builders/salary_payments/salary_payment_director_spec.rb: Using EditorConfig core...
spec/builders/salary_payments/salary_payment_director_spec.rb: editor.action.trimTrailingWhitespace
web/spec/builders/salary_payments/salary_payment_director_spec.rb: Using EditorConfig core...
spec/builders/salary_payments/salary_payment_director_spec.rb: editor.action.trimTrailingWhitespace
web/spec/builders/salary_payments/salary_payment_director_spec.rb: {"insertSpaces":true,"tabSize":2}
web/spec/builders/salary_payments/salary_payment_director_spec.rb: Using EditorConfig core...
spec/builders/salary_payments/salary_payment_director_spec.rb: editor.action.trimTrailingWhitespace
web/spec/builders/salary_payments/salary_payment_director_spec.rb: {"insertSpaces":true,"tabSize":2}
web/spec/builders/salary_payments/salary_payment_director_spec.rb: Using EditorConfig core...
spec/builders/salary_payments/salary_payment_director_spec.rb: editor.action.trimTrailingWhitespace
web/app/builders/salary_payments/full_time_builder.rb: {"insertSpaces":true,"tabSize":2}
web/app/builders/salary_payments/full_time_builder.rb: Using EditorConfig core...
app/builders/salary_payments/full_time_builder.rb: editor.action.trimTrailingWhitespace
web/app/builders/salary_payments/full_time_builder.rb: {"insertSpaces":true,"tabSize":2}
web/app/builders/salary_payments/full_time_builder.rb: {"insertSpaces":true,"tabSize":2}
web/app/builders/salary_payments/full_time_builder.rb: Using EditorConfig core...
app/builders/salary_payments/full_time_builder.rb: editor.action.trimTrailingWhitespace
web/spec/builders/salary_payments/salary_payment_director_spec.rb: {"insertSpaces":true,"tabSize":2}
web/spec/builders/salary_payments/salary_payment_director_spec.rb: Using EditorConfig core...
spec/builders/salary_payments/salary_payment_director_spec.rb: editor.action.trimTrailingWhitespace
web/spec/builders/salary_payments/salary_payment_director_spec.rb: Using EditorConfig core...
spec/builders/salary_payments/salary_payment_director_spec.rb: editor.action.trimTrailingWhitespace
web/spec/builders/salary_payments/salary_payment_director_spec.rb: Using EditorConfig core...
spec/builders/salary_payments/salary_payment_director_spec.rb: editor.action.trimTrailingWhitespace
web/spec/builders/salary_payments/salary_payment_director_spec.rb: Using EditorConfig core...
spec/builders/salary_payments/salary_payment_director_spec.rb: editor.action.trimTrailingWhitespace
web/app/builders/salary_payments/full_time_builder.rb: {"insertSpaces":true,"tabSize":2}
web/app/builders/salary_payments/full_time_builder.rb: {"insertSpaces":true,"tabSize":2}
web/app/builders/salary_payments/full_time_builder.rb: Using EditorConfig core...
app/builders/salary_payments/full_time_builder.rb: editor.action.trimTrailingWhitespace
web/app/builders/salary_payments/full_time_builder.rb: Using EditorConfig core...
app/builders/salary_payments/full_time_builder.rb: editor.action.trimTrailingWhitespace
web/app/builders/salary_payments/full_time_builder.rb: {"insertSpaces":true,"tabSize":2}
web/app/builders/salary_payments/full_time_builder.rb: {"insertSpaces":true,"tabSize":2}
web/spec/builders/salary_payments/salary_payment_director_spec.rb: {"insertSpaces":true,"tabSize":2}
web/spec/builders/salary_payments/salary_payment_director_spec.rb: Using EditorConfig core...
spec/builders/salary_payments/salary_payment_director_spec.rb: editor.action.trimTrailingWhitespace
web/spec/builders/salary_payments/salary_payment_director_spec.rb: {"insertSpaces":true,"tabSize":2}
web/spec/builders/salary_payments/salary_payment_director_spec.rb: Using EditorConfig core...
spec/builders/salary_payments/salary_payment_director_spec.rb: editor.action.trimTrailingWhitespace
web/spec/builders/salary_payments/salary_payment_director_spec.rb: Using EditorConfig core...
spec/builders/salary_payments/salary_payment_director_spec.rb: editor.action.trimTrailingWhitespace
web/spec/builders/salary_payments/salary_payment_director_spec.rb: Using EditorConfig core...
spec/builders/salary_payments/salary_payment_director_spec.rb: editor.action.trimTrailingWhitespace
web/spec/builders/salary_payments/salary_payment_director_spec.rb: Using EditorConfig core...
spec/builders/salary_payments/salary_payment_director_spec.rb: editor.action.trimTrailingWhitespace
web/spec/builders/salary_payments/salary_payment_director_spec.rb: Using EditorConfig core...
spec/builders/salary_payments/salary_payment_director_spec.rb: editor.action.trimTrailingWhitespace
web/spec/builders/salary_payments/salary_payment_director_spec.rb: {"insertSpaces":true,"tabSize":2}
web/spec/builders/salary_payments/salary_payment_director_spec.rb: Using EditorConfig core...
spec/builders/salary_payments/salary_payment_director_spec.rb: editor.action.trimTrailingWhitespace
web/spec/builders/salary_payments/salary_payment_director_spec.rb: Using EditorConfig core...
spec/builders/salary_payments/salary_payment_director_spec.rb: editor.action.trimTrailingWhitespace
web/spec/builders/salary_payments/salary_payment_director_spec.rb: Using EditorConfig core...
spec/builders/salary_payments/salary_payment_director_spec.rb: editor.action.trimTrailingWhitespace
web/spec/builders/salary_payments/salary_payment_director_spec.rb: Using EditorConfig core...
spec/builders/salary_payments/salary_payment_director_spec.rb: editor.action.trimTrailingWhitespace
web/spec/builders/salary_payments/salary_payment_director_spec.rb: Using EditorConfig core...
spec/builders/salary_payments/salary_payment_director_spec.rb: editor.action.trimTrailingWhitespace
web/spec/builders/salary_payments/salary_payment_director_spec.rb: Using EditorConfig core...
spec/builders/salary_payments/salary_payment_director_spec.rb: editor.action.trimTrailingWhitespace
web/spec/builders/salary_payments/salary_payment_director_spec.rb: Using EditorConfig core...
spec/builders/salary_payments/salary_payment_director_spec.rb: editor.action.trimTrailingWhitespace
web/spec/builders/salary_payments/salary_payment_director_spec.rb: Using EditorConfig core...
spec/builders/salary_payments/salary_payment_director_spec.rb: editor.action.trimTrailingWhitespace
web/spec/builders/salary_payments/salary_payment_director_spec.rb: Using EditorConfig core...
spec/builders/salary_payments/salary_payment_director_spec.rb: editor.action.trimTrailingWhitespace
web/spec/builders/salary_payments/salary_payment_director_spec.rb: Using EditorConfig core...
spec/builders/salary_payments/salary_payment_director_spec.rb: editor.action.trimTrailingWhitespace
web/spec/builders/salary_payments/salary_payment_director_spec.rb: Using EditorConfig core...
spec/builders/salary_payments/salary_payment_director_spec.rb: editor.action.trimTrailingWhitespace
web/spec/builders/salary_payments/salary_payment_director_spec.rb: Using EditorConfig core...
spec/builders/salary_payments/salary_payment_director_spec.rb: editor.action.trimTrailingWhitespace
web/app/builders/salary_payments/full_time_builder.rb: {"insertSpaces":true,"tabSize":2}
web/app/builders/salary_payments/base_builder.rb: {"insertSpaces":true,"tabSize":2}
web/app/builders/salary_payments/base_builder.rb: Using EditorConfig core...
app/builders/salary_payments/base_builder.rb: editor.action.trimTrailingWhitespace
web/app/builders/salary_payments/base_builder.rb: Using EditorConfig core...
app/builders/salary_payments/base_builder.rb: editor.action.trimTrailingWhitespace
web/app/builders/salary_payments/base_builder.rb: Using EditorConfig core...
app/builders/salary_payments/base_builder.rb: editor.action.trimTrailingWhitespace
web/spec/builders/salary_payments/salary_payment_director_spec.rb: {"insertSpaces":true,"tabSize":2}
web/spec/builders/salary_payments/salary_payment_director_spec.rb: Using EditorConfig core...
spec/builders/salary_payments/salary_payment_director_spec.rb: editor.action.trimTrailingWhitespace
web/spec/builders/salary_payments/salary_payment_director_spec.rb: Using EditorConfig core...
spec/builders/salary_payments/salary_payment_director_spec.rb: editor.action.trimTrailingWhitespace
web/spec/factories/salary_additional_infos.rb: {"insertSpaces":true,"tabSize":2}
web/spec/factories/salary_payments.rb: {"insertSpaces":true,"tabSize":2}
web/spec/factories/salary_payments.rb: Using EditorConfig core...
spec/factories/salary_payments.rb: editor.action.trimTrailingWhitespace
web/spec/factories/salary_payments.rb: Using EditorConfig core...
spec/factories/salary_payments.rb: editor.action.trimTrailingWhitespace
web/spec/factories/salary_payments.rb: Using EditorConfig core...
spec/factories/salary_payments.rb: editor.action.trimTrailingWhitespace
web/spec/builders/salary_payments/salary_payment_director_spec.rb: {"insertSpaces":true,"tabSize":2}
web/spec/builders/salary_payments/salary_payment_director_spec.rb: Using EditorConfig core...
spec/builders/salary_payments/salary_payment_director_spec.rb: editor.action.trimTrailingWhitespace
web/spec/builders/salary_payments/salary_payment_director_spec.rb: Using EditorConfig core...
spec/builders/salary_payments/salary_payment_director_spec.rb: editor.action.trimTrailingWhitespace
web/spec/factories/salary_payments.rb: {"insertSpaces":true,"tabSize":2}
web/app/builders/salary_payments/base_builder.rb: {"insertSpaces":true,"tabSize":2}
web/app/builders/salary_payments/base_builder.rb: Using EditorConfig core...
app/builders/salary_payments/base_builder.rb: editor.action.trimTrailingWhitespace
web/app/builders/salary_payments/base_builder.rb: {"insertSpaces":true,"tabSize":2}
web/app/builders/salary_payments/base_builder.rb: {"insertSpaces":true,"tabSize":2}
web/app/builders/salary_payments/base_builder.rb: Using EditorConfig core...
app/builders/salary_payments/base_builder.rb: editor.action.trimTrailingWhitespace
undefined: {}
web/app/builders/salary_payments/base_builder.rb: {"insertSpaces":true,"tabSize":2}
web/app/controllers/remuneration/salary_payments_controller.rb: {"insertSpaces":true,"tabSize":2}
web/config/locales/views/es.yml: {"insertSpaces":true,"tabSize":2}
web/spec/builders/salary_payments/salary_payment_director_spec.rb: {"insertSpaces":true,"tabSize":2}
web/spec/factories/salary_additional_infos.rb: {"insertSpaces":true,"tabSize":2}
web/spec/factories/salary_payments.rb: {"insertSpaces":true,"tabSize":2}
web/spec/factories/salary_payments.rb: {"insertSpaces":true,"tabSize":2}
web/spec/factories/salary_payments.rb: {"insertSpaces":true,"tabSize":2}
web/spec/factories/salary_payments.rb: {"insertSpaces":true,"tabSize":2}
No more open editors.
web/app/views/remuneration/employees/modals/_massive_salary_payments_modal.html.haml: {"insertSpaces":true,"tabSize":2}
web/app/views/remuneration/employees/modals/_massive_salary_payments_modal.html.haml: Using EditorConfig core...
app/views/remuneration/employees/modals/_massive_salary_payments_modal.html.haml: editor.action.trimTrailingWhitespace
web/app/views/remuneration/employees/modals/_massive_salary_payments_modal.html.haml: {"insertSpaces":true,"tabSize":2}
web/app/views/remuneration/employees/modals/_massive_salary_payments_modal.html.haml: {"insertSpaces":true,"tabSize":2}
web/app/views/remuneration/employees/modals/_massive_salary_payments_modal.html.haml: {"insertSpaces":true,"tabSize":2}
web/app/jobs/generate_salary_payments_job.rb: {"insertSpaces":true,"tabSize":2}
web/app/jobs/generate_salary_payments_job.rb: {"insertSpaces":true,"tabSize":2}
web/app/jobs/generate_salary_payments_job.rb: {"insertSpaces":true,"tabSize":2}
web/app/controllers/remuneration/salary_payments_controller.rb: {"insertSpaces":true,"tabSize":2}
web/app/controllers/remuneration/salary_payments_controller.rb: Using EditorConfig core...
app/controllers/remuneration/salary_payments_controller.rb: editor.action.trimTrailingWhitespace
web/app/controllers/remuneration/salary_payments_controller.rb: {"insertSpaces":true,"tabSize":2}
web/app/controllers/remuneration/salary_payments_controller.rb: {"insertSpaces":true,"tabSize":2}
web/app/controllers/remuneration/salary_payments_controller.rb: {"insertSpaces":true,"tabSize":2}
web/app/controllers/remuneration/salary_payments_controller.rb: {"insertSpaces":true,"tabSize":2}
web/app/controllers/remuneration/salary_payments_controller.rb: Using EditorConfig core...
app/controllers/remuneration/salary_payments_controller.rb: editor.action.trimTrailingWhitespace
web/app/controllers/remuneration/salary_payments_controller.rb: {"insertSpaces":true,"tabSize":2}
web/app/controllers/remuneration/salary_payments_controller.rb: {"insertSpaces":true,"tabSize":2}
web/app/controllers/remuneration/salary_payments_controller.rb: {"insertSpaces":true,"tabSize":2}
web/app/controllers/remuneration/salary_payments_controller.rb: {"insertSpaces":true,"tabSize":2}
web/app/controllers/remuneration/salary_payments_controller.rb: Using EditorConfig core...
app/controllers/remuneration/salary_payments_controller.rb: editor.action.trimTrailingWhitespace
web/app/controllers/remuneration/salary_payments_controller.rb: {"insertSpaces":true,"tabSize":2}
web/app/controllers/remuneration/salary_payments_controller.rb: Using EditorConfig core...
app/controllers/remuneration/salary_payments_controller.rb: editor.action.trimTrailingWhitespace
web/app/controllers/remuneration/salary_payments_controller.rb: {"insertSpaces":true,"tabSize":2}
web/app/controllers/remuneration/salary_payments_controller.rb: {"insertSpaces":true,"tabSize":2}
web/app/controllers/remuneration/salary_payments_controller.rb: {"insertSpaces":true,"tabSize":2}
web/app/controllers/remuneration/salary_payments_controller.rb: {"insertSpaces":true,"tabSize":2}
web/app/controllers/remuneration/salary_payments_controller.rb: {"insertSpaces":true,"tabSize":2}
web/app/controllers/remuneration/salary_payments_controller.rb: {"insertSpaces":true,"tabSize":2}
web/app/controllers/remuneration/salary_payments_controller.rb: {"insertSpaces":true,"tabSize":2}
web/app/controllers/remuneration/salary_payments_controller.rb: {"insertSpaces":true,"tabSize":2}
web/app/controllers/remuneration/salary_payments_controller.rb: {"insertSpaces":true,"tabSize":2}
web/app/controllers/remuneration/salary_payments_controller.rb: {"insertSpaces":true,"tabSize":2}
web/app/controllers/remuneration/salary_payments_controller.rb: {"insertSpaces":true,"tabSize":2}
web/app/controllers/remuneration/salary_payments_controller.rb: {"insertSpaces":true,"tabSize":2}
web/app/jobs/generate_salary_payments_job.rb: {"insertSpaces":true,"tabSize":2}
web/app/controllers/remuneration/salary_payments_controller.rb: {"insertSpaces":true,"tabSize":2}
web/app/models/salary_payment.rb: {"insertSpaces":true,"tabSize":2}
web/app/jobs/create_salary_payment_service_billing_job.rb: {"insertSpaces":true,"tabSize":2}
web/app/jobs/create_salary_payment_service_billing_job.rb: {"insertSpaces":true,"tabSize":2}
web/app/jobs/generate_salary_payments_job.rb: {"insertSpaces":true,"tabSize":2}
web/app/jobs/generate_salary_payments_job.rb: Using EditorConfig core...
app/jobs/generate_salary_payments_job.rb: editor.action.trimTrailingWhitespace
web/app/jobs/generate_salary_payments_job.rb: {"insertSpaces":true,"tabSize":2}
web/app/jobs/generate_salary_payments_job.rb: {"insertSpaces":true,"tabSize":2}
web/app/jobs/create_salary_payment_service_billing_job.rb: {"insertSpaces":true,"tabSize":2}
web/app/services/remuneration/salary_payments/calculate_salary.rb: {"insertSpaces":true,"tabSize":2}
web/app/services/remuneration/salary_payments/calculate_salary.rb: {"insertSpaces":true,"tabSize":2}
web/app/jobs/create_salary_payment_service_billing_job.rb: {"insertSpaces":true,"tabSize":2}
web/app/jobs/generate_salary_payments_job.rb: {"insertSpaces":true,"tabSize":2}
web/app/jobs/generate_salary_payments_job.rb: Using EditorConfig core...
app/jobs/generate_salary_payments_job.rb: editor.action.trimTrailingWhitespace
web/app/jobs/generate_salary_payments_job.rb: {"insertSpaces":true,"tabSize":2}
web/app/jobs/generate_salary_payments_job.rb: {"insertSpaces":true,"tabSize":2}
web/app/jobs/create_salary_payment_service_billing_job.rb: {"insertSpaces":true,"tabSize":2}
web/app/models/salary_payment.rb: {"insertSpaces":true,"tabSize":2}
web/app/services/remuneration/salary_payments/calculate_salary.rb: {"insertSpaces":true,"tabSize":2}
web/app/jobs/generate_salary_payments_job.rb: {"insertSpaces":true,"tabSize":2}
web/app/jobs/generate_salary_payments_job.rb: Using EditorConfig core...
app/jobs/generate_salary_payments_job.rb: editor.action.trimTrailingWhitespace
web/app/jobs/generate_salary_payments_job.rb: {"insertSpaces":true,"tabSize":2}
web/app/jobs/generate_salary_payments_job.rb: {"insertSpaces":true,"tabSize":2}
web/app/jobs/generate_salary_payments_job.rb: {"insertSpaces":true,"tabSize":2}
web/app/jobs/generate_salary_payments_job.rb: {"insertSpaces":true,"tabSize":2}
web/app/jobs/generate_salary_payments_job.rb: {"insertSpaces":true,"tabSize":2}
web/app/jobs/generate_salary_payments_job.rb: {"insertSpaces":true,"tabSize":2}
web/app/jobs/generate_salary_payments_job.rb: {"insertSpaces":true,"tabSize":2}
web/app/jobs/generate_salary_payments_job.rb: {"insertSpaces":true,"tabSize":2}
web/app/jobs/generate_salary_payments_job.rb: {"insertSpaces":true,"tabSize":2}
web/app/jobs/generate_salary_payments_job.rb: {"insertSpaces":true,"tabSize":2}
web/app/jobs/generate_salary_payments_job.rb: {"insertSpaces":true,"tabSize":2}
web/app/jobs/generate_salary_payments_job.rb: {"insertSpaces":true,"tabSize":2}
web/app/jobs/generate_salary_payments_job.rb: {"insertSpaces":true,"tabSize":2}
web/app/jobs/generate_salary_payments_job.rb: {"insertSpaces":true,"tabSize":2}
web/app/jobs/generate_salary_payments_job.rb: {"insertSpaces":true,"tabSize":2}
web/app/controllers/remuneration/salary_payments_controller.rb: {"insertSpaces":true,"tabSize":2}
web/app/jobs/generate_salary_payments_job.rb: {"insertSpaces":true,"tabSize":2}
web/app/views/remuneration/employees/modals/_massive_salary_payments_modal.html.haml: {"insertSpaces":true,"tabSize":2}
web/app/views/remuneration/employees/modals/_massive_salary_payments_modal.html.haml: {"insertSpaces":true,"tabSize":2}
web/app/views/remuneration/employees/modals/_massive_salary_payments_modal.html.haml: {"insertSpaces":true,"tabSize":2}
