Data loaded from the path - /home/brayan/.config/Code/User/globalStorage/rangav.vscode-thunder-client

Settings Data:
saveToWorkspace: undefined
workspaceRelativePath: 
multiRootWorkspaceName: 
customLocation: undefined



---------------- Running Request: ----------------
Request Url: http://localhost:8080/api/users/:uid
Method: GET
Request Headers:
{
  "accept-encoding": "gzip, deflate, br",
  "Accept": "*/*",
  "User-Agent": "Thunder Client (https://www.thunderclient.com)"
}

---------------- Running Request: ----------------
Request Url: http://localhost:8080/api/users/:uid?uid=asdkfajsdf
Method: GET
Request Headers:
{
  "accept-encoding": "gzip, deflate, br",
  "Accept": "*/*",
  "User-Agent": "Thunder Client (https://www.thunderclient.com)"
}

---------------- Running Request: ----------------
Request Url: http://localhost:8080/api/users/:uid?uid=asdkfajsdf
Method: GET
Request Headers:
{
  "accept-encoding": "gzip, deflate, br",
  "Accept": "*/*",
  "User-Agent": "Thunder Client (https://www.thunderclient.com)"
}

---------------- Running Request: ----------------
Request Url: http://localhost:8080/api/users/:uid?uid=asdkfajsdf
Method: GET
Request Headers:
{
  "accept-encoding": "gzip, deflate, br",
  "Accept": "*/*",
  "User-Agent": "Thunder Client (https://www.thunderclient.com)"
}

---------------- Running Request: ----------------
Request Url: http://localhost:8080/api/users/:uid?uid=asdkfajsdf
Method: GET
Request Headers:
{
  "accept-encoding": "gzip, deflate, br",
  "Accept": "*/*",
  "User-Agent": "Thunder Client (https://www.thunderclient.com)"
}

---------------- Running Request: ----------------
Request Url: http://localhost:8080/api/users/:uid?uid=asdkfajsdf
Method: GET
Request Headers:
{
  "accept-encoding": "gzip, deflate, br",
  "Accept": "*/*",
  "User-Agent": "Thunder Client (https://www.thunderclient.com)"
}

---------------- Running Request: ----------------
Request Url: http://localhost:8080/api/users/:uid?uid=asdkfajsdf
Method: GET
Request Headers:
{
  "accept-encoding": "gzip, deflate, br",
  "Accept": "*/*",
  "User-Agent": "Thunder Client (https://www.thunderclient.com)"
}

---------------- Running Request: ----------------
Request Url: http://localhost:8080/api/users/:uid?uid=asdkfajsdf
Method: GET
Request Headers:
{
  "accept-encoding": "gzip, deflate, br",
  "Accept": "*/*",
  "User-Agent": "Thunder Client (https://www.thunderclient.com)"
}

---------------- Running Request: ----------------
Request Url: http://localhost:8080/api/users/:uid?uid=asdkfajsdf
Method: GET
Request Headers:
{
  "accept-encoding": "gzip, deflate, br",
  "Accept": "*/*",
  "User-Agent": "Thunder Client (https://www.thunderclient.com)"
}

---------------- Running Request: ----------------
Request Url: http://localhost:8080/api/users/:uid?uid=asdkfajsdf
Method: GET
Request Headers:
{
  "accept-encoding": "gzip, deflate, br",
  "Accept": "*/*",
  "User-Agent": "Thunder Client (https://www.thunderclient.com)"
}

---------------- Running Request: ----------------
Request Url: http://localhost:8080/api/users/:uid?uid=asdkfajsdf
Method: GET
Request Headers:
{
  "accept-encoding": "gzip, deflate, br",
  "Accept": "*/*",
  "User-Agent": "Thunder Client (https://www.thunderclient.com)"
}

---------------- Running Request: ----------------
Request Url: http://localhost:8080/api/users/:uid?uid=asdkfajsdf
Method: GET
Request Headers:
{
  "accept-encoding": "gzip, deflate, br",
  "Accept": "*/*",
  "User-Agent": "Thunder Client (https://www.thunderclient.com)"
}

---------------- Running Request: ----------------
Request Url: http://localhost:8080/api/users/:uid?uid=asdkfajsdf
Method: GET
Request Headers:
{
  "accept-encoding": "gzip, deflate, br",
  "Accept": "*/*",
  "User-Agent": "Thunder Client (https://www.thunderclient.com)"
}

---------------- Running Request: ----------------
Request Url: http://localhost:8080/api/users/:uid?uid=asdkfajsdf
Method: GET
Request Headers:
{
  "accept-encoding": "gzip, deflate, br",
  "Accept": "*/*",
  "User-Agent": "Thunder Client (https://www.thunderclient.com)"
}

---------------- Running Request: ----------------
Request Url: http://localhost:8080/api/users/:uid?uid=asdkfajsdf
Method: GET
Request Headers:
{
  "accept-encoding": "gzip, deflate, br",
  "Accept": "*/*",
  "User-Agent": "Thunder Client (https://www.thunderclient.com)"
}

---------------- Running Request: ----------------
Request Url: http://localhost:8080/api/users/:uid?uid=asdkfajsdf
Method: GET
Request Headers:
{
  "accept-encoding": "gzip, deflate, br",
  "Accept": "*/*",
  "User-Agent": "Thunder Client (https://www.thunderclient.com)"
}

---------------- Running Request: ----------------
Request Url: http://localhost:8080/api/users/:uid?uid=asdkfajsdf
Method: GET
Request Headers:
{
  "accept-encoding": "gzip, deflate, br",
  "Accept": "*/*",
  "User-Agent": "Thunder Client (https://www.thunderclient.com)"
}

---------------- Running Request: ----------------
Request Url: http://localhost:8080/api/users/:uid?uid=asdkfajsdf
Method: GET
Request Headers:
{
  "accept-encoding": "gzip, deflate, br",
  "Accept": "*/*",
  "User-Agent": "Thunder Client (https://www.thunderclient.com)"
}

---------------- Running Request: ----------------
Request Url: http://localhost:8080/api/users/:uid?uid=asdkfajsdf
Method: GET
Request Headers:
{
  "accept-encoding": "gzip, deflate, br",
  "Accept": "*/*",
  "User-Agent": "Thunder Client (https://www.thunderclient.com)"
}

---------------- Running Request: ----------------
Request Url: http://localhost:8080/api/users/:uid?uid=asdkfajsdf
Method: GET
Request Headers:
{
  "accept-encoding": "gzip, deflate, br",
  "Accept": "*/*",
  "User-Agent": "Thunder Client (https://www.thunderclient.com)"
}

---------------- Running Request: ----------------
Request Url: http://localhost:8080/api/users/:uid?uid=asdkfajsdf
Method: GET
Request Headers:
{
  "accept-encoding": "gzip, deflate, br",
  "Accept": "*/*",
  "User-Agent": "Thunder Client (https://www.thunderclient.com)"
}

---------------- Running Request: ----------------
Request Url: http://localhost:8080/api/users/:uid?uid=asdkfajsdf
Method: GET
Request Headers:
{
  "accept-encoding": "gzip, deflate, br",
  "Accept": "*/*",
  "User-Agent": "Thunder Client (https://www.thunderclient.com)"
}

---------------- Running Request: ----------------
Request Url: http://localhost:8080/api/users/
Method: POST
Request Headers:
{
  "accept-encoding": "gzip, deflate, br",
  "Accept": "*/*",
  "User-Agent": "Thunder Client (https://www.thunderclient.com)"
}

---------------- Running Request: ----------------
Request Url: http://localhost:8080/api/users/?name=user&photo=foto&email=email@email.com
Method: POST
Request Headers:
{
  "accept-encoding": "gzip, deflate, br",
  "Accept": "*/*",
  "User-Agent": "Thunder Client (https://www.thunderclient.com)"
}

---------------- Running Request: ----------------
Request Url: http://localhost:8080/api/users/
Method: POST
Request Headers:
{
  "content-type": "multipart/form-data; boundary=--------------------------708084488290322808772575",
  "content-length": "391",
  "accept-encoding": "gzip, deflate, br",
  "Accept": "*/*",
  "User-Agent": "Thunder Client (https://www.thunderclient.com)"
}
Request Body:
{
  "name": "name",
  "photo": "photo",
  "email": "email@email.com"
}

---------------- Running Request: ----------------
Request Url: http://localhost:8080/api/users/
Method: POST
Request Headers:
{
  "content-length": "21",
  "accept-encoding": "gzip, deflate, br",
  "Accept": "*/*",
  "User-Agent": "Thunder Client (https://www.thunderclient.com)",
  "Content-Type": "application/json"
}
Request Body:
{
  "name":"nombre"
}

---------------- Running Request: ----------------
Request Url: http://localhost:8080/api/users/
Method: POST
Request Headers:
{
  "content-length": "41",
  "accept-encoding": "gzip, deflate, br",
  "Accept": "*/*",
  "User-Agent": "Thunder Client (https://www.thunderclient.com)",
  "Content-Type": "application/json"
}
Request Body:
{
  "name":"nombre",
  "photo": "photo"
}

---------------- Running Request: ----------------
Request Url: http://localhost:8080/api/users/
Method: POST
Request Headers:
{
  "content-length": "60",
  "accept-encoding": "gzip, deflate, br",
  "Accept": "*/*",
  "User-Agent": "Thunder Client (https://www.thunderclient.com)",
  "Content-Type": "application/json"
}
Request Body:
{
  "name":"nombre",
  "photo": "photo",
  "email":"email"
}

---------------- Running Request: ----------------
Request Url: http://localhost:8080/api/users/
Method: POST
Request Headers:
{
  "content-length": "60",
  "accept-encoding": "gzip, deflate, br",
  "Accept": "*/*",
  "User-Agent": "Thunder Client (https://www.thunderclient.com)",
  "Content-Type": "application/json"
}
Request Body:
{
  "name":"nombre",
  "photo": "photo",
  "email":"email"
}

---------------- Running Request: ----------------
Request Url: http://localhost:8080/api/users/
Method: POST
Request Headers:
{
  "content-length": "60",
  "accept-encoding": "gzip, deflate, br",
  "Accept": "*/*",
  "User-Agent": "Thunder Client (https://www.thunderclient.com)",
  "Content-Type": "application/json"
}
Request Body:
{
  "name":"nombre",
  "photo": "photo",
  "email":"email"
}

---------------- Running Request: ----------------
Request Url: http://localhost:8080/api/users/
Method: POST
Request Headers:
{
  "content-length": "60",
  "accept-encoding": "gzip, deflate, br",
  "Accept": "*/*",
  "User-Agent": "Thunder Client (https://www.thunderclient.com)",
  "Content-Type": "application/json"
}
Request Body:
{
  "name":"nombre",
  "photo": "photo",
  "email":"email"
}

---------------- Running Request: ----------------
Request Url: http://localhost:8080/api/users/
Method: POST
Request Headers:
{
  "content-length": "60",
  "accept-encoding": "gzip, deflate, br",
  "Accept": "*/*",
  "User-Agent": "Thunder Client (https://www.thunderclient.com)",
  "Content-Type": "application/json"
}
Request Body:
{
  "name":"nombre",
  "photo": "photo",
  "email":"email"
}

---------------- Running Request: ----------------
Request Url: http://localhost:8080/api/users/
Method: POST
Request Headers:
{
  "content-length": "60",
  "accept-encoding": "gzip, deflate, br",
  "Accept": "*/*",
  "User-Agent": "Thunder Client (https://www.thunderclient.com)",
  "Content-Type": "application/json"
}
Request Body:
{
  "name":"nombre",
  "photo": "photo",
  "email":"email"
}

---------------- Running Request: ----------------
Request Url: http://localhost:8080/api/users/
Method: POST
Request Headers:
{
  "content-length": "43",
  "accept-encoding": "gzip, deflate, br",
  "Accept": "*/*",
  "User-Agent": "Thunder Client (https://www.thunderclient.com)",
  "Content-Type": "application/json"
}
Request Body:
{
  "name":"nombre",
  "photo": "phemail"
}

---------------- Running Request: ----------------
Request Url: http://localhost:8080/api/users/
Method: POST
Request Headers:
{
  "content-length": "60",
  "accept-encoding": "gzip, deflate, br",
  "Accept": "*/*",
  "User-Agent": "Thunder Client (https://www.thunderclient.com)",
  "Content-Type": "application/json"
}
Request Body:
{
  "name":"nombre",
  "photo": "photo",
  "email":"email"
}

---------------- Running Request: ----------------
Request Url: http://localhost:8080/api/users/
Method: DELETE
Request Headers:
{
  "content-length": "60",
  "accept-encoding": "gzip, deflate, br",
  "Accept": "*/*",
  "User-Agent": "Thunder Client (https://www.thunderclient.com)",
  "Content-Type": "application/json"
}
Request Body:
{
  "name":"nombre",
  "photo": "photo",
  "email":"email"
}

---------------- Running Request: ----------------
Request Url: http://localhost:8080/api/users/
Method: POST
Request Headers:
{
  "content-length": "60",
  "accept-encoding": "gzip, deflate, br",
  "Accept": "*/*",
  "User-Agent": "Thunder Client (https://www.thunderclient.com)",
  "Content-Type": "application/json"
}
Request Body:
{
  "name":"nombre",
  "photo": "photo",
  "email":"email"
}

---------------- Running Request: ----------------
Request Url: http://localhost:8080/api/users/uid=3a17ff12689bd407d35d677d
Method: DELETE
Request Headers:
{
  "content-length": "60",
  "accept-encoding": "gzip, deflate, br",
  "Accept": "*/*",
  "User-Agent": "Thunder Client (https://www.thunderclient.com)",
  "Content-Type": "application/json"
}
Request Body:
{
  "name":"nombre",
  "photo": "photo",
  "email":"email"
}

---------------- Running Request: ----------------
Request Url: http://localhost:8080/api/users/3a17ff12689bd407d35d677d
Method: DELETE
Request Headers:
{
  "content-length": "60",
  "accept-encoding": "gzip, deflate, br",
  "Accept": "*/*",
  "User-Agent": "Thunder Client (https://www.thunderclient.com)",
  "Content-Type": "application/json"
}
Request Body:
{
  "name":"nombre",
  "photo": "photo",
  "email":"email"
}

---------------- Running Request: ----------------
Request Url: http://localhost:8080/api/users/3a17ff12689bd407d35d677d
Method: DELETE
Request Headers:
{
  "content-length": "60",
  "accept-encoding": "gzip, deflate, br",
  "Accept": "*/*",
  "User-Agent": "Thunder Client (https://www.thunderclient.com)",
  "Content-Type": "application/json"
}
Request Body:
{
  "name":"nombre",
  "photo": "photo",
  "email":"email"
}

---------------- Running Request: ----------------
Request Url: http://localhost:8080/api/users/9818b95e9842dced9603f21b
Method: DELETE
Request Headers:
{
  "content-length": "60",
  "accept-encoding": "gzip, deflate, br",
  "Accept": "*/*",
  "User-Agent": "Thunder Client (https://www.thunderclient.com)",
  "Content-Type": "application/json"
}
Request Body:
{
  "name":"nombre",
  "photo": "photo",
  "email":"email"
}

---------------- Running Request: ----------------
Request Url: http://localhost:8080/api/users/9818b95e9842dced9603f21b
Method: DELETE
Request Headers:
{
  "content-length": "60",
  "accept-encoding": "gzip, deflate, br",
  "Accept": "*/*",
  "User-Agent": "Thunder Client (https://www.thunderclient.com)",
  "Content-Type": "application/json"
}
Request Body:
{
  "name":"nombre",
  "photo": "photo",
  "email":"email"
}

---------------- Running Request: ----------------
Request Url: http://localhost:8080/api/users/9818b95e9842dced9603f21b
Method: DELETE
Request Headers:
{
  "content-length": "60",
  "accept-encoding": "gzip, deflate, br",
  "Accept": "*/*",
  "User-Agent": "Thunder Client (https://www.thunderclient.com)",
  "Content-Type": "application/json"
}
Request Body:
{
  "name":"nombre",
  "photo": "photo",
  "email":"email"
}

---------------- Running Request: ----------------
Request Url: http://localhost:8080/api/users/9818b95e9842dced9603f21b
Method: DELETE
Request Headers:
{
  "content-length": "60",
  "accept-encoding": "gzip, deflate, br",
  "Accept": "*/*",
  "User-Agent": "Thunder Client (https://www.thunderclient.com)",
  "Content-Type": "application/json"
}
Request Body:
{
  "name":"nombre",
  "photo": "photo",
  "email":"email"
}

---------------- Running Request: ----------------
Request Url: http://localhost:8080/api/users/9818b95e9842dced9603f21b
Method: DELETE
Request Headers:
{
  "content-length": "60",
  "accept-encoding": "gzip, deflate, br",
  "Accept": "*/*",
  "User-Agent": "Thunder Client (https://www.thunderclient.com)",
  "Content-Type": "application/json"
}
Request Body:
{
  "name":"nombre",
  "photo": "photo",
  "email":"email"
}

---------------- Running Request: ----------------
Request Url: http://localhost:8080/api/users/9818b95e9842dced9603f21b
Method: DELETE
Request Headers:
{
  "content-length": "60",
  "accept-encoding": "gzip, deflate, br",
  "Accept": "*/*",
  "User-Agent": "Thunder Client (https://www.thunderclient.com)",
  "Content-Type": "application/json"
}
Request Body:
{
  "name":"nombre",
  "photo": "photo",
  "email":"email"
}

---------------- Running Request: ----------------
Request Url: http://localhost:8080/api/users/9818b95e9842dced9603f21b
Method: DELETE
Request Headers:
{
  "content-length": "60",
  "accept-encoding": "gzip, deflate, br",
  "Accept": "*/*",
  "User-Agent": "Thunder Client (https://www.thunderclient.com)",
  "Content-Type": "application/json"
}
Request Body:
{
  "name":"nombre",
  "photo": "photo",
  "email":"email"
}

---------------- Running Request: ----------------
Request Url: http://localhost:8080/api/users/9818b95e9842dced9603f21b
Method: DELETE
Request Headers:
{
  "content-length": "60",
  "accept-encoding": "gzip, deflate, br",
  "Accept": "*/*",
  "User-Agent": "Thunder Client (https://www.thunderclient.com)",
  "Content-Type": "application/json"
}
Request Body:
{
  "name":"nombre",
  "photo": "photo",
  "email":"email"
}

---------------- Running Request: ----------------
Request Url: http://localhost:8080/api/users/9818b95e9842dced9603f21b
Method: DELETE
Request Headers:
{
  "content-length": "60",
  "accept-encoding": "gzip, deflate, br",
  "Accept": "*/*",
  "User-Agent": "Thunder Client (https://www.thunderclient.com)",
  "Content-Type": "application/json"
}
Request Body:
{
  "name":"nombre",
  "photo": "photo",
  "email":"email"
}

---------------- Running Request: ----------------
Request Url: http://localhost:8080/api/users/9818b95e9842dced9603f21b
Method: DELETE
Request Headers:
{
  "content-length": "60",
  "accept-encoding": "gzip, deflate, br",
  "Accept": "*/*",
  "User-Agent": "Thunder Client (https://www.thunderclient.com)",
  "Content-Type": "application/json"
}
Request Body:
{
  "name":"nombre",
  "photo": "photo",
  "email":"email"
}

---------------- Running Request: ----------------
Request Url: http://localhost:8080/api/users/9818b95e9842dced9603f21b
Method: DELETE
Request Headers:
{
  "content-length": "60",
  "accept-encoding": "gzip, deflate, br",
  "Accept": "*/*",
  "User-Agent": "Thunder Client (https://www.thunderclient.com)",
  "Content-Type": "application/json"
}
Request Body:
{
  "name":"nombre",
  "photo": "photo",
  "email":"email"
}

---------------- Running Request: ----------------
Request Url: http://localhost:8080/api/users/9818b95e9842dced9603f21b
Method: DELETE
Request Headers:
{
  "content-length": "60",
  "accept-encoding": "gzip, deflate, br",
  "Accept": "*/*",
  "User-Agent": "Thunder Client (https://www.thunderclient.com)",
  "Content-Type": "application/json"
}
Request Body:
{
  "name":"nombre",
  "photo": "photo",
  "email":"email"
}

---------------- Running Request: ----------------
Request Url: http://localhost:8080/api/users/9818b95e9842dced9603f21b
Method: DELETE
Request Headers:
{
  "content-length": "60",
  "accept-encoding": "gzip, deflate, br",
  "Accept": "*/*",
  "User-Agent": "Thunder Client (https://www.thunderclient.com)",
  "Content-Type": "application/json"
}
Request Body:
{
  "name":"nombre",
  "photo": "photo",
  "email":"email"
}

---------------- Running Request: ----------------
Request Url: http://localhost:8080/api/users/9818b95e9842dced9603f21b
Method: DELETE
Request Headers:
{
  "content-length": "60",
  "accept-encoding": "gzip, deflate, br",
  "Accept": "*/*",
  "User-Agent": "Thunder Client (https://www.thunderclient.com)",
  "Content-Type": "application/json"
}
Request Body:
{
  "name":"nombre",
  "photo": "photo",
  "email":"email"
}

---------------- Running Request: ----------------
Request Url: http://localhost:8080/api/users/9818b95e9842dced9603f21b
Method: DELETE
Request Headers:
{
  "content-length": "60",
  "accept-encoding": "gzip, deflate, br",
  "Accept": "*/*",
  "User-Agent": "Thunder Client (https://www.thunderclient.com)",
  "Content-Type": "application/json"
}
Request Body:
{
  "name":"nombre",
  "photo": "photo",
  "email":"email"
}

---------------- Running Request: ----------------
Request Url: http://localhost:8080/api/users/9818b95e9842dced9603f21b
Method: DELETE
Request Headers:
{
  "content-length": "60",
  "accept-encoding": "gzip, deflate, br",
  "Accept": "*/*",
  "User-Agent": "Thunder Client (https://www.thunderclient.com)",
  "Content-Type": "application/json"
}
Request Body:
{
  "name":"nombre",
  "photo": "photo",
  "email":"email"
}

---------------- Running Request: ----------------
Request Url: http://localhost:8080/api/users/9818b95e9842dced9603f21b
Method: DELETE
Request Headers:
{
  "content-length": "60",
  "accept-encoding": "gzip, deflate, br",
  "Accept": "*/*",
  "User-Agent": "Thunder Client (https://www.thunderclient.com)",
  "Content-Type": "application/json"
}
Request Body:
{
  "name":"nombre",
  "photo": "photo",
  "email":"email"
}

---------------- Running Request: ----------------
Request Url: http://localhost:8080/api/users/9818b95e9842dced9603f21b
Method: DELETE
Request Headers:
{
  "content-length": "60",
  "accept-encoding": "gzip, deflate, br",
  "Accept": "*/*",
  "User-Agent": "Thunder Client (https://www.thunderclient.com)",
  "Content-Type": "application/json"
}
Request Body:
{
  "name":"nombre",
  "photo": "photo",
  "email":"email"
}

---------------- Running Request: ----------------
Request Url: http://localhost:8080/api/users/9818b95e9842dced9603f21b
Method: DELETE
Request Headers:
{
  "content-length": "60",
  "accept-encoding": "gzip, deflate, br",
  "Accept": "*/*",
  "User-Agent": "Thunder Client (https://www.thunderclient.com)",
  "Content-Type": "application/json"
}
Request Body:
{
  "name":"nombre",
  "photo": "photo",
  "email":"email"
}

---------------- Running Request: ----------------
Request Url: http://localhost:8080/api/users/9818b95e9842dced9603f21b
Method: GET
Request Headers:
{
  "content-length": "60",
  "accept-encoding": "gzip, deflate, br",
  "Accept": "*/*",
  "User-Agent": "Thunder Client (https://www.thunderclient.com)",
  "Content-Type": "application/json"
}
Request Body:
{
  "name":"nombre",
  "photo": "photo",
  "email":"email"
}

---------------- Running Request: ----------------
Request Url: http://localhost:8080/api/users/1fc6c2875c30d0946d8550d0
Method: GET
Request Headers:
{
  "content-length": "60",
  "accept-encoding": "gzip, deflate, br",
  "Accept": "*/*",
  "User-Agent": "Thunder Client (https://www.thunderclient.com)",
  "Content-Type": "application/json"
}
Request Body:
{
  "name":"nombre",
  "photo": "photo",
  "email":"email"
}

---------------- Running Request: ----------------
Request Url: http://localhost:8080/api/users/1fc6c2875c30d0946d8550d0
Method: GET
Request Headers:
{
  "content-length": "60",
  "accept-encoding": "gzip, deflate, br",
  "Accept": "*/*",
  "User-Agent": "Thunder Client (https://www.thunderclient.com)",
  "Content-Type": "application/json"
}
Request Body:
{
  "name":"nombre",
  "photo": "photo",
  "email":"email"
}

---------------- Running Request: ----------------
Request Url: http://localhost:8080/api/users/1fc6c2875c30d0946d8550d0
Method: GET
Request Headers:
{
  "content-length": "60",
  "accept-encoding": "gzip, deflate, br",
  "Accept": "*/*",
  "User-Agent": "Thunder Client (https://www.thunderclient.com)",
  "Content-Type": "application/json"
}
Request Body:
{
  "name":"nombre",
  "photo": "photo",
  "email":"email"
}

---------------- Running Request: ----------------
Request Url: http://localhost:8080/api/users/1fc6c2875c30d0946d8550d0
Method: GET
Request Headers:
{
  "content-length": "60",
  "accept-encoding": "gzip, deflate, br",
  "Accept": "*/*",
  "User-Agent": "Thunder Client (https://www.thunderclient.com)",
  "Content-Type": "application/json"
}
Request Body:
{
  "name":"nombre",
  "photo": "photo",
  "email":"email"
}

---------------- Running Request: ----------------
Request Url: http://localhost:8080/api/users/1fc6c2875c30d0946d8550d0
Method: GET
Request Headers:
{
  "content-length": "60",
  "accept-encoding": "gzip, deflate, br",
  "Accept": "*/*",
  "User-Agent": "Thunder Client (https://www.thunderclient.com)",
  "Content-Type": "application/json"
}
Request Body:
{
  "name":"nombre",
  "photo": "photo",
  "email":"email"
}

---------------- Running Request: ----------------
Request Url: http://localhost:8080/api/users/1fc6c2875c30d0946d8550d0
Method: GET
Request Headers:
{
  "content-length": "60",
  "accept-encoding": "gzip, deflate, br",
  "Accept": "*/*",
  "User-Agent": "Thunder Client (https://www.thunderclient.com)",
  "Content-Type": "application/json"
}
Request Body:
{
  "name":"nombre",
  "photo": "photo",
  "email":"email"
}

---------------- Running Request: ----------------
Request Url: http://localhost:8080/api/users/1fc6c2875c30d0946d8550d0
Method: GET
Request Headers:
{
  "content-length": "60",
  "accept-encoding": "gzip, deflate, br",
  "Accept": "*/*",
  "User-Agent": "Thunder Client (https://www.thunderclient.com)",
  "Content-Type": "application/json"
}
Request Body:
{
  "name":"nombre",
  "photo": "photo",
  "email":"email"
}

---------------- Running Request: ----------------
Request Url: http://localhost:8080/api/users/1fc6c2875c30d0946d8550d0
Method: GET
Request Headers:
{
  "content-length": "60",
  "accept-encoding": "gzip, deflate, br",
  "Accept": "*/*",
  "User-Agent": "Thunder Client (https://www.thunderclient.com)",
  "Content-Type": "application/json"
}
Request Body:
{
  "name":"nombre",
  "photo": "photo",
  "email":"email"
}

---------------- Running Request: ----------------
Request Url: http://localhost:8080/api/users/1fc6c2875c30d0946d8550d0
Method: GET
Request Headers:
{
  "content-length": "60",
  "accept-encoding": "gzip, deflate, br",
  "Accept": "*/*",
  "User-Agent": "Thunder Client (https://www.thunderclient.com)",
  "Content-Type": "application/json"
}
Request Body:
{
  "name":"nombre",
  "photo": "photo",
  "email":"email"
}

---------------- Running Request: ----------------
Request Url: http://localhost:8080/api/users/1fc6c2875c30d0946d8550d0
Method: GET
Request Headers:
{
  "content-length": "60",
  "accept-encoding": "gzip, deflate, br",
  "Accept": "*/*",
  "User-Agent": "Thunder Client (https://www.thunderclient.com)",
  "Content-Type": "application/json"
}
Request Body:
{
  "name":"nombre",
  "photo": "photo",
  "email":"email"
}

---------------- Running Request: ----------------
Request Url: http://localhost:8080/api/users/1fc6c2875c30d0946d8550d0
Method: GET
Request Headers:
{
  "content-length": "60",
  "accept-encoding": "gzip, deflate, br",
  "Accept": "*/*",
  "User-Agent": "Thunder Client (https://www.thunderclient.com)",
  "Content-Type": "application/json"
}
Request Body:
{
  "name":"nombre",
  "photo": "photo",
  "email":"email"
}

---------------- Running Request: ----------------
Request Url: http://localhost:8080/api/users/1fc6c2875c30d0946d8550d0
Method: GET
Request Headers:
{
  "content-length": "60",
  "accept-encoding": "gzip, deflate, br",
  "Accept": "*/*",
  "User-Agent": "Thunder Client (https://www.thunderclient.com)",
  "Content-Type": "application/json"
}
Request Body:
{
  "name":"nombre",
  "photo": "photo",
  "email":"email"
}

---------------- Running Request: ----------------
Request Url: http://localhost:8080/api/users/1fc6c2875c30d0946d8550d0
Method: GET
Request Headers:
{
  "content-length": "60",
  "accept-encoding": "gzip, deflate, br",
  "Accept": "*/*",
  "User-Agent": "Thunder Client (https://www.thunderclient.com)",
  "Content-Type": "application/json"
}
Request Body:
{
  "name":"nombre",
  "photo": "photo",
  "email":"email"
}

---------------- Running Request: ----------------
Request Url: http://localhost:8080/api/users/1fc6c2875c30d0946d8550d0
Method: GET
Request Headers:
{
  "content-length": "60",
  "accept-encoding": "gzip, deflate, br",
  "Accept": "*/*",
  "User-Agent": "Thunder Client (https://www.thunderclient.com)",
  "Content-Type": "application/json"
}
Request Body:
{
  "name":"nombre",
  "photo": "photo",
  "email":"email"
}

---------------- Running Request: ----------------
Request Url: http://localhost:8080/api/users/1fc6c2875c30d0946d8550d0
Method: GET
Request Headers:
{
  "content-length": "60",
  "accept-encoding": "gzip, deflate, br",
  "Accept": "*/*",
  "User-Agent": "Thunder Client (https://www.thunderclient.com)",
  "Content-Type": "application/json"
}
Request Body:
{
  "name":"nombre",
  "photo": "photo",
  "email":"email"
}

---------------- Running Request: ----------------
Request Url: http://localhost:8080/api/users/1fc6c2875c30d0946d8550d0s
Method: GET
Request Headers:
{
  "content-length": "60",
  "accept-encoding": "gzip, deflate, br",
  "Accept": "*/*",
  "User-Agent": "Thunder Client (https://www.thunderclient.com)",
  "Content-Type": "application/json"
}
Request Body:
{
  "name":"nombre",
  "photo": "photo",
  "email":"email"
}

---------------- Running Request: ----------------
Request Url: http://localhost:8080/api/users/1fc6c2875c30d0946d8550d0s
Method: GET
Request Headers:
{
  "content-length": "60",
  "accept-encoding": "gzip, deflate, br",
  "Accept": "*/*",
  "User-Agent": "Thunder Client (https://www.thunderclient.com)",
  "Content-Type": "application/json"
}
Request Body:
{
  "name":"nombre",
  "photo": "photo",
  "email":"email"
}

---------------- Running Request: ----------------
Request Url: http://localhost:8080/api/users/1fc6c2875c30d0946d8550d0s
Method: GET
Request Headers:
{
  "content-length": "60",
  "accept-encoding": "gzip, deflate, br",
  "Accept": "*/*",
  "User-Agent": "Thunder Client (https://www.thunderclient.com)",
  "Content-Type": "application/json"
}
Request Body:
{
  "name":"nombre",
  "photo": "photo",
  "email":"email"
}

---------------- Running Request: ----------------
Request Url: http://localhost:8080/api/users/1fc6c2875c30d0946d8550d0s
Method: GET
Request Headers:
{
  "content-length": "60",
  "accept-encoding": "gzip, deflate, br",
  "Accept": "*/*",
  "User-Agent": "Thunder Client (https://www.thunderclient.com)",
  "Content-Type": "application/json"
}
Request Body:
{
  "name":"nombre",
  "photo": "photo",
  "email":"email"
}

---------------- Running Request: ----------------
Request Url: http://localhost:8080/api/users/1fc6c2875c30d0946d8550d0s
Method: GET
Request Headers:
{
  "content-length": "60",
  "accept-encoding": "gzip, deflate, br",
  "Accept": "*/*",
  "User-Agent": "Thunder Client (https://www.thunderclient.com)",
  "Content-Type": "application/json"
}
Request Body:
{
  "name":"nombre",
  "photo": "photo",
  "email":"email"
}

---------------- Running Request: ----------------
Request Url: http://localhost:8080/api/users/1fc6c2875c30d0946d8550d0s
Method: GET
Request Headers:
{
  "content-length": "60",
  "accept-encoding": "gzip, deflate, br",
  "Accept": "*/*",
  "User-Agent": "Thunder Client (https://www.thunderclient.com)",
  "Content-Type": "application/json"
}
Request Body:
{
  "name":"nombre",
  "photo": "photo",
  "email":"email"
}

---------------- Running Request: ----------------
Request Url: http://localhost:8080/api/users/1fc6c2875c30d0946d8550d0s
Method: GET
Request Headers:
{
  "content-length": "60",
  "accept-encoding": "gzip, deflate, br",
  "Accept": "*/*",
  "User-Agent": "Thunder Client (https://www.thunderclient.com)",
  "Content-Type": "application/json"
}
Request Body:
{
  "name":"nombre",
  "photo": "photo",
  "email":"email"
}

---------------- Running Request: ----------------
Request Url: http://localhost:8080/api/users/1fc6c2875c30d0946d8550d0s
Method: GET
Request Headers:
{
  "content-length": "60",
  "accept-encoding": "gzip, deflate, br",
  "Accept": "*/*",
  "User-Agent": "Thunder Client (https://www.thunderclient.com)",
  "Content-Type": "application/json"
}
Request Body:
{
  "name":"nombre",
  "photo": "photo",
  "email":"email"
}

---------------- Running Request: ----------------
Request Url: http://localhost:8080/api/users/1fc6c2875c30d0946d8550d0s
Method: GET
Request Headers:
{
  "content-length": "60",
  "accept-encoding": "gzip, deflate, br",
  "Accept": "*/*",
  "User-Agent": "Thunder Client (https://www.thunderclient.com)",
  "Content-Type": "application/json"
}
Request Body:
{
  "name":"nombre",
  "photo": "photo",
  "email":"email"
}

---------------- Running Request: ----------------
Request Url: http://localhost:8080/api/users/1fc6c2875c30d0946d8550d0s
Method: GET
Request Headers:
{
  "content-length": "60",
  "accept-encoding": "gzip, deflate, br",
  "Accept": "*/*",
  "User-Agent": "Thunder Client (https://www.thunderclient.com)",
  "Content-Type": "application/json"
}
Request Body:
{
  "name":"nombre",
  "photo": "photo",
  "email":"email"
}

---------------- Running Request: ----------------
Request Url: http://localhost:8080/api/users/1fc6c2875c30d0946d8550d0s
Method: GET
Request Headers:
{
  "content-length": "60",
  "accept-encoding": "gzip, deflate, br",
  "Accept": "*/*",
  "User-Agent": "Thunder Client (https://www.thunderclient.com)",
  "Content-Type": "application/json"
}
Request Body:
{
  "name":"nombre",
  "photo": "photo",
  "email":"email"
}

---------------- Running Request: ----------------
Request Url: http://localhost:8080/api/users/1fc6c2875c30d0946d8550d0s
Method: GET
Request Headers:
{
  "content-length": "60",
  "accept-encoding": "gzip, deflate, br",
  "Accept": "*/*",
  "User-Agent": "Thunder Client (https://www.thunderclient.com)",
  "Content-Type": "application/json"
}
Request Body:
{
  "name":"nombre",
  "photo": "photo",
  "email":"email"
}

---------------- Running Request: ----------------
Request Url: http://localhost:8080/api/users/1fc6c2875c30d0946d8550d0
Method: GET
Request Headers:
{
  "content-length": "60",
  "accept-encoding": "gzip, deflate, br",
  "Accept": "*/*",
  "User-Agent": "Thunder Client (https://www.thunderclient.com)",
  "Content-Type": "application/json"
}
Request Body:
{
  "name":"nombre",
  "photo": "photo",
  "email":"email"
}

---------------- Running Request: ----------------
Request Url: http://localhost:8080/api/users/1fc6c2875c30d0946d8550d0
Method: GET
Request Headers:
{
  "content-length": "60",
  "accept-encoding": "gzip, deflate, br",
  "Accept": "*/*",
  "User-Agent": "Thunder Client (https://www.thunderclient.com)",
  "Content-Type": "application/json"
}
Request Body:
{
  "name":"nombre",
  "photo": "photo",
  "email":"email"
}

---------------- Running Request: ----------------
Request Url: http://localhost:8080/api/users/1fc6c2875c30d0946d8550d0
Method: GET
Request Headers:
{
  "content-length": "60",
  "accept-encoding": "gzip, deflate, br",
  "Accept": "*/*",
  "User-Agent": "Thunder Client (https://www.thunderclient.com)",
  "Content-Type": "application/json"
}
Request Body:
{
  "name":"nombre",
  "photo": "photo",
  "email":"email"
}

---------------- Running Request: ----------------
Request Url: http://localhost:8080/api/users/1fc6c2875c30d0946d8550d0
Method: GET
Request Headers:
{
  "content-length": "60",
  "accept-encoding": "gzip, deflate, br",
  "Accept": "*/*",
  "User-Agent": "Thunder Client (https://www.thunderclient.com)",
  "Content-Type": "application/json"
}
Request Body:
{
  "name":"nombre",
  "photo": "photo",
  "email":"email"
}

---------------- Running Request: ----------------
Request Url: http://localhost:8080/api/users/1fc6c2875c30d0946d8550d0s
Method: GET
Request Headers:
{
  "content-length": "60",
  "accept-encoding": "gzip, deflate, br",
  "Accept": "*/*",
  "User-Agent": "Thunder Client (https://www.thunderclient.com)",
  "Content-Type": "application/json"
}
Request Body:
{
  "name":"nombre",
  "photo": "photo",
  "email":"email"
}

---------------- Running Request: ----------------
Request Url: http://localhost:8080/api/users/1fc6c2875c30d0946d8550d0s
Method: GET
Request Headers:
{
  "content-length": "60",
  "accept-encoding": "gzip, deflate, br",
  "Accept": "*/*",
  "User-Agent": "Thunder Client (https://www.thunderclient.com)",
  "Content-Type": "application/json"
}
Request Body:
{
  "name":"nombre",
  "photo": "photo",
  "email":"email"
}

---------------- Running Request: ----------------
Request Url: http://localhost:8080/api/users/1fc6c2875c30d0946d8550d0s
Method: GET
Request Headers:
{
  "content-length": "60",
  "accept-encoding": "gzip, deflate, br",
  "Accept": "*/*",
  "User-Agent": "Thunder Client (https://www.thunderclient.com)",
  "Content-Type": "application/json"
}
Request Body:
{
  "name":"nombre",
  "photo": "photo",
  "email":"email"
}

---------------- Running Request: ----------------
Request Url: http://localhost:8080/api/users/1fc6c2875c30d0946d8550d0s
Method: GET
Request Headers:
{
  "content-length": "60",
  "accept-encoding": "gzip, deflate, br",
  "Accept": "*/*",
  "User-Agent": "Thunder Client (https://www.thunderclient.com)",
  "Content-Type": "application/json"
}
Request Body:
{
  "name":"nombre",
  "photo": "photo",
  "email":"email"
}

---------------- Running Request: ----------------
Request Url: http://localhost:8080/api/users/1fc6c2875c30d0946d8550d0s
Method: GET
Request Headers:
{
  "content-length": "60",
  "accept-encoding": "gzip, deflate, br",
  "Accept": "*/*",
  "User-Agent": "Thunder Client (https://www.thunderclient.com)",
  "Content-Type": "application/json"
}
Request Body:
{
  "name":"nombre",
  "photo": "photo",
  "email":"email"
}

---------------- Running Request: ----------------
Request Url: http://localhost:8080/api/users/1fc6c2875c30d0946d8550d0s
Method: GET
Request Headers:
{
  "content-length": "60",
  "accept-encoding": "gzip, deflate, br",
  "Accept": "*/*",
  "User-Agent": "Thunder Client (https://www.thunderclient.com)",
  "Content-Type": "application/json"
}
Request Body:
{
  "name":"nombre",
  "photo": "photo",
  "email":"email"
}

---------------- Running Request: ----------------
Request Url: http://localhost:8080/api/users/1fc6c2875c30d0946d8550d0
Method: GET
Request Headers:
{
  "content-length": "60",
  "accept-encoding": "gzip, deflate, br",
  "Accept": "*/*",
  "User-Agent": "Thunder Client (https://www.thunderclient.com)",
  "Content-Type": "application/json"
}
Request Body:
{
  "name":"nombre",
  "photo": "photo",
  "email":"email"
}

---------------- Running Request: ----------------
Request Url: http://localhost:8080/api/users/1fc6c2875c30d0946d8550d0s
Method: GET
Request Headers:
{
  "content-length": "60",
  "accept-encoding": "gzip, deflate, br",
  "Accept": "*/*",
  "User-Agent": "Thunder Client (https://www.thunderclient.com)",
  "Content-Type": "application/json"
}
Request Body:
{
  "name":"nombre",
  "photo": "photo",
  "email":"email"
}

---------------- Running Request: ----------------
Request Url: http://localhost:8080/api/users/1fc6c2875c30d0946d8550d0s
Method: GET
Request Headers:
{
  "content-length": "60",
  "accept-encoding": "gzip, deflate, br",
  "Accept": "*/*",
  "User-Agent": "Thunder Client (https://www.thunderclient.com)",
  "Content-Type": "application/json"
}
Request Body:
{
  "name":"nombre",
  "photo": "photo",
  "email":"email"
}

---------------- Running Request: ----------------
Request Url: http://localhost:8080/api/users/1fc6c2875c30d0946d8550d0s
Method: GET
Request Headers:
{
  "content-length": "60",
  "accept-encoding": "gzip, deflate, br",
  "Accept": "*/*",
  "User-Agent": "Thunder Client (https://www.thunderclient.com)",
  "Content-Type": "application/json"
}
Request Body:
{
  "name":"nombre",
  "photo": "photo",
  "email":"email"
}

---------------- Running Request: ----------------
Request Url: http://localhost:8080/api/users/1fc6c2875c30d0946d8550d0s
Method: GET
Request Headers:
{
  "content-length": "60",
  "accept-encoding": "gzip, deflate, br",
  "Accept": "*/*",
  "User-Agent": "Thunder Client (https://www.thunderclient.com)",
  "Content-Type": "application/json"
}
Request Body:
{
  "name":"nombre",
  "photo": "photo",
  "email":"email"
}

---------------- Running Request: ----------------
Request Url: http://localhost:8080/api/users/1fc6c2875c30d0946d8550d0s
Method: GET
Request Headers:
{
  "content-length": "60",
  "accept-encoding": "gzip, deflate, br",
  "Accept": "*/*",
  "User-Agent": "Thunder Client (https://www.thunderclient.com)",
  "Content-Type": "application/json"
}
Request Body:
{
  "name":"nombre",
  "photo": "photo",
  "email":"email"
}

---------------- Running Request: ----------------
Request Url: http://localhost:8080/api/users/1fc6c2875c30d0946d8550d0s
Method: GET
Request Headers:
{
  "content-length": "60",
  "accept-encoding": "gzip, deflate, br",
  "Accept": "*/*",
  "User-Agent": "Thunder Client (https://www.thunderclient.com)",
  "Content-Type": "application/json"
}
Request Body:
{
  "name":"nombre",
  "photo": "photo",
  "email":"email"
}

---------------- Running Request: ----------------
Request Url: http://localhost:8080/api/users/1fc6c2875c30d0946d8550d0s
Method: GET
Request Headers:
{
  "content-length": "60",
  "accept-encoding": "gzip, deflate, br",
  "Accept": "*/*",
  "User-Agent": "Thunder Client (https://www.thunderclient.com)",
  "Content-Type": "application/json"
}
Request Body:
{
  "name":"nombre",
  "photo": "photo",
  "email":"email"
}

---------------- Running Request: ----------------
Request Url: http://localhost:8080/api/users/1fc6c2875c30d0946d8550d0
Method: GET
Request Headers:
{
  "content-length": "60",
  "accept-encoding": "gzip, deflate, br",
  "Accept": "*/*",
  "User-Agent": "Thunder Client (https://www.thunderclient.com)",
  "Content-Type": "application/json"
}
Request Body:
{
  "name":"nombre",
  "photo": "photo",
  "email":"email"
}

---------------- Running Request: ----------------
Request Url: http://localhost:8080/api/users/1fc6c2875c30d0946d8550d0
Method: GET
Request Headers:
{
  "content-length": "60",
  "accept-encoding": "gzip, deflate, br",
  "Accept": "*/*",
  "User-Agent": "Thunder Client (https://www.thunderclient.com)",
  "Content-Type": "application/json"
}
Request Body:
{
  "name":"nombre",
  "photo": "photo",
  "email":"email"
}

---------------- Running Request: ----------------
Request Url: http://localhost:8080/api/users/1fc6c2875c30d0946d8550d0s
Method: GET
Request Headers:
{
  "content-length": "60",
  "accept-encoding": "gzip, deflate, br",
  "Accept": "*/*",
  "User-Agent": "Thunder Client (https://www.thunderclient.com)",
  "Content-Type": "application/json"
}
Request Body:
{
  "name":"nombre",
  "photo": "photo",
  "email":"email"
}

---------------- Running Request: ----------------
Request Url: http://localhost:8080/api/users/1fc6c2875c30d0946d8550d0s
Method: GET
Request Headers:
{
  "content-length": "60",
  "accept-encoding": "gzip, deflate, br",
  "Accept": "*/*",
  "User-Agent": "Thunder Client (https://www.thunderclient.com)",
  "Content-Type": "application/json"
}
Request Body:
{
  "name":"nombre",
  "photo": "photo",
  "email":"email"
}

---------------- Running Request: ----------------
Request Url: http://localhost:8080/api/users/1fc6c2875c30d0946d8550d0
Method: GET
Request Headers:
{
  "content-length": "60",
  "accept-encoding": "gzip, deflate, br",
  "Accept": "*/*",
  "User-Agent": "Thunder Client (https://www.thunderclient.com)",
  "Content-Type": "application/json"
}
Request Body:
{
  "name":"nombre",
  "photo": "photo",
  "email":"email"
}

---------------- Running Request: ----------------
Request Url: http://localhost:8080/api/users/1fc6c2875c30d0946d8550d0
Method: PUT
Request Headers:
{
  "content-length": "60",
  "accept-encoding": "gzip, deflate, br",
  "Accept": "*/*",
  "User-Agent": "Thunder Client (https://www.thunderclient.com)",
  "Content-Type": "application/json"
}
Request Body:
{
  "name":"nombre",
  "photo": "photo",
  "email":"email"
}

---------------- Running Request: ----------------
Request Url: http://localhost:8080/api/users/1fc6c2875c30d0946d8550d0s
Method: PUT
Request Headers:
{
  "content-length": "60",
  "accept-encoding": "gzip, deflate, br",
  "Accept": "*/*",
  "User-Agent": "Thunder Client (https://www.thunderclient.com)",
  "Content-Type": "application/json"
}
Request Body:
{
  "name":"nombre",
  "photo": "photo",
  "email":"email"
}

---------------- Running Request: ----------------
Request Url: http://localhost:8080/api/users/1fc6c2875c30d0946d8550d0
Method: PUT
Request Headers:
{
  "content-length": "60",
  "accept-encoding": "gzip, deflate, br",
  "Accept": "*/*",
  "User-Agent": "Thunder Client (https://www.thunderclient.com)",
  "Content-Type": "application/json"
}
Request Body:
{
  "name":"nombre",
  "photo": "photo",
  "email":"email"
}

---------------- Running Request: ----------------
Request Url: http://localhost:8080/api/orders/1fc6c2875c30d0946d8550d0
Method: PUT
Request Headers:
{
  "content-length": "60",
  "accept-encoding": "gzip, deflate, br",
  "Accept": "*/*",
  "User-Agent": "Thunder Client (https://www.thunderclient.com)",
  "Content-Type": "application/json"
}
Request Body:
{
  "name":"nombre",
  "photo": "photo",
  "email":"email"
}

---------------- Running Request: ----------------
Request Url: http://localhost:8080/api/orders/48703b3e09a8e7b942
Method: PUT
Request Headers:
{
  "content-length": "60",
  "accept-encoding": "gzip, deflate, br",
  "Accept": "*/*",
  "User-Agent": "Thunder Client (https://www.thunderclient.com)",
  "Content-Type": "application/json"
}
Request Body:
{
  "name":"nombre",
  "photo": "photo",
  "email":"email"
}

---------------- Running Request: ----------------
Request Url: http://localhost:8080/api/orders/48703b3e09a8e7b942
Method: POST
Request Headers:
{
  "content-length": "60",
  "accept-encoding": "gzip, deflate, br",
  "Accept": "*/*",
  "User-Agent": "Thunder Client (https://www.thunderclient.com)",
  "Content-Type": "application/json"
}
Request Body:
{
  "name":"nombre",
  "photo": "photo",
  "email":"email"
}

---------------- Running Request: ----------------
Request Url: http://localhost:8080/api/orders/48703b3e09a8e7b942
Method: POST
Request Headers:
{
  "content-length": "60",
  "accept-encoding": "gzip, deflate, br",
  "Accept": "*/*",
  "User-Agent": "Thunder Client (https://www.thunderclient.com)",
  "Content-Type": "application/json"
}
Request Body:
{
  "name":"nombre",
  "photo": "photo",
  "email":"email"
}

---------------- Running Request: ----------------
Request Url: http://localhost:8080/api/orders
Method: POST
Request Headers:
{
  "content-length": "60",
  "accept-encoding": "gzip, deflate, br",
  "Accept": "*/*",
  "User-Agent": "Thunder Client (https://www.thunderclient.com)",
  "Content-Type": "application/json"
}
Request Body:
{
  "name":"nombre",
  "photo": "photo",
  "email":"email"
}

---------------- Running Request: ----------------
Request Url: http://localhost:8080/api/products
Method: POST
Request Headers:
{
  "content-length": "60",
  "accept-encoding": "gzip, deflate, br",
  "Accept": "*/*",
  "User-Agent": "Thunder Client (https://www.thunderclient.com)",
  "Content-Type": "application/json"
}
Request Body:
{
  "name":"nombre",
  "photo": "photo",
  "email":"email"
}

---------------- Running Request: ----------------
Request Url: http://localhost:8080/api/products
Method: GET
Request Headers:
{
  "content-length": "60",
  "accept-encoding": "gzip, deflate, br",
  "Accept": "*/*",
  "User-Agent": "Thunder Client (https://www.thunderclient.com)",
  "Content-Type": "application/json"
}
Request Body:
{
  "name":"nombre",
  "photo": "photo",
  "email":"email"
}

---------------- Running Request: ----------------
Request Url: http://localhost:8080/api/products/028414fe01ff2fc852567a6a
Method: GET
Request Headers:
{
  "content-length": "60",
  "accept-encoding": "gzip, deflate, br",
  "Accept": "*/*",
  "User-Agent": "Thunder Client (https://www.thunderclient.com)",
  "Content-Type": "application/json"
}
Request Body:
{
  "name":"nombre",
  "photo": "photo",
  "email":"email"
}

---------------- Running Request: ----------------
Request Url: http://localhost:8080/api/products/028414fe01ff2fc852567a6a
Method: GET
Request Headers:
{
  "content-length": "60",
  "accept-encoding": "gzip, deflate, br",
  "Accept": "*/*",
  "User-Agent": "Thunder Client (https://www.thunderclient.com)",
  "Content-Type": "application/json"
}
Request Body:
{
  "name":"nombre",
  "photo": "photo",
  "email":"email"
}

---------------- Running Request: ----------------
Request Url: http://localhost:8080/api/products/
Method: GET
Request Headers:
{
  "content-length": "60",
  "accept-encoding": "gzip, deflate, br",
  "Accept": "*/*",
  "User-Agent": "Thunder Client (https://www.thunderclient.com)",
  "Content-Type": "application/json"
}
Request Body:
{
  "name":"nombre",
  "photo": "photo",
  "email":"email"
}

---------------- Running Request: ----------------
Request Url: http://localhost:8080/api/products/028414fe01ff2fc852567a6a
Method: GET
Request Headers:
{
  "content-length": "60",
  "accept-encoding": "gzip, deflate, br",
  "Accept": "*/*",
  "User-Agent": "Thunder Client (https://www.thunderclient.com)",
  "Content-Type": "application/json"
}
Request Body:
{
  "name":"nombre",
  "photo": "photo",
  "email":"email"
}

---------------- Running Request: ----------------
Request Url: http://localhost:8080/api/products/028414fe01ff2fc852567a6a
Method: GET
Request Headers:
{
  "content-length": "60",
  "accept-encoding": "gzip, deflate, br",
  "Accept": "*/*",
  "User-Agent": "Thunder Client (https://www.thunderclient.com)",
  "Content-Type": "application/json"
}
Request Body:
{
  "name":"nombre",
  "photo": "photo",
  "email":"email"
}

---------------- Running Request: ----------------
Request Url: http://localhost:8080/api/products/028414fe01ff2fc852567a6a
Method: GET
Request Headers:
{
  "content-length": "60",
  "accept-encoding": "gzip, deflate, br",
  "Accept": "*/*",
  "User-Agent": "Thunder Client (https://www.thunderclient.com)",
  "Content-Type": "application/json"
}
Request Body:
{
  "name":"nombre",
  "photo": "photo",
  "email":"email"
}

---------------- Running Request: ----------------
Request Url: http://localhost:8080/api/products/028414fe01ff2fc852567a6as
Method: GET
Request Headers:
{
  "content-length": "60",
  "accept-encoding": "gzip, deflate, br",
  "Accept": "*/*",
  "User-Agent": "Thunder Client (https://www.thunderclient.com)",
  "Content-Type": "application/json"
}
Request Body:
{
  "name":"nombre",
  "photo": "photo",
  "email":"email"
}

---------------- Running Request: ----------------
Request Url: http://localhost:8080/api/products/028414fe01ff2fc852567a6a
Method: PUT
Request Headers:
{
  "content-length": "60",
  "accept-encoding": "gzip, deflate, br",
  "Accept": "*/*",
  "User-Agent": "Thunder Client (https://www.thunderclient.com)",
  "Content-Type": "application/json"
}
Request Body:
{
  "name":"nombre",
  "photo": "photo",
  "email":"email"
}

---------------- Running Request: ----------------
Request Url: http://localhost:8080/api/products/028414fe01ff2fc852567a6as
Method: PUT
Request Headers:
{
  "content-length": "60",
  "accept-encoding": "gzip, deflate, br",
  "Accept": "*/*",
  "User-Agent": "Thunder Client (https://www.thunderclient.com)",
  "Content-Type": "application/json"
}
Request Body:
{
  "name":"nombre",
  "photo": "photo",
  "email":"email"
}

---------------- Running Request: ----------------
Request Url: http://localhost:8080/api/products/028414fe01ff2fc852567a6a
Method: GET
Request Headers:
{
  "content-length": "60",
  "accept-encoding": "gzip, deflate, br",
  "Accept": "*/*",
  "User-Agent": "Thunder Client (https://www.thunderclient.com)",
  "Content-Type": "application/json"
}
Request Body:
{
  "name":"nombre",
  "photo": "photo",
  "email":"email"
}

---------------- Running Request: ----------------
Request Url: http://localhost:8080/api/products/028414fe01ff2fc852567a6a
Method: GET
Request Headers:
{
  "content-length": "60",
  "accept-encoding": "gzip, deflate, br",
  "Accept": "*/*",
  "User-Agent": "Thunder Client (https://www.thunderclient.com)",
  "Content-Type": "application/json"
}
Request Body:
{
  "name":"nombre",
  "photo": "photo",
  "email":"email"
}

---------------- Running Request: ----------------
Request Url: http://localhost:8080/api/products/028414fe01ff2fc852567a6a
Method: GET
Request Headers:
{
  "content-length": "60",
  "accept-encoding": "gzip, deflate, br",
  "Accept": "*/*",
  "User-Agent": "Thunder Client (https://www.thunderclient.com)",
  "Content-Type": "application/json"
}
Request Body:
{
  "name":"nombre",
  "photo": "photo",
  "email":"email"
}

---------------- Running Request: ----------------
Request Url: http://localhost:8080/api/products/028414fe01ff2fc852567a6a
Method: GET
Request Headers:
{
  "content-length": "60",
  "accept-encoding": "gzip, deflate, br",
  "Accept": "*/*",
  "User-Agent": "Thunder Client (https://www.thunderclient.com)",
  "Content-Type": "application/json"
}
Request Body:
{
  "name":"nombre",
  "photo": "photo",
  "email":"email"
}

---------------- Running Request: ----------------
Request Url: http://localhost:8080/api/products/028414fe01ff2fc852567a6a
Method: GET
Request Headers:
{
  "content-length": "60",
  "accept-encoding": "gzip, deflate, br",
  "Accept": "*/*",
  "User-Agent": "Thunder Client (https://www.thunderclient.com)",
  "Content-Type": "application/json"
}
Request Body:
{
  "name":"nombre",
  "photo": "photo",
  "email":"email"
}

---------------- Running Request: ----------------
Request Url: http://localhost:8080/api/products/028414fe01ff2fc852567a6a
Method: GET
Request Headers:
{
  "content-length": "60",
  "accept-encoding": "gzip, deflate, br",
  "Accept": "*/*",
  "User-Agent": "Thunder Client (https://www.thunderclient.com)",
  "Content-Type": "application/json"
}
Request Body:
{
  "name":"nombre",
  "photo": "photo",
  "email":"email"
}

---------------- Running Request: ----------------
Request Url: http://localhost:8080/api/products/028414fe01ff2fc852567a6as
Method: GET
Request Headers:
{
  "content-length": "60",
  "accept-encoding": "gzip, deflate, br",
  "Accept": "*/*",
  "User-Agent": "Thunder Client (https://www.thunderclient.com)",
  "Content-Type": "application/json"
}
Request Body:
{
  "name":"nombre",
  "photo": "photo",
  "email":"email"
}

---------------- Running Request: ----------------
Request Url: http://localhost:8080/api/products/028414fe01ff2fc852567a6as
Method: GET
Request Headers:
{
  "content-length": "60",
  "accept-encoding": "gzip, deflate, br",
  "Accept": "*/*",
  "User-Agent": "Thunder Client (https://www.thunderclient.com)",
  "Content-Type": "application/json"
}
Request Body:
{
  "name":"nombre",
  "photo": "photo",
  "email":"email"
}

---------------- Running Request: ----------------
Request Url: http://localhost:8080/api/products/
Method: GET
Request Headers:
{
  "content-length": "60",
  "accept-encoding": "gzip, deflate, br",
  "Accept": "*/*",
  "User-Agent": "Thunder Client (https://www.thunderclient.com)",
  "Content-Type": "application/json"
}
Request Body:
{
  "name":"nombre",
  "photo": "photo",
  "email":"email"
}

---------------- Running Request: ----------------
Request Url: http://localhost:8080/api/products/
Method: GET
Request Headers:
{
  "content-length": "60",
  "accept-encoding": "gzip, deflate, br",
  "Accept": "*/*",
  "User-Agent": "Thunder Client (https://www.thunderclient.com)",
  "Content-Type": "application/json"
}
Request Body:
{
  "name":"nombre",
  "photo": "photo",
  "email":"email"
}

---------------- Running Request: ----------------
Request Url: http://localhost:8080/api/products/
Method: GET
Request Headers:
{
  "content-length": "60",
  "accept-encoding": "gzip, deflate, br",
  "Accept": "*/*",
  "User-Agent": "Thunder Client (https://www.thunderclient.com)",
  "Content-Type": "application/json"
}
Request Body:
{
  "name":"nombre",
  "photo": "photo",
  "email":"email"
}

---------------- Running Request: ----------------
Request Url: http://localhost:8080/api/products/
Method: GET
Request Headers:
{
  "content-length": "60",
  "accept-encoding": "gzip, deflate, br",
  "Accept": "*/*",
  "User-Agent": "Thunder Client (https://www.thunderclient.com)",
  "Content-Type": "application/json"
}
Request Body:
{
  "name":"nombre",
  "photo": "photo",
  "email":"email"
}

---------------- Running Request: ----------------
Request Url: http://localhost:8080/api/products/
Method: GET
Request Headers:
{
  "content-length": "60",
  "accept-encoding": "gzip, deflate, br",
  "Accept": "*/*",
  "User-Agent": "Thunder Client (https://www.thunderclient.com)",
  "Content-Type": "application/json"
}
Request Body:
{
  "name":"nombre",
  "photo": "photo",
  "email":"email"
}

---------------- Running Request: ----------------
Request Url: http://localhost:8080/api/products/
Method: GET
Request Headers:
{
  "content-length": "60",
  "accept-encoding": "gzip, deflate, br",
  "Accept": "*/*",
  "User-Agent": "Thunder Client (https://www.thunderclient.com)",
  "Content-Type": "application/json"
}
Request Body:
{
  "name":"nombre",
  "photo": "photo",
  "email":"email"
}

---------------- Running Request: ----------------
Request Url: http://localhost:8080/api/products/
Method: GET
Request Headers:
{
  "content-length": "60",
  "accept-encoding": "gzip, deflate, br",
  "Accept": "*/*",
  "User-Agent": "Thunder Client (https://www.thunderclient.com)",
  "Content-Type": "application/json"
}
Request Body:
{
  "name":"nombre",
  "photo": "photo",
  "email":"email"
}

---------------- Running Request: ----------------
Request Url: http://localhost:8080/api/products/
Method: GET
Request Headers:
{
  "content-length": "60",
  "accept-encoding": "gzip, deflate, br",
  "Accept": "*/*",
  "User-Agent": "Thunder Client (https://www.thunderclient.com)",
  "Content-Type": "application/json"
}
Request Body:
{
  "name":"nombre",
  "photo": "photo",
  "email":"email"
}

---------------- Running Request: ----------------
Request Url: http://localhost:8080/api/products/
Method: GET
Request Headers:
{
  "content-length": "60",
  "accept-encoding": "gzip, deflate, br",
  "Accept": "*/*",
  "User-Agent": "Thunder Client (https://www.thunderclient.com)",
  "Content-Type": "application/json"
}
Request Body:
{
  "name":"nombre",
  "photo": "photo",
  "email":"email"
}

---------------- Running Request: ----------------
Request Url: http://localhost:8080/api/products/
Method: POST
Request Headers:
{
  "content-length": "60",
  "accept-encoding": "gzip, deflate, br",
  "Accept": "*/*",
  "User-Agent": "Thunder Client (https://www.thunderclient.com)",
  "Content-Type": "application/json"
}
Request Body:
{
  "name":"nombre",
  "photo": "photo",
  "email":"email"
}

---------------- Running Request: ----------------
Request Url: http://localhost:8080/api/products/
Method: POST
Request Headers:
{
  "content-length": "60",
  "accept-encoding": "gzip, deflate, br",
  "Accept": "*/*",
  "User-Agent": "Thunder Client (https://www.thunderclient.com)",
  "Content-Type": "application/json"
}
Request Body:
{
  "name":"nombre",
  "photo": "photo",
  "email":"email"
}

---------------- Running Request: ----------------
Request Url: http://localhost:8080/api/products/
Method: GET
Request Headers:
{
  "content-length": "60",
  "accept-encoding": "gzip, deflate, br",
  "Accept": "*/*",
  "User-Agent": "Thunder Client (https://www.thunderclient.com)",
  "Content-Type": "application/json"
}
Request Body:
{
  "name":"nombre",
  "photo": "photo",
  "email":"email"
}

---------------- Running Request: ----------------
Request Url: http://localhost:8080/api/products/
Method: GET
Request Headers:
{
  "content-length": "60",
  "accept-encoding": "gzip, deflate, br",
  "Accept": "*/*",
  "User-Agent": "Thunder Client (https://www.thunderclient.com)",
  "Content-Type": "application/json"
}
Request Body:
{
  "name":"nombre",
  "photo": "photo",
  "email":"email"
}

---------------- Running Request: ----------------
Request Url: http://localhost:8080/api/products/
Method: GET
Request Headers:
{
  "content-length": "60",
  "accept-encoding": "gzip, deflate, br",
  "Accept": "*/*",
  "User-Agent": "Thunder Client (https://www.thunderclient.com)",
  "Content-Type": "application/json"
}
Request Body:
{
  "name":"nombre",
  "photo": "photo",
  "email":"email"
}
