2024-01-09 10:46:42.920 [info] Extension host with pid 4163 started
2024-01-09 10:46:42.920 [info] Skipping acquiring lock for /home/brayan/.config/Code/User/workspaceStorage/3e5e6d6f7e9976681a79a6f5de822ba8.
2024-01-09 10:46:43.302 [info] ExtensionService#_doActivateExtension vscode.emmet, startup: false, activationEvent: 'onLanguage'
2024-01-09 10:46:43.313 [info] ExtensionService#_doActivateExtension Shopify.ruby-lsp, startup: false, activationEvent: 'onLanguage:ruby'
2024-01-09 10:46:43.776 [info] ExtensionService#_doActivateExtension vscode.git-base, startup: false, activationEvent: '*', root cause: vscode.git
2024-01-09 10:46:43.779 [info] ExtensionService#_doActivateExtension EditorConfig.EditorConfig, startup: false, activationEvent: '*'
2024-01-09 10:46:43.912 [info] ExtensionService#_doActivateExtension vscode.git, startup: false, activationEvent: '*'
2024-01-09 10:46:43.957 [info] ExtensionService#_doActivateExtension vscode.github, startup: false, activationEvent: '*'
2024-01-09 10:46:44.390 [info] ExtensionService#_doActivateExtension vscode.npm, startup: true, activationEvent: 'workspaceContains:package.json'
2024-01-09 10:46:44.533 [info] ExtensionService#_doActivateExtension vscode.github-authentication, startup: false, activationEvent: 'onAuthenticationRequest:github'
2024-01-09 10:46:54.114 [info] ExtensionService#_doActivateExtension vscode.debug-auto-launch, startup: false, activationEvent: 'onStartupFinished'
2024-01-09 10:46:54.116 [info] ExtensionService#_doActivateExtension vscode.merge-conflict, startup: false, activationEvent: 'onStartupFinished'
2024-01-09 10:46:54.121 [info] ExtensionService#_doActivateExtension Catppuccin.catppuccin-vsc, startup: false, activationEvent: 'onStartupFinished'
2024-01-09 10:46:54.124 [info] ExtensionService#_doActivateExtension eamodio.gitlens, startup: false, activationEvent: 'onStartupFinished'
2024-01-09 10:46:54.155 [info] ExtensionService#_doActivateExtension ms-vscode-remote.remote-containers, startup: false, activationEvent: 'onStartupFinished'
2024-01-09 10:46:54.308 [info] ExtensionService#_doActivateExtension vscode.json-language-features, startup: false, activationEvent: 'onLanguage:jsonc'
2024-01-09 10:46:54.329 [info] ExtensionService#_doActivateExtension vscode.typescript-language-features, startup: false, activationEvent: 'onLanguage:jsonc'
2024-01-09 10:46:56.208 [info] Eager extensions activated
2024-01-09 10:53:47.287 [warning] TextEditor is closed/disposed
2024-01-09 10:57:37.743 [warning] TextEditor is closed/disposed
2024-01-09 11:26:12.993 [warning] Shopify.ruby-lsp - Code actions of kind 'quickfix 'requested but returned code action is of kind 'refactor.extract'. Code action will be dropped. Please check 'CodeActionContext.only' to only return requested code actions.
2024-01-09 12:03:32.851 [warning] TextEditor is closed/disposed
2024-01-09 14:37:42.647 [warning] TextEditor is closed/disposed
2024-01-09 14:48:18.270 [warning] TextEditor is closed/disposed
2024-01-09 14:48:56.956 [warning] TextEditor is closed/disposed
2024-01-09 14:49:46.715 [warning] Shopify.ruby-lsp - Code actions of kind 'quickfix 'requested but returned code action is of kind 'refactor.extract'. Code action will be dropped. Please check 'CodeActionContext.only' to only return requested code actions.
2024-01-09 14:51:42.535 [warning] TextEditor is closed/disposed
2024-01-09 14:52:28.954 [warning] TextEditor is closed/disposed
2024-01-09 14:52:50.386 [warning] TextEditor is closed/disposed
2024-01-09 14:52:54.448 [warning] TextEditor is closed/disposed
2024-01-09 14:53:14.580 [warning] TextEditor is closed/disposed
2024-01-09 14:53:46.478 [warning] Shopify.ruby-lsp - Code actions of kind 'quickfix 'requested but returned code action is of kind 'refactor.extract'. Code action will be dropped. Please check 'CodeActionContext.only' to only return requested code actions.
2024-01-09 14:53:56.218 [warning] Shopify.ruby-lsp - Code actions of kind 'quickfix 'requested but returned code action is of kind 'refactor.extract'. Code action will be dropped. Please check 'CodeActionContext.only' to only return requested code actions.
2024-01-09 14:54:00.012 [warning] Shopify.ruby-lsp - Code actions of kind 'quickfix 'requested but returned code action is of kind 'refactor.extract'. Code action will be dropped. Please check 'CodeActionContext.only' to only return requested code actions.
2024-01-09 14:54:01.307 [warning] Shopify.ruby-lsp - Code actions of kind 'quickfix 'requested but returned code action is of kind 'refactor.extract'. Code action will be dropped. Please check 'CodeActionContext.only' to only return requested code actions.
2024-01-09 14:54:18.857 [warning] TextEditor is closed/disposed
2024-01-09 14:54:20.099 [warning] TextEditor is closed/disposed
2024-01-09 14:54:36.862 [warning] TextEditor is closed/disposed
2024-01-09 14:54:38.624 [warning] TextEditor is closed/disposed
2024-01-09 14:54:39.143 [warning] TextEditor is closed/disposed
2024-01-09 14:54:41.683 [warning] TextEditor is closed/disposed
2024-01-09 14:56:14.965 [warning] TextEditor is closed/disposed
2024-01-09 14:56:24.269 [warning] TextEditor is closed/disposed
2024-01-09 14:56:25.972 [warning] TextEditor is closed/disposed
2024-01-09 14:56:35.968 [warning] TextEditor is closed/disposed
2024-01-09 14:56:39.124 [warning] TextEditor is closed/disposed
2024-01-09 14:57:33.459 [warning] TextEditor is closed/disposed
2024-01-09 14:57:42.474 [warning] TextEditor is closed/disposed
2024-01-09 14:57:44.130 [warning] TextEditor is closed/disposed
2024-01-09 14:57:48.990 [warning] TextEditor is closed/disposed
2024-01-09 14:58:04.067 [warning] TextEditor is closed/disposed
2024-01-09 14:59:34.496 [warning] TextEditor is closed/disposed
2024-01-09 15:00:34.617 [warning] TextEditor is closed/disposed
2024-01-09 15:01:48.345 [warning] TextEditor is closed/disposed
2024-01-09 15:04:31.753 [warning] TextEditor is closed/disposed
2024-01-09 15:04:32.476 [warning] TextEditor is closed/disposed
2024-01-09 15:04:56.192 [warning] TextEditor is closed/disposed
2024-01-09 15:09:31.053 [warning] Shopify.ruby-lsp - Code actions of kind 'quickfix 'requested but returned code action is of kind 'refactor.extract'. Code action will be dropped. Please check 'CodeActionContext.only' to only return requested code actions.
2024-01-09 15:09:31.199 [warning] Shopify.ruby-lsp - Code actions of kind 'quickfix 'requested but returned code action is of kind 'refactor.extract'. Code action will be dropped. Please check 'CodeActionContext.only' to only return requested code actions.
2024-01-09 15:09:31.208 [warning] Shopify.ruby-lsp - Code actions of kind 'quickfix 'requested but returned code action is of kind 'refactor.extract'. Code action will be dropped. Please check 'CodeActionContext.only' to only return requested code actions.
2024-01-09 15:09:31.218 [warning] Shopify.ruby-lsp - Code actions of kind 'quickfix 'requested but returned code action is of kind 'refactor.extract'. Code action will be dropped. Please check 'CodeActionContext.only' to only return requested code actions.
2024-01-09 15:09:31.694 [warning] Shopify.ruby-lsp - Code actions of kind 'quickfix 'requested but returned code action is of kind 'refactor.extract'. Code action will be dropped. Please check 'CodeActionContext.only' to only return requested code actions.
2024-01-09 15:10:01.200 [warning] Shopify.ruby-lsp - Code actions of kind 'quickfix 'requested but returned code action is of kind 'refactor.extract'. Code action will be dropped. Please check 'CodeActionContext.only' to only return requested code actions.
2024-01-09 15:10:05.880 [warning] Shopify.ruby-lsp - Code actions of kind 'quickfix 'requested but returned code action is of kind 'refactor.extract'. Code action will be dropped. Please check 'CodeActionContext.only' to only return requested code actions.
2024-01-09 15:12:55.391 [warning] TextEditor is closed/disposed
2024-01-09 15:15:38.211 [warning] TextEditor is closed/disposed
2024-01-09 15:15:47.316 [warning] TextEditor is closed/disposed
2024-01-09 15:17:39.146 [warning] TextEditor is closed/disposed
2024-01-09 15:17:42.582 [warning] TextEditor is closed/disposed
2024-01-09 15:17:48.616 [warning] TextEditor is closed/disposed
2024-01-09 15:17:51.953 [warning] TextEditor is closed/disposed
2024-01-09 15:17:52.641 [warning] TextEditor is closed/disposed
2024-01-09 15:17:58.880 [warning] TextEditor is closed/disposed
2024-01-09 15:49:26.724 [warning] TextEditor is closed/disposed
2024-01-09 15:49:29.602 [warning] Illegal argument: TextEditor(vs.editor.ICodeEditor:9,$model27)
2024-01-09 15:55:54.626 [warning] TextEditor is closed/disposed
2024-01-09 15:57:20.544 [warning] Shopify.ruby-lsp - Code actions of kind 'quickfix 'requested but returned code action is of kind 'refactor.extract'. Code action will be dropped. Please check 'CodeActionContext.only' to only return requested code actions.
2024-01-09 16:41:04.495 [info] Extension host terminating: renderer closed the MessagePort
2024-01-09 16:41:04.549 [warning] Canceled
2024-01-09 16:41:04.550 [error] Canceled: Canceled
	at new g (/usr/share/code/resources/app/out/vs/workbench/api/node/extensionHostProcess.js:141:110274)
	at l.U (/usr/share/code/resources/app/out/vs/workbench/api/node/extensionHostProcess.js:150:10866)
	at P.<computed>.j.charCodeAt.P.<computed> (/usr/share/code/resources/app/out/vs/workbench/api/node/extensionHostProcess.js:150:8317)
	at d.g (/usr/share/code/resources/app/out/vs/workbench/api/node/extensionHostProcess.js:141:139555)
	at d.executeCommand (/usr/share/code/resources/app/out/vs/workbench/api/node/extensionHostProcess.js:141:138993)
	at p.registerCommand.description (/usr/share/code/resources/app/out/vs/workbench/api/node/extensionHostProcess.js:141:138317)
	at d.h (/usr/share/code/resources/app/out/vs/workbench/api/node/extensionHostProcess.js:141:140094)
	at d.g (/usr/share/code/resources/app/out/vs/workbench/api/node/extensionHostProcess.js:141:139086)
	at d.executeCommand (/usr/share/code/resources/app/out/vs/workbench/api/node/extensionHostProcess.js:141:138993)
	at Object.executeCommand (/usr/share/code/resources/app/out/vs/workbench/api/node/extensionHostProcess.js:158:21333)
	at f.I [as value] (/usr/share/code/resources/app/extensions/git/dist/main.js:2:924696)
	at n.y (/usr/share/code/resources/app/out/vs/workbench/api/node/extensionHostProcess.js:80:1902)
	at n.z (/usr/share/code/resources/app/out/vs/workbench/api/node/extensionHostProcess.js:80:1972)
	at n.fire (/usr/share/code/resources/app/out/vs/workbench/api/node/extensionHostProcess.js:80:2188)
	at Object.m [as dispose] (/usr/share/code/resources/app/extensions/git/dist/main.js:2:940613)
	at /usr/share/code/resources/app/extensions/git/dist/main.js:2:945566
	at Array.forEach (<anonymous>)
	at p.dispose (/usr/share/code/resources/app/extensions/git/dist/main.js:2:945552)
	at u.<anonymous> (/usr/share/code/resources/app/out/vs/workbench/api/node/extensionHostProcess.js:137:3620)
	at u.dispose (/usr/share/code/resources/app/out/vs/workbench/api/node/extensionHostProcess.js:137:3717)
	at u.<anonymous> (/usr/share/code/resources/app/extensions/git/dist/main.js:2:926708)
	at u.dispose (/usr/share/code/resources/app/out/vs/workbench/api/node/extensionHostProcess.js:137:3717)
	at s (/usr/share/code/resources/app/out/vs/workbench/api/node/extensionHostProcess.js:30:754)
	at f.cb (/usr/share/code/resources/app/out/vs/workbench/api/node/extensionHostProcess.js:154:9873)
	at /usr/share/code/resources/app/out/vs/workbench/api/node/extensionHostProcess.js:154:7808
	at Array.map (<anonymous>)
	at f.Y (/usr/share/code/resources/app/out/vs/workbench/api/node/extensionHostProcess.js:154:7795)
	at f.terminate (/usr/share/code/resources/app/out/vs/workbench/api/node/extensionHostProcess.js:154:8068)
	at s.terminate (/usr/share/code/resources/app/out/vs/workbench/api/node/extensionHostProcess.js:158:1513)
	at a (/usr/share/code/resources/app/out/vs/workbench/api/node/extensionHostProcess.js:171:9802)
	at MessagePortMain.<anonymous> (/usr/share/code/resources/app/out/vs/workbench/api/node/extensionHostProcess.js:171:6227)
	at MessagePortMain.emit (node:events:513:28)
	at MessagePortMain._internalPort.emit (node:electron/js2c/utility_init:2:367) setContext undefined
2024-01-09 16:41:04.550 [error] Canceled: Canceled
	at new g (/usr/share/code/resources/app/out/vs/workbench/api/node/extensionHostProcess.js:141:110274)
	at l.U (/usr/share/code/resources/app/out/vs/workbench/api/node/extensionHostProcess.js:150:10866)
	at P.<computed>.j.charCodeAt.P.<computed> (/usr/share/code/resources/app/out/vs/workbench/api/node/extensionHostProcess.js:150:8317)
	at d.g (/usr/share/code/resources/app/out/vs/workbench/api/node/extensionHostProcess.js:141:139555)
	at d.executeCommand (/usr/share/code/resources/app/out/vs/workbench/api/node/extensionHostProcess.js:141:138993)
	at p.registerCommand.description (/usr/share/code/resources/app/out/vs/workbench/api/node/extensionHostProcess.js:141:138317)
	at d.h (/usr/share/code/resources/app/out/vs/workbench/api/node/extensionHostProcess.js:141:140094)
	at d.g (/usr/share/code/resources/app/out/vs/workbench/api/node/extensionHostProcess.js:141:139086)
	at d.executeCommand (/usr/share/code/resources/app/out/vs/workbench/api/node/extensionHostProcess.js:141:138993)
	at Object.executeCommand (/usr/share/code/resources/app/out/vs/workbench/api/node/extensionHostProcess.js:158:21333)
	at set b [as b] (/usr/share/code/resources/app/extensions/github/dist/extension.js:2:322364)
	at /usr/share/code/resources/app/extensions/github/dist/extension.js:2:323005
	at f.value (/usr/share/code/resources/app/extensions/git/dist/main.js:2:1016450)
	at n.y (/usr/share/code/resources/app/out/vs/workbench/api/node/extensionHostProcess.js:80:1902)
	at n.z (/usr/share/code/resources/app/out/vs/workbench/api/node/extensionHostProcess.js:80:1972)
	at n.fire (/usr/share/code/resources/app/out/vs/workbench/api/node/extensionHostProcess.js:80:2188)
	at Object.m [as dispose] (/usr/share/code/resources/app/extensions/git/dist/main.js:2:940613)
	at /usr/share/code/resources/app/extensions/git/dist/main.js:2:945566
	at Array.forEach (<anonymous>)
	at p.dispose (/usr/share/code/resources/app/extensions/git/dist/main.js:2:945552)
	at u.<anonymous> (/usr/share/code/resources/app/out/vs/workbench/api/node/extensionHostProcess.js:137:3620)
	at u.dispose (/usr/share/code/resources/app/out/vs/workbench/api/node/extensionHostProcess.js:137:3717)
	at u.<anonymous> (/usr/share/code/resources/app/extensions/git/dist/main.js:2:926708)
	at u.dispose (/usr/share/code/resources/app/out/vs/workbench/api/node/extensionHostProcess.js:137:3717)
	at s (/usr/share/code/resources/app/out/vs/workbench/api/node/extensionHostProcess.js:30:754)
	at f.cb (/usr/share/code/resources/app/out/vs/workbench/api/node/extensionHostProcess.js:154:9873)
	at /usr/share/code/resources/app/out/vs/workbench/api/node/extensionHostProcess.js:154:7808
	at Array.map (<anonymous>)
	at f.Y (/usr/share/code/resources/app/out/vs/workbench/api/node/extensionHostProcess.js:154:7795)
	at f.terminate (/usr/share/code/resources/app/out/vs/workbench/api/node/extensionHostProcess.js:154:8068)
	at s.terminate (/usr/share/code/resources/app/out/vs/workbench/api/node/extensionHostProcess.js:158:1513)
	at a (/usr/share/code/resources/app/out/vs/workbench/api/node/extensionHostProcess.js:171:9802)
	at MessagePortMain.<anonymous> (/usr/share/code/resources/app/out/vs/workbench/api/node/extensionHostProcess.js:171:6227)
	at MessagePortMain.emit (node:events:513:28)
	at MessagePortMain._internalPort.emit (node:electron/js2c/utility_init:2:367) setContext undefined
2024-01-09 16:41:04.550 [error] Canceled: Canceled
	at new g (/usr/share/code/resources/app/out/vs/workbench/api/node/extensionHostProcess.js:141:110274)
	at l.U (/usr/share/code/resources/app/out/vs/workbench/api/node/extensionHostProcess.js:150:10866)
	at P.<computed>.j.charCodeAt.P.<computed> (/usr/share/code/resources/app/out/vs/workbench/api/node/extensionHostProcess.js:150:8317)
	at d.g (/usr/share/code/resources/app/out/vs/workbench/api/node/extensionHostProcess.js:141:139555)
	at d.executeCommand (/usr/share/code/resources/app/out/vs/workbench/api/node/extensionHostProcess.js:141:138993)
	at p.registerCommand.description (/usr/share/code/resources/app/out/vs/workbench/api/node/extensionHostProcess.js:141:138317)
	at d.h (/usr/share/code/resources/app/out/vs/workbench/api/node/extensionHostProcess.js:141:140094)
	at d.g (/usr/share/code/resources/app/out/vs/workbench/api/node/extensionHostProcess.js:141:139086)
	at d.executeCommand (/usr/share/code/resources/app/out/vs/workbench/api/node/extensionHostProcess.js:141:138993)
	at Object.executeCommand (/usr/share/code/resources/app/out/vs/workbench/api/node/extensionHostProcess.js:158:21333)
	at w (/home/brayan/.vscode/extensions/eamodio.gitlens-14.6.1/dist/gitlens.js:1077:40599)
	at h (/home/brayan/.vscode/extensions/eamodio.gitlens-14.6.1/dist/gitlens.js:1077:45646)
	at ActionRunners._updateContextKeys (/home/brayan/.vscode/extensions/eamodio.gitlens-14.6.1/dist/gitlens.js:663:17278)
	at s (/home/brayan/.vscode/extensions/eamodio.gitlens-14.6.1/dist/gitlens.js:663:15722)
	at RegisteredActionRunner.unregister (/home/brayan/.vscode/extensions/eamodio.gitlens-14.6.1/dist/gitlens.js:663:15865)
	at RegisteredActionRunner.dispose (/home/brayan/.vscode/extensions/eamodio.gitlens-14.6.1/dist/gitlens.js:663:14518)
	at ActionRunners.dispose (/home/brayan/.vscode/extensions/eamodio.gitlens-14.6.1/dist/gitlens.js:663:15305)
	at /home/brayan/.vscode/extensions/eamodio.gitlens-14.6.1/dist/gitlens.js:1037:19246
	at Array.forEach (<anonymous>)
	at Object.dispose (/home/brayan/.vscode/extensions/eamodio.gitlens-14.6.1/dist/gitlens.js:1037:19228)
	at s (/usr/share/code/resources/app/out/vs/workbench/api/node/extensionHostProcess.js:30:754)
	at f.cb (/usr/share/code/resources/app/out/vs/workbench/api/node/extensionHostProcess.js:154:9873)
	at /usr/share/code/resources/app/out/vs/workbench/api/node/extensionHostProcess.js:154:7808
	at Array.map (<anonymous>)
	at f.Y (/usr/share/code/resources/app/out/vs/workbench/api/node/extensionHostProcess.js:154:7795)
	at f.terminate (/usr/share/code/resources/app/out/vs/workbench/api/node/extensionHostProcess.js:154:8068)
	at s.terminate (/usr/share/code/resources/app/out/vs/workbench/api/node/extensionHostProcess.js:158:1513)
	at a (/usr/share/code/resources/app/out/vs/workbench/api/node/extensionHostProcess.js:171:9802)
	at MessagePortMain.<anonymous> (/usr/share/code/resources/app/out/vs/workbench/api/node/extensionHostProcess.js:171:6227)
	at MessagePortMain.emit (node:events:513:28)
	at MessagePortMain._internalPort.emit (node:electron/js2c/utility_init:2:367) setContext undefined
2024-01-09 16:41:04.550 [error] Canceled: Canceled
	at new g (/usr/share/code/resources/app/out/vs/workbench/api/node/extensionHostProcess.js:141:110274)
	at l.U (/usr/share/code/resources/app/out/vs/workbench/api/node/extensionHostProcess.js:150:10866)
	at P.<computed>.j.charCodeAt.P.<computed> (/usr/share/code/resources/app/out/vs/workbench/api/node/extensionHostProcess.js:150:8317)
	at d.g (/usr/share/code/resources/app/out/vs/workbench/api/node/extensionHostProcess.js:141:139555)
	at d.executeCommand (/usr/share/code/resources/app/out/vs/workbench/api/node/extensionHostProcess.js:141:138993)
	at p.registerCommand.description (/usr/share/code/resources/app/out/vs/workbench/api/node/extensionHostProcess.js:141:138317)
	at d.h (/usr/share/code/resources/app/out/vs/workbench/api/node/extensionHostProcess.js:141:140094)
	at d.g (/usr/share/code/resources/app/out/vs/workbench/api/node/extensionHostProcess.js:141:139086)
	at d.executeCommand (/usr/share/code/resources/app/out/vs/workbench/api/node/extensionHostProcess.js:141:138993)
	at Object.executeCommand (/usr/share/code/resources/app/out/vs/workbench/api/node/extensionHostProcess.js:158:21333)
	at w (/home/brayan/.vscode/extensions/eamodio.gitlens-14.6.1/dist/gitlens.js:1077:40599)
	at h (/home/brayan/.vscode/extensions/eamodio.gitlens-14.6.1/dist/gitlens.js:1077:45646)
	at ActionRunners._updateContextKeys (/home/brayan/.vscode/extensions/eamodio.gitlens-14.6.1/dist/gitlens.js:663:17278)
	at s (/home/brayan/.vscode/extensions/eamodio.gitlens-14.6.1/dist/gitlens.js:663:15722)
	at RegisteredActionRunner.unregister (/home/brayan/.vscode/extensions/eamodio.gitlens-14.6.1/dist/gitlens.js:663:15865)
	at RegisteredActionRunner.dispose (/home/brayan/.vscode/extensions/eamodio.gitlens-14.6.1/dist/gitlens.js:663:14518)
	at ActionRunners.dispose (/home/brayan/.vscode/extensions/eamodio.gitlens-14.6.1/dist/gitlens.js:663:15305)
	at /home/brayan/.vscode/extensions/eamodio.gitlens-14.6.1/dist/gitlens.js:1037:19246
	at Array.forEach (<anonymous>)
	at Object.dispose (/home/brayan/.vscode/extensions/eamodio.gitlens-14.6.1/dist/gitlens.js:1037:19228)
	at s (/usr/share/code/resources/app/out/vs/workbench/api/node/extensionHostProcess.js:30:754)
	at f.cb (/usr/share/code/resources/app/out/vs/workbench/api/node/extensionHostProcess.js:154:9873)
	at /usr/share/code/resources/app/out/vs/workbench/api/node/extensionHostProcess.js:154:7808
	at Array.map (<anonymous>)
	at f.Y (/usr/share/code/resources/app/out/vs/workbench/api/node/extensionHostProcess.js:154:7795)
	at f.terminate (/usr/share/code/resources/app/out/vs/workbench/api/node/extensionHostProcess.js:154:8068)
	at s.terminate (/usr/share/code/resources/app/out/vs/workbench/api/node/extensionHostProcess.js:158:1513)
	at a (/usr/share/code/resources/app/out/vs/workbench/api/node/extensionHostProcess.js:171:9802)
	at MessagePortMain.<anonymous> (/usr/share/code/resources/app/out/vs/workbench/api/node/extensionHostProcess.js:171:6227)
	at MessagePortMain.emit (node:events:513:28)
	at MessagePortMain._internalPort.emit (node:electron/js2c/utility_init:2:367) setContext undefined
2024-01-09 16:41:04.550 [error] Canceled: Canceled
	at new g (/usr/share/code/resources/app/out/vs/workbench/api/node/extensionHostProcess.js:141:110274)
	at l.U (/usr/share/code/resources/app/out/vs/workbench/api/node/extensionHostProcess.js:150:10866)
	at P.<computed>.j.charCodeAt.P.<computed> (/usr/share/code/resources/app/out/vs/workbench/api/node/extensionHostProcess.js:150:8317)
	at d.g (/usr/share/code/resources/app/out/vs/workbench/api/node/extensionHostProcess.js:141:139555)
	at d.executeCommand (/usr/share/code/resources/app/out/vs/workbench/api/node/extensionHostProcess.js:141:138993)
	at p.registerCommand.description (/usr/share/code/resources/app/out/vs/workbench/api/node/extensionHostProcess.js:141:138317)
	at d.h (/usr/share/code/resources/app/out/vs/workbench/api/node/extensionHostProcess.js:141:140094)
	at d.g (/usr/share/code/resources/app/out/vs/workbench/api/node/extensionHostProcess.js:141:139086)
	at d.executeCommand (/usr/share/code/resources/app/out/vs/workbench/api/node/extensionHostProcess.js:141:138993)
	at Object.executeCommand (/usr/share/code/resources/app/out/vs/workbench/api/node/extensionHostProcess.js:158:21333)
	at w (/home/brayan/.vscode/extensions/eamodio.gitlens-14.6.1/dist/gitlens.js:1077:40599)
	at h (/home/brayan/.vscode/extensions/eamodio.gitlens-14.6.1/dist/gitlens.js:1077:45646)
	at ActionRunners._updateContextKeys (/home/brayan/.vscode/extensions/eamodio.gitlens-14.6.1/dist/gitlens.js:663:17278)
	at s (/home/brayan/.vscode/extensions/eamodio.gitlens-14.6.1/dist/gitlens.js:663:15722)
	at RegisteredActionRunner.unregister (/home/brayan/.vscode/extensions/eamodio.gitlens-14.6.1/dist/gitlens.js:663:15865)
	at RegisteredActionRunner.dispose (/home/brayan/.vscode/extensions/eamodio.gitlens-14.6.1/dist/gitlens.js:663:14518)
	at ActionRunners.dispose (/home/brayan/.vscode/extensions/eamodio.gitlens-14.6.1/dist/gitlens.js:663:15305)
	at /home/brayan/.vscode/extensions/eamodio.gitlens-14.6.1/dist/gitlens.js:1037:19246
	at Array.forEach (<anonymous>)
	at Object.dispose (/home/brayan/.vscode/extensions/eamodio.gitlens-14.6.1/dist/gitlens.js:1037:19228)
	at s (/usr/share/code/resources/app/out/vs/workbench/api/node/extensionHostProcess.js:30:754)
	at f.cb (/usr/share/code/resources/app/out/vs/workbench/api/node/extensionHostProcess.js:154:9873)
	at /usr/share/code/resources/app/out/vs/workbench/api/node/extensionHostProcess.js:154:7808
	at Array.map (<anonymous>)
	at f.Y (/usr/share/code/resources/app/out/vs/workbench/api/node/extensionHostProcess.js:154:7795)
	at f.terminate (/usr/share/code/resources/app/out/vs/workbench/api/node/extensionHostProcess.js:154:8068)
	at s.terminate (/usr/share/code/resources/app/out/vs/workbench/api/node/extensionHostProcess.js:158:1513)
	at a (/usr/share/code/resources/app/out/vs/workbench/api/node/extensionHostProcess.js:171:9802)
	at MessagePortMain.<anonymous> (/usr/share/code/resources/app/out/vs/workbench/api/node/extensionHostProcess.js:171:6227)
	at MessagePortMain.emit (node:events:513:28)
	at MessagePortMain._internalPort.emit (node:electron/js2c/utility_init:2:367) setContext undefined
2024-01-09 16:41:04.563 [info] Extension host with pid 4163 exiting with code 0
