2023-12-28 09:16:56.126 [warning] Via 'product.json#extensionEnabledApiProposals' extension 'ms-python.python' wants API proposal 'registerIssueDataProvider' but that proposal DOES NOT EXIST. Likely, the proposal has been finalized (check 'vscode.d.ts') or was abandoned.
2023-12-28 09:16:56.429 [info] Started local extension host with pid 4914.
2023-12-28 09:16:59.589 [info] [perf] Render performance baseline is 31ms
2023-12-28 11:26:20.933 [error] Model is disposed!: Error: Model is disposed!
    at q.ib (vscode-file://vscode-app/usr/share/code/resources/app/out/vs/workbench/workbench.desktop.main.js:728:263)
    at q.validateRange (vscode-file://vscode-app/usr/share/code/resources/app/out/vs/workbench/workbench.desktop.main.js:731:2567)
    at Object.resolveCodeLens (vscode-file://vscode-app/usr/share/code/resources/app/out/vs/workbench/workbench.desktop.main.js:1570:14943)
    at async Promise.all (index 0)
    at async Promise.all (index 0)
2023-12-28 11:26:20.944 [error] Model is disposed!: Error: Model is disposed!
    at q.ib (vscode-file://vscode-app/usr/share/code/resources/app/out/vs/workbench/workbench.desktop.main.js:728:263)
    at q.validateRange (vscode-file://vscode-app/usr/share/code/resources/app/out/vs/workbench/workbench.desktop.main.js:731:2567)
    at Object.resolveCodeLens (vscode-file://vscode-app/usr/share/code/resources/app/out/vs/workbench/workbench.desktop.main.js:1570:14943)
    at async Promise.all (index 1)
    at async Promise.all (index 0)
2023-12-28 11:26:20.945 [error] Model is disposed!: Error: Model is disposed!
    at q.ib (vscode-file://vscode-app/usr/share/code/resources/app/out/vs/workbench/workbench.desktop.main.js:728:263)
    at q.validateRange (vscode-file://vscode-app/usr/share/code/resources/app/out/vs/workbench/workbench.desktop.main.js:731:2567)
    at Object.resolveCodeLens (vscode-file://vscode-app/usr/share/code/resources/app/out/vs/workbench/workbench.desktop.main.js:1570:14943)
    at async Promise.all (index 0)
    at async Promise.all (index 1)
2023-12-28 11:26:20.945 [error] Model is disposed!: Error: Model is disposed!
    at q.ib (vscode-file://vscode-app/usr/share/code/resources/app/out/vs/workbench/workbench.desktop.main.js:728:263)
    at q.validateRange (vscode-file://vscode-app/usr/share/code/resources/app/out/vs/workbench/workbench.desktop.main.js:731:2567)
    at Object.resolveCodeLens (vscode-file://vscode-app/usr/share/code/resources/app/out/vs/workbench/workbench.desktop.main.js:1570:14943)
    at async Promise.all (index 1)
    at async Promise.all (index 1)
2023-12-28 16:08:11.220 [error] Illegal value for lineNumber: Error: Illegal value for lineNumber
    at q.getLineContent (vscode-file://vscode-app/usr/share/code/resources/app/out/vs/workbench/workbench.desktop.main.js:730:4396)
    at o.update (vscode-file://vscode-app/usr/share/code/resources/app/out/vs/workbench/workbench.desktop.main.js:681:81713)
    at P.w (vscode-file://vscode-app/usr/share/code/resources/app/out/vs/workbench/workbench.desktop.main.js:744:53935)
