2023-12-28 09:16:56.326 [info] Added views:workbench.panel.markers.view in workbench.panel.markers
2023-12-28 09:16:56.326 [info] Added views:workbench.panel.output in workbench.panel.output
2023-12-28 09:16:56.326 [info] Added views:terminal in terminal
2023-12-28 09:16:56.326 [info] Added views:outline in workbench.view.explorer
2023-12-28 09:16:56.326 [info] Added views:workbench.scm in workbench.view.scm
2023-12-28 09:16:56.326 [info] Added views:workbench.view.search in workbench.view.search
2023-12-28 09:16:56.326 [info] Added views:timeline in workbench.view.explorer
2023-12-28 09:16:56.326 [info] Added views:workbench.explorer.fileView in workbench.view.explorer
2023-12-28 09:16:56.528 [info] Added views:gitlens.views.home,gitlens.views.drafts,gitlens.views.workspaces,gitlens.views.account in workbench.view.extension.gitlens
2023-12-28 09:16:56.528 [info] Added views:gitlens.views.commitDetails,gitlens.views.lineHistory,gitlens.views.fileHistory,gitlens.views.searchAndCompare in workbench.view.extension.gitlensInspect
2023-12-28 09:16:56.528 [info] Added views:gitlens.views.commits,gitlens.views.branches,gitlens.views.remotes,gitlens.views.stashes,gitlens.views.tags,gitlens.views.contributors in workbench.view.scm
2023-12-28 09:16:56.529 [info] Added views:dockerContainers,dockerImages,dockerRegistries,dockerNetworks,dockerVolumes,vscode-docker.views.dockerContexts,vscode-docker.views.help in workbench.view.extension.dockerView
2023-12-28 09:16:56.529 [info] Added views:targetsContainers,devVolumes in workbench.view.remote
2023-12-28 09:16:56.707 [info] Added views:workbench.debug.welcome in workbench.view.debug
2023-12-28 09:16:56.707 [info] Added views:workbench.debug.breakPointsView in workbench.view.debug
2023-12-28 09:16:56.893 [info] Added views:workbench.panel.repl.view in workbench.panel.repl
2023-12-28 09:16:57.092 [info] Added views:workbench.view.testing in workbench.view.extension.test
2023-12-28 09:16:58.279 [info] Added views:~remote.forwardedPorts in ~remote.forwardedPortsContainer
2023-12-28 09:17:07.287 [info] Added views:gitlens.views.graph,gitlens.views.graphDetails in workbench.view.extension.gitlensPanel
2023-12-28 09:17:07.288 [info] Added views:gitlens.views.timeline in workbench.view.extension.gitlensInspect
2023-12-28 09:17:07.289 [info] Added views:gitlens.views.worktrees in workbench.view.scm
2023-12-28 11:32:08.354 [info] Added views:workbench.views.extensions.installed,workbench.views.extensions.popular,extensions.recommendedList in workbench.view.extensions
2023-12-28 11:32:08.367 [info] Removed views:workbench.views.extensions.popular from workbench.view.extensions
2023-12-28 11:32:11.578 [info] Removed views:extensions.recommendedList,workbench.views.extensions.installed from workbench.view.extensions
2023-12-28 11:32:11.587 [info] Added views:workbench.views.extensions.marketplace in workbench.view.extensions
