2024-01-09 17:34:51.484 [info] Extension host with pid 51645 started
2024-01-09 17:34:51.484 [info] Skipping acquiring lock for /home/brayan/.config/Code/User/workspaceStorage/3e5e6d6f7e9976681a79a6f5de822ba8.
2024-01-09 17:34:51.629 [info] ExtensionService#_doActivateExtension vscode.emmet, startup: false, activationEvent: 'onLanguage'
2024-01-09 17:34:51.637 [info] ExtensionService#_doActivateExtension Shopify.ruby-lsp, startup: false, activationEvent: 'onLanguage:ruby'
2024-01-09 17:34:52.545 [info] ExtensionService#_doActivateExtension vscode.git-base, startup: true, activationEvent: '*', root cause: vscode.git
2024-01-09 17:34:52.549 [info] ExtensionService#_doActivateExtension EditorConfig.EditorConfig, startup: true, activationEvent: '*'
2024-01-09 17:34:52.571 [info] ExtensionService#_doActivateExtension vscode.npm, startup: true, activationEvent: 'workspaceContains:package.json'
2024-01-09 17:34:52.593 [info] ExtensionService#_doActivateExtension vscode.git, startup: true, activationEvent: '*'
2024-01-09 17:34:52.629 [info] ExtensionService#_doActivateExtension vscode.github, startup: true, activationEvent: '*'
2024-01-09 17:34:52.982 [info] ExtensionService#_doActivateExtension vscode.github-authentication, startup: false, activationEvent: 'onAuthenticationRequest:github'
2024-01-09 17:34:56.034 [info] Eager extensions activated
2024-01-09 17:34:56.040 [info] ExtensionService#_doActivateExtension vscode.debug-auto-launch, startup: false, activationEvent: 'onStartupFinished'
2024-01-09 17:34:56.045 [info] ExtensionService#_doActivateExtension vscode.merge-conflict, startup: false, activationEvent: 'onStartupFinished'
2024-01-09 17:34:56.054 [info] ExtensionService#_doActivateExtension Catppuccin.catppuccin-vsc, startup: false, activationEvent: 'onStartupFinished'
2024-01-09 17:34:56.058 [info] ExtensionService#_doActivateExtension eamodio.gitlens, startup: false, activationEvent: 'onStartupFinished'
2024-01-09 17:34:56.098 [info] ExtensionService#_doActivateExtension ms-vscode-remote.remote-containers, startup: false, activationEvent: 'onStartupFinished'
2024-01-09 17:34:56.388 [info] ExtensionService#_doActivateExtension vscode.json-language-features, startup: false, activationEvent: 'onLanguage:jsonc'
2024-01-09 17:34:56.422 [info] ExtensionService#_doActivateExtension vscode.typescript-language-features, startup: false, activationEvent: 'onLanguage:jsonc'
2024-01-09 17:35:01.484 [warning] TextEditor is closed/disposed
2024-01-09 17:35:03.446 [warning] TextEditor is closed/disposed
2024-01-09 17:35:06.011 [warning] TextEditor is closed/disposed
2024-01-09 17:35:08.023 [warning] TextEditor is closed/disposed
2024-01-09 17:35:08.936 [warning] TextEditor is closed/disposed
2024-01-09 17:35:10.571 [warning] TextEditor is closed/disposed
2024-01-09 17:48:36.876 [warning] TextEditor is closed/disposed
2024-01-09 17:48:56.810 [warning] TextEditor is closed/disposed
