2024-01-02 16:35:25.334 [info] Getting Manifest... catppuccin.catppuccin-vsc
2024-01-02 16:35:25.344 [info] Installing extension: catppuccin.catppuccin-vsc
2024-01-02 16:35:27.551 [info] Extension signature is verified: catppuccin.catppuccin-vsc
2024-01-02 16:35:27.586 [info] Extracted extension to file:///home/brayan/.vscode/extensions/catppuccin.catppuccin-vsc-3.9.0: catppuccin.catppuccin-vsc
2024-01-02 16:35:27.593 [info] Renamed to /home/brayan/.vscode/extensions/catppuccin.catppuccin-vsc-3.9.0
2024-01-02 16:35:27.595 [info] Extracting extension completed. catppuccin.catppuccin-vsc
2024-01-02 16:35:27.604 [info] Extension installed successfully: catppuccin.catppuccin-vsc
2024-01-02 16:35:27.683 [error] [uncaught exception in sharedProcess]: Error: ENOENT: no such file or directory, stat '/home/brayan/.vscode/extensions/extensions.json.vsctmp': EntryNotFound (FileSystemError): Error: ENOENT: no such file or directory, stat '/home/brayan/.vscode/extensions/extensions.json.vsctmp'
    at r.create (/usr/share/code/resources/app/out/vs/code/node/sharedProcess/sharedProcessMain.js:51:30056)
    at a (/usr/share/code/resources/app/out/vs/code/node/sharedProcess/sharedProcessMain.js:51:30170)
    at s.fb (/usr/share/code/resources/app/out/vs/code/node/sharedProcess/sharedProcessMain.js:56:36175)
    at s.stat (/usr/share/code/resources/app/out/vs/code/node/sharedProcess/sharedProcessMain.js:56:28621)
    at async E.stat (/usr/share/code/resources/app/out/vs/code/node/sharedProcess/sharedProcessMain.js:56:15732)
    at async Y.tb (/usr/share/code/resources/app/out/vs/code/node/sharedProcess/sharedProcessMain.js:100:111319)
2024-01-02 16:35:36.076 [info] Getting Manifest... catppuccin.catppuccin-vsc-icons
2024-01-02 16:35:36.085 [info] Installing extension: catppuccin.catppuccin-vsc-icons
2024-01-02 16:35:38.133 [info] Extension signature is verified: catppuccin.catppuccin-vsc-icons
2024-01-02 16:35:38.711 [info] Extracted extension to file:///home/brayan/.vscode/extensions/catppuccin.catppuccin-vsc-icons-0.33.0: catppuccin.catppuccin-vsc-icons
2024-01-02 16:35:38.715 [info] Renamed to /home/brayan/.vscode/extensions/catppuccin.catppuccin-vsc-icons-0.33.0
2024-01-02 16:35:38.717 [info] Extracting extension completed. catppuccin.catppuccin-vsc-icons
2024-01-02 16:35:38.726 [info] Extension installed successfully: catppuccin.catppuccin-vsc-icons
2024-01-02 16:35:38.802 [error] [uncaught exception in sharedProcess]: Error: ENOENT: no such file or directory, stat '/home/brayan/.vscode/extensions/extensions.json.vsctmp': EntryNotFound (FileSystemError): Error: ENOENT: no such file or directory, stat '/home/brayan/.vscode/extensions/extensions.json.vsctmp'
    at r.create (/usr/share/code/resources/app/out/vs/code/node/sharedProcess/sharedProcessMain.js:51:30056)
    at a (/usr/share/code/resources/app/out/vs/code/node/sharedProcess/sharedProcessMain.js:51:30170)
    at s.fb (/usr/share/code/resources/app/out/vs/code/node/sharedProcess/sharedProcessMain.js:56:36175)
    at s.stat (/usr/share/code/resources/app/out/vs/code/node/sharedProcess/sharedProcessMain.js:56:28621)
    at async E.stat (/usr/share/code/resources/app/out/vs/code/node/sharedProcess/sharedProcessMain.js:56:15732)
    at async Y.tb (/usr/share/code/resources/app/out/vs/code/node/sharedProcess/sharedProcessMain.js:100:111319)
