2024-01-05 09:10:40.092 [info] Added views:workbench.panel.markers.view in workbench.panel.markers
2024-01-05 09:10:40.092 [info] Added views:workbench.panel.output in workbench.panel.output
2024-01-05 09:10:40.092 [info] Added views:terminal in terminal
2024-01-05 09:10:40.092 [info] Added views:outline in workbench.view.explorer
2024-01-05 09:10:40.092 [info] Added views:workbench.scm in workbench.view.scm
2024-01-05 09:10:40.092 [info] Added views:workbench.view.search in workbench.view.search
2024-01-05 09:10:40.092 [info] Added views:timeline in workbench.view.explorer
2024-01-05 09:10:40.092 [info] Added views:workbench.explorer.fileView in workbench.view.explorer
2024-01-05 09:10:40.348 [info] Added views:workbench.debug.welcome in workbench.view.debug
2024-01-05 09:10:40.348 [info] Added views:workbench.debug.breakPointsView in workbench.view.debug
2024-01-05 09:10:40.479 [info] Added views:gitlens.views.home,gitlens.views.drafts,gitlens.views.workspaces,gitlens.views.account in workbench.view.extension.gitlens
2024-01-05 09:10:40.479 [info] Added views:gitlens.views.commitDetails,gitlens.views.lineHistory,gitlens.views.fileHistory,gitlens.views.searchAndCompare in workbench.view.extension.gitlensInspect
2024-01-05 09:10:40.481 [info] Added views:gitlens.views.commits,gitlens.views.branches,gitlens.views.remotes,gitlens.views.stashes,gitlens.views.tags,gitlens.views.contributors in workbench.view.scm
2024-01-05 09:10:40.481 [info] Added views:dockerContainers,dockerImages,dockerRegistries,dockerNetworks,dockerVolumes,vscode-docker.views.dockerContexts,vscode-docker.views.help in workbench.view.extension.dockerView
2024-01-05 09:10:40.482 [info] Added views:targetsContainers,devVolumes in workbench.view.remote
2024-01-05 09:10:40.660 [info] Added views:workbench.panel.repl.view in workbench.panel.repl
2024-01-05 09:10:40.832 [info] Added views:workbench.view.testing in workbench.view.extension.test
2024-01-05 09:10:41.936 [info] Added views:~remote.forwardedPorts in ~remote.forwardedPortsContainer
2024-01-05 09:10:52.427 [info] Added views:gitlens.views.graph,gitlens.views.graphDetails in workbench.view.extension.gitlensPanel
2024-01-05 09:10:52.428 [info] Added views:gitlens.views.timeline in workbench.view.extension.gitlensInspect
2024-01-05 09:10:52.430 [info] Added views:gitlens.views.worktrees in workbench.view.scm
