Initializing document watcher...
web/app/queries/period_expense_by_year_query.rb: {"insertSpaces":true,"tabSize":2}
web/app/models/webpay_init_transaction.rb: {"insertSpaces":true,"tabSize":2}
web/app/builders/salary_payments/salary_payment_builder.rb: {"insertSpaces":true,"tabSize":2}
web/app/models/salary_payment.rb: {"insertSpaces":true,"tabSize":2}
web/app/models/salary_payment.rb: {"insertSpaces":true,"tabSize":2}
web/app/builders/salary_payments/salary_payment_builder.rb: {"insertSpaces":true,"tabSize":2}
web/app/builders/salary_payments/salary_payment_builder.rb: {"insertSpaces":true,"tabSize":2}
web/app/builders/salary_payments/salary_payment_builder.rb: {"insertSpaces":true,"tabSize":2}
web/app/builders/salary_payments/salary_payment_builder.rb: {"insertSpaces":true,"tabSize":2}
web/app/builders/salary_payments/salary_payment_builder.rb: {"insertSpaces":true,"tabSize":2}
web/app/builders/salary_payments/salary_payment_builder.rb: {"insertSpaces":true,"tabSize":2}
web/app/builders/salary_payments/salary_payment_builder.rb: {"insertSpaces":true,"tabSize":2}
web/app/builders/salary_payments/salary_payment_builder.rb: {"insertSpaces":true,"tabSize":2}
web/app/builders/salary_payments/salary_payment_builder.rb: {"insertSpaces":true,"tabSize":2}
web/app/builders/salary_payments/salary_payment_builder.rb: {"insertSpaces":true,"tabSize":2}
web/app/builders/salary_payments/salary_payment_builder.rb: {"insertSpaces":true,"tabSize":2}
web/app/builders/salary_payments/salary_payment_builder.rb: {"insertSpaces":true,"tabSize":2}
web/app/builders/salary_payments/salary_payment_builder.rb: {"insertSpaces":true,"tabSize":2}
web/app/builders/salary_payments/salary_payment_builder.rb: {"insertSpaces":true,"tabSize":2}
web/app/builders/salary_payments/salary_payment_builder.rb: {"insertSpaces":true,"tabSize":2}
web/app/builders/salary_payments/salary_payment_builder.rb: {"insertSpaces":true,"tabSize":2}
web/app/views/remuneration/vacations/index.html.haml: {"insertSpaces":true,"tabSize":2}
undefined: {}
web/app/views/remuneration/vacations/index.html.haml: {"insertSpaces":true,"tabSize":2}
web/app/views/remuneration/vacations/index.html.haml: {"insertSpaces":true,"tabSize":2}
web/app/views/remuneration/vacations/index.html.haml: {"insertSpaces":true,"tabSize":2}
web/app/views/remuneration/vacations/index.html.haml: Using EditorConfig core...
app/views/remuneration/vacations/index.html.haml: editor.action.trimTrailingWhitespace
web/app/views/remuneration/vacations/index.html.haml: {"insertSpaces":true,"tabSize":2}
web/app/views/remuneration/vacations/index.html.haml: {"insertSpaces":true,"tabSize":2}
web/app/views/remuneration/vacations/index.html.haml: {"insertSpaces":true,"tabSize":2}
web/app/views/remuneration/vacations/index.html.haml: {"insertSpaces":true,"tabSize":2}
web/app/views/remuneration/vacations/index.html.haml: {"insertSpaces":true,"tabSize":2}
web/app/views/remuneration/vacations/index.html.haml: {"insertSpaces":true,"tabSize":2}
web/app/views/remuneration/vacations/index.html.haml: {"insertSpaces":true,"tabSize":2}
web/app/views/remuneration/vacations/index.html.haml: Using EditorConfig core...
app/views/remuneration/vacations/index.html.haml: editor.action.trimTrailingWhitespace
web/app/views/remuneration/vacations/index.html.haml: {"insertSpaces":true,"tabSize":2}
web/app/views/remuneration/vacations/index.html.haml: {"insertSpaces":true,"tabSize":2}
web/app/views/remuneration/vacations/index.html.haml: {"insertSpaces":true,"tabSize":2}
web/app/views/remuneration/vacations/index.html.haml: {"insertSpaces":true,"tabSize":2}
web/app/views/remuneration/vacations/index.html.haml: {"insertSpaces":true,"tabSize":2}
web/app/views/remuneration/vacations/index.html.haml: {"insertSpaces":true,"tabSize":2}
web/app/views/remuneration/vacations/index.html.haml: {"insertSpaces":true,"tabSize":2}
web/app/views/remuneration/vacations/index.html.haml: {"insertSpaces":true,"tabSize":2}
web/app/views/remuneration/vacations/index.html.haml: {"insertSpaces":true,"tabSize":2}
web/app/views/remuneration/vacations/index.html.haml: {"insertSpaces":true,"tabSize":2}
web/app/views/remuneration/vacations/index.html.haml: {"insertSpaces":true,"tabSize":2}
web/app/views/remuneration/vacations/index.html.haml: {"insertSpaces":true,"tabSize":2}
web/app/views/remuneration/vacations/index.html.haml: {"insertSpaces":true,"tabSize":2}
web/app/views/remuneration/vacations/index.html.haml: {"insertSpaces":true,"tabSize":2}
web/app/views/remuneration/vacations/index.html.haml: {"insertSpaces":true,"tabSize":2}
web/app/views/remuneration/vacations/index.html.haml: {"insertSpaces":true,"tabSize":2}
web/app/views/remuneration/vacations/index.html.haml: {"insertSpaces":true,"tabSize":2}
web/app/views/remuneration/vacations/index.html.haml: {"insertSpaces":true,"tabSize":2}
web/app/views/remuneration/vacations/index.html.haml: {"insertSpaces":true,"tabSize":2}
web/app/views/remuneration/vacations/index.html.haml: {"insertSpaces":true,"tabSize":2}
No more open editors.
web/app/views/remuneration/vacations/index.html.haml: {"insertSpaces":true,"tabSize":2}
web/app/views/remuneration/vacations/index.html.haml: Using EditorConfig core...
app/views/remuneration/vacations/index.html.haml: editor.action.trimTrailingWhitespace
web/app/views/remuneration/vacations/index.html.haml: {"insertSpaces":true,"tabSize":2}
web/app/views/remuneration/vacations/index.html.haml: {"insertSpaces":true,"tabSize":2}
web/app/views/remuneration/vacations/index.html.haml: {"insertSpaces":true,"tabSize":2}
web/app/views/remuneration/vacations/index.html.haml: {"insertSpaces":true,"tabSize":2}
web/app/views/remuneration/vacations/index.html.haml: {"insertSpaces":true,"tabSize":2}
web/app/views/remuneration/vacations/index.html.haml: {"insertSpaces":true,"tabSize":2}
web/app/views/remuneration/vacations/index.html.haml: {"insertSpaces":true,"tabSize":2}
web/app/views/remuneration/vacations/index.html.haml: {"insertSpaces":true,"tabSize":2}
web/app/views/remuneration/vacations/index.html.haml: {"insertSpaces":true,"tabSize":2}
web/app/views/remuneration/vacations/index.html.haml: {"insertSpaces":true,"tabSize":2}
web/app/views/remuneration/vacations/index.html.haml: {"insertSpaces":true,"tabSize":2}
web/app/views/remuneration/vacations/index.html.haml: {"insertSpaces":true,"tabSize":2}
web/app/views/remuneration/vacations/index.html.haml: {"insertSpaces":true,"tabSize":2}
web/app/views/remuneration/vacations/index.html.haml: {"insertSpaces":true,"tabSize":2}
web/app/views/remuneration/vacations/index.html.haml: {"insertSpaces":true,"tabSize":2}
web/app/views/remuneration/vacations/index.html.haml: {"insertSpaces":true,"tabSize":2}
web/app/views/remuneration/vacations/index.html.haml: {"insertSpaces":true,"tabSize":2}
web/app/views/remuneration/vacations/index.html.haml: {"insertSpaces":true,"tabSize":2}
web/app/views/remuneration/vacations/index.html.haml: {"insertSpaces":true,"tabSize":2}
/home/brayan/.config/Code/User/settings.json: Using EditorConfig core...
/home/brayan/.config/Code/User/settings.json: Using EditorConfig core...
web/app/views/remuneration/vacations/index.html.haml: {"insertSpaces":true,"tabSize":2}
web/spec/queries/report_queries_spec.rb: {"insertSpaces":true,"tabSize":2}
web/spec/queries/report_queries_spec.rb: Using EditorConfig core...
spec/queries/report_queries_spec.rb: editor.action.trimTrailingWhitespace
web/spec/queries/report_queries_spec.rb: {"insertSpaces":true,"tabSize":2}
web/spec/queries/report_queries_spec.rb: {"insertSpaces":true,"tabSize":2}
web/spec/queries/report_queries_spec.rb: {"insertSpaces":true,"tabSize":2}
web/spec/queries/report_queries_spec.rb: {"insertSpaces":true,"tabSize":2}
web/app/views/remuneration/vacations/index.html.haml: {"insertSpaces":true,"tabSize":2}
web/spec/queries/report_queries_spec.rb: {"insertSpaces":true,"tabSize":2}
web/app/builders/salary_payments/salary_payment_builder.rb: {"insertSpaces":true,"tabSize":2}
/home/brayan/.config/Code/User/settings.json: Using EditorConfig core...
/home/brayan/.config/Code/User/settings.json: Using EditorConfig core...
web/app/builders/salary_payments/salary_payment_builder.rb: {"insertSpaces":true,"tabSize":2}
web/app/builders/salary_payments/salary_payment_builder.rb: {"insertSpaces":true,"tabSize":2}
web/app/builders/salary_payments/salary_payment_builder.rb: {"insertSpaces":true,"tabSize":2}
web/app/builders/salary_payments/salary_payment_builder.rb: Using EditorConfig core...
app/builders/salary_payments/salary_payment_builder.rb: editor.action.trimTrailingWhitespace
web/app/builders/salary_payments/salary_payment_builder.rb: {"insertSpaces":true,"tabSize":2}
web/app/builders/salary_payments/salary_payment_builder.rb: Using EditorConfig core...
app/builders/salary_payments/salary_payment_builder.rb: editor.action.trimTrailingWhitespace
web/app/builders/salary_payments/salary_payment_builder.rb: Using EditorConfig core...
app/builders/salary_payments/salary_payment_builder.rb: editor.action.trimTrailingWhitespace
web/app/builders/salary_payments/salary_payment_builder.rb: {"insertSpaces":true,"tabSize":2}
web/app/builders/salary_payments/salary_payment_builder.rb: {"insertSpaces":true,"tabSize":2}
web/app/builders/salary_payments/salary_payment_builder.rb: {"insertSpaces":true,"tabSize":2}
web/app/builders/salary_payments/salary_payment_builder.rb: {"insertSpaces":true,"tabSize":2}
web/app/models/salary_payment.rb: {"insertSpaces":true,"tabSize":2}
web/app/builders/salary_payments/salary_payment_builder.rb: {"insertSpaces":true,"tabSize":2}
web/app/models/salary_payment.rb: {"insertSpaces":true,"tabSize":2}
web/app/builders/salary_payments/salary_payment_builder.rb: {"insertSpaces":true,"tabSize":2}
web/app/builders/salary_payments/salary_payment_builder.rb: Using EditorConfig core...
app/builders/salary_payments/salary_payment_builder.rb: editor.action.trimTrailingWhitespace
web/app/builders/salary_payments/salary_payment_builder.rb: {"insertSpaces":true,"tabSize":2}
web/app/builders/salary_payments/salary_payment_builder.rb: Using EditorConfig core...
app/builders/salary_payments/salary_payment_builder.rb: editor.action.trimTrailingWhitespace
web/app/models/salary_payment.rb: {"insertSpaces":true,"tabSize":2}
web/app/builders/salary_payments/salary_payment_builder.rb: {"insertSpaces":true,"tabSize":2}
web/app/models/salary_payment.rb: {"insertSpaces":true,"tabSize":2}
web/app/models/salary_payment.rb: {"insertSpaces":true,"tabSize":2}
web/app/models/salary_payment.rb: {"insertSpaces":true,"tabSize":2}
web/app/builders/salary_payments/salary_payment_builder.rb: {"insertSpaces":true,"tabSize":2}
web/app/models/salary_payment.rb: {"insertSpaces":true,"tabSize":2}
web/app/builders/salary_payments/salary_payment_builder.rb: {"insertSpaces":true,"tabSize":2}
web/spec/support/shared_examples/single_error_examples.rb: {"insertSpaces":true,"tabSize":2}
web/app/builders/salary_payments/salary_payment_builder.rb: {"insertSpaces":true,"tabSize":2}
web/app/builders/salary_payments/salary_payment_builder.rb: Using EditorConfig core...
app/builders/salary_payments/salary_payment_builder.rb: editor.action.trimTrailingWhitespace
web/app/builders/salary_payments/salary_payment_builder.rb: Using EditorConfig core...
app/builders/salary_payments/salary_payment_builder.rb: editor.action.trimTrailingWhitespace
web/app/builders/salary_payments/salary_payment_builder.rb: {"insertSpaces":true,"tabSize":2}
web/spec/support/shared_examples/single_error_examples.rb: {"insertSpaces":true,"tabSize":2}
web/app/builders/salary_payments/salary_payment_builder.rb: {"insertSpaces":true,"tabSize":2}
web/app/builders/salary_payments/salary_payment_builder.rb: {"insertSpaces":true,"tabSize":2}
web/app/builders/salary_payments/salary_payment_builder.rb: {"insertSpaces":true,"tabSize":2}
web/app/views/remuneration/salary_payments/_form.html.haml: {"insertSpaces":true,"tabSize":2}
web/app/builders/salary_payments/salary_payment_builder.rb: {"insertSpaces":true,"tabSize":2}
web/app/builders/salary_payments/salary_payment_builder.rb: {"insertSpaces":true,"tabSize":2}
web/app/builders/salary_payments/salary_payment_builder.rb: {"insertSpaces":true,"tabSize":2}
web/app/builders/salary_payments/salary_payment_builder.rb: {"insertSpaces":true,"tabSize":2}
web/app/lib/constants/salary_payments.rb: {"insertSpaces":true,"tabSize":2}
web/app/builders/salary_payments/salary_payment_builder.rb: {"insertSpaces":true,"tabSize":2}
web/app/lib/constants/salary_payments.rb: {"insertSpaces":true,"tabSize":2}
web/app/lib/constants/salary_payments.rb: Using EditorConfig core...
app/lib/constants/salary_payments.rb: editor.action.trimTrailingWhitespace
web/app/builders/salary_payments/salary_payment_builder.rb: {"insertSpaces":true,"tabSize":2}
web/app/builders/salary_payments/salary_payment_builder.rb: Using EditorConfig core...
app/builders/salary_payments/salary_payment_builder.rb: editor.action.trimTrailingWhitespace
web/app/models/salary_payment.rb: {"insertSpaces":true,"tabSize":2}
web/app/models/salary_payment.rb: Using EditorConfig core...
app/models/salary_payment.rb: editor.action.trimTrailingWhitespace
web/app/services/remuneration/employees/lre_getter.rb: {"insertSpaces":true,"tabSize":2}
web/app/services/remuneration/employees/lre_getter.rb: Using EditorConfig core...
app/services/remuneration/employees/lre_getter.rb: editor.action.trimTrailingWhitespace
web/spec/factories/salaries.rb: {"insertSpaces":true,"tabSize":2}
web/spec/factories/salaries.rb: Using EditorConfig core...
spec/factories/salaries.rb: editor.action.trimTrailingWhitespace
web/app/views/remuneration/salary_payments/_form.html.haml: {"insertSpaces":true,"tabSize":2}
web/app/views/remuneration/salary_payments/_form.html.haml: Using EditorConfig core...
app/views/remuneration/salary_payments/_form.html.haml: editor.action.trimTrailingWhitespace
web/app/views/remuneration/salary_payments/_form.html.haml: Using EditorConfig core...
app/views/remuneration/salary_payments/_form.html.haml: editor.action.trimTrailingWhitespace
web/app/views/remuneration/salary_payments/_form.html.haml: Using EditorConfig core...
app/views/remuneration/salary_payments/_form.html.haml: editor.action.trimTrailingWhitespace
web/app/builders/salary_payments/salary_payment_builder.rb: {"insertSpaces":true,"tabSize":2}
web/app/lib/constants/salary_payments.rb: {"insertSpaces":true,"tabSize":2}
web/app/models/salary_payment.rb: {"insertSpaces":true,"tabSize":2}
web/app/services/remuneration/employees/lre_getter.rb: {"insertSpaces":true,"tabSize":2}
web/app/views/remuneration/salary_payments/_form.html.haml: {"insertSpaces":true,"tabSize":2}
web/app/views/remuneration/salary_payments/_form.html.haml: Using EditorConfig core...
app/views/remuneration/salary_payments/_form.html.haml: editor.action.trimTrailingWhitespace
web/app/javascript/controllers/pas_controller.js: {"insertSpaces":true,"tabSize":2}
web/app/javascript/controllers/add_sidebar_events_controller.js: {"insertSpaces":true,"tabSize":2}
web/app/javascript/controllers/avatar_validator_controller.js: {"insertSpaces":true,"tabSize":2}
web/app/javascript/controllers/bank_accounts_controller.js: {"insertSpaces":true,"tabSize":2}
web/app/javascript/controllers/bill_row_controller.js: {"insertSpaces":true,"tabSize":2}
web/app/javascript/controllers/bind_selectors_controller.js: {"insertSpaces":true,"tabSize":2}
web/app/javascript/controllers/bonos_controller.js: {"insertSpaces":true,"tabSize":2}
web/app/javascript/controllers/bulk_notifier_controller.js: {"insertSpaces":true,"tabSize":2}
web/app/javascript/controllers/cf_selector_controller.js: {"insertSpaces":true,"tabSize":2}
web/app/javascript/controllers/checkbox_controller.js: {"insertSpaces":true,"tabSize":2}
web/app/javascript/controllers/fines_controller.js: {"insertSpaces":true,"tabSize":2}
web/app/javascript/controllers/form_controller.js: {"insertSpaces":true,"tabSize":2}
web/app/javascript/controllers/form_validation_controller.js: {"insertSpaces":true,"tabSize":2}
web/app/javascript/controllers/initialize_autonumeric_controller.js: {"insertSpaces":true,"tabSize":2}
web/app/javascript/controllers/initialize_datepicker_controller.js: {"insertSpaces":true,"tabSize":2}
web/app/javascript/controllers/initialize_tooltip_controller.js: {"insertSpaces":true,"tabSize":2}
web/app/javascript/controllers/input_formatter_controller.js: {"insertSpaces":true,"tabSize":2}
web/app/javascript/controllers/invoice_modal_controller.js: {"insertSpaces":true,"tabSize":2}
web/app/javascript/controllers/multiple_toggle_controller.js: {"insertSpaces":true,"tabSize":2}
web/app/javascript/controllers/NoPeriodBills_controller.js: {"insertSpaces":true,"tabSize":2}
web/app/javascript/controllers/request_insurance_policy_quote_controller.js: {"insertSpaces":true,"tabSize":2}
web/app/javascript/controllers/start_demo_community_controller.js: {"insertSpaces":true,"tabSize":2}
web/app/javascript/controllers/sort_table_controller.js: {"insertSpaces":true,"tabSize":2}
web/app/javascript/controllers/sort_table_controller.js: Using EditorConfig core...
app/javascript/controllers/sort_table_controller.js: editor.action.trimTrailingWhitespace
web/app/javascript/controllers/sort_table_controller.js: Using EditorConfig core...
app/javascript/controllers/sort_table_controller.js: editor.action.trimTrailingWhitespace
web/app/javascript/controllers/sort_table_controller.js: {"insertSpaces":true,"tabSize":2}
web/app/javascript/controllers/start_demo_community_controller.js: {"insertSpaces":true,"tabSize":2}
web/app/javascript/controllers/stp_promotion_controller.js: {"insertSpaces":true,"tabSize":2}
web/app/javascript/controllers/stp_promotion_controller.js: Using EditorConfig core...
app/javascript/controllers/stp_promotion_controller.js: editor.action.trimTrailingWhitespace
web/app/javascript/controllers/sort_table_controller.js: {"insertSpaces":true,"tabSize":2}
web/app/javascript/controllers/sort_table_controller.js: Using EditorConfig core...
app/javascript/controllers/sort_table_controller.js: editor.action.trimTrailingWhitespace
web/app/javascript/controllers/stp_promotion_controller.js: {"insertSpaces":true,"tabSize":2}
web/app/javascript/controllers/surveys_controller.js: {"insertSpaces":true,"tabSize":2}
web/app/javascript/controllers/surveys_controller.js: Using EditorConfig core...
app/javascript/controllers/surveys_controller.js: editor.action.trimTrailingWhitespace
web/app/javascript/controllers/surveys_controller.js: Using EditorConfig core...
app/javascript/controllers/surveys_controller.js: editor.action.trimTrailingWhitespace
web/app/javascript/controllers/take_photo_controller.js: {"insertSpaces":true,"tabSize":2}
web/app/javascript/controllers/toggle_controller.js: {"insertSpaces":true,"tabSize":2}
web/app/javascript/controllers/turbo_modal_controller.js: {"insertSpaces":true,"tabSize":2}
web/app/javascript/controllers/turbo_pagy_controller.js: {"insertSpaces":true,"tabSize":2}
web/app/javascript/controllers/turbo_params_controller.js: {"insertSpaces":true,"tabSize":2}
web/app/javascript/controllers/upload_file_controller.js: {"insertSpaces":true,"tabSize":2}
/home/brayan/.config/Code/User/settings.json: {}
web/app/javascript/controllers/upload_file_controller.js: {"insertSpaces":true,"tabSize":2}
/home/brayan/.config/Code/User/settings.json: {}
/home/brayan/.config/Code/User/settings.json: Using EditorConfig core...
/home/brayan/.config/Code/User/settings.json: Using EditorConfig core...
/home/brayan/.config/Code/User/settings.json: Using EditorConfig core...
/home/brayan/.config/Code/User/settings.json: Using EditorConfig core...
/home/brayan/.config/Code/User/settings.json: Using EditorConfig core...
/home/brayan/.config/Code/User/settings.json: Using EditorConfig core...
/home/brayan/.config/Code/User/settings.json: Using EditorConfig core...
/home/brayan/.config/Code/User/settings.json: Using EditorConfig core...
/home/brayan/.config/Code/User/settings.json: Using EditorConfig core...
/home/brayan/.config/Code/User/settings.json: Using EditorConfig core...
/home/brayan/.config/Code/User/settings.json: Using EditorConfig core...
/home/brayan/.config/Code/User/settings.json: Using EditorConfig core...
/home/brayan/.config/Code/User/settings.json: {}
web/app/javascript/controllers/upload_file_controller.js: {"insertSpaces":true,"tabSize":2}
/home/brayan/.config/Code/User/settings.json: {}
/home/brayan/.config/Code/User/settings.json: Using EditorConfig core...
web/app/views/remuneration/salary_payments/_form.html.haml: {"insertSpaces":true,"tabSize":2}
web/app/views/remuneration/salary_payments/_form.html.haml: Using EditorConfig core...
app/views/remuneration/salary_payments/_form.html.haml: editor.action.trimTrailingWhitespace
web/app/views/remuneration/salary_payments/_form.html.haml: Using EditorConfig core...
app/views/remuneration/salary_payments/_form.html.haml: editor.action.trimTrailingWhitespace
/home/brayan/.config/Code/User/settings.json: {}
/home/brayan/.config/Code/User/settings.json: Using EditorConfig core...
web/app/views/remuneration/salary_payments/_form.html.haml: {"insertSpaces":true,"tabSize":2}
web/app/views/remuneration/salary_payments/_form.html.haml: Using EditorConfig core...
app/views/remuneration/salary_payments/_form.html.haml: editor.action.trimTrailingWhitespace
web/app/views/remuneration/salary_payments/_form.html.haml: {"insertSpaces":true,"tabSize":2}
web/app/views/remuneration/salary_payments/_form.html.haml: {"insertSpaces":true,"tabSize":2}
web/app/views/remuneration/salary_payments/_form.html.haml: {"insertSpaces":true,"tabSize":2}
web/app/views/remuneration/salary_payments/_form.html.haml: {"insertSpaces":true,"tabSize":2}
web/.editorconfig: {"insertSpaces":true,"tabSize":2}
No more open editors.
No more open editors.
No more open editors.
web/.editorconfig: {"insertSpaces":true,"tabSize":2}
/home/brayan/.config/Code/User/settings.json: Using EditorConfig core...
web/app/jobs/payment_irs_complement_all_job.rb: {"insertSpaces":true,"tabSize":2}
web/app/jobs/payment_irs_complement_all_job.rb: {"insertSpaces":true,"tabSize":2}
web/app/jobs/payment_irs_complement_all_job.rb: {"insertSpaces":true,"tabSize":2}
web/app/jobs/payment_irs_complement_all_job.rb: {"insertSpaces":true,"tabSize":2}
web/app/models/payment.rb: {"insertSpaces":true,"tabSize":2}
/home/brayan/.config/Code/User/settings.json: {}
/home/brayan/.config/Code/User/settings.json: {}
web/app/models/finkok_response.rb: {"insertSpaces":true,"tabSize":2}
web/app/models/finkok_response.rb: {"insertSpaces":true,"tabSize":2}
web/app/models/finkok_response.rb: {"insertSpaces":true,"tabSize":2}
web/app/models/finkok_response.rb: {"insertSpaces":true,"tabSize":2}
web/app/models/finkok_response.rb: {"insertSpaces":true,"tabSize":2}
web/app/models/payment.rb: {"insertSpaces":true,"tabSize":2}
web/app/models/payment.rb: {"insertSpaces":true,"tabSize":2}
web/app/models/payment.rb: {"insertSpaces":true,"tabSize":2}
web/app/models/finkok_response.rb: {"insertSpaces":true,"tabSize":2}
web/app/models/finkok_response.rb: {"insertSpaces":true,"tabSize":2}
web/app/models/finkok_response.rb: {"insertSpaces":true,"tabSize":2}
web/app/models/finkok_response.rb: {"insertSpaces":true,"tabSize":2}
web/app/models/payment.rb: {"insertSpaces":true,"tabSize":2}
web/app/models/payment.rb: {"insertSpaces":true,"tabSize":2}
web/app/models/payment.rb: {"insertSpaces":true,"tabSize":2}
web/app/models/payment.rb: {"insertSpaces":true,"tabSize":2}
web/app/models/payment.rb: {"insertSpaces":true,"tabSize":2}
web/app/jobs/payment_irs_complement_all_job.rb: {"insertSpaces":true,"tabSize":2}
web/app/jobs/payment_irs_complement_all_job.rb: {"insertSpaces":true,"tabSize":2}
web/app/jobs/payment_irs_complement_all_job.rb: {"insertSpaces":true,"tabSize":2}
web/app/jobs/payment_irs_complement_all_job.rb: {"insertSpaces":true,"tabSize":2}
web/app/models/finkok_response.rb: {"insertSpaces":true,"tabSize":2}
web/app/models/finkok_response.rb: {"insertSpaces":true,"tabSize":2}
web/app/models/finkok_response.rb: {"insertSpaces":true,"tabSize":2}
web/app/models/finkok_response.rb: {"insertSpaces":true,"tabSize":2}
web/app/models/finkok_response.rb: {"insertSpaces":true,"tabSize":2}
web/app/models/finkok_response.rb: {"insertSpaces":true,"tabSize":2}
web/app/lib/online_payments/enrollment.rb: {"insertSpaces":true,"tabSize":2}
web/app/controllers/bundle_payments_controller.rb: {"insertSpaces":true,"tabSize":2}
web/app/controllers/online_payment_cards_controller.rb: {"insertSpaces":true,"tabSize":2}
web/app/jobs/update_web_purchase_orders_status_job.rb: {"insertSpaces":true,"tabSize":2}
web/app/lib/finkok/document.rb: {"insertSpaces":true,"tabSize":2}
web/app/lib/finkok/document.rb: {"insertSpaces":true,"tabSize":2}
web/app/lib/finkok/document.rb: {"insertSpaces":true,"tabSize":2}
web/app/lib/finkok/document.rb: {"insertSpaces":true,"tabSize":2}
web/app/lib/finkok/document.rb: {"insertSpaces":true,"tabSize":2}
web/app/lib/finkok/document.rb: {"insertSpaces":true,"tabSize":2}
web/app/lib/finkok/document.rb: {"insertSpaces":true,"tabSize":2}
web/app/lib/finkok/document.rb: {"insertSpaces":true,"tabSize":2}
web/app/lib/finkok/document.rb: {"insertSpaces":true,"tabSize":2}
web/app/lib/finkok/document.rb: {"insertSpaces":true,"tabSize":2}
web/app/lib/finkok/document.rb: {"insertSpaces":true,"tabSize":2}
web/app/lib/finkok/document.rb: {"insertSpaces":true,"tabSize":2}
web/app/lib/finkok/document.rb: {"insertSpaces":true,"tabSize":2}
web/app/lib/finkok/document.rb: {"insertSpaces":true,"tabSize":2}
web/app/jobs/payment_irs_complement_all_job.rb: {"insertSpaces":true,"tabSize":2}
web/app/models/payment.rb: {"insertSpaces":true,"tabSize":2}
web/app/lib/finkok/document.rb: {"insertSpaces":true,"tabSize":2}
web/app/models/finkok_response.rb: {"insertSpaces":true,"tabSize":2}
web/app/models/finkok_response.rb: {"insertSpaces":true,"tabSize":2}
web/app/models/finkok_response.rb: {"insertSpaces":true,"tabSize":2}
web/app/models/payment.rb: {"insertSpaces":true,"tabSize":2}
web/app/models/payment.rb: {"insertSpaces":true,"tabSize":2}
web/app/models/payment.rb: {"insertSpaces":true,"tabSize":2}
web/app/models/payment.rb: {"insertSpaces":true,"tabSize":2}
web/app/models/payment.rb: {"insertSpaces":true,"tabSize":2}
web/app/models/payment.rb: {"insertSpaces":true,"tabSize":2}
web/app/models/finkok_response.rb: {"insertSpaces":true,"tabSize":2}
web/app/models/payment.rb: {"insertSpaces":true,"tabSize":2}
web/app/models/finkok_response.rb: {"insertSpaces":true,"tabSize":2}
web/app/models/finkok_response.rb: {"insertSpaces":true,"tabSize":2}
web/app/models/finkok_response.rb: {"insertSpaces":true,"tabSize":2}
web/app/models/finkok_response.rb: {"insertSpaces":true,"tabSize":2}
web/app/models/finkok_response.rb: {"insertSpaces":true,"tabSize":2}
web/app/models/finkok_response.rb: {"insertSpaces":true,"tabSize":2}
web/app/lib/online_payments/enrollment.rb: {"insertSpaces":true,"tabSize":2}
web/app/controllers/bundle_payments_controller.rb: {"insertSpaces":true,"tabSize":2}
web/app/lib/finkok/document.rb: {"insertSpaces":true,"tabSize":2}
web/app/lib/online_payments/enrollment.rb: {"insertSpaces":true,"tabSize":2}
web/app/lib/online_payments/payments_portal_services/callback_service.rb: {"insertSpaces":true,"tabSize":2}
web/app/lib/online_payments/payments_portal_services/callback_service.rb: {"insertSpaces":true,"tabSize":2}
web/app/javascript/controllers/sort_table_controller.js: {"insertSpaces":true,"tabSize":2}
web/app/models/payment.rb: {"insertSpaces":true,"tabSize":2}
web/app/builders/salary_payments/salary_payment_builder.rb: {"insertSpaces":true,"tabSize":2}
web/app/javascript/controllers/sort_table_controller.js: {"insertSpaces":true,"tabSize":2}
web/app/javascript/controllers/stp_promotion_controller.js: {"insertSpaces":true,"tabSize":2}
/home/brayan/.config/Code/User/settings.json: Using EditorConfig core...
web/app/javascript/controllers/stp_promotion_controller.js: {"insertSpaces":true,"tabSize":2}
web/app/lib/constants/salary_payments.rb: {"insertSpaces":true,"tabSize":2}
web/app/models/salary_payment.rb: {"insertSpaces":true,"tabSize":2}
web/app/services/remuneration/employees/lre_getter.rb: {"insertSpaces":true,"tabSize":2}
web/app/views/remuneration/salary_payments/_form.html.haml: {"insertSpaces":true,"tabSize":2}
web/app/services/remuneration/employees/lre_getter.rb: {"insertSpaces":true,"tabSize":2}
web/app/views/remuneration/salary_payments/_form.html.haml: {"insertSpaces":true,"tabSize":2}
web/spec/factories/salaries.rb: {"insertSpaces":true,"tabSize":2}
web/spec/factories/salaries.rb: {"insertSpaces":true,"tabSize":2}
No more open editors.
web/app/builders/salary_payments/salary_payment_builder.rb: {"insertSpaces":true,"tabSize":2}
web/config/puma.rb: {"insertSpaces":true,"tabSize":2}
web/config/puma.rb: Using EditorConfig core...
config/puma.rb: editor.action.trimTrailingWhitespace
web/app/builders/salary_payments/salary_payment_builder.rb: {"insertSpaces":true,"tabSize":2}
web/app/builders/salary_payments/salary_payment_builder.rb: {"insertSpaces":true,"tabSize":2}
web/app/builders/salary_payments/salary_payment_builder.rb: {"insertSpaces":true,"tabSize":2}
web/app/builders/salary_payments/salary_payment_builder.rb: {"insertSpaces":true,"tabSize":2}
web/app/builders/salary_payments/base_builder.rb: {"insertSpaces":true,"tabSize":2}
web/app/builders/salary_payments/base_builder.rb: Using EditorConfig core...
app/builders/salary_payments/base_builder.rb: editor.action.trimTrailingWhitespace
web/app/builders/salary_payments/base_builder.rb: {"insertSpaces":true,"tabSize":2}
web/app/builders/salary_payments/base_builder.rb: {"insertSpaces":true,"tabSize":2}
web/app/builders/salary_payments/base_builder copy.rb: {"insertSpaces":true,"tabSize":2}
web/app/builders/salary_payments/full_time_builder.rb: {"insertSpaces":true,"tabSize":2}
web/app/builders/salary_payments/full_time_builder.rb: Using EditorConfig core...
app/builders/salary_payments/full_time_builder.rb: editor.action.trimTrailingWhitespace
web/app/builders/salary_payments/full_time_builder.rb: Using EditorConfig core...
app/builders/salary_payments/full_time_builder.rb: editor.action.trimTrailingWhitespace
web/app/builders/salary_payments/full_time_builder.rb: Using EditorConfig core...
app/builders/salary_payments/full_time_builder.rb: editor.action.trimTrailingWhitespace
web/app/builders/salary_payments/full_time_builder.rb: Using EditorConfig core...
app/builders/salary_payments/full_time_builder.rb: editor.action.trimTrailingWhitespace
web/app/builders/salary_payments/full_time_builder.rb: Using EditorConfig core...
app/builders/salary_payments/full_time_builder.rb: editor.action.trimTrailingWhitespace
web/app/builders/salary_payments/full_time_builder.rb: Using EditorConfig core...
app/builders/salary_payments/full_time_builder.rb: editor.action.trimTrailingWhitespace
web/app/builders/salary_payments/full_time_builder.rb: Using EditorConfig core...
app/builders/salary_payments/full_time_builder.rb: editor.action.trimTrailingWhitespace
web/app/builders/salary_payments/full_time_builder.rb: Using EditorConfig core...
app/builders/salary_payments/full_time_builder.rb: editor.action.trimTrailingWhitespace
web/app/builders/salary_payments/full_time_builder.rb: Using EditorConfig core...
app/builders/salary_payments/full_time_builder.rb: editor.action.trimTrailingWhitespace
web/app/models/salary_payment.rb: {"insertSpaces":true,"tabSize":2}
web/app/models/salary_payment.rb: {"insertSpaces":true,"tabSize":2}
web/app/models/salary_payment.rb: {"insertSpaces":true,"tabSize":2}
web/app/models/salary_payment.rb: {"insertSpaces":true,"tabSize":2}
web/app/models/salary_payment.rb: {"insertSpaces":true,"tabSize":2}
web/app/models/salary_payment.rb: {"insertSpaces":true,"tabSize":2}
web/app/models/salary_payment.rb: {"insertSpaces":true,"tabSize":2}
web/app/models/salary_payment.rb: {"insertSpaces":true,"tabSize":2}
web/app/models/salary_payment.rb: {"insertSpaces":true,"tabSize":2}
web/app/models/salary_payment.rb: {"insertSpaces":true,"tabSize":2}
web/app/models/salary_payment.rb: {"insertSpaces":true,"tabSize":2}
web/app/models/salary_payment.rb: {"insertSpaces":true,"tabSize":2}
web/app/models/salary_payment.rb: {"insertSpaces":true,"tabSize":2}
web/app/builders/salary_payments/full_time_builder.rb: {"insertSpaces":true,"tabSize":2}
web/app/builders/salary_payments/full_time_builder.rb: Using EditorConfig core...
app/builders/salary_payments/full_time_builder.rb: editor.action.trimTrailingWhitespace
web/app/builders/salary_payments/full_time_builder.rb: Using EditorConfig core...
app/builders/salary_payments/full_time_builder.rb: editor.action.trimTrailingWhitespace
web/app/builders/salary_payments/full_time_builder.rb: Using EditorConfig core...
app/builders/salary_payments/full_time_builder.rb: editor.action.trimTrailingWhitespace
web/app/builders/salary_payments/full_time_builder.rb: {"insertSpaces":true,"tabSize":2}
web/app/builders/salary_payments/full_time_builder.rb: {"insertSpaces":true,"tabSize":2}
web/app/builders/salary_payments/full_time_builder.rb: {"insertSpaces":true,"tabSize":2}
web/app/builders/salary_payments/full_time_builder.rb: {"insertSpaces":true,"tabSize":2}
web/app/builders/salary_payments/full_time_builder.rb: {"insertSpaces":true,"tabSize":2}
web/app/builders/salary_payments/full_time_builder.rb: {"insertSpaces":true,"tabSize":2}
web/app/builders/salary_payments/full_time_builder.rb: {"insertSpaces":true,"tabSize":2}
web/app/builders/salary_payments/full_time_builder.rb: {"insertSpaces":true,"tabSize":2}
web/app/builders/salary_payments/full_time_builder.rb: Using EditorConfig core...
app/builders/salary_payments/full_time_builder.rb: editor.action.trimTrailingWhitespace
web/app/builders/salary_payments/full_time_builder.rb: Using EditorConfig core...
app/builders/salary_payments/full_time_builder.rb: editor.action.trimTrailingWhitespace
web/app/builders/salary_payments/full_time_builder.rb: Using EditorConfig core...
app/builders/salary_payments/full_time_builder.rb: editor.action.trimTrailingWhitespace
web/app/builders/salary_payments/full_time_builder.rb: Using EditorConfig core...
app/builders/salary_payments/full_time_builder.rb: editor.action.trimTrailingWhitespace
web/app/builders/salary_payments/full_time_builder.rb: Using EditorConfig core...
app/builders/salary_payments/full_time_builder.rb: editor.action.trimTrailingWhitespace
web/app/builders/salary_payments/full_time_builder.rb: Using EditorConfig core...
app/builders/salary_payments/full_time_builder.rb: editor.action.trimTrailingWhitespace
web/app/builders/salary_payments/full_time_builder.rb: Using EditorConfig core...
app/builders/salary_payments/full_time_builder.rb: editor.action.trimTrailingWhitespace
web/app/builders/salary_payments/full_time_builder.rb: Using EditorConfig core...
app/builders/salary_payments/full_time_builder.rb: editor.action.trimTrailingWhitespace
web/app/builders/salary_payments/full_time_builder.rb: Using EditorConfig core...
app/builders/salary_payments/full_time_builder.rb: editor.action.trimTrailingWhitespace
web/app/builders/salary_payments/full_time_builder.rb: Using EditorConfig core...
app/builders/salary_payments/full_time_builder.rb: editor.action.trimTrailingWhitespace
web/app/builders/salary_payments/full_time_builder.rb: {"insertSpaces":true,"tabSize":2}
web/app/builders/salary_payments/full_time_builder.rb: {"insertSpaces":true,"tabSize":2}
web/app/builders/salary_payments/full_time_builder.rb: Using EditorConfig core...
app/builders/salary_payments/full_time_builder.rb: editor.action.trimTrailingWhitespace
web/app/builders/salary_payments/full_time_builder.rb: Using EditorConfig core...
app/builders/salary_payments/full_time_builder.rb: editor.action.trimTrailingWhitespace
web/app/builders/salary_payments/full_time_builder.rb: Using EditorConfig core...
app/builders/salary_payments/full_time_builder.rb: editor.action.trimTrailingWhitespace
web/app/builders/salary_payments/full_time_builder.rb: Using EditorConfig core...
app/builders/salary_payments/full_time_builder.rb: editor.action.trimTrailingWhitespace
web/app/builders/salary_payments/full_time_builder.rb: Using EditorConfig core...
app/builders/salary_payments/full_time_builder.rb: editor.action.trimTrailingWhitespace
web/app/models/salary_payment.rb: {"insertSpaces":true,"tabSize":2}
undefined: {}
web/app/builders/salary_payments/full_time_builder.rb: {"insertSpaces":true,"tabSize":2}
web/app/builders/salary_payments/base_builder.rb: {"insertSpaces":true,"tabSize":2}
undefined: {}
undefined: {}
web/app/builders/salary_payments/base_builder.rb: {"insertSpaces":true,"tabSize":2}
web/app/builders/salary_payments/full_time_builder.rb: {"insertSpaces":true,"tabSize":2}
undefined: {}
undefined: {}
web/app/builders/salary_payments/base_builder.rb: {"insertSpaces":true,"tabSize":2}
undefined: {}
web/app/builders/salary_payments/full_time_builder.rb: {"insertSpaces":true,"tabSize":2}
web/app/builders/salary_payments/full_time_builder.rb: Using EditorConfig core...
app/builders/salary_payments/full_time_builder.rb: editor.action.trimTrailingWhitespace
web/app/builders/salary_payments/full_time_builder.rb: Using EditorConfig core...
app/builders/salary_payments/full_time_builder.rb: editor.action.trimTrailingWhitespace
undefined: {}
web/app/builders/salary_payments/full_time_builder.rb: {"insertSpaces":true,"tabSize":2}
web/app/builders/salary_payments/full_time_builder.rb: Using EditorConfig core...
app/builders/salary_payments/full_time_builder.rb: editor.action.trimTrailingWhitespace
web/app/builders/salary_payments/full_time_builder.rb: Using EditorConfig core...
app/builders/salary_payments/full_time_builder.rb: editor.action.trimTrailingWhitespace
web/app/builders/salary_payments/full_time_builder.rb: Using EditorConfig core...
app/builders/salary_payments/full_time_builder.rb: editor.action.trimTrailingWhitespace
web/app/builders/salary_payments/full_time_builder.rb: Using EditorConfig core...
app/builders/salary_payments/full_time_builder.rb: editor.action.trimTrailingWhitespace
undefined: {}
web/app/builders/salary_payments/full_time_builder.rb: {"insertSpaces":true,"tabSize":2}
web/app/builders/salary_payments/full_time_builder.rb: Using EditorConfig core...
app/builders/salary_payments/full_time_builder.rb: editor.action.trimTrailingWhitespace
undefined: {}
web/app/builders/salary_payments/full_time_builder.rb: {"insertSpaces":true,"tabSize":2}
web/app/builders/salary_payments/full_time_builder.rb: Using EditorConfig core...
app/builders/salary_payments/full_time_builder.rb: editor.action.trimTrailingWhitespace
web/app/builders/salary_payments/full_time_builder.rb: Using EditorConfig core...
app/builders/salary_payments/full_time_builder.rb: editor.action.trimTrailingWhitespace
web/app/builders/salary_payments/full_time_builder.rb: Using EditorConfig core...
app/builders/salary_payments/full_time_builder.rb: editor.action.trimTrailingWhitespace
web/app/builders/salary_payments/full_time_builder.rb: {"insertSpaces":true,"tabSize":2}
web/app/builders/salary_payments/full_time_builder.rb: {"insertSpaces":true,"tabSize":2}
web/app/builders/salary_payments/full_time_builder.rb: Using EditorConfig core...
app/builders/salary_payments/full_time_builder.rb: editor.action.trimTrailingWhitespace
undefined: {}
web/app/builders/salary_payments/full_time_builder.rb: {"insertSpaces":true,"tabSize":2}
web/app/builders/salary_payments/full_time_builder.rb: Using EditorConfig core...
app/builders/salary_payments/full_time_builder.rb: editor.action.trimTrailingWhitespace
web/app/builders/salary_payments/full_time_builder.rb: Using EditorConfig core...
app/builders/salary_payments/full_time_builder.rb: editor.action.trimTrailingWhitespace
undefined: {}
web/app/builders/salary_payments/full_time_builder.rb: {"insertSpaces":true,"tabSize":2}
web/app/builders/salary_payments/full_time_builder.rb: {"insertSpaces":true,"tabSize":2}
web/app/builders/salary_payments/full_time_builder.rb: Using EditorConfig core...
app/builders/salary_payments/full_time_builder.rb: editor.action.trimTrailingWhitespace
web/app/builders/salary_payments/full_time_builder.rb: Using EditorConfig core...
app/builders/salary_payments/full_time_builder.rb: editor.action.trimTrailingWhitespace
web/app/models/salary_payment.rb: {"insertSpaces":true,"tabSize":2}
web/app/models/salary_payment.rb: {"insertSpaces":true,"tabSize":2}
web/app/models/salary_payment.rb: {"insertSpaces":true,"tabSize":2}
web/app/models/salary_payment.rb: {"insertSpaces":true,"tabSize":2}
web/app/builders/salary_payments/full_time_builder.rb: {"insertSpaces":true,"tabSize":2}
web/app/builders/salary_payments/full_time_builder.rb: Using EditorConfig core...
app/builders/salary_payments/full_time_builder.rb: editor.action.trimTrailingWhitespace
web/app/builders/salary_payments/full_time_builder.rb: Using EditorConfig core...
app/builders/salary_payments/full_time_builder.rb: editor.action.trimTrailingWhitespace
web/app/builders/salary_payments/full_time_builder.rb: Using EditorConfig core...
app/builders/salary_payments/full_time_builder.rb: editor.action.trimTrailingWhitespace
web/app/models/salary_payment.rb: {"insertSpaces":true,"tabSize":2}
web/app/builders/salary_payments/full_time_builder.rb: {"insertSpaces":true,"tabSize":2}
web/app/builders/salary_payments/full_time_builder.rb: Using EditorConfig core...
app/builders/salary_payments/full_time_builder.rb: editor.action.trimTrailingWhitespace
web/app/builders/salary_payments/full_time_builder.rb: {"insertSpaces":true,"tabSize":2}
web/app/builders/salary_payments/full_time_builder.rb: {"insertSpaces":true,"tabSize":2}
web/app/models/salary_payment.rb: {"insertSpaces":true,"tabSize":2}
web/app/models/salary_payment.rb: {"insertSpaces":true,"tabSize":2}
web/app/builders/salary_payments/full_time_builder.rb: {"insertSpaces":true,"tabSize":2}
web/app/builders/salary_payments/full_time_builder.rb: Using EditorConfig core...
app/builders/salary_payments/full_time_builder.rb: editor.action.trimTrailingWhitespace
web/app/builders/salary_payments/full_time_builder.rb: {"insertSpaces":true,"tabSize":2}
web/app/builders/salary_payments/full_time_builder.rb: Using EditorConfig core...
app/builders/salary_payments/full_time_builder.rb: editor.action.trimTrailingWhitespace
web/app/builders/salary_payments/full_time_builder.rb: Using EditorConfig core...
app/builders/salary_payments/full_time_builder.rb: editor.action.trimTrailingWhitespace
web/app/builders/salary_payments/full_time_builder.rb: Using EditorConfig core...
app/builders/salary_payments/full_time_builder.rb: editor.action.trimTrailingWhitespace
web/app/builders/salary_payments/full_time_builder.rb: Using EditorConfig core...
app/builders/salary_payments/full_time_builder.rb: editor.action.trimTrailingWhitespace
web/app/builders/salary_payments/full_time_builder.rb: Using EditorConfig core...
app/builders/salary_payments/full_time_builder.rb: editor.action.trimTrailingWhitespace
web/app/builders/salary_payments/full_time_builder.rb: {"insertSpaces":true,"tabSize":2}
web/app/builders/salary_payments/full_time_builder.rb: {"insertSpaces":true,"tabSize":2}
web/app/builders/salary_payments/full_time_builder.rb: Using EditorConfig core...
app/builders/salary_payments/full_time_builder.rb: editor.action.trimTrailingWhitespace
web/app/builders/salary_payments/full_time_builder.rb: {"insertSpaces":true,"tabSize":2}
web/app/builders/salary_payments/full_time_builder.rb: Using EditorConfig core...
app/builders/salary_payments/full_time_builder.rb: editor.action.trimTrailingWhitespace
web/app/builders/salary_payments/full_time_builder.rb: {"insertSpaces":true,"tabSize":2}
web/app/builders/salary_payments/full_time_builder.rb: {"insertSpaces":true,"tabSize":2}
web/app/builders/salary_payments/full_time_builder.rb: {"insertSpaces":true,"tabSize":2}
web/app/builders/salary_payments/full_time_builder.rb: {"insertSpaces":true,"tabSize":2}
web/app/builders/salary_payments/full_time_builder.rb: {"insertSpaces":true,"tabSize":2}
web/app/builders/salary_payments/full_time_builder.rb: {"insertSpaces":true,"tabSize":2}
web/app/builders/salary_payments/full_time_builder.rb: {"insertSpaces":true,"tabSize":2}
web/app/models/salary_payment.rb: {"insertSpaces":true,"tabSize":2}
web/app/models/salary_payment.rb: {"insertSpaces":true,"tabSize":2}
web/app/builders/salary_payments/full_time_builder.rb: {"insertSpaces":true,"tabSize":2}
web/app/builders/salary_payments/full_time_builder.rb: Using EditorConfig core...
app/builders/salary_payments/full_time_builder.rb: editor.action.trimTrailingWhitespace
web/app/builders/salary_payments/full_time_builder.rb: {"insertSpaces":true,"tabSize":2}
web/app/models/salary_payment.rb: {"insertSpaces":true,"tabSize":2}
web/app/builders/salary_payments/full_time_builder.rb: {"insertSpaces":true,"tabSize":2}
web/app/builders/salary_payments/full_time_builder.rb: Using EditorConfig core...
app/builders/salary_payments/full_time_builder.rb: editor.action.trimTrailingWhitespace
web/app/builders/salary_payments/full_time_builder.rb: {"insertSpaces":true,"tabSize":2}
web/app/builders/salary_payments/director.rb: {"insertSpaces":true,"tabSize":2}
web/app/builders/salary_payments/director.rb: Using EditorConfig core...
app/builders/salary_payments/director.rb: editor.action.trimTrailingWhitespace
web/app/builders/salary_payments/director.rb: Using EditorConfig core...
app/builders/salary_payments/director.rb: editor.action.trimTrailingWhitespace
app/builders/salary_payments/director.rb: insertFinalNewline(LF)
web/app/builders/salary_payments/director.rb: Using EditorConfig core...
app/builders/salary_payments/director.rb: editor.action.trimTrailingWhitespace
web/app/builders/salary_payments/salary_payment_director.rb: {"insertSpaces":true,"tabSize":2}
web/app/builders/salary_payments/salary_payment_director.rb: {"insertSpaces":true,"tabSize":2}
web/app/builders/salary_payments/salary_payment_director.rb: Using EditorConfig core...
app/builders/salary_payments/salary_payment_director.rb: editor.action.trimTrailingWhitespace
web/app/models/salary_payment.rb: {"insertSpaces":true,"tabSize":2}
web/app/builders/salary_payments/base_builder.rb: {"insertSpaces":true,"tabSize":2}
web/app/builders/salary_payments/salary_payment_director.rb: {"insertSpaces":true,"tabSize":2}
web/app/builders/salary_payments/salary_payment_director.rb: Using EditorConfig core...
app/builders/salary_payments/salary_payment_director.rb: editor.action.trimTrailingWhitespace
web/app/builders/salary_payments/salary_payment_director.rb: Using EditorConfig core...
app/builders/salary_payments/salary_payment_director.rb: editor.action.trimTrailingWhitespace
web/app/builders/salary_payments/base_builder.rb: {"insertSpaces":true,"tabSize":2}
web/app/builders/salary_payments/salary_payment_director.rb: {"insertSpaces":true,"tabSize":2}
web/app/builders/salary_payments/salary_payment_director.rb: Using EditorConfig core...
app/builders/salary_payments/salary_payment_director.rb: editor.action.trimTrailingWhitespace
web/app/builders/salary_payments/salary_payment_director.rb: Using EditorConfig core...
app/builders/salary_payments/salary_payment_director.rb: editor.action.trimTrailingWhitespace
web/app/builders/salary_payments/salary_payment_director.rb: Using EditorConfig core...
app/builders/salary_payments/salary_payment_director.rb: editor.action.trimTrailingWhitespace
web/app/builders/salary_payments/salary_payment_director.rb: Using EditorConfig core...
app/builders/salary_payments/salary_payment_director.rb: editor.action.trimTrailingWhitespace
web/app/builders/salary_payments/full_time_builder.rb: {"insertSpaces":true,"tabSize":2}
web/app/builders/salary_payments/salary_payment_director.rb: {"insertSpaces":true,"tabSize":2}
web/app/builders/salary_payments/salary_payment_director.rb: Using EditorConfig core...
app/builders/salary_payments/salary_payment_director.rb: editor.action.trimTrailingWhitespace
web/app/builders/salary_payments/full_time_builder.rb: {"insertSpaces":true,"tabSize":2}
web/app/builders/salary_payments/base_builder.rb: {"insertSpaces":true,"tabSize":2}
web/app/builders/salary_payments/base_builder.rb: {"insertSpaces":true,"tabSize":2}
web/app/builders/salary_payments/full_time_builder.rb: {"insertSpaces":true,"tabSize":2}
web/app/builders/salary_payments/salary_payment_director.rb: {"insertSpaces":true,"tabSize":2}
web/app/builders/salary_payments/full_time_builder.rb: {"insertSpaces":true,"tabSize":2}
web/app/builders/salary_payments/full_time_builder.rb: Using EditorConfig core...
app/builders/salary_payments/full_time_builder.rb: editor.action.trimTrailingWhitespace
web/app/builders/salary_payments/full_time_builder.rb: Using EditorConfig core...
app/builders/salary_payments/full_time_builder.rb: editor.action.trimTrailingWhitespace
web/app/builders/salary_payments/full_time_builder.rb: {"insertSpaces":true,"tabSize":2}
web/app/builders/salary_payments/full_time_builder.rb: {"insertSpaces":true,"tabSize":2}
web/app/builders/salary_payments/full_time_builder.rb: Using EditorConfig core...
app/builders/salary_payments/full_time_builder.rb: editor.action.trimTrailingWhitespace
web/app/builders/salary_payments/full_time_builder.rb: {"insertSpaces":true,"tabSize":2}
web/app/builders/salary_payments/full_time_builder.rb: {"insertSpaces":true,"tabSize":2}
web/app/builders/salary_payments/full_time_builder.rb: Using EditorConfig core...
app/builders/salary_payments/full_time_builder.rb: editor.action.trimTrailingWhitespace
web/app/builders/salary_payments/full_time_builder.rb: {"insertSpaces":true,"tabSize":2}
web/app/builders/salary_payments/full_time_builder.rb: {"insertSpaces":true,"tabSize":2}
web/app/builders/salary_payments/full_time_builder.rb: Using EditorConfig core...
app/builders/salary_payments/full_time_builder.rb: editor.action.trimTrailingWhitespace
web/app/builders/salary_payments/full_time_builder.rb: {"insertSpaces":true,"tabSize":2}
web/app/builders/salary_payments/full_time_builder.rb: Using EditorConfig core...
app/builders/salary_payments/full_time_builder.rb: editor.action.trimTrailingWhitespace
web/app/builders/salary_payments/full_time_builder.rb: {"insertSpaces":true,"tabSize":2}
web/app/builders/salary_payments/base_builder.rb: {"insertSpaces":true,"tabSize":2}
web/app/builders/salary_payments/salary_payment_director.rb: {"insertSpaces":true,"tabSize":2}
web/app/builders/salary_payments/salary_payment_director.rb: Using EditorConfig core...
app/builders/salary_payments/salary_payment_director.rb: editor.action.trimTrailingWhitespace
web/app/builders/salary_payments/salary_payment_director.rb: Using EditorConfig core...
app/builders/salary_payments/salary_payment_director.rb: editor.action.trimTrailingWhitespace
web/app/builders/salary_payments/base_builder.rb: {"insertSpaces":true,"tabSize":2}
web/app/models/salary.rb: {"insertSpaces":true,"tabSize":2}
web/app/models/salary.rb: {"insertSpaces":true,"tabSize":2}
web/app/models/salary.rb: {"insertSpaces":true,"tabSize":2}
web/app/builders/salary_payments/salary_payment_director.rb: {"insertSpaces":true,"tabSize":2}
web/app/builders/salary_payments/salary_payment_director.rb: {"insertSpaces":true,"tabSize":2}
web/app/builders/salary_payments/salary_payment_director.rb: Using EditorConfig core...
app/builders/salary_payments/salary_payment_director.rb: editor.action.trimTrailingWhitespace
web/app/builders/salary_payments/base_builder.rb: {"insertSpaces":true,"tabSize":2}
web/app/builders/salary_payments/base_builder.rb: Using EditorConfig core...
app/builders/salary_payments/base_builder.rb: editor.action.trimTrailingWhitespace
web/app/models/salary.rb: {"insertSpaces":true,"tabSize":2}
web/app/builders/salary_payments/base_builder.rb: {"insertSpaces":true,"tabSize":2}
web/app/services/property_users/notify_new_property_user_service.rb: {"insertSpaces":true,"tabSize":2}
web/app/services/property_users/registration.rb: {"insertSpaces":true,"tabSize":2}
web/app/builders/salary_payments/base_builder.rb: {"insertSpaces":true,"tabSize":2}
web/app/builders/salary_payments/base_builder.rb: Using EditorConfig core...
app/builders/salary_payments/base_builder.rb: editor.action.trimTrailingWhitespace
web/app/builders/salary_payments/base_builder.rb: Using EditorConfig core...
app/builders/salary_payments/base_builder.rb: editor.action.trimTrailingWhitespace
web/app/builders/salary_payments/base_builder.rb: Using EditorConfig core...
app/builders/salary_payments/base_builder.rb: editor.action.trimTrailingWhitespace
web/app/builders/salary_payments/base_builder.rb: Using EditorConfig core...
app/builders/salary_payments/base_builder.rb: editor.action.trimTrailingWhitespace
web/app/builders/salary_payments/base_builder.rb: {"insertSpaces":true,"tabSize":2}
web/app/builders/salary_payments/base_builder.rb: {"insertSpaces":true,"tabSize":2}
web/app/models/salary.rb: {"insertSpaces":true,"tabSize":2}
web/app/queries/invoices/list_query.rb: {"insertSpaces":true,"tabSize":2}
web/app/queries/administrators_communities_without_packages_queries.rb: {"insertSpaces":true,"tabSize":2}
web/app/queries/remunerations/salary_payment_drafts_queries.rb: {"insertSpaces":true,"tabSize":2}
web/app/builders/salary_payments/base_builder.rb: {"insertSpaces":true,"tabSize":2}
web/app/builders/salary_payments/base_builder.rb: Using EditorConfig core...
app/builders/salary_payments/base_builder.rb: editor.action.trimTrailingWhitespace
web/app/builders/salary_payments/full_time_builder.rb: {"insertSpaces":true,"tabSize":2}
web/app/builders/salary_payments/salary_payment_director.rb: {"insertSpaces":true,"tabSize":2}
web/app/builders/salary_payments/salary_payment_director.rb: Using EditorConfig core...
app/builders/salary_payments/salary_payment_director.rb: editor.action.trimTrailingWhitespace
web/app/builders/salary_payments/salary_payment_director.rb: Using EditorConfig core...
app/builders/salary_payments/salary_payment_director.rb: editor.action.trimTrailingWhitespace
web/app/builders/salary_payments/salary_payment_director.rb: Using EditorConfig core...
app/builders/salary_payments/salary_payment_director.rb: editor.action.trimTrailingWhitespace
web/app/builders/salary_payments/salary_payment_director.rb: Using EditorConfig core...
app/builders/salary_payments/salary_payment_director.rb: editor.action.trimTrailingWhitespace
web/app/builders/salary_payments/salary_payment_director.rb: Using EditorConfig core...
app/builders/salary_payments/salary_payment_director.rb: editor.action.trimTrailingWhitespace
web/app/builders/salary_payments/salary_payment_director.rb: Using EditorConfig core...
app/builders/salary_payments/salary_payment_director.rb: editor.action.trimTrailingWhitespace
web/app/builders/salary_payments/salary_payment_director.rb: Using EditorConfig core...
app/builders/salary_payments/salary_payment_director.rb: editor.action.trimTrailingWhitespace
web/app/builders/salary_payments/salary_payment_director.rb: Using EditorConfig core...
app/builders/salary_payments/salary_payment_director.rb: editor.action.trimTrailingWhitespace
web/app/builders/salary_payments/salary_payment_director.rb: Using EditorConfig core...
app/builders/salary_payments/salary_payment_director.rb: editor.action.trimTrailingWhitespace
web/app/builders/salary_payments/salary_payment_director.rb: Using EditorConfig core...
app/builders/salary_payments/salary_payment_director.rb: editor.action.trimTrailingWhitespace
web/app/builders/salary_payments/salary_payment_director.rb: Using EditorConfig core...
app/builders/salary_payments/salary_payment_director.rb: editor.action.trimTrailingWhitespace
web/app/builders/salary_payments/salary_payment_director.rb: Using EditorConfig core...
app/builders/salary_payments/salary_payment_director.rb: editor.action.trimTrailingWhitespace
web/app/builders/salary_payments/salary_payment_director.rb: Using EditorConfig core...
app/builders/salary_payments/salary_payment_director.rb: editor.action.trimTrailingWhitespace
web/app/builders/salary_payments/salary_payment_director.rb: Using EditorConfig core...
app/builders/salary_payments/salary_payment_director.rb: editor.action.trimTrailingWhitespace
web/app/builders/salary_payments/salary_payment_director.rb: Using EditorConfig core...
app/builders/salary_payments/salary_payment_director.rb: editor.action.trimTrailingWhitespace
web/app/queries/remunerations/salary_payment_drafts_queries.rb: {"insertSpaces":true,"tabSize":2}
web/app/builders/salary_payments/base_builder.rb: {"insertSpaces":true,"tabSize":2}
web/app/builders/salary_payments/salary_payment_director.rb: {"insertSpaces":true,"tabSize":2}
web/app/builders/salary_payments/salary_payment_director.rb: Using EditorConfig core...
app/builders/salary_payments/salary_payment_director.rb: editor.action.trimTrailingWhitespace
web/app/builders/salary_payments/base_builder.rb: {"insertSpaces":true,"tabSize":2}
web/app/builders/salary_payments/salary_payment_director.rb: {"insertSpaces":true,"tabSize":2}
web/app/builders/salary_payments/salary_payment_director.rb: Using EditorConfig core...
app/builders/salary_payments/salary_payment_director.rb: editor.action.trimTrailingWhitespace
web/app/builders/salary_payments/salary_payment_director.rb: Using EditorConfig core...
app/builders/salary_payments/salary_payment_director.rb: editor.action.trimTrailingWhitespace
web/app/builders/salary_payments/salary_payment_director.rb: Using EditorConfig core...
app/builders/salary_payments/salary_payment_director.rb: editor.action.trimTrailingWhitespace
web/app/models/salary_payment.rb: {"insertSpaces":true,"tabSize":2}
undefined: {}
undefined: {}
web/app/builders/salary_payments/salary_payment_director.rb: {"insertSpaces":true,"tabSize":2}
web/app/builders/salary_payments/salary_payment_director.rb: Using EditorConfig core...
app/builders/salary_payments/salary_payment_director.rb: editor.action.trimTrailingWhitespace
web/app/builders/salary_payments/salary_payment_director.rb: Using EditorConfig core...
app/builders/salary_payments/salary_payment_director.rb: editor.action.trimTrailingWhitespace
web/app/builders/salary_payments/salary_payment_director.rb: Using EditorConfig core...
app/builders/salary_payments/salary_payment_director.rb: editor.action.trimTrailingWhitespace
web/app/builders/salary_payments/salary_payment_director.rb: Using EditorConfig core...
app/builders/salary_payments/salary_payment_director.rb: editor.action.trimTrailingWhitespace
undefined: {}
web/app/builders/salary_payments/base_builder.rb: {"insertSpaces":true,"tabSize":2}
web/app/builders/salary_payments/salary_payment_director.rb: {"insertSpaces":true,"tabSize":2}
web/app/builders/salary_payments/salary_payment_director.rb: Using EditorConfig core...
app/builders/salary_payments/salary_payment_director.rb: editor.action.trimTrailingWhitespace
web/app/builders/salary_payments/salary_payment_director.rb: Using EditorConfig core...
app/builders/salary_payments/salary_payment_director.rb: editor.action.trimTrailingWhitespace
web/app/builders/salary_payments/base_builder.rb: {"insertSpaces":true,"tabSize":2}
web/app/builders/salary_payments/salary_payment_director.rb: {"insertSpaces":true,"tabSize":2}
web/app/builders/salary_payments/base_builder.rb: {"insertSpaces":true,"tabSize":2}
undefined: {}
web/app/builders/salary_payments/base_builder.rb: {"insertSpaces":true,"tabSize":2}
web/app/builders/salary_payments/salary_payment_director.rb: {"insertSpaces":true,"tabSize":2}
web/app/builders/salary_payments/salary_payment_director.rb: Using EditorConfig core...
app/builders/salary_payments/salary_payment_director.rb: editor.action.trimTrailingWhitespace
undefined: {}
web/app/builders/salary_payments/salary_payment_director.rb: {"insertSpaces":true,"tabSize":2}
web/app/models/salary_payment.rb: {"insertSpaces":true,"tabSize":2}
web/app/builders/salary_payments/base_builder.rb: {"insertSpaces":true,"tabSize":2}
web/app/builders/salary_payments/full_time_builder.rb: {"insertSpaces":true,"tabSize":2}
web/app/builders/salary_payments/full_time_builder.rb: {"insertSpaces":true,"tabSize":2}
web/app/services/property_users/registration.rb: {"insertSpaces":true,"tabSize":2}
web/app/builders/salary_payments/salary_payment_director.rb: {"insertSpaces":true,"tabSize":2}
web/app/builders/salary_payments/salary_payment_director.rb: {"insertSpaces":true,"tabSize":2}
web/app/builders/salary_payments/salary_payment_director.rb: {"insertSpaces":true,"tabSize":2}
web/app/builders/salary_payments/salary_payment_director.rb: {"insertSpaces":true,"tabSize":2}
web/app/builders/salary_payments/full_time_builder.rb: {"insertSpaces":true,"tabSize":2}
web/app/builders/salary_payments/full_time_builder.rb: {"insertSpaces":true,"tabSize":2}
web/app/builders/salary_payments/full_time_builder.rb: Using EditorConfig core...
app/builders/salary_payments/full_time_builder.rb: editor.action.trimTrailingWhitespace
web/app/builders/salary_payments/salary_payment_director.rb: {"insertSpaces":true,"tabSize":2}
web/app/builders/salary_payments/salary_payment_director.rb: Using EditorConfig core...
app/builders/salary_payments/salary_payment_director.rb: editor.action.trimTrailingWhitespace
undefined: {}
undefined: {}
undefined: {}
undefined: {}
undefined: {}
undefined: {}
web/app/builders/salary_payments/salary_payment_director.rb: {"insertSpaces":true,"tabSize":2}
web/app/builders/salary_payments/base_builder.rb: {"insertSpaces":true,"tabSize":2}
/home/brayan/.config/Code/User/settings.json: Using EditorConfig core...
/home/brayan/.config/Code/User/settings.json: Using EditorConfig core...
/home/brayan/.config/Code/User/settings.json: Using EditorConfig core...
/home/brayan/.config/Code/User/settings.json: Using EditorConfig core...
web/app/builders/salary_payments/base_builder.rb: {"insertSpaces":true,"tabSize":2}
undefined: {}
undefined: {}
web/app/builders/salary_payments/salary_payment_director.rb: {"insertSpaces":true,"tabSize":2}
web/app/builders/salary_payments/full_time_builder.rb: {"insertSpaces":true,"tabSize":2}
web/app/builders/salary_payments/full_time_builder.rb: Using EditorConfig core...
app/builders/salary_payments/full_time_builder.rb: editor.action.trimTrailingWhitespace
web/app/builders/salary_payments/full_time_builder.rb: Using EditorConfig core...
app/builders/salary_payments/full_time_builder.rb: editor.action.trimTrailingWhitespace
web/app/builders/salary_payments/full_time_builder.rb: {"insertSpaces":true,"tabSize":2}
web/app/builders/salary_payments/full_time_builder.rb: {"insertSpaces":true,"tabSize":2}
web/app/models/salary_payment.rb: {"insertSpaces":true,"tabSize":2}
web/app/builders/salary_payments/full_time_builder.rb: {"insertSpaces":true,"tabSize":2}
web/app/builders/salary_payments/full_time_builder.rb: Using EditorConfig core...
app/builders/salary_payments/full_time_builder.rb: editor.action.trimTrailingWhitespace
web/app/builders/salary_payments/salary_payment_director.rb: {"insertSpaces":true,"tabSize":2}
web/app/builders/salary_payments/salary_payment_director.rb: Using EditorConfig core...
app/builders/salary_payments/salary_payment_director.rb: editor.action.trimTrailingWhitespace
web/app/builders/salary_payments/full_time_builder.rb: {"insertSpaces":true,"tabSize":2}
web/app/builders/salary_payments/full_time_builder.rb: Using EditorConfig core...
app/builders/salary_payments/full_time_builder.rb: editor.action.trimTrailingWhitespace
web/app/builders/salary_payments/full_time_builder.rb: Using EditorConfig core...
app/builders/salary_payments/full_time_builder.rb: editor.action.trimTrailingWhitespace
web/app/builders/salary_payments/full_time_builder.rb: Using EditorConfig core...
app/builders/salary_payments/full_time_builder.rb: editor.action.trimTrailingWhitespace
web/app/builders/salary_payments/full_time_builder.rb: Using EditorConfig core...
app/builders/salary_payments/full_time_builder.rb: editor.action.trimTrailingWhitespace
web/app/builders/salary_payments/full_time_builder.rb: Using EditorConfig core...
app/builders/salary_payments/full_time_builder.rb: editor.action.trimTrailingWhitespace
web/app/builders/salary_payments/full_time_builder.rb: Using EditorConfig core...
app/builders/salary_payments/full_time_builder.rb: editor.action.trimTrailingWhitespace
web/app/builders/salary_payments/full_time_builder.rb: Using EditorConfig core...
app/builders/salary_payments/full_time_builder.rb: editor.action.trimTrailingWhitespace
web/app/builders/salary_payments/salary_payment_director.rb: {"insertSpaces":true,"tabSize":2}
web/app/builders/salary_payments/salary_payment_director.rb: Using EditorConfig core...
app/builders/salary_payments/salary_payment_director.rb: editor.action.trimTrailingWhitespace
web/app/builders/salary_payments/full_time_builder.rb: {"insertSpaces":true,"tabSize":2}
web/app/builders/salary_payments/base_builder.rb: {"insertSpaces":true,"tabSize":2}
web/app/builders/salary_payments/full_time_builder.rb: {"insertSpaces":true,"tabSize":2}
web/app/builders/salary_payments/full_time_builder.rb: Using EditorConfig core...
app/builders/salary_payments/full_time_builder.rb: editor.action.trimTrailingWhitespace
web/app/models/salary_payment.rb: {"insertSpaces":true,"tabSize":2}
web/app/builders/salary_payments/salary_payment_director.rb: {"insertSpaces":true,"tabSize":2}
web/app/models/salary_payment.rb: {"insertSpaces":true,"tabSize":2}
web/app/builders/salary_payments/full_time_builder.rb: {"insertSpaces":true,"tabSize":2}
web/app/builders/salary_payments/full_time_builder.rb: Using EditorConfig core...
app/builders/salary_payments/full_time_builder.rb: editor.action.trimTrailingWhitespace
web/app/models/salary_payment.rb: {"insertSpaces":true,"tabSize":2}
web/app/builders/salary_payments/full_time_builder.rb: {"insertSpaces":true,"tabSize":2}
web/app/builders/salary_payments/full_time_builder.rb: Using EditorConfig core...
app/builders/salary_payments/full_time_builder.rb: editor.action.trimTrailingWhitespace
web/app/builders/salary_payments/full_time_builder.rb: Using EditorConfig core...
app/builders/salary_payments/full_time_builder.rb: editor.action.trimTrailingWhitespace
web/app/builders/salary_payments/full_time_builder.rb: Using EditorConfig core...
app/builders/salary_payments/full_time_builder.rb: editor.action.trimTrailingWhitespace
web/app/builders/salary_payments/full_time_builder.rb: Using EditorConfig core...
app/builders/salary_payments/full_time_builder.rb: editor.action.trimTrailingWhitespace
web/app/builders/salary_payments/full_time_builder.rb: Using EditorConfig core...
app/builders/salary_payments/full_time_builder.rb: editor.action.trimTrailingWhitespace
web/app/builders/salary_payments/full_time_builder.rb: Using EditorConfig core...
app/builders/salary_payments/full_time_builder.rb: editor.action.trimTrailingWhitespace
web/app/builders/salary_payments/full_time_builder.rb: Using EditorConfig core...
app/builders/salary_payments/full_time_builder.rb: editor.action.trimTrailingWhitespace
web/app/builders/salary_payments/full_time_builder.rb: Using EditorConfig core...
app/builders/salary_payments/full_time_builder.rb: editor.action.trimTrailingWhitespace
web/app/builders/salary_payments/full_time_builder.rb: Using EditorConfig core...
app/builders/salary_payments/full_time_builder.rb: editor.action.trimTrailingWhitespace
web/app/builders/salary_payments/full_time_builder.rb: Using EditorConfig core...
app/builders/salary_payments/full_time_builder.rb: editor.action.trimTrailingWhitespace
web/app/builders/salary_payments/full_time_builder.rb: Using EditorConfig core...
app/builders/salary_payments/full_time_builder.rb: editor.action.trimTrailingWhitespace
web/app/builders/salary_payments/full_time_builder.rb: Using EditorConfig core...
app/builders/salary_payments/full_time_builder.rb: editor.action.trimTrailingWhitespace
web/app/builders/salary_payments/full_time_builder.rb: Using EditorConfig core...
app/builders/salary_payments/full_time_builder.rb: editor.action.trimTrailingWhitespace
web/app/builders/salary_payments/full_time_builder.rb: Using EditorConfig core...
app/builders/salary_payments/full_time_builder.rb: editor.action.trimTrailingWhitespace
web/app/models/salary_payment.rb: {"insertSpaces":true,"tabSize":2}
web/app/models/salary_payment.rb: {"insertSpaces":true,"tabSize":2}
web/app/models/salary_payment.rb: {"insertSpaces":true,"tabSize":2}
web/app/builders/salary_payments/salary_payment_director.rb: {"insertSpaces":true,"tabSize":2}
web/app/models/salary_payment.rb: {"insertSpaces":true,"tabSize":2}
web/app/builders/salary_payments/salary_payment_director.rb: {"insertSpaces":true,"tabSize":2}
web/app/builders/salary_payments/full_time_builder.rb: {"insertSpaces":true,"tabSize":2}
web/app/builders/salary_payments/salary_payment_director.rb: {"insertSpaces":true,"tabSize":2}
web/app/builders/salary_payments/salary_payment_director.rb: Using EditorConfig core...
app/builders/salary_payments/salary_payment_director.rb: editor.action.trimTrailingWhitespace
web/app/builders/salary_payments/salary_payment_director.rb: Using EditorConfig core...
app/builders/salary_payments/salary_payment_director.rb: editor.action.trimTrailingWhitespace
web/app/builders/salary_payments/salary_payment_director.rb: Using EditorConfig core...
app/builders/salary_payments/salary_payment_director.rb: editor.action.trimTrailingWhitespace
web/app/builders/salary_payments/salary_payment_director.rb: Using EditorConfig core...
app/builders/salary_payments/salary_payment_director.rb: editor.action.trimTrailingWhitespace
web/app/builders/salary_payments/salary_payment_director.rb: Using EditorConfig core...
app/builders/salary_payments/salary_payment_director.rb: editor.action.trimTrailingWhitespace
web/app/models/salary_payment.rb: {"insertSpaces":true,"tabSize":2}
web/app/builders/salary_payments/full_time_builder.rb: {"insertSpaces":true,"tabSize":2}
web/app/builders/salary_payments/full_time_builder.rb: {"insertSpaces":true,"tabSize":2}
web/app/builders/salary_payments/full_time_builder.rb: {"insertSpaces":true,"tabSize":2}
web/app/builders/salary_payments/full_time_builder.rb: {"insertSpaces":true,"tabSize":2}
web/app/builders/salary_payments/full_time_builder.rb: {"insertSpaces":true,"tabSize":2}
web/app/builders/salary_payments/full_time_builder.rb: {"insertSpaces":true,"tabSize":2}
/home/brayan/.config/Code/User/settings.json: Using EditorConfig core...
web/app/builders/salary_payments/full_time_builder.rb: {"insertSpaces":true,"tabSize":2}
web/app/builders/salary_payments/full_time_builder.rb: {"insertSpaces":true,"tabSize":2}
web/app/builders/salary_payments/full_time_builder.rb: {"insertSpaces":true,"tabSize":2}
web/app/builders/salary_payments/full_time_builder.rb: {"insertSpaces":true,"tabSize":2}
