2024-01-09 12:03:43.722 [info] Added views:workbench.panel.markers.view in workbench.panel.markers
2024-01-09 12:03:43.722 [info] Added views:workbench.panel.output in workbench.panel.output
2024-01-09 12:03:43.722 [info] Added views:terminal in terminal
2024-01-09 12:03:43.722 [info] Added views:outline in workbench.view.explorer
2024-01-09 12:03:43.722 [info] Added views:workbench.scm in workbench.view.scm
2024-01-09 12:03:43.722 [info] Added views:workbench.view.search in workbench.view.search
2024-01-09 12:03:43.722 [info] Added views:timeline in workbench.view.explorer
2024-01-09 12:03:43.722 [info] Added views:workbench.explorer.emptyView in workbench.view.explorer
2024-01-09 12:03:44.080 [info] Added views:gitlens.views.home,gitlens.views.drafts,gitlens.views.workspaces,gitlens.views.account in workbench.view.extension.gitlens
2024-01-09 12:03:44.081 [info] Added views:gitlens.views.commitDetails,gitlens.views.lineHistory,gitlens.views.fileHistory,gitlens.views.searchAndCompare in workbench.view.extension.gitlensInspect
2024-01-09 12:03:44.082 [info] Added views:gitlens.views.commits,gitlens.views.branches,gitlens.views.remotes,gitlens.views.stashes,gitlens.views.tags,gitlens.views.contributors in workbench.view.scm
2024-01-09 12:03:44.083 [info] Added views:dockerContainers,dockerImages,dockerRegistries,dockerNetworks,dockerVolumes,vscode-docker.views.dockerContexts,vscode-docker.views.help in workbench.view.extension.dockerView
2024-01-09 12:03:44.083 [info] Added views:targetsContainers,devVolumes in workbench.view.remote
2024-01-09 12:03:44.083 [info] Added views:thunder-client-sidebar in workbench.view.extension.thunder-client
2024-01-09 12:03:44.323 [info] Added views:workbench.debug.variablesView,workbench.debug.watchExpressionsView,workbench.debug.callStackView,workbench.debug.breakPointsView in workbench.view.debug
2024-01-09 12:03:44.350 [info] Added views:workbench.panel.repl.view in workbench.panel.repl
2024-01-09 12:03:44.350 [info] Removed views:workbench.debug.breakPointsView,workbench.debug.callStackView,workbench.debug.watchExpressionsView,workbench.debug.variablesView from workbench.view.debug
2024-01-09 12:03:44.350 [info] Added views:workbench.debug.welcome in workbench.view.debug
2024-01-09 12:03:44.558 [info] Added views:~remote.forwardedPorts in ~remote.forwardedPortsContainer
2024-01-09 12:03:44.644 [info] Removed views:gitlens.views.searchAndCompare,gitlens.views.fileHistory,gitlens.views.lineHistory,gitlens.views.commitDetails from workbench.view.extension.gitlensInspect
2024-01-09 12:03:44.645 [info] Removed views:gitlens.views.contributors,gitlens.views.tags,gitlens.views.stashes,gitlens.views.remotes,gitlens.views.branches,gitlens.views.commits from workbench.view.scm
2024-01-09 12:03:47.625 [info] Added views:workbench.panel.markers.view in workbench.panel.markers
2024-01-09 12:03:47.625 [info] Added views:workbench.panel.output in workbench.panel.output
2024-01-09 12:03:47.625 [info] Added views:terminal in terminal
2024-01-09 12:03:47.625 [info] Added views:outline in workbench.view.explorer
2024-01-09 12:03:47.625 [info] Added views:workbench.scm in workbench.view.scm
2024-01-09 12:03:47.625 [info] Added views:workbench.view.search in workbench.view.search
2024-01-09 12:03:47.625 [info] Added views:timeline in workbench.view.explorer
2024-01-09 12:03:47.625 [info] Added views:workbench.explorer.fileView in workbench.view.explorer
2024-01-09 12:03:47.921 [info] Added views:gitlens.views.home,gitlens.views.drafts,gitlens.views.workspaces,gitlens.views.account in workbench.view.extension.gitlens
2024-01-09 12:03:47.922 [info] Added views:gitlens.views.commitDetails,gitlens.views.lineHistory,gitlens.views.fileHistory,gitlens.views.searchAndCompare in workbench.view.extension.gitlensInspect
2024-01-09 12:03:47.922 [info] Added views:gitlens.views.commits,gitlens.views.branches,gitlens.views.remotes,gitlens.views.stashes,gitlens.views.tags,gitlens.views.contributors in workbench.view.scm
2024-01-09 12:03:47.922 [info] Added views:dockerContainers,dockerImages,dockerRegistries,dockerNetworks,dockerVolumes,vscode-docker.views.dockerContexts,vscode-docker.views.help in workbench.view.extension.dockerView
2024-01-09 12:03:47.923 [info] Added views:targetsContainers,devVolumes in workbench.view.remote
2024-01-09 12:03:47.923 [info] Added views:thunder-client-sidebar in workbench.view.extension.thunder-client
2024-01-09 12:03:47.973 [info] Added views:workbench.debug.welcome in workbench.view.debug
2024-01-09 12:03:48.161 [info] Added views:workbench.panel.repl.view in workbench.panel.repl
2024-01-09 12:03:48.373 [info] Added views:workbench.view.testing in workbench.view.extension.test
2024-01-09 12:03:51.341 [info] Added views:~remote.forwardedPorts in ~remote.forwardedPortsContainer
2024-01-09 12:03:59.516 [info] Added views:gitlens.views.graph,gitlens.views.graphDetails in workbench.view.extension.gitlensPanel
2024-01-09 12:03:59.516 [info] Added views:gitlens.views.timeline in workbench.view.extension.gitlensInspect
2024-01-09 12:03:59.518 [info] Added views:gitlens.views.worktrees in workbench.view.scm
2024-01-09 12:40:04.466 [info] Removed views:workbench.view.testing from workbench.view.extension.test
