2024-01-03 16:54:43.452 [info] Log level: Info
2024-01-03 16:54:43.452 [info] Validating found git in: "git"
2024-01-03 16:54:43.452 [info] Using git "2.34.1" from "git"
2024-01-03 16:54:43.452 [info] > git rev-parse --show-toplevel [2ms]
2024-01-03 16:54:43.452 [info] > git rev-parse --git-dir --git-common-dir [2ms]
2024-01-03 16:54:43.452 [info] Open repository: /home/brayan/work/web
2024-01-03 16:54:43.452 [info] > git rev-parse --show-toplevel [17ms]
2024-01-03 16:54:43.452 [info] > git config --get commit.template [27ms]
2024-01-03 16:54:43.452 [info] > git rev-parse --show-toplevel [18ms]
2024-01-03 16:54:43.452 [info] > git for-each-ref --format=%(refname)%00%(upstream:short)%00%(objectname)%00%(upstream:track)%00%(upstream:remotename)%00%(upstream:remoteref) refs/heads/SAAS-4023/generate-multiple-salary-payments refs/remotes/SAAS-4023/generate-multiple-salary-payments [12ms]
2024-01-03 16:54:43.452 [info] > git rev-parse --show-toplevel [16ms]
2024-01-03 16:54:43.452 [info] > git rev-parse --show-toplevel [2ms]
2024-01-03 16:54:43.468 [info] > git status -z -uall [37ms]
2024-01-03 16:54:43.468 [info] > git rev-parse --show-toplevel [6ms]
2024-01-03 16:54:43.509 [info] > git rev-parse --show-toplevel [15ms]
2024-01-03 16:54:43.519 [info] > git config --get commit.template [12ms]
2024-01-03 16:54:43.530 [info] > git rev-parse --show-toplevel [13ms]
2024-01-03 16:54:43.550 [info] > git for-each-ref --format=%(refname)%00%(upstream:short)%00%(objectname)%00%(upstream:track)%00%(upstream:remotename)%00%(upstream:remoteref) refs/heads/SAAS-4023/generate-multiple-salary-payments refs/remotes/SAAS-4023/generate-multiple-salary-payments [21ms]
2024-01-03 16:54:43.563 [info] > git rev-parse --show-toplevel [13ms]
2024-01-03 16:54:43.595 [info] > git rev-parse --show-toplevel [14ms]
2024-01-03 16:54:43.610 [info] > git status -z -uall [51ms]
2024-01-03 16:54:43.613 [info] > git rev-parse --show-toplevel [5ms]
2024-01-03 16:54:43.626 [info] > git rev-parse --show-toplevel [7ms]
2024-01-03 16:54:43.652 [info] > git rev-parse --show-toplevel [3ms]
2024-01-03 16:54:43.681 [info] > git rev-parse --show-toplevel [11ms]
2024-01-03 16:54:43.699 [info] > git rev-parse --show-toplevel [1ms]
2024-01-03 16:54:43.719 [info] > git rev-parse --show-toplevel [4ms]
2024-01-03 16:54:43.733 [info] > git rev-parse --show-toplevel [2ms]
2024-01-03 16:54:43.746 [info] > git rev-parse --show-toplevel [1ms]
2024-01-03 16:54:43.754 [info] > git rev-parse --show-toplevel [1ms]
2024-01-03 16:54:43.765 [info] > git rev-parse --show-toplevel [2ms]
2024-01-03 16:54:43.781 [info] > git rev-parse --show-toplevel [1ms]
2024-01-03 16:54:43.794 [info] > git rev-parse --show-toplevel [3ms]
2024-01-03 16:54:43.811 [info] > git rev-parse --show-toplevel [1ms]
2024-01-03 16:54:43.991 [info] > git check-ignore -v -z --stdin [7ms]
2024-01-03 16:54:45.812 [info] > git show --textconv :app/builders/salary_payments/full_time_builder.rb [13ms]
2024-01-03 16:54:45.844 [info] > git show --textconv :spec/builders/salary_payments/salary_payment_director_spec.rb [24ms]
2024-01-03 16:54:45.844 [info] > git ls-files --stage -- /home/brayan/work/web/spec/builders/salary_payments/salary_payment_director_spec.rb [9ms]
2024-01-03 16:54:45.845 [info] > git ls-files --stage -- /home/brayan/work/web/app/builders/salary_payments/full_time_builder.rb [33ms]
2024-01-03 16:54:45.866 [info] > git cat-file -s 5ea7eedc190b5079bbc16d6b453d3239349e6305 [13ms]
2024-01-03 16:54:50.659 [info] > git config --get commit.template [2ms]
2024-01-03 16:54:50.667 [info] > git for-each-ref --format=%(refname)%00%(upstream:short)%00%(objectname)%00%(upstream:track)%00%(upstream:remotename)%00%(upstream:remoteref) refs/heads/SAAS-4023/generate-multiple-salary-payments refs/remotes/SAAS-4023/generate-multiple-salary-payments [2ms]
2024-01-03 16:54:50.685 [info] > git status -z -uall [12ms]
2024-01-03 16:57:16.061 [info] > git config --get commit.template [1ms]
2024-01-03 16:57:16.069 [info] > git for-each-ref --format=%(refname)%00%(upstream:short)%00%(objectname)%00%(upstream:track)%00%(upstream:remotename)%00%(upstream:remoteref) refs/heads/SAAS-4023/generate-multiple-salary-payments refs/remotes/SAAS-4023/generate-multiple-salary-payments [1ms]
2024-01-03 16:57:16.092 [info] > git status -z -uall [17ms]
2024-01-03 16:57:59.244 [info] > git config --get commit.template [24ms]
2024-01-03 16:57:59.245 [info] > git for-each-ref --format=%(refname)%00%(upstream:short)%00%(objectname)%00%(upstream:track)%00%(upstream:remotename)%00%(upstream:remoteref) refs/heads/SAAS-4023/generate-multiple-salary-payments refs/remotes/SAAS-4023/generate-multiple-salary-payments [4ms]
2024-01-03 16:57:59.286 [info] > git status -z -uall [27ms]
2024-01-03 16:58:27.005 [info] > git config --get commit.template [1ms]
2024-01-03 16:58:27.015 [info] > git for-each-ref --format=%(refname)%00%(upstream:short)%00%(objectname)%00%(upstream:track)%00%(upstream:remotename)%00%(upstream:remoteref) refs/heads/SAAS-4023/generate-multiple-salary-payments refs/remotes/SAAS-4023/generate-multiple-salary-payments [2ms]
2024-01-03 16:58:27.039 [info] > git status -z -uall [18ms]
2024-01-03 16:59:04.307 [info] > git config --get commit.template [2ms]
2024-01-03 16:59:04.321 [info] > git for-each-ref --format=%(refname)%00%(upstream:short)%00%(objectname)%00%(upstream:track)%00%(upstream:remotename)%00%(upstream:remoteref) refs/heads/SAAS-4023/generate-multiple-salary-payments refs/remotes/SAAS-4023/generate-multiple-salary-payments [1ms]
2024-01-03 16:59:04.345 [info] > git status -z -uall [16ms]
2024-01-03 17:00:10.185 [info] > git config --get commit.template [1ms]
2024-01-03 17:00:10.203 [info] > git for-each-ref --format=%(refname)%00%(upstream:short)%00%(objectname)%00%(upstream:track)%00%(upstream:remotename)%00%(upstream:remoteref) refs/heads/SAAS-4023/generate-multiple-salary-payments refs/remotes/SAAS-4023/generate-multiple-salary-payments [2ms]
2024-01-03 17:00:10.243 [info] > git status -z -uall [24ms]
2024-01-03 17:00:18.828 [info] > git config --get commit.template [2ms]
2024-01-03 17:00:18.835 [info] > git for-each-ref --format=%(refname)%00%(upstream:short)%00%(objectname)%00%(upstream:track)%00%(upstream:remotename)%00%(upstream:remoteref) refs/heads/SAAS-4023/generate-multiple-salary-payments refs/remotes/SAAS-4023/generate-multiple-salary-payments [1ms]
2024-01-03 17:00:18.853 [info] > git status -z -uall [15ms]
2024-01-03 17:00:53.284 [info] > git config --get commit.template [18ms]
2024-01-03 17:00:53.285 [info] > git for-each-ref --format=%(refname)%00%(upstream:short)%00%(objectname)%00%(upstream:track)%00%(upstream:remotename)%00%(upstream:remoteref) refs/heads/SAAS-4023/generate-multiple-salary-payments refs/remotes/SAAS-4023/generate-multiple-salary-payments [2ms]
2024-01-03 17:00:53.316 [info] > git status -z -uall [19ms]
2024-01-03 17:00:58.331 [info] > git config --get commit.template [1ms]
2024-01-03 17:00:58.340 [info] > git for-each-ref --format=%(refname)%00%(upstream:short)%00%(objectname)%00%(upstream:track)%00%(upstream:remotename)%00%(upstream:remoteref) refs/heads/SAAS-4023/generate-multiple-salary-payments refs/remotes/SAAS-4023/generate-multiple-salary-payments [1ms]
2024-01-03 17:00:58.360 [info] > git status -z -uall [16ms]
2024-01-03 17:01:15.210 [info] > git config --get commit.template [4ms]
2024-01-03 17:01:15.211 [info] > git for-each-ref --format=%(refname)%00%(upstream:short)%00%(objectname)%00%(upstream:track)%00%(upstream:remotename)%00%(upstream:remoteref) refs/heads/SAAS-4023/generate-multiple-salary-payments refs/remotes/SAAS-4023/generate-multiple-salary-payments [1ms]
2024-01-03 17:01:15.234 [info] > git status -z -uall [15ms]
2024-01-03 17:01:20.250 [info] > git config --get commit.template [4ms]
2024-01-03 17:01:20.251 [info] > git for-each-ref --format=%(refname)%00%(upstream:short)%00%(objectname)%00%(upstream:track)%00%(upstream:remotename)%00%(upstream:remoteref) refs/heads/SAAS-4023/generate-multiple-salary-payments refs/remotes/SAAS-4023/generate-multiple-salary-payments [2ms]
2024-01-03 17:01:20.285 [info] > git status -z -uall [25ms]
2024-01-03 17:01:29.656 [info] > git show --textconv :spec/factories/social_credit_fees.rb [19ms]
2024-01-03 17:01:29.660 [info] > git ls-files --stage -- /home/brayan/work/web/spec/factories/social_credit_fees.rb [5ms]
2024-01-03 17:01:29.672 [info] > git cat-file -s 6dc9be969301efb3fbcc317ae1523d6ff59abc2a [1ms]
2024-01-03 17:01:29.892 [info] > git check-ignore -v -z --stdin [5ms]
2024-01-03 17:01:47.184 [info] > git show --textconv :spec/factories/social_credits.rb [19ms]
2024-01-03 17:01:47.186 [info] > git ls-files --stage -- /home/brayan/work/web/spec/factories/social_credits.rb [3ms]
2024-01-03 17:01:47.215 [info] > git cat-file -s e52fb0d17f49490b72c9f888c852af7278cca25a [19ms]
2024-01-03 17:01:47.430 [info] > git check-ignore -v -z --stdin [4ms]
2024-01-03 17:03:28.261 [info] > git config --get commit.template [3ms]
2024-01-03 17:03:28.269 [info] > git for-each-ref --format=%(refname)%00%(upstream:short)%00%(objectname)%00%(upstream:track)%00%(upstream:remotename)%00%(upstream:remoteref) refs/heads/SAAS-4023/generate-multiple-salary-payments refs/remotes/SAAS-4023/generate-multiple-salary-payments [1ms]
2024-01-03 17:03:28.292 [info] > git status -z -uall [19ms]
2024-01-03 17:03:37.253 [info] > git config --get commit.template [15ms]
2024-01-03 17:03:37.254 [info] > git for-each-ref --format=%(refname)%00%(upstream:short)%00%(objectname)%00%(upstream:track)%00%(upstream:remotename)%00%(upstream:remoteref) refs/heads/SAAS-4023/generate-multiple-salary-payments refs/remotes/SAAS-4023/generate-multiple-salary-payments [2ms]
2024-01-03 17:03:37.293 [info] > git status -z -uall [24ms]
2024-01-03 17:03:54.509 [info] > git show --textconv :spec/factories/social_credit_fees.rb [16ms]
2024-01-03 17:03:54.510 [info] > git ls-files --stage -- /home/brayan/work/web/spec/factories/social_credit_fees.rb [4ms]
2024-01-03 17:03:54.531 [info] > git cat-file -s 6dc9be969301efb3fbcc317ae1523d6ff59abc2a [3ms]
2024-01-03 17:04:43.422 [info] > git config --get commit.template [1ms]
2024-01-03 17:04:43.433 [info] > git for-each-ref --format=%(refname)%00%(upstream:short)%00%(objectname)%00%(upstream:track)%00%(upstream:remotename)%00%(upstream:remoteref) refs/heads/SAAS-4023/generate-multiple-salary-payments refs/remotes/SAAS-4023/generate-multiple-salary-payments [1ms]
2024-01-03 17:04:43.471 [info] > git status -z -uall [26ms]
2024-01-03 17:04:46.326 [info] > git show --textconv :spec/factories/social_credits.rb [16ms]
2024-01-03 17:04:46.328 [info] > git ls-files --stage -- /home/brayan/work/web/spec/factories/social_credits.rb [2ms]
2024-01-03 17:04:46.334 [info] > git cat-file -s e52fb0d17f49490b72c9f888c852af7278cca25a [2ms]
2024-01-03 17:05:04.646 [info] > git config --get commit.template [1ms]
2024-01-03 17:05:04.661 [info] > git for-each-ref --format=%(refname)%00%(upstream:short)%00%(objectname)%00%(upstream:track)%00%(upstream:remotename)%00%(upstream:remoteref) refs/heads/SAAS-4023/generate-multiple-salary-payments refs/remotes/SAAS-4023/generate-multiple-salary-payments [1ms]
2024-01-03 17:05:04.697 [info] > git status -z -uall [26ms]
2024-01-03 17:05:42.364 [info] > git config --get commit.template [2ms]
2024-01-03 17:05:42.389 [info] > git for-each-ref --format=%(refname)%00%(upstream:short)%00%(objectname)%00%(upstream:track)%00%(upstream:remotename)%00%(upstream:remoteref) refs/heads/SAAS-4023/generate-multiple-salary-payments refs/remotes/SAAS-4023/generate-multiple-salary-payments [3ms]
2024-01-03 17:05:42.437 [info] > git status -z -uall [32ms]
2024-01-03 17:07:25.541 [info] > git show --textconv :spec/factories/social_credits.rb [17ms]
2024-01-03 17:07:25.543 [info] > git ls-files --stage -- /home/brayan/work/web/spec/factories/social_credits.rb [3ms]
2024-01-03 17:07:25.557 [info] > git cat-file -s e52fb0d17f49490b72c9f888c852af7278cca25a [2ms]
2024-01-03 17:07:30.656 [info] > git show --textconv :app/models/social_credit.rb [12ms]
2024-01-03 17:07:30.659 [info] > git ls-files --stage -- /home/brayan/work/web/app/models/social_credit.rb [4ms]
2024-01-03 17:07:30.672 [info] > git cat-file -s e9660802d827668da655ca99c50a654c06f59899 [2ms]
2024-01-03 17:07:30.916 [info] > git check-ignore -v -z --stdin [6ms]
2024-01-03 17:08:02.040 [info] > git config --get commit.template [14ms]
2024-01-03 17:08:02.040 [info] > git for-each-ref --format=%(refname)%00%(upstream:short)%00%(objectname)%00%(upstream:track)%00%(upstream:remotename)%00%(upstream:remoteref) refs/heads/SAAS-4023/generate-multiple-salary-payments refs/remotes/SAAS-4023/generate-multiple-salary-payments [2ms]
2024-01-03 17:08:02.095 [info] > git status -z -uall [32ms]
2024-01-03 17:08:21.170 [info] > git config --get commit.template [4ms]
2024-01-03 17:08:21.188 [info] > git for-each-ref --format=%(refname)%00%(upstream:short)%00%(objectname)%00%(upstream:track)%00%(upstream:remotename)%00%(upstream:remoteref) refs/heads/SAAS-4023/generate-multiple-salary-payments refs/remotes/SAAS-4023/generate-multiple-salary-payments [4ms]
2024-01-03 17:08:21.229 [info] > git status -z -uall [30ms]
2024-01-03 17:08:28.160 [info] > git config --get commit.template [9ms]
2024-01-03 17:08:28.161 [info] > git for-each-ref --format=%(refname)%00%(upstream:short)%00%(objectname)%00%(upstream:track)%00%(upstream:remotename)%00%(upstream:remoteref) refs/heads/SAAS-4023/generate-multiple-salary-payments refs/remotes/SAAS-4023/generate-multiple-salary-payments [2ms]
2024-01-03 17:08:28.184 [info] > git status -z -uall [17ms]
2024-01-03 17:08:54.310 [info] > git show --textconv :spec/factories/social_credits.rb [23ms]
2024-01-03 17:08:54.310 [info] > git ls-files --stage -- /home/brayan/work/web/spec/factories/social_credits.rb [7ms]
2024-01-03 17:08:54.326 [info] > git cat-file -s e52fb0d17f49490b72c9f888c852af7278cca25a [3ms]
2024-01-03 17:08:57.803 [info] > git show --textconv :spec/factories/communities.rb [13ms]
2024-01-03 17:08:57.806 [info] > git ls-files --stage -- /home/brayan/work/web/spec/factories/communities.rb [5ms]
2024-01-03 17:08:57.841 [info] > git cat-file -s 77bab2134acc4250568d69829ece01e6dfb60370 [19ms]
2024-01-03 17:08:58.042 [info] > git check-ignore -v -z --stdin [4ms]
2024-01-03 17:09:06.664 [info] > git show --textconv :app/models/community.rb [44ms]
2024-01-03 17:09:06.664 [info] > git ls-files --stage -- /home/brayan/work/web/app/models/community.rb [21ms]
2024-01-03 17:09:06.692 [info] > git cat-file -s 8cf9e1aa659b4d66c45ce434c2baa9671ccf72f8 [5ms]
2024-01-03 17:09:06.831 [info] > git check-ignore -v -z --stdin [3ms]
2024-01-03 17:09:28.021 [info] > git config --get commit.template [12ms]
2024-01-03 17:09:28.021 [info] > git for-each-ref --format=%(refname)%00%(upstream:short)%00%(objectname)%00%(upstream:track)%00%(upstream:remotename)%00%(upstream:remoteref) refs/heads/SAAS-4023/generate-multiple-salary-payments refs/remotes/SAAS-4023/generate-multiple-salary-payments [1ms]
2024-01-03 17:09:28.044 [info] > git status -z -uall [19ms]
2024-01-03 17:09:33.060 [info] > git config --get commit.template [7ms]
2024-01-03 17:09:33.060 [info] > git for-each-ref --format=%(refname)%00%(upstream:short)%00%(objectname)%00%(upstream:track)%00%(upstream:remotename)%00%(upstream:remoteref) refs/heads/SAAS-4023/generate-multiple-salary-payments refs/remotes/SAAS-4023/generate-multiple-salary-payments [2ms]
2024-01-03 17:09:33.092 [info] > git status -z -uall [23ms]
2024-01-03 17:09:39.034 [info] > git config --get commit.template [15ms]
2024-01-03 17:09:39.035 [info] > git for-each-ref --format=%(refname)%00%(upstream:short)%00%(objectname)%00%(upstream:track)%00%(upstream:remotename)%00%(upstream:remoteref) refs/heads/SAAS-4023/generate-multiple-salary-payments refs/remotes/SAAS-4023/generate-multiple-salary-payments [1ms]
2024-01-03 17:09:39.055 [info] > git status -z -uall [14ms]
2024-01-03 17:09:45.929 [info] > git config --get commit.template [10ms]
2024-01-03 17:09:45.930 [info] > git for-each-ref --format=%(refname)%00%(upstream:short)%00%(objectname)%00%(upstream:track)%00%(upstream:remotename)%00%(upstream:remoteref) refs/heads/SAAS-4023/generate-multiple-salary-payments refs/remotes/SAAS-4023/generate-multiple-salary-payments [1ms]
2024-01-03 17:09:45.957 [info] > git status -z -uall [21ms]
2024-01-03 17:09:50.976 [info] > git config --get commit.template [2ms]
2024-01-03 17:09:50.985 [info] > git for-each-ref --format=%(refname)%00%(upstream:short)%00%(objectname)%00%(upstream:track)%00%(upstream:remotename)%00%(upstream:remoteref) refs/heads/SAAS-4023/generate-multiple-salary-payments refs/remotes/SAAS-4023/generate-multiple-salary-payments [0ms]
2024-01-03 17:09:51.011 [info] > git status -z -uall [17ms]
2024-01-03 17:09:54.122 [info] > git show --textconv :spec/factories/communities.rb [18ms]
2024-01-03 17:09:54.125 [info] > git ls-files --stage -- /home/brayan/work/web/spec/factories/communities.rb [4ms]
2024-01-03 17:09:54.150 [info] > git cat-file -s 77bab2134acc4250568d69829ece01e6dfb60370 [8ms]
2024-01-03 17:10:00.111 [info] > git config --get commit.template [13ms]
2024-01-03 17:10:00.112 [info] > git for-each-ref --format=%(refname)%00%(upstream:short)%00%(objectname)%00%(upstream:track)%00%(upstream:remotename)%00%(upstream:remoteref) refs/heads/SAAS-4023/generate-multiple-salary-payments refs/remotes/SAAS-4023/generate-multiple-salary-payments [2ms]
2024-01-03 17:10:00.133 [info] > git status -z -uall [16ms]
2024-01-03 17:10:09.411 [info] > git show --textconv :app/models/social_credit.rb [14ms]
2024-01-03 17:10:09.414 [info] > git ls-files --stage -- /home/brayan/work/web/app/models/social_credit.rb [3ms]
2024-01-03 17:10:09.435 [info] > git cat-file -s e9660802d827668da655ca99c50a654c06f59899 [7ms]
2024-01-03 17:11:47.117 [info] > git config --get commit.template [0ms]
2024-01-03 17:11:47.122 [info] > git for-each-ref --format=%(refname)%00%(upstream:short)%00%(objectname)%00%(upstream:track)%00%(upstream:remotename)%00%(upstream:remoteref) refs/heads/SAAS-4023/generate-multiple-salary-payments refs/remotes/SAAS-4023/generate-multiple-salary-payments [0ms]
2024-01-03 17:11:47.146 [info] > git status -z -uall [16ms]
2024-01-03 17:12:15.517 [info] > git config --get commit.template [16ms]
2024-01-03 17:12:15.517 [info] > git for-each-ref --format=%(refname)%00%(upstream:short)%00%(objectname)%00%(upstream:track)%00%(upstream:remotename)%00%(upstream:remoteref) refs/heads/SAAS-4023/generate-multiple-salary-payments refs/remotes/SAAS-4023/generate-multiple-salary-payments [2ms]
2024-01-03 17:12:15.540 [info] > git status -z -uall [19ms]
2024-01-03 17:12:20.559 [info] > git config --get commit.template [1ms]
2024-01-03 17:12:20.571 [info] > git for-each-ref --format=%(refname)%00%(upstream:short)%00%(objectname)%00%(upstream:track)%00%(upstream:remotename)%00%(upstream:remoteref) refs/heads/SAAS-4023/generate-multiple-salary-payments refs/remotes/SAAS-4023/generate-multiple-salary-payments [1ms]
2024-01-03 17:12:20.588 [info] > git status -z -uall [12ms]
2024-01-03 17:12:34.539 [info] > git config --get commit.template [5ms]
2024-01-03 17:12:34.540 [info] > git for-each-ref --format=%(refname)%00%(upstream:short)%00%(objectname)%00%(upstream:track)%00%(upstream:remotename)%00%(upstream:remoteref) refs/heads/SAAS-4023/generate-multiple-salary-payments refs/remotes/SAAS-4023/generate-multiple-salary-payments [1ms]
2024-01-03 17:12:34.571 [info] > git status -z -uall [23ms]
2024-01-03 17:12:39.595 [info] > git config --get commit.template [8ms]
2024-01-03 17:12:39.595 [info] > git for-each-ref --format=%(refname)%00%(upstream:short)%00%(objectname)%00%(upstream:track)%00%(upstream:remotename)%00%(upstream:remoteref) refs/heads/SAAS-4023/generate-multiple-salary-payments refs/remotes/SAAS-4023/generate-multiple-salary-payments [1ms]
2024-01-03 17:12:39.614 [info] > git status -z -uall [16ms]
2024-01-03 17:13:09.511 [info] > git config --get commit.template [9ms]
2024-01-03 17:13:09.512 [info] > git for-each-ref --format=%(refname)%00%(upstream:short)%00%(objectname)%00%(upstream:track)%00%(upstream:remotename)%00%(upstream:remoteref) refs/heads/SAAS-4023/generate-multiple-salary-payments refs/remotes/SAAS-4023/generate-multiple-salary-payments [1ms]
2024-01-03 17:13:09.535 [info] > git status -z -uall [16ms]
2024-01-03 17:13:14.563 [info] > git config --get commit.template [2ms]
2024-01-03 17:13:14.569 [info] > git for-each-ref --format=%(refname)%00%(upstream:short)%00%(objectname)%00%(upstream:track)%00%(upstream:remotename)%00%(upstream:remoteref) refs/heads/SAAS-4023/generate-multiple-salary-payments refs/remotes/SAAS-4023/generate-multiple-salary-payments [0ms]
2024-01-03 17:13:14.596 [info] > git status -z -uall [21ms]
2024-01-03 17:13:24.938 [info] > git config --get commit.template [2ms]
2024-01-03 17:13:24.945 [info] > git for-each-ref --format=%(refname)%00%(upstream:short)%00%(objectname)%00%(upstream:track)%00%(upstream:remotename)%00%(upstream:remoteref) refs/heads/SAAS-4023/generate-multiple-salary-payments refs/remotes/SAAS-4023/generate-multiple-salary-payments [1ms]
2024-01-03 17:13:24.959 [info] > git status -z -uall [11ms]
2024-01-03 17:14:05.253 [info] > git config --get commit.template [10ms]
2024-01-03 17:14:05.253 [info] > git for-each-ref --format=%(refname)%00%(upstream:short)%00%(objectname)%00%(upstream:track)%00%(upstream:remotename)%00%(upstream:remoteref) refs/heads/SAAS-4023/generate-multiple-salary-payments refs/remotes/SAAS-4023/generate-multiple-salary-payments [1ms]
2024-01-03 17:14:05.280 [info] > git status -z -uall [17ms]
2024-01-03 17:15:43.881 [info] > git config --get commit.template [6ms]
2024-01-03 17:15:43.898 [info] > git for-each-ref --format=%(refname)%00%(upstream:short)%00%(objectname)%00%(upstream:track)%00%(upstream:remotename)%00%(upstream:remoteref) refs/heads/SAAS-4023/generate-multiple-salary-payments refs/remotes/SAAS-4023/generate-multiple-salary-payments [3ms]
2024-01-03 17:15:43.940 [info] > git status -z -uall [31ms]
2024-01-03 17:15:49.327 [info] > git config --get commit.template [1ms]
2024-01-03 17:15:49.334 [info] > git for-each-ref --format=%(refname)%00%(upstream:short)%00%(objectname)%00%(upstream:track)%00%(upstream:remotename)%00%(upstream:remoteref) refs/heads/SAAS-4023/generate-multiple-salary-payments refs/remotes/SAAS-4023/generate-multiple-salary-payments [1ms]
2024-01-03 17:15:49.356 [info] > git status -z -uall [15ms]
2024-01-03 17:16:04.204 [info] > git config --get commit.template [10ms]
2024-01-03 17:16:04.206 [info] > git for-each-ref --format=%(refname)%00%(upstream:short)%00%(objectname)%00%(upstream:track)%00%(upstream:remotename)%00%(upstream:remoteref) refs/heads/SAAS-4023/generate-multiple-salary-payments refs/remotes/SAAS-4023/generate-multiple-salary-payments [4ms]
2024-01-03 17:16:04.232 [info] > git status -z -uall [18ms]
2024-01-03 17:17:59.876 [info] > git config --get commit.template [21ms]
2024-01-03 17:17:59.877 [info] > git for-each-ref --format=%(refname)%00%(upstream:short)%00%(objectname)%00%(upstream:track)%00%(upstream:remotename)%00%(upstream:remoteref) refs/heads/SAAS-4023/generate-multiple-salary-payments refs/remotes/SAAS-4023/generate-multiple-salary-payments [3ms]
2024-01-03 17:17:59.918 [info] > git status -z -uall [28ms]
2024-01-03 17:18:04.938 [info] > git config --get commit.template [6ms]
2024-01-03 17:18:04.939 [info] > git for-each-ref --format=%(refname)%00%(upstream:short)%00%(objectname)%00%(upstream:track)%00%(upstream:remotename)%00%(upstream:remoteref) refs/heads/SAAS-4023/generate-multiple-salary-payments refs/remotes/SAAS-4023/generate-multiple-salary-payments [1ms]
2024-01-03 17:18:04.963 [info] > git status -z -uall [20ms]
2024-01-03 17:18:09.989 [info] > git config --get commit.template [13ms]
2024-01-03 17:18:09.990 [info] > git for-each-ref --format=%(refname)%00%(upstream:short)%00%(objectname)%00%(upstream:track)%00%(upstream:remotename)%00%(upstream:remoteref) refs/heads/SAAS-4023/generate-multiple-salary-payments refs/remotes/SAAS-4023/generate-multiple-salary-payments [1ms]
2024-01-03 17:18:10.023 [info] > git status -z -uall [23ms]
2024-01-03 17:18:20.598 [info] > git config --get commit.template [12ms]
2024-01-03 17:18:20.599 [info] > git for-each-ref --format=%(refname)%00%(upstream:short)%00%(objectname)%00%(upstream:track)%00%(upstream:remotename)%00%(upstream:remoteref) refs/heads/SAAS-4023/generate-multiple-salary-payments refs/remotes/SAAS-4023/generate-multiple-salary-payments [2ms]
2024-01-03 17:18:20.629 [info] > git status -z -uall [18ms]
2024-01-03 17:18:22.363 [info] > git show --textconv :spec/factories/communities.rb [4ms]
2024-01-03 17:18:22.364 [info] > git ls-files --stage -- /home/brayan/work/web/spec/factories/communities.rb [2ms]
2024-01-03 17:18:22.376 [info] > git cat-file -s 77bab2134acc4250568d69829ece01e6dfb60370 [2ms]
2024-01-03 17:18:23.361 [info] > git show --textconv :spec/factories/social_credits.rb [7ms]
2024-01-03 17:18:23.362 [info] > git ls-files --stage -- /home/brayan/work/web/spec/factories/social_credits.rb [2ms]
2024-01-03 17:18:23.374 [info] > git cat-file -s e52fb0d17f49490b72c9f888c852af7278cca25a [3ms]
2024-01-03 17:18:45.381 [info] > git config --get commit.template [1ms]
2024-01-03 17:18:45.389 [info] > git for-each-ref --format=%(refname)%00%(upstream:short)%00%(objectname)%00%(upstream:track)%00%(upstream:remotename)%00%(upstream:remoteref) refs/heads/SAAS-4023/generate-multiple-salary-payments refs/remotes/SAAS-4023/generate-multiple-salary-payments [1ms]
2024-01-03 17:18:45.415 [info] > git status -z -uall [21ms]
2024-01-03 17:19:03.712 [info] > git for-each-ref --format=%(refname)%00%(upstream:short)%00%(objectname)%00%(upstream:track)%00%(upstream:remotename)%00%(upstream:remoteref) refs/heads/SAAS-4023/generate-multiple-salary-payments refs/remotes/SAAS-4023/generate-multiple-salary-payments [1ms]
2024-01-03 17:19:03.712 [info] > git config --get commit.template [9ms]
2024-01-03 17:19:03.730 [info] > git status -z -uall [14ms]
2024-01-03 17:19:26.680 [info] > git config --get commit.template [8ms]
2024-01-03 17:19:26.681 [info] > git for-each-ref --format=%(refname)%00%(upstream:short)%00%(objectname)%00%(upstream:track)%00%(upstream:remotename)%00%(upstream:remoteref) refs/heads/SAAS-4023/generate-multiple-salary-payments refs/remotes/SAAS-4023/generate-multiple-salary-payments [1ms]
2024-01-03 17:19:26.701 [info] > git status -z -uall [13ms]
2024-01-03 17:19:41.407 [info] > git config --get commit.template [2ms]
2024-01-03 17:19:41.413 [info] > git for-each-ref --format=%(refname)%00%(upstream:short)%00%(objectname)%00%(upstream:track)%00%(upstream:remotename)%00%(upstream:remoteref) refs/heads/SAAS-4023/generate-multiple-salary-payments refs/remotes/SAAS-4023/generate-multiple-salary-payments [1ms]
2024-01-03 17:19:41.429 [info] > git status -z -uall [12ms]
2024-01-03 17:19:59.916 [info] > git config --get commit.template [5ms]
2024-01-03 17:19:59.917 [info] > git for-each-ref --format=%(refname)%00%(upstream:short)%00%(objectname)%00%(upstream:track)%00%(upstream:remotename)%00%(upstream:remoteref) refs/heads/SAAS-4023/generate-multiple-salary-payments refs/remotes/SAAS-4023/generate-multiple-salary-payments [2ms]
2024-01-03 17:19:59.944 [info] > git status -z -uall [15ms]
2024-01-03 17:20:23.681 [info] > git config --get commit.template [2ms]
2024-01-03 17:20:23.687 [info] > git for-each-ref --format=%(refname)%00%(upstream:short)%00%(objectname)%00%(upstream:track)%00%(upstream:remotename)%00%(upstream:remoteref) refs/heads/SAAS-4023/generate-multiple-salary-payments refs/remotes/SAAS-4023/generate-multiple-salary-payments [1ms]
2024-01-03 17:20:23.720 [info] > git status -z -uall [23ms]
2024-01-03 17:20:28.729 [info] > git config --get commit.template [1ms]
2024-01-03 17:20:28.734 [info] > git for-each-ref --format=%(refname)%00%(upstream:short)%00%(objectname)%00%(upstream:track)%00%(upstream:remotename)%00%(upstream:remoteref) refs/heads/SAAS-4023/generate-multiple-salary-payments refs/remotes/SAAS-4023/generate-multiple-salary-payments [1ms]
2024-01-03 17:20:28.757 [info] > git status -z -uall [15ms]
2024-01-03 17:20:40.993 [info] > git config --get commit.template [7ms]
2024-01-03 17:20:40.993 [info] > git for-each-ref --format=%(refname)%00%(upstream:short)%00%(objectname)%00%(upstream:track)%00%(upstream:remotename)%00%(upstream:remoteref) refs/heads/SAAS-4023/generate-multiple-salary-payments refs/remotes/SAAS-4023/generate-multiple-salary-payments [1ms]
2024-01-03 17:20:41.015 [info] > git status -z -uall [16ms]
2024-01-03 17:20:47.311 [info] > git config --get commit.template [1ms]
2024-01-03 17:20:47.322 [info] > git for-each-ref --format=%(refname)%00%(upstream:short)%00%(objectname)%00%(upstream:track)%00%(upstream:remotename)%00%(upstream:remoteref) refs/heads/SAAS-4023/generate-multiple-salary-payments refs/remotes/SAAS-4023/generate-multiple-salary-payments [0ms]
2024-01-03 17:20:47.354 [info] > git status -z -uall [23ms]
2024-01-03 17:21:00.479 [info] > git config --get commit.template [2ms]
2024-01-03 17:21:00.486 [info] > git for-each-ref --format=%(refname)%00%(upstream:short)%00%(objectname)%00%(upstream:track)%00%(upstream:remotename)%00%(upstream:remoteref) refs/heads/SAAS-4023/generate-multiple-salary-payments refs/remotes/SAAS-4023/generate-multiple-salary-payments [1ms]
2024-01-03 17:21:00.505 [info] > git status -z -uall [12ms]
2024-01-03 17:23:18.843 [info] > git config --get commit.template [2ms]
2024-01-03 17:23:18.861 [info] > git for-each-ref --format=%(refname)%00%(upstream:short)%00%(objectname)%00%(upstream:track)%00%(upstream:remotename)%00%(upstream:remoteref) refs/heads/SAAS-4023/generate-multiple-salary-payments refs/remotes/SAAS-4023/generate-multiple-salary-payments [3ms]
2024-01-03 17:23:18.894 [info] > git status -z -uall [22ms]
2024-01-03 17:24:00.330 [info] > git config --get commit.template [9ms]
2024-01-03 17:24:00.331 [info] > git for-each-ref --format=%(refname)%00%(upstream:short)%00%(objectname)%00%(upstream:track)%00%(upstream:remotename)%00%(upstream:remoteref) refs/heads/SAAS-4023/generate-multiple-salary-payments refs/remotes/SAAS-4023/generate-multiple-salary-payments [1ms]
2024-01-03 17:24:00.354 [info] > git status -z -uall [20ms]
2024-01-03 17:24:05.947 [info] > git config --get commit.template [1ms]
2024-01-03 17:24:05.955 [info] > git for-each-ref --format=%(refname)%00%(upstream:short)%00%(objectname)%00%(upstream:track)%00%(upstream:remotename)%00%(upstream:remoteref) refs/heads/SAAS-4023/generate-multiple-salary-payments refs/remotes/SAAS-4023/generate-multiple-salary-payments [1ms]
2024-01-03 17:24:05.974 [info] > git status -z -uall [13ms]
2024-01-03 17:24:21.457 [info] > git config --get commit.template [6ms]
2024-01-03 17:24:21.457 [info] > git for-each-ref --format=%(refname)%00%(upstream:short)%00%(objectname)%00%(upstream:track)%00%(upstream:remotename)%00%(upstream:remoteref) refs/heads/SAAS-4023/generate-multiple-salary-payments refs/remotes/SAAS-4023/generate-multiple-salary-payments [1ms]
2024-01-03 17:24:21.477 [info] > git status -z -uall [13ms]
2024-01-03 17:24:27.006 [info] > git config --get commit.template [5ms]
2024-01-03 17:24:27.006 [info] > git for-each-ref --format=%(refname)%00%(upstream:short)%00%(objectname)%00%(upstream:track)%00%(upstream:remotename)%00%(upstream:remoteref) refs/heads/SAAS-4023/generate-multiple-salary-payments refs/remotes/SAAS-4023/generate-multiple-salary-payments [1ms]
2024-01-03 17:24:27.023 [info] > git status -z -uall [12ms]
2024-01-03 17:25:15.848 [info] > git config --get commit.template [7ms]
2024-01-03 17:25:15.848 [info] > git for-each-ref --format=%(refname)%00%(upstream:short)%00%(objectname)%00%(upstream:track)%00%(upstream:remotename)%00%(upstream:remoteref) refs/heads/SAAS-4023/generate-multiple-salary-payments refs/remotes/SAAS-4023/generate-multiple-salary-payments [1ms]
2024-01-03 17:25:15.867 [info] > git status -z -uall [16ms]
2024-01-03 17:26:17.325 [info] > git config --get commit.template [5ms]
2024-01-03 17:26:17.326 [info] > git for-each-ref --format=%(refname)%00%(upstream:short)%00%(objectname)%00%(upstream:track)%00%(upstream:remotename)%00%(upstream:remoteref) refs/heads/SAAS-4023/generate-multiple-salary-payments refs/remotes/SAAS-4023/generate-multiple-salary-payments [1ms]
2024-01-03 17:26:17.345 [info] > git status -z -uall [13ms]
2024-01-03 17:26:23.897 [info] > git config --get commit.template [7ms]
2024-01-03 17:26:23.897 [info] > git for-each-ref --format=%(refname)%00%(upstream:short)%00%(objectname)%00%(upstream:track)%00%(upstream:remotename)%00%(upstream:remoteref) refs/heads/SAAS-4023/generate-multiple-salary-payments refs/remotes/SAAS-4023/generate-multiple-salary-payments [1ms]
2024-01-03 17:26:23.922 [info] > git status -z -uall [17ms]
2024-01-03 17:26:48.716 [info] > git config --get commit.template [7ms]
2024-01-03 17:26:48.717 [info] > git for-each-ref --format=%(refname)%00%(upstream:short)%00%(objectname)%00%(upstream:track)%00%(upstream:remotename)%00%(upstream:remoteref) refs/heads/SAAS-4023/generate-multiple-salary-payments refs/remotes/SAAS-4023/generate-multiple-salary-payments [2ms]
2024-01-03 17:26:48.736 [info] > git status -z -uall [14ms]
2024-01-03 17:26:59.243 [info] > git config --get commit.template [9ms]
2024-01-03 17:26:59.243 [info] > git for-each-ref --format=%(refname)%00%(upstream:short)%00%(objectname)%00%(upstream:track)%00%(upstream:remotename)%00%(upstream:remoteref) refs/heads/SAAS-4023/generate-multiple-salary-payments refs/remotes/SAAS-4023/generate-multiple-salary-payments [1ms]
2024-01-03 17:26:59.269 [info] > git status -z -uall [18ms]
2024-01-03 17:27:18.723 [info] > git config --get commit.template [7ms]
2024-01-03 17:27:18.723 [info] > git for-each-ref --format=%(refname)%00%(upstream:short)%00%(objectname)%00%(upstream:track)%00%(upstream:remotename)%00%(upstream:remoteref) refs/heads/SAAS-4023/generate-multiple-salary-payments refs/remotes/SAAS-4023/generate-multiple-salary-payments [0ms]
2024-01-03 17:27:18.743 [info] > git status -z -uall [16ms]
2024-01-03 17:27:26.261 [info] > git config --get commit.template [6ms]
2024-01-03 17:27:26.261 [info] > git for-each-ref --format=%(refname)%00%(upstream:short)%00%(objectname)%00%(upstream:track)%00%(upstream:remotename)%00%(upstream:remoteref) refs/heads/SAAS-4023/generate-multiple-salary-payments refs/remotes/SAAS-4023/generate-multiple-salary-payments [1ms]
2024-01-03 17:27:26.284 [info] > git status -z -uall [18ms]
2024-01-03 17:27:43.436 [info] > git config --get commit.template [1ms]
2024-01-03 17:27:43.441 [info] > git for-each-ref --format=%(refname)%00%(upstream:short)%00%(objectname)%00%(upstream:track)%00%(upstream:remotename)%00%(upstream:remoteref) refs/heads/SAAS-4023/generate-multiple-salary-payments refs/remotes/SAAS-4023/generate-multiple-salary-payments [1ms]
2024-01-03 17:27:43.460 [info] > git status -z -uall [15ms]
2024-01-03 17:27:54.146 [info] > git config --get commit.template [4ms]
2024-01-03 17:27:54.146 [info] > git for-each-ref --format=%(refname)%00%(upstream:short)%00%(objectname)%00%(upstream:track)%00%(upstream:remotename)%00%(upstream:remoteref) refs/heads/SAAS-4023/generate-multiple-salary-payments refs/remotes/SAAS-4023/generate-multiple-salary-payments [1ms]
2024-01-03 17:27:54.173 [info] > git status -z -uall [18ms]
2024-01-03 17:28:01.583 [info] > git config --get commit.template [1ms]
2024-01-03 17:28:01.591 [info] > git for-each-ref --format=%(refname)%00%(upstream:short)%00%(objectname)%00%(upstream:track)%00%(upstream:remotename)%00%(upstream:remoteref) refs/heads/SAAS-4023/generate-multiple-salary-payments refs/remotes/SAAS-4023/generate-multiple-salary-payments [1ms]
2024-01-03 17:28:01.610 [info] > git status -z -uall [15ms]
2024-01-03 17:28:17.306 [info] > git config --get commit.template [10ms]
2024-01-03 17:28:17.307 [info] > git for-each-ref --format=%(refname)%00%(upstream:short)%00%(objectname)%00%(upstream:track)%00%(upstream:remotename)%00%(upstream:remoteref) refs/heads/SAAS-4023/generate-multiple-salary-payments refs/remotes/SAAS-4023/generate-multiple-salary-payments [2ms]
2024-01-03 17:28:17.329 [info] > git status -z -uall [14ms]
2024-01-03 17:28:26.209 [info] > git config --get commit.template [15ms]
2024-01-03 17:28:26.210 [info] > git for-each-ref --format=%(refname)%00%(upstream:short)%00%(objectname)%00%(upstream:track)%00%(upstream:remotename)%00%(upstream:remoteref) refs/heads/SAAS-4023/generate-multiple-salary-payments refs/remotes/SAAS-4023/generate-multiple-salary-payments [2ms]
2024-01-03 17:28:26.232 [info] > git status -z -uall [14ms]
2024-01-03 17:29:13.215 [info] > git config --get commit.template [12ms]
2024-01-03 17:29:13.215 [info] > git for-each-ref --format=%(refname)%00%(upstream:short)%00%(objectname)%00%(upstream:track)%00%(upstream:remotename)%00%(upstream:remoteref) refs/heads/SAAS-4023/generate-multiple-salary-payments refs/remotes/SAAS-4023/generate-multiple-salary-payments [2ms]
2024-01-03 17:29:13.241 [info] > git status -z -uall [17ms]
2024-01-03 17:29:18.256 [info] > git config --get commit.template [2ms]
2024-01-03 17:29:18.262 [info] > git for-each-ref --format=%(refname)%00%(upstream:short)%00%(objectname)%00%(upstream:track)%00%(upstream:remotename)%00%(upstream:remoteref) refs/heads/SAAS-4023/generate-multiple-salary-payments refs/remotes/SAAS-4023/generate-multiple-salary-payments [1ms]
2024-01-03 17:29:18.291 [info] > git status -z -uall [19ms]
2024-01-03 17:29:31.399 [info] > git config --get commit.template [2ms]
2024-01-03 17:29:31.407 [info] > git for-each-ref --format=%(refname)%00%(upstream:short)%00%(objectname)%00%(upstream:track)%00%(upstream:remotename)%00%(upstream:remoteref) refs/heads/SAAS-4023/generate-multiple-salary-payments refs/remotes/SAAS-4023/generate-multiple-salary-payments [1ms]
2024-01-03 17:29:31.430 [info] > git status -z -uall [19ms]
2024-01-03 17:29:36.443 [info] > git config --get commit.template [1ms]
2024-01-03 17:29:36.448 [info] > git for-each-ref --format=%(refname)%00%(upstream:short)%00%(objectname)%00%(upstream:track)%00%(upstream:remotename)%00%(upstream:remoteref) refs/heads/SAAS-4023/generate-multiple-salary-payments refs/remotes/SAAS-4023/generate-multiple-salary-payments [1ms]
2024-01-03 17:29:36.469 [info] > git status -z -uall [15ms]
2024-01-03 17:29:50.769 [info] > git config --get commit.template [8ms]
2024-01-03 17:29:50.770 [info] > git for-each-ref --format=%(refname)%00%(upstream:short)%00%(objectname)%00%(upstream:track)%00%(upstream:remotename)%00%(upstream:remoteref) refs/heads/SAAS-4023/generate-multiple-salary-payments refs/remotes/SAAS-4023/generate-multiple-salary-payments [1ms]
2024-01-03 17:29:50.787 [info] > git status -z -uall [14ms]
2024-01-03 17:30:14.440 [info] > git config --get commit.template [7ms]
2024-01-03 17:30:14.440 [info] > git for-each-ref --format=%(refname)%00%(upstream:short)%00%(objectname)%00%(upstream:track)%00%(upstream:remotename)%00%(upstream:remoteref) refs/heads/SAAS-4023/generate-multiple-salary-payments refs/remotes/SAAS-4023/generate-multiple-salary-payments [1ms]
2024-01-03 17:30:14.457 [info] > git status -z -uall [13ms]
2024-01-03 17:30:37.378 [info] > git config --get commit.template [1ms]
2024-01-03 17:30:37.387 [info] > git for-each-ref --format=%(refname)%00%(upstream:short)%00%(objectname)%00%(upstream:track)%00%(upstream:remotename)%00%(upstream:remoteref) refs/heads/SAAS-4023/generate-multiple-salary-payments refs/remotes/SAAS-4023/generate-multiple-salary-payments [2ms]
2024-01-03 17:30:37.412 [info] > git status -z -uall [19ms]
2024-01-03 17:31:23.125 [info] > git show --textconv :app/builders/salary_payments/base_builder.rb [14ms]
2024-01-03 17:31:23.128 [info] > git ls-files --stage -- /home/brayan/work/web/app/builders/salary_payments/base_builder.rb [4ms]
2024-01-03 17:31:23.134 [info] > git cat-file -s b0fdee5418b5050b7eb712db84d0554f995d791f [1ms]
2024-01-03 17:31:57.993 [info] > git config --get commit.template [2ms]
2024-01-03 17:31:58.001 [info] > git for-each-ref --format=%(refname)%00%(upstream:short)%00%(objectname)%00%(upstream:track)%00%(upstream:remotename)%00%(upstream:remoteref) refs/heads/SAAS-4023/generate-multiple-salary-payments refs/remotes/SAAS-4023/generate-multiple-salary-payments [2ms]
2024-01-03 17:31:58.036 [info] > git status -z -uall [23ms]
2024-01-03 17:32:03.051 [info] > git config --get commit.template [4ms]
2024-01-03 17:32:03.052 [info] > git for-each-ref --format=%(refname)%00%(upstream:short)%00%(objectname)%00%(upstream:track)%00%(upstream:remotename)%00%(upstream:remoteref) refs/heads/SAAS-4023/generate-multiple-salary-payments refs/remotes/SAAS-4023/generate-multiple-salary-payments [1ms]
2024-01-03 17:32:03.069 [info] > git status -z -uall [12ms]
2024-01-03 17:32:10.699 [info] > git config --get commit.template [2ms]
2024-01-03 17:32:10.707 [info] > git for-each-ref --format=%(refname)%00%(upstream:short)%00%(objectname)%00%(upstream:track)%00%(upstream:remotename)%00%(upstream:remoteref) refs/heads/SAAS-4023/generate-multiple-salary-payments refs/remotes/SAAS-4023/generate-multiple-salary-payments [1ms]
2024-01-03 17:32:10.725 [info] > git status -z -uall [14ms]
2024-01-03 17:32:18.932 [info] > git config --get commit.template [9ms]
2024-01-03 17:32:18.932 [info] > git for-each-ref --format=%(refname)%00%(upstream:short)%00%(objectname)%00%(upstream:track)%00%(upstream:remotename)%00%(upstream:remoteref) refs/heads/SAAS-4023/generate-multiple-salary-payments refs/remotes/SAAS-4023/generate-multiple-salary-payments [1ms]
2024-01-03 17:32:18.969 [info] > git status -z -uall [26ms]
2024-01-03 17:32:23.980 [info] > git config --get commit.template [1ms]
2024-01-03 17:32:23.986 [info] > git for-each-ref --format=%(refname)%00%(upstream:short)%00%(objectname)%00%(upstream:track)%00%(upstream:remotename)%00%(upstream:remoteref) refs/heads/SAAS-4023/generate-multiple-salary-payments refs/remotes/SAAS-4023/generate-multiple-salary-payments [0ms]
2024-01-03 17:32:24.006 [info] > git status -z -uall [13ms]
2024-01-03 17:32:29.826 [info] > git config --get commit.template [6ms]
2024-01-03 17:32:29.826 [info] > git for-each-ref --format=%(refname)%00%(upstream:short)%00%(objectname)%00%(upstream:track)%00%(upstream:remotename)%00%(upstream:remoteref) refs/heads/SAAS-4023/generate-multiple-salary-payments refs/remotes/SAAS-4023/generate-multiple-salary-payments [1ms]
2024-01-03 17:32:29.843 [info] > git status -z -uall [13ms]
2024-01-03 17:33:19.615 [info] > git config --get commit.template [10ms]
2024-01-03 17:33:19.616 [info] > git for-each-ref --format=%(refname)%00%(upstream:short)%00%(objectname)%00%(upstream:track)%00%(upstream:remotename)%00%(upstream:remoteref) refs/heads/SAAS-4023/generate-multiple-salary-payments refs/remotes/SAAS-4023/generate-multiple-salary-payments [1ms]
2024-01-03 17:33:19.645 [info] > git status -z -uall [20ms]
2024-01-03 17:33:27.327 [info] > git for-each-ref --format=%(refname)%00%(upstream:short)%00%(objectname)%00%(upstream:track)%00%(upstream:remotename)%00%(upstream:remoteref) refs/heads/SAAS-4023/generate-multiple-salary-payments refs/remotes/SAAS-4023/generate-multiple-salary-payments [2ms]
2024-01-03 17:33:27.327 [info] > git config --get commit.template [8ms]
2024-01-03 17:33:27.354 [info] > git status -z -uall [18ms]
2024-01-03 17:33:38.415 [info] > git config --get commit.template [1ms]
2024-01-03 17:33:38.422 [info] > git for-each-ref --format=%(refname)%00%(upstream:short)%00%(objectname)%00%(upstream:track)%00%(upstream:remotename)%00%(upstream:remoteref) refs/heads/SAAS-4023/generate-multiple-salary-payments refs/remotes/SAAS-4023/generate-multiple-salary-payments [2ms]
2024-01-03 17:33:38.441 [info] > git status -z -uall [14ms]
2024-01-03 17:33:46.553 [info] > git config --get commit.template [4ms]
2024-01-03 17:33:46.553 [info] > git for-each-ref --format=%(refname)%00%(upstream:short)%00%(objectname)%00%(upstream:track)%00%(upstream:remotename)%00%(upstream:remoteref) refs/heads/SAAS-4023/generate-multiple-salary-payments refs/remotes/SAAS-4023/generate-multiple-salary-payments [1ms]
2024-01-03 17:33:46.570 [info] > git status -z -uall [13ms]
2024-01-03 17:34:03.097 [info] > git show --textconv :spec/factories/salary_additional_infos.rb [12ms]
2024-01-03 17:34:03.100 [info] > git ls-files --stage -- /home/brayan/work/web/spec/factories/salary_additional_infos.rb [4ms]
2024-01-03 17:34:03.115 [info] > git cat-file -s e686441ee9cb8150aba0378e520e8cdf4e45d4a5 [4ms]
2024-01-03 17:34:08.186 [info] > git show --textconv :spec/factories/salary_payments.rb [8ms]
2024-01-03 17:34:08.188 [info] > git ls-files --stage -- /home/brayan/work/web/spec/factories/salary_payments.rb [3ms]
2024-01-03 17:34:08.201 [info] > git cat-file -s d217323c29bc44da38a563d038f5b669e343dc06 [0ms]
2024-01-03 17:34:15.162 [info] > git config --get commit.template [2ms]
2024-01-03 17:34:15.169 [info] > git for-each-ref --format=%(refname)%00%(upstream:short)%00%(objectname)%00%(upstream:track)%00%(upstream:remotename)%00%(upstream:remoteref) refs/heads/SAAS-4023/generate-multiple-salary-payments refs/remotes/SAAS-4023/generate-multiple-salary-payments [2ms]
2024-01-03 17:34:15.190 [info] > git status -z -uall [15ms]
2024-01-03 17:34:28.015 [info] > git config --get commit.template [1ms]
2024-01-03 17:34:28.020 [info] > git for-each-ref --format=%(refname)%00%(upstream:short)%00%(objectname)%00%(upstream:track)%00%(upstream:remotename)%00%(upstream:remoteref) refs/heads/SAAS-4023/generate-multiple-salary-payments refs/remotes/SAAS-4023/generate-multiple-salary-payments [0ms]
2024-01-03 17:34:28.040 [info] > git status -z -uall [15ms]
2024-01-03 17:34:31.529 [info] > git show --textconv :spec/builders/salary_payments/salary_payment_director_spec.rb [9ms]
2024-01-03 17:34:31.531 [info] > git ls-files --stage -- /home/brayan/work/web/spec/builders/salary_payments/salary_payment_director_spec.rb [2ms]
2024-01-03 17:34:33.050 [info] > git config --get commit.template [0ms]
2024-01-03 17:34:33.054 [info] > git for-each-ref --format=%(refname)%00%(upstream:short)%00%(objectname)%00%(upstream:track)%00%(upstream:remotename)%00%(upstream:remoteref) refs/heads/SAAS-4023/generate-multiple-salary-payments refs/remotes/SAAS-4023/generate-multiple-salary-payments [1ms]
2024-01-03 17:34:33.074 [info] > git status -z -uall [15ms]
2024-01-03 17:34:38.580 [info] > git config --get commit.template [7ms]
2024-01-03 17:34:38.580 [info] > git for-each-ref --format=%(refname)%00%(upstream:short)%00%(objectname)%00%(upstream:track)%00%(upstream:remotename)%00%(upstream:remoteref) refs/heads/SAAS-4023/generate-multiple-salary-payments refs/remotes/SAAS-4023/generate-multiple-salary-payments [0ms]
2024-01-03 17:34:38.597 [info] > git status -z -uall [13ms]
2024-01-03 17:34:43.611 [info] > git config --get commit.template [7ms]
2024-01-03 17:34:43.611 [info] > git for-each-ref --format=%(refname)%00%(upstream:short)%00%(objectname)%00%(upstream:track)%00%(upstream:remotename)%00%(upstream:remoteref) refs/heads/SAAS-4023/generate-multiple-salary-payments refs/remotes/SAAS-4023/generate-multiple-salary-payments [1ms]
2024-01-03 17:34:43.632 [info] > git status -z -uall [16ms]
2024-01-03 17:34:55.599 [info] > git config --get commit.template [9ms]
2024-01-03 17:34:55.599 [info] > git for-each-ref --format=%(refname)%00%(upstream:short)%00%(objectname)%00%(upstream:track)%00%(upstream:remotename)%00%(upstream:remoteref) refs/heads/SAAS-4023/generate-multiple-salary-payments refs/remotes/SAAS-4023/generate-multiple-salary-payments [1ms]
2024-01-03 17:34:55.616 [info] > git status -z -uall [12ms]
2024-01-03 17:34:58.617 [info] > git show --textconv :app/builders/salary_payments/base_builder.rb [7ms]
2024-01-03 17:34:58.618 [info] > git ls-files --stage -- /home/brayan/work/web/app/builders/salary_payments/base_builder.rb [2ms]
2024-01-03 17:34:58.626 [info] > git cat-file -s b0fdee5418b5050b7eb712db84d0554f995d791f [2ms]
2024-01-03 17:35:05.441 [info] > git config --get commit.template [5ms]
2024-01-03 17:35:05.454 [info] > git for-each-ref --format=%(refname)%00%(upstream:short)%00%(objectname)%00%(upstream:track)%00%(upstream:remotename)%00%(upstream:remoteref) refs/heads/SAAS-4023/generate-multiple-salary-payments refs/remotes/SAAS-4023/generate-multiple-salary-payments [1ms]
2024-01-03 17:35:05.491 [info] > git status -z -uall [22ms]
2024-01-03 17:35:19.874 [info] > git config --get commit.template [1ms]
2024-01-03 17:35:19.880 [info] > git for-each-ref --format=%(refname)%00%(upstream:short)%00%(objectname)%00%(upstream:track)%00%(upstream:remotename)%00%(upstream:remoteref) refs/heads/SAAS-4023/generate-multiple-salary-payments refs/remotes/SAAS-4023/generate-multiple-salary-payments [1ms]
2024-01-03 17:35:19.896 [info] > git status -z -uall [13ms]
2024-01-03 17:35:59.644 [info] > git config --get commit.template [8ms]
2024-01-03 17:35:59.644 [info] > git for-each-ref --format=%(refname)%00%(upstream:short)%00%(objectname)%00%(upstream:track)%00%(upstream:remotename)%00%(upstream:remoteref) refs/heads/SAAS-4023/generate-multiple-salary-payments refs/remotes/SAAS-4023/generate-multiple-salary-payments [1ms]
2024-01-03 17:35:59.670 [info] > git status -z -uall [13ms]
2024-01-03 17:36:07.671 [info] > git for-each-ref --format=%(refname)%00%(upstream:short)%00%(objectname)%00%(upstream:track)%00%(upstream:remotename)%00%(upstream:remoteref) refs/heads/SAAS-4023/generate-multiple-salary-payments [2ms]
2024-01-03 17:36:07.681 [info] > git config --local branch.SAAS-4023/generate-multiple-salary-payments.vscode-merge-base [1ms]
2024-01-03 17:36:07.695 [info] > git for-each-ref --format=%(refname)%00%(upstream:short)%00%(objectname)%00%(upstream:track)%00%(upstream:remotename)%00%(upstream:remoteref) refs/heads/SAAS-3774/remunerations-qa refs/remotes/SAAS-3774/remunerations-qa [6ms]
2024-01-03 17:36:07.763 [info] > git merge-base refs/heads/SAAS-4023/generate-multiple-salary-payments refs/heads/SAAS-3774/remunerations-qa [3ms]
2024-01-03 17:36:07.773 [info] > git rev-list --count --left-right refs/heads/SAAS-4023/generate-multiple-salary-payments...refs/heads/SAAS-3774/remunerations-qa [2ms]
2024-01-03 17:36:08.202 [info] > git check-ignore -v -z --stdin [4ms]
2024-01-03 17:36:08.820 [info] > git show --textconv HEAD:app/builders/salary_payments/base_builder.rb [7ms]
2024-01-03 17:36:08.822 [info] > git ls-tree -l HEAD -- /home/brayan/work/web/app/builders/salary_payments/base_builder.rb [2ms]
2024-01-03 17:36:12.399 [info] > git add -A -- /home/brayan/work/web/app/builders/salary_payments/base_builder.rb [9ms]
2024-01-03 17:36:12.415 [info] > git config --get commit.template [9ms]
2024-01-03 17:36:12.415 [info] > git for-each-ref --format=%(refname)%00%(upstream:short)%00%(objectname)%00%(upstream:track)%00%(upstream:remotename)%00%(upstream:remoteref) refs/heads/SAAS-4023/generate-multiple-salary-payments refs/remotes/SAAS-4023/generate-multiple-salary-payments [1ms]
2024-01-03 17:36:12.436 [info] > git status -z -uall [17ms]
2024-01-03 17:36:13.621 [info] > git ls-files --stage -- /home/brayan/work/web/app/builders/salary_payments/base_builder.rb [1ms]
2024-01-03 17:36:13.627 [info] > git cat-file -s 40a363b2f362dc4bd5db3f8d04839a84149cd1b1 [1ms]
2024-01-03 17:36:13.637 [info] > git show --textconv :app/builders/salary_payments/base_builder.rb [2ms]
2024-01-03 17:36:13.784 [info] > git show --textconv HEAD:app/controllers/remuneration/salary_payments_controller.rb [13ms]
2024-01-03 17:36:13.786 [info] > git ls-tree -l HEAD -- /home/brayan/work/web/app/controllers/remuneration/salary_payments_controller.rb [3ms]
2024-01-03 17:36:14.295 [info] > git check-ignore -v -z --stdin [2ms]
2024-01-03 17:36:18.053 [info] > git config --get commit.template [1ms]
2024-01-03 17:36:18.069 [info] > git for-each-ref --format=%(refname)%00%(upstream:short)%00%(objectname)%00%(upstream:track)%00%(upstream:remotename)%00%(upstream:remoteref) refs/heads/SAAS-4023/generate-multiple-salary-payments refs/remotes/SAAS-4023/generate-multiple-salary-payments [3ms]
2024-01-03 17:36:18.090 [info] > git status -z -uall [14ms]
2024-01-03 17:36:21.534 [info] > git add -A -- /home/brayan/work/web/app/controllers/remuneration/salary_payments_controller.rb [14ms]
2024-01-03 17:36:21.553 [info] > git config --get commit.template [11ms]
2024-01-03 17:36:21.554 [info] > git for-each-ref --format=%(refname)%00%(upstream:short)%00%(objectname)%00%(upstream:track)%00%(upstream:remotename)%00%(upstream:remoteref) refs/heads/SAAS-4023/generate-multiple-salary-payments refs/remotes/SAAS-4023/generate-multiple-salary-payments [2ms]
2024-01-03 17:36:21.575 [info] > git status -z -uall [16ms]
2024-01-03 17:36:22.578 [info] > git show --textconv HEAD:config/locales/views/es.yml [12ms]
2024-01-03 17:36:22.578 [info] > git ls-tree -l HEAD -- /home/brayan/work/web/config/locales/views/es.yml [3ms]
2024-01-03 17:36:22.883 [info] > git ls-tree -l HEAD -- /home/brayan/work/web/config/locales/views/es.yml [2ms]
2024-01-03 17:36:22.983 [info] > git show --textconv HEAD:config/locales/views/es.yml [9ms]
2024-01-03 17:36:23.087 [info] > git check-ignore -v -z --stdin [2ms]
2024-01-03 17:36:23.111 [info] > git config --get commit.template [9ms]
2024-01-03 17:36:23.112 [info] > git for-each-ref --format=%(refname)%00%(upstream:short)%00%(objectname)%00%(upstream:track)%00%(upstream:remotename)%00%(upstream:remoteref) refs/heads/SAAS-4023/generate-multiple-salary-payments refs/remotes/SAAS-4023/generate-multiple-salary-payments [4ms]
2024-01-03 17:36:23.148 [info] > git status -z -uall [26ms]
2024-01-03 17:36:25.335 [info] > git add -A -- /home/brayan/work/web/config/locales/views/es.yml [15ms]
2024-01-03 17:36:25.349 [info] > git config --get commit.template [8ms]
2024-01-03 17:36:25.349 [info] > git for-each-ref --format=%(refname)%00%(upstream:short)%00%(objectname)%00%(upstream:track)%00%(upstream:remotename)%00%(upstream:remoteref) refs/heads/SAAS-4023/generate-multiple-salary-payments refs/remotes/SAAS-4023/generate-multiple-salary-payments [2ms]
2024-01-03 17:36:25.370 [info] > git status -z -uall [13ms]
2024-01-03 17:36:26.449 [info] > git show --textconv HEAD:spec/builders/salary_payments/salary_payment_director_spec.rb [13ms]
2024-01-03 17:36:26.452 [info] > git ls-tree -l HEAD -- /home/brayan/work/web/spec/builders/salary_payments/salary_payment_director_spec.rb [3ms]
2024-01-03 17:36:26.590 [info] > git ls-tree -l HEAD -- /home/brayan/work/web/spec/builders/salary_payments/salary_payment_director_spec.rb [3ms]
2024-01-03 17:36:26.612 [info] > git show --textconv HEAD:spec/builders/salary_payments/salary_payment_director_spec.rb [2ms]
2024-01-03 17:36:28.163 [info] > git config --get commit.template [1ms]
2024-01-03 17:36:28.180 [info] > git for-each-ref --format=%(refname)%00%(upstream:short)%00%(objectname)%00%(upstream:track)%00%(upstream:remotename)%00%(upstream:remoteref) refs/heads/SAAS-4023/generate-multiple-salary-payments refs/remotes/SAAS-4023/generate-multiple-salary-payments [4ms]
2024-01-03 17:36:28.217 [info] > git status -z -uall [24ms]
2024-01-03 17:36:36.640 [info] > git add -A -- /home/brayan/work/web/spec/builders/salary_payments/salary_payment_director_spec.rb [11ms]
2024-01-03 17:36:36.659 [info] > git config --get commit.template [6ms]
2024-01-03 17:36:36.659 [info] > git for-each-ref --format=%(refname)%00%(upstream:short)%00%(objectname)%00%(upstream:track)%00%(upstream:remotename)%00%(upstream:remoteref) refs/heads/SAAS-4023/generate-multiple-salary-payments refs/remotes/SAAS-4023/generate-multiple-salary-payments [1ms]
2024-01-03 17:36:36.684 [info] > git status -z -uall [20ms]
2024-01-03 17:36:37.652 [info] > git show --textconv HEAD:spec/factories/salary_additional_infos.rb [10ms]
2024-01-03 17:36:37.655 [info] > git ls-tree -l HEAD -- /home/brayan/work/web/spec/factories/salary_additional_infos.rb [4ms]
2024-01-03 17:36:37.745 [info] > git config --get commit.template [20ms]
2024-01-03 17:36:37.746 [info] > git for-each-ref --format=%(refname)%00%(upstream:short)%00%(objectname)%00%(upstream:track)%00%(upstream:remotename)%00%(upstream:remoteref) refs/heads/SAAS-4023/generate-multiple-salary-payments refs/remotes/SAAS-4023/generate-multiple-salary-payments [5ms]
2024-01-03 17:36:37.788 [info] > git status -z -uall [23ms]
2024-01-03 17:36:37.825 [info] > git ls-tree -l HEAD -- /home/brayan/work/web/spec/factories/salary_additional_infos.rb [3ms]
2024-01-03 17:36:37.846 [info] > git show --textconv HEAD:spec/factories/salary_additional_infos.rb [3ms]
2024-01-03 17:36:42.807 [info] > git config --get commit.template [1ms]
2024-01-03 17:36:42.815 [info] > git for-each-ref --format=%(refname)%00%(upstream:short)%00%(objectname)%00%(upstream:track)%00%(upstream:remotename)%00%(upstream:remoteref) refs/heads/SAAS-4023/generate-multiple-salary-payments refs/remotes/SAAS-4023/generate-multiple-salary-payments [1ms]
2024-01-03 17:36:42.847 [info] > git status -z -uall [23ms]
2024-01-03 17:36:49.870 [info] > git add -A -- /home/brayan/work/web/spec/factories/salary_additional_infos.rb [7ms]
2024-01-03 17:36:49.888 [info] > git config --get commit.template [7ms]
2024-01-03 17:36:49.889 [info] > git for-each-ref --format=%(refname)%00%(upstream:short)%00%(objectname)%00%(upstream:track)%00%(upstream:remotename)%00%(upstream:remoteref) refs/heads/SAAS-4023/generate-multiple-salary-payments refs/remotes/SAAS-4023/generate-multiple-salary-payments [1ms]
2024-01-03 17:36:49.907 [info] > git status -z -uall [14ms]
2024-01-03 17:36:50.820 [info] > git show --textconv HEAD:spec/factories/salary_payments.rb [8ms]
2024-01-03 17:36:50.824 [info] > git ls-tree -l HEAD -- /home/brayan/work/web/spec/factories/salary_payments.rb [4ms]
2024-01-03 17:36:50.976 [info] > git config --get commit.template [15ms]
2024-01-03 17:36:50.976 [info] > git for-each-ref --format=%(refname)%00%(upstream:short)%00%(objectname)%00%(upstream:track)%00%(upstream:remotename)%00%(upstream:remoteref) refs/heads/SAAS-4023/generate-multiple-salary-payments refs/remotes/SAAS-4023/generate-multiple-salary-payments [2ms]
2024-01-03 17:36:51.021 [info] > git status -z -uall [29ms]
2024-01-03 17:36:51.063 [info] > git ls-tree -l HEAD -- /home/brayan/work/web/spec/factories/salary_payments.rb [3ms]
2024-01-03 17:36:51.080 [info] > git show --textconv HEAD:spec/factories/salary_payments.rb [2ms]
2024-01-03 17:36:56.042 [info] > git config --get commit.template [1ms]
2024-01-03 17:36:56.058 [info] > git for-each-ref --format=%(refname)%00%(upstream:short)%00%(objectname)%00%(upstream:track)%00%(upstream:remotename)%00%(upstream:remoteref) refs/heads/SAAS-4023/generate-multiple-salary-payments refs/remotes/SAAS-4023/generate-multiple-salary-payments [1ms]
2024-01-03 17:36:56.088 [info] > git status -z -uall [19ms]
2024-01-03 17:37:05.067 [info] > git add -A -- /home/brayan/work/web/spec/factories/salary_payments.rb [10ms]
2024-01-03 17:37:05.089 [info] > git config --get commit.template [14ms]
2024-01-03 17:37:05.090 [info] > git for-each-ref --format=%(refname)%00%(upstream:short)%00%(objectname)%00%(upstream:track)%00%(upstream:remotename)%00%(upstream:remoteref) refs/heads/SAAS-4023/generate-multiple-salary-payments refs/remotes/SAAS-4023/generate-multiple-salary-payments [2ms]
2024-01-03 17:37:05.111 [info] > git status -z -uall [13ms]
2024-01-03 17:37:06.151 [info] > git config --get commit.template [2ms]
2024-01-03 17:37:06.159 [info] > git for-each-ref --format=%(refname)%00%(upstream:short)%00%(objectname)%00%(upstream:track)%00%(upstream:remotename)%00%(upstream:remoteref) refs/heads/SAAS-4023/generate-multiple-salary-payments refs/remotes/SAAS-4023/generate-multiple-salary-payments [0ms]
2024-01-03 17:37:06.192 [info] > git status -z -uall [22ms]
2024-01-03 17:37:06.254 [info] > git ls-files --stage -- /home/brayan/work/web/spec/factories/salary_payments.rb [3ms]
2024-01-03 17:37:06.266 [info] > git cat-file -s ddb59b4eaa246fd1d2541120e3eb57fdf72aebb6 [1ms]
2024-01-03 17:37:06.276 [info] > git show --textconv :spec/factories/salary_payments.rb [3ms]
2024-01-03 17:37:11.209 [info] > git config --get commit.template [1ms]
2024-01-03 17:37:11.218 [info] > git for-each-ref --format=%(refname)%00%(upstream:short)%00%(objectname)%00%(upstream:track)%00%(upstream:remotename)%00%(upstream:remoteref) refs/heads/SAAS-4023/generate-multiple-salary-payments refs/remotes/SAAS-4023/generate-multiple-salary-payments [1ms]
2024-01-03 17:37:11.244 [info] > git status -z -uall [22ms]
2024-01-03 17:37:19.195 [info] > git config --get commit.template [0ms]
2024-01-03 17:37:19.204 [info] > git for-each-ref --format=%(refname)%00%(upstream:short)%00%(objectname)%00%(upstream:track)%00%(upstream:remotename)%00%(upstream:remoteref) refs/heads/SAAS-4023/generate-multiple-salary-payments refs/remotes/SAAS-4023/generate-multiple-salary-payments [1ms]
2024-01-03 17:37:19.230 [info] > git status -z -uall [15ms]
2024-01-03 17:37:19.257 [info] > git for-each-ref --format=%(refname)%00%(upstream:short)%00%(objectname)%00%(upstream:track)%00%(upstream:remotename)%00%(upstream:remoteref) refs/heads/SAAS-4023/generate-multiple-salary-payments [1ms]
2024-01-03 17:37:19.263 [info] > git config --local branch.SAAS-4023/generate-multiple-salary-payments.vscode-merge-base [1ms]
2024-01-03 17:37:19.272 [info] > git for-each-ref --format=%(refname)%00%(upstream:short)%00%(objectname)%00%(upstream:track)%00%(upstream:remotename)%00%(upstream:remoteref) refs/heads/SAAS-3774/remunerations-qa refs/remotes/SAAS-3774/remunerations-qa [1ms]
2024-01-03 17:37:19.286 [info] > git merge-base refs/heads/SAAS-4023/generate-multiple-salary-payments refs/heads/SAAS-3774/remunerations-qa [2ms]
2024-01-03 17:37:19.305 [info] > git rev-list --count --left-right refs/heads/SAAS-4023/generate-multiple-salary-payments...refs/heads/SAAS-3774/remunerations-qa [9ms]
2024-01-03 17:37:19.306 [info] > git ls-tree -l HEAD -- /home/brayan/work/web/spec/factories/salary_payments.rb [2ms]
2024-01-03 17:37:19.337 [info] > git show --textconv HEAD:spec/factories/salary_payments.rb [2ms]
2024-01-03 17:37:24.250 [info] > git config --get commit.template [2ms]
2024-01-03 17:37:24.258 [info] > git for-each-ref --format=%(refname)%00%(upstream:short)%00%(objectname)%00%(upstream:track)%00%(upstream:remotename)%00%(upstream:remoteref) refs/heads/SAAS-4023/generate-multiple-salary-payments refs/remotes/SAAS-4023/generate-multiple-salary-payments [1ms]
2024-01-03 17:37:24.284 [info] > git status -z -uall [19ms]
2024-01-03 17:57:55.114 [info] > git config --get commit.template [13ms]
2024-01-03 17:57:55.129 [info] > git ls-tree -l HEAD -- /home/brayan/work/web/spec/factories/salary_payments.rb [16ms]
2024-01-03 17:57:55.142 [info] > git for-each-ref --format=%(refname)%00%(upstream:short)%00%(objectname)%00%(upstream:track)%00%(upstream:remotename)%00%(upstream:remoteref) refs/heads/SAAS-4023/generate-multiple-salary-payments refs/remotes/SAAS-4023/generate-multiple-salary-payments [3ms]
2024-01-03 17:57:55.187 [info] > git status -z -uall [30ms]
2024-01-03 17:57:55.405 [info] > git ls-tree -l HEAD -- /home/brayan/work/web/spec/factories/salary_payments.rb [6ms]
2024-01-03 17:57:58.466 [info] > git show --textconv :app/views/remuneration/employees/modals/_massive_salary_payments_modal.html.haml [5ms]
2024-01-03 17:57:58.467 [info] > git ls-files --stage -- /home/brayan/work/web/app/views/remuneration/employees/modals/_massive_salary_payments_modal.html.haml [2ms]
2024-01-03 17:57:58.476 [info] > git cat-file -s ba972c7a3da34ae507215bd04a417735530e1bd4 [2ms]
2024-01-03 17:57:58.734 [info] > git check-ignore -v -z --stdin [3ms]
2024-01-03 17:58:00.201 [info] > git config --get commit.template [2ms]
2024-01-03 17:58:00.207 [info] > git for-each-ref --format=%(refname)%00%(upstream:short)%00%(objectname)%00%(upstream:track)%00%(upstream:remotename)%00%(upstream:remoteref) refs/heads/SAAS-4023/generate-multiple-salary-payments refs/remotes/SAAS-4023/generate-multiple-salary-payments [1ms]
2024-01-03 17:58:00.228 [info] > git status -z -uall [13ms]
2024-01-03 17:59:43.785 [info] > git config --get commit.template [2ms]
2024-01-03 17:59:43.795 [info] > git for-each-ref --format=%(refname)%00%(upstream:short)%00%(objectname)%00%(upstream:track)%00%(upstream:remotename)%00%(upstream:remoteref) refs/heads/SAAS-4023/generate-multiple-salary-payments refs/remotes/SAAS-4023/generate-multiple-salary-payments [2ms]
2024-01-03 17:59:43.819 [info] > git status -z -uall [15ms]
2024-01-03 18:00:11.126 [info] > git config --get commit.template [7ms]
2024-01-03 18:00:11.126 [info] > git for-each-ref --format=%(refname)%00%(upstream:short)%00%(objectname)%00%(upstream:track)%00%(upstream:remotename)%00%(upstream:remoteref) refs/heads/SAAS-4023/generate-multiple-salary-payments refs/remotes/SAAS-4023/generate-multiple-salary-payments [1ms]
2024-01-03 18:00:11.150 [info] > git status -z -uall [14ms]
2024-01-03 18:00:16.168 [info] > git config --get commit.template [7ms]
2024-01-03 18:00:16.168 [info] > git for-each-ref --format=%(refname)%00%(upstream:short)%00%(objectname)%00%(upstream:track)%00%(upstream:remotename)%00%(upstream:remoteref) refs/heads/SAAS-4023/generate-multiple-salary-payments refs/remotes/SAAS-4023/generate-multiple-salary-payments [1ms]
2024-01-03 18:00:16.189 [info] > git status -z -uall [13ms]
2024-01-03 18:00:25.592 [info] > git show --textconv :app/jobs/generate_salary_payments_job.rb [5ms]
2024-01-03 18:00:25.593 [info] > git ls-files --stage -- /home/brayan/work/web/app/jobs/generate_salary_payments_job.rb [1ms]
2024-01-03 18:00:25.604 [info] > git cat-file -s 9e85ce9393a96ed9a40ff22760852c125cb7e7dc [1ms]
2024-01-03 18:00:25.872 [info] > git check-ignore -v -z --stdin [2ms]
2024-01-03 18:00:31.926 [info] > git config --get commit.template [5ms]
2024-01-03 18:00:31.927 [info] > git for-each-ref --format=%(refname)%00%(upstream:short)%00%(objectname)%00%(upstream:track)%00%(upstream:remotename)%00%(upstream:remoteref) refs/heads/SAAS-4023/generate-multiple-salary-payments refs/remotes/SAAS-4023/generate-multiple-salary-payments [1ms]
2024-01-03 18:00:31.950 [info] > git status -z -uall [17ms]
2024-01-03 18:00:47.919 [info] > git config --get commit.template [6ms]
2024-01-03 18:00:47.920 [info] > git for-each-ref --format=%(refname)%00%(upstream:short)%00%(objectname)%00%(upstream:track)%00%(upstream:remotename)%00%(upstream:remoteref) refs/heads/SAAS-4023/generate-multiple-salary-payments refs/remotes/SAAS-4023/generate-multiple-salary-payments [1ms]
2024-01-03 18:00:47.939 [info] > git status -z -uall [15ms]
2024-01-03 18:00:53.004 [info] > git config --get commit.template [11ms]
2024-01-03 18:00:53.004 [info] > git for-each-ref --format=%(refname)%00%(upstream:short)%00%(objectname)%00%(upstream:track)%00%(upstream:remotename)%00%(upstream:remoteref) refs/heads/SAAS-4023/generate-multiple-salary-payments refs/remotes/SAAS-4023/generate-multiple-salary-payments [2ms]
2024-01-03 18:00:53.025 [info] > git status -z -uall [14ms]
2024-01-03 18:01:06.845 [info] > git config --get commit.template [8ms]
2024-01-03 18:01:06.846 [info] > git for-each-ref --format=%(refname)%00%(upstream:short)%00%(objectname)%00%(upstream:track)%00%(upstream:remotename)%00%(upstream:remoteref) refs/heads/SAAS-4023/generate-multiple-salary-payments refs/remotes/SAAS-4023/generate-multiple-salary-payments [1ms]
2024-01-03 18:01:06.873 [info] > git status -z -uall [21ms]
2024-01-03 18:01:20.413 [info] > git show --textconv :app/controllers/remuneration/salary_payments_controller.rb [15ms]
2024-01-03 18:01:20.414 [info] > git ls-files --stage -- /home/brayan/work/web/app/controllers/remuneration/salary_payments_controller.rb [2ms]
2024-01-03 18:01:20.423 [info] > git cat-file -s 8d60dae2c1e880088075f37b1be32c208407e983 [2ms]
2024-01-03 18:01:32.680 [info] > git config --get commit.template [6ms]
2024-01-03 18:01:32.681 [info] > git for-each-ref --format=%(refname)%00%(upstream:short)%00%(objectname)%00%(upstream:track)%00%(upstream:remotename)%00%(upstream:remoteref) refs/heads/SAAS-4023/generate-multiple-salary-payments refs/remotes/SAAS-4023/generate-multiple-salary-payments [2ms]
2024-01-03 18:01:32.704 [info] > git status -z -uall [14ms]
2024-01-03 18:02:08.633 [info] > git config --get commit.template [2ms]
2024-01-03 18:02:08.641 [info] > git for-each-ref --format=%(refname)%00%(upstream:short)%00%(objectname)%00%(upstream:track)%00%(upstream:remotename)%00%(upstream:remoteref) refs/heads/SAAS-4023/generate-multiple-salary-payments refs/remotes/SAAS-4023/generate-multiple-salary-payments [2ms]
2024-01-03 18:02:08.661 [info] > git status -z -uall [15ms]
2024-01-03 18:02:15.199 [info] > git config --get commit.template [8ms]
2024-01-03 18:02:15.199 [info] > git for-each-ref --format=%(refname)%00%(upstream:short)%00%(objectname)%00%(upstream:track)%00%(upstream:remotename)%00%(upstream:remoteref) refs/heads/SAAS-4023/generate-multiple-salary-payments refs/remotes/SAAS-4023/generate-multiple-salary-payments [1ms]
2024-01-03 18:02:15.227 [info] > git status -z -uall [14ms]
2024-01-03 18:02:20.245 [info] > git config --get commit.template [7ms]
2024-01-03 18:02:20.246 [info] > git for-each-ref --format=%(refname)%00%(upstream:short)%00%(objectname)%00%(upstream:track)%00%(upstream:remotename)%00%(upstream:remoteref) refs/heads/SAAS-4023/generate-multiple-salary-payments refs/remotes/SAAS-4023/generate-multiple-salary-payments [2ms]
2024-01-03 18:02:20.265 [info] > git status -z -uall [14ms]
2024-01-03 18:02:42.285 [info] > git config --get commit.template [13ms]
2024-01-03 18:02:42.285 [info] > git for-each-ref --format=%(refname)%00%(upstream:short)%00%(objectname)%00%(upstream:track)%00%(upstream:remotename)%00%(upstream:remoteref) refs/heads/SAAS-4023/generate-multiple-salary-payments refs/remotes/SAAS-4023/generate-multiple-salary-payments [2ms]
2024-01-03 18:02:42.316 [info] > git status -z -uall [22ms]
2024-01-03 18:02:47.341 [info] > git config --get commit.template [9ms]
2024-01-03 18:02:47.341 [info] > git for-each-ref --format=%(refname)%00%(upstream:short)%00%(objectname)%00%(upstream:track)%00%(upstream:remotename)%00%(upstream:remoteref) refs/heads/SAAS-4023/generate-multiple-salary-payments refs/remotes/SAAS-4023/generate-multiple-salary-payments [1ms]
2024-01-03 18:02:47.364 [info] > git status -z -uall [16ms]
2024-01-03 18:03:12.271 [info] > git config --get commit.template [16ms]
2024-01-03 18:03:12.271 [info] > git for-each-ref --format=%(refname)%00%(upstream:short)%00%(objectname)%00%(upstream:track)%00%(upstream:remotename)%00%(upstream:remoteref) refs/heads/SAAS-4023/generate-multiple-salary-payments refs/remotes/SAAS-4023/generate-multiple-salary-payments [1ms]
2024-01-03 18:03:12.309 [info] > git status -z -uall [28ms]
2024-01-03 18:03:22.662 [info] > git config --get commit.template [8ms]
2024-01-03 18:03:22.662 [info] > git for-each-ref --format=%(refname)%00%(upstream:short)%00%(objectname)%00%(upstream:track)%00%(upstream:remotename)%00%(upstream:remoteref) refs/heads/SAAS-4023/generate-multiple-salary-payments refs/remotes/SAAS-4023/generate-multiple-salary-payments [0ms]
2024-01-03 18:03:22.689 [info] > git status -z -uall [21ms]
2024-01-03 18:03:27.702 [info] > git config --get commit.template [2ms]
2024-01-03 18:03:27.715 [info] > git for-each-ref --format=%(refname)%00%(upstream:short)%00%(objectname)%00%(upstream:track)%00%(upstream:remotename)%00%(upstream:remoteref) refs/heads/SAAS-4023/generate-multiple-salary-payments refs/remotes/SAAS-4023/generate-multiple-salary-payments [2ms]
2024-01-03 18:03:27.756 [info] > git status -z -uall [28ms]
2024-01-03 18:03:32.773 [info] > git config --get commit.template [4ms]
2024-01-03 18:03:32.778 [info] > git for-each-ref --format=%(refname)%00%(upstream:short)%00%(objectname)%00%(upstream:track)%00%(upstream:remotename)%00%(upstream:remoteref) refs/heads/SAAS-4023/generate-multiple-salary-payments refs/remotes/SAAS-4023/generate-multiple-salary-payments [1ms]
2024-01-03 18:03:32.815 [info] > git status -z -uall [27ms]
2024-01-03 18:03:40.057 [info] > git config --get commit.template [15ms]
2024-01-03 18:03:40.057 [info] > git for-each-ref --format=%(refname)%00%(upstream:short)%00%(objectname)%00%(upstream:track)%00%(upstream:remotename)%00%(upstream:remoteref) refs/heads/SAAS-4023/generate-multiple-salary-payments refs/remotes/SAAS-4023/generate-multiple-salary-payments [1ms]
2024-01-03 18:03:40.093 [info] > git status -z -uall [27ms]
2024-01-03 18:03:49.811 [info] > git config --get commit.template [10ms]
2024-01-03 18:03:49.811 [info] > git for-each-ref --format=%(refname)%00%(upstream:short)%00%(objectname)%00%(upstream:track)%00%(upstream:remotename)%00%(upstream:remoteref) refs/heads/SAAS-4023/generate-multiple-salary-payments refs/remotes/SAAS-4023/generate-multiple-salary-payments [1ms]
2024-01-03 18:03:49.833 [info] > git status -z -uall [15ms]
2024-01-03 18:04:10.236 [info] > git config --get commit.template [9ms]
2024-01-03 18:04:10.237 [info] > git for-each-ref --format=%(refname)%00%(upstream:short)%00%(objectname)%00%(upstream:track)%00%(upstream:remotename)%00%(upstream:remoteref) refs/heads/SAAS-4023/generate-multiple-salary-payments refs/remotes/SAAS-4023/generate-multiple-salary-payments [2ms]
2024-01-03 18:04:10.263 [info] > git status -z -uall [21ms]
2024-01-03 18:04:51.889 [info] > git config --get commit.template [2ms]
2024-01-03 18:04:51.901 [info] > git for-each-ref --format=%(refname)%00%(upstream:short)%00%(objectname)%00%(upstream:track)%00%(upstream:remotename)%00%(upstream:remoteref) refs/heads/SAAS-4023/generate-multiple-salary-payments refs/remotes/SAAS-4023/generate-multiple-salary-payments [0ms]
2024-01-03 18:04:51.933 [info] > git status -z -uall [23ms]
2024-01-03 18:05:04.750 [info] > git config --get commit.template [1ms]
2024-01-03 18:05:04.758 [info] > git for-each-ref --format=%(refname)%00%(upstream:short)%00%(objectname)%00%(upstream:track)%00%(upstream:remotename)%00%(upstream:remoteref) refs/heads/SAAS-4023/generate-multiple-salary-payments refs/remotes/SAAS-4023/generate-multiple-salary-payments [2ms]
2024-01-03 18:05:04.778 [info] > git status -z -uall [14ms]
2024-01-03 18:05:15.173 [info] > git config --get commit.template [8ms]
2024-01-03 18:05:15.173 [info] > git for-each-ref --format=%(refname)%00%(upstream:short)%00%(objectname)%00%(upstream:track)%00%(upstream:remotename)%00%(upstream:remoteref) refs/heads/SAAS-4023/generate-multiple-salary-payments refs/remotes/SAAS-4023/generate-multiple-salary-payments [1ms]
2024-01-03 18:05:15.196 [info] > git status -z -uall [18ms]
2024-01-03 18:05:25.744 [info] > git config --get commit.template [15ms]
2024-01-03 18:05:25.745 [info] > git for-each-ref --format=%(refname)%00%(upstream:short)%00%(objectname)%00%(upstream:track)%00%(upstream:remotename)%00%(upstream:remoteref) refs/heads/SAAS-4023/generate-multiple-salary-payments refs/remotes/SAAS-4023/generate-multiple-salary-payments [2ms]
2024-01-03 18:05:25.777 [info] > git status -z -uall [23ms]
2024-01-03 18:05:35.519 [info] > git config --get commit.template [11ms]
2024-01-03 18:05:35.520 [info] > git for-each-ref --format=%(refname)%00%(upstream:short)%00%(objectname)%00%(upstream:track)%00%(upstream:remotename)%00%(upstream:remoteref) refs/heads/SAAS-4023/generate-multiple-salary-payments refs/remotes/SAAS-4023/generate-multiple-salary-payments [0ms]
2024-01-03 18:05:35.546 [info] > git status -z -uall [16ms]
2024-01-03 18:05:40.560 [info] > git config --get commit.template [1ms]
2024-01-03 18:05:40.567 [info] > git for-each-ref --format=%(refname)%00%(upstream:short)%00%(objectname)%00%(upstream:track)%00%(upstream:remotename)%00%(upstream:remoteref) refs/heads/SAAS-4023/generate-multiple-salary-payments refs/remotes/SAAS-4023/generate-multiple-salary-payments [1ms]
2024-01-03 18:05:40.584 [info] > git status -z -uall [14ms]
2024-01-03 18:05:50.881 [info] > git config --get commit.template [8ms]
2024-01-03 18:05:50.882 [info] > git for-each-ref --format=%(refname)%00%(upstream:short)%00%(objectname)%00%(upstream:track)%00%(upstream:remotename)%00%(upstream:remoteref) refs/heads/SAAS-4023/generate-multiple-salary-payments refs/remotes/SAAS-4023/generate-multiple-salary-payments [2ms]
2024-01-03 18:05:50.910 [info] > git status -z -uall [19ms]
2024-01-03 18:05:55.922 [info] > git config --get commit.template [1ms]
2024-01-03 18:05:55.927 [info] > git for-each-ref --format=%(refname)%00%(upstream:short)%00%(objectname)%00%(upstream:track)%00%(upstream:remotename)%00%(upstream:remoteref) refs/heads/SAAS-4023/generate-multiple-salary-payments refs/remotes/SAAS-4023/generate-multiple-salary-payments [0ms]
2024-01-03 18:05:55.944 [info] > git status -z -uall [13ms]
2024-01-03 18:05:56.618 [info] > git show --textconv :app/models/salary_payment.rb [6ms]
2024-01-03 18:05:56.619 [info] > git ls-files --stage -- /home/brayan/work/web/app/models/salary_payment.rb [1ms]
2024-01-03 18:05:56.632 [info] > git cat-file -s e339062d70bdb98ac5803c0b0ef47f0d55833428 [2ms]
2024-01-03 18:06:09.190 [info] > git config --get commit.template [8ms]
2024-01-03 18:06:09.190 [info] > git for-each-ref --format=%(refname)%00%(upstream:short)%00%(objectname)%00%(upstream:track)%00%(upstream:remotename)%00%(upstream:remoteref) refs/heads/SAAS-4023/generate-multiple-salary-payments refs/remotes/SAAS-4023/generate-multiple-salary-payments [1ms]
2024-01-03 18:06:09.210 [info] > git status -z -uall [15ms]
2024-01-03 18:06:14.235 [info] > git config --get commit.template [9ms]
2024-01-03 18:06:14.236 [info] > git for-each-ref --format=%(refname)%00%(upstream:short)%00%(objectname)%00%(upstream:track)%00%(upstream:remotename)%00%(upstream:remoteref) refs/heads/SAAS-4023/generate-multiple-salary-payments refs/remotes/SAAS-4023/generate-multiple-salary-payments [3ms]
2024-01-03 18:06:14.256 [info] > git status -z -uall [14ms]
2024-01-03 18:06:23.894 [info] > git check-ignore -v -z --stdin [5ms]
2024-01-03 18:06:25.143 [info] > git check-ignore -v -z --stdin [3ms]
2024-01-03 18:06:29.165 [info] > git show --textconv :app/jobs/create_salary_payment_service_billing_job.rb [8ms]
2024-01-03 18:06:29.167 [info] > git ls-files --stage -- /home/brayan/work/web/app/jobs/create_salary_payment_service_billing_job.rb [2ms]
2024-01-03 18:06:29.175 [info] > git cat-file -s a4228a693540985152f3d7bb6b0d19e8ac0d80b6 [1ms]
2024-01-03 18:06:43.022 [info] > git config --get commit.template [1ms]
2024-01-03 18:06:43.028 [info] > git for-each-ref --format=%(refname)%00%(upstream:short)%00%(objectname)%00%(upstream:track)%00%(upstream:remotename)%00%(upstream:remoteref) refs/heads/SAAS-4023/generate-multiple-salary-payments refs/remotes/SAAS-4023/generate-multiple-salary-payments [1ms]
2024-01-03 18:06:43.045 [info] > git status -z -uall [12ms]
2024-01-03 18:06:52.619 [info] > git config --get commit.template [1ms]
2024-01-03 18:06:52.625 [info] > git for-each-ref --format=%(refname)%00%(upstream:short)%00%(objectname)%00%(upstream:track)%00%(upstream:remotename)%00%(upstream:remoteref) refs/heads/SAAS-4023/generate-multiple-salary-payments refs/remotes/SAAS-4023/generate-multiple-salary-payments [1ms]
2024-01-03 18:06:52.645 [info] > git status -z -uall [15ms]
2024-01-03 18:07:13.412 [info] > git config --get commit.template [1ms]
2024-01-03 18:07:13.421 [info] > git for-each-ref --format=%(refname)%00%(upstream:short)%00%(objectname)%00%(upstream:track)%00%(upstream:remotename)%00%(upstream:remoteref) refs/heads/SAAS-4023/generate-multiple-salary-payments refs/remotes/SAAS-4023/generate-multiple-salary-payments [2ms]
2024-01-03 18:07:13.444 [info] > git status -z -uall [16ms]
2024-01-03 18:07:36.818 [info] > git config --get commit.template [15ms]
2024-01-03 18:07:36.819 [info] > git for-each-ref --format=%(refname)%00%(upstream:short)%00%(objectname)%00%(upstream:track)%00%(upstream:remotename)%00%(upstream:remoteref) refs/heads/SAAS-4023/generate-multiple-salary-payments refs/remotes/SAAS-4023/generate-multiple-salary-payments [3ms]
2024-01-03 18:07:36.852 [info] > git status -z -uall [21ms]
2024-01-03 18:07:44.225 [info] > git config --get commit.template [1ms]
2024-01-03 18:07:44.237 [info] > git for-each-ref --format=%(refname)%00%(upstream:short)%00%(objectname)%00%(upstream:track)%00%(upstream:remotename)%00%(upstream:remoteref) refs/heads/SAAS-4023/generate-multiple-salary-payments refs/remotes/SAAS-4023/generate-multiple-salary-payments [1ms]
2024-01-03 18:07:44.258 [info] > git status -z -uall [14ms]
2024-01-03 18:07:49.282 [info] > git config --get commit.template [8ms]
2024-01-03 18:07:49.283 [info] > git for-each-ref --format=%(refname)%00%(upstream:short)%00%(objectname)%00%(upstream:track)%00%(upstream:remotename)%00%(upstream:remoteref) refs/heads/SAAS-4023/generate-multiple-salary-payments refs/remotes/SAAS-4023/generate-multiple-salary-payments [2ms]
2024-01-03 18:07:49.299 [info] > git status -z -uall [12ms]
2024-01-03 18:07:54.312 [info] > git config --get commit.template [5ms]
2024-01-03 18:07:54.313 [info] > git for-each-ref --format=%(refname)%00%(upstream:short)%00%(objectname)%00%(upstream:track)%00%(upstream:remotename)%00%(upstream:remoteref) refs/heads/SAAS-4023/generate-multiple-salary-payments refs/remotes/SAAS-4023/generate-multiple-salary-payments [1ms]
2024-01-03 18:07:54.331 [info] > git status -z -uall [15ms]
2024-01-03 18:07:56.798 [info] > git show --textconv :app/services/remuneration/salary_payments/calculate_salary.rb [7ms]
2024-01-03 18:07:56.800 [info] > git ls-files --stage -- /home/brayan/work/web/app/services/remuneration/salary_payments/calculate_salary.rb [3ms]
2024-01-03 18:07:56.812 [info] > git cat-file -s 2cd938de407bb8f125e2d78cc9a486f8f85d0c46 [1ms]
2024-01-03 18:07:57.064 [info] > git check-ignore -v -z --stdin [2ms]
2024-01-03 18:08:13.975 [info] > git show --textconv :app/jobs/create_salary_payment_service_billing_job.rb [11ms]
2024-01-03 18:08:13.977 [info] > git ls-files --stage -- /home/brayan/work/web/app/jobs/create_salary_payment_service_billing_job.rb [3ms]
2024-01-03 18:08:13.982 [info] > git cat-file -s a4228a693540985152f3d7bb6b0d19e8ac0d80b6 [1ms]
2024-01-03 18:08:40.974 [info] > git config --get commit.template [1ms]
2024-01-03 18:08:40.980 [info] > git for-each-ref --format=%(refname)%00%(upstream:short)%00%(objectname)%00%(upstream:track)%00%(upstream:remotename)%00%(upstream:remoteref) refs/heads/SAAS-4023/generate-multiple-salary-payments refs/remotes/SAAS-4023/generate-multiple-salary-payments [1ms]
2024-01-03 18:08:41.008 [info] > git status -z -uall [17ms]
2024-01-03 18:09:20.747 [info] > git config --get commit.template [11ms]
2024-01-03 18:09:20.747 [info] > git for-each-ref --format=%(refname)%00%(upstream:short)%00%(objectname)%00%(upstream:track)%00%(upstream:remotename)%00%(upstream:remoteref) refs/heads/SAAS-4023/generate-multiple-salary-payments refs/remotes/SAAS-4023/generate-multiple-salary-payments [1ms]
2024-01-03 18:09:20.766 [info] > git status -z -uall [12ms]
2024-01-03 18:09:25.779 [info] > git config --get commit.template [4ms]
2024-01-03 18:09:25.779 [info] > git for-each-ref --format=%(refname)%00%(upstream:short)%00%(objectname)%00%(upstream:track)%00%(upstream:remotename)%00%(upstream:remoteref) refs/heads/SAAS-4023/generate-multiple-salary-payments refs/remotes/SAAS-4023/generate-multiple-salary-payments [0ms]
2024-01-03 18:09:25.794 [info] > git status -z -uall [11ms]
2024-01-03 18:09:26.486 [info] > git check-ignore -v -z --stdin [2ms]
2024-01-03 18:09:31.696 [info] > git show --textconv :app/models/salary_payment.rb [9ms]
2024-01-03 18:09:31.698 [info] > git ls-files --stage -- /home/brayan/work/web/app/models/salary_payment.rb [3ms]
2024-01-03 18:09:31.723 [info] > git cat-file -s e339062d70bdb98ac5803c0b0ef47f0d55833428 [15ms]
2024-01-03 18:09:38.779 [info] > git show --textconv :app/services/remuneration/salary_payments/calculate_salary.rb [13ms]
2024-01-03 18:09:38.780 [info] > git ls-files --stage -- /home/brayan/work/web/app/services/remuneration/salary_payments/calculate_salary.rb [1ms]
2024-01-03 18:09:38.787 [info] > git cat-file -s 2cd938de407bb8f125e2d78cc9a486f8f85d0c46 [1ms]
2024-01-03 18:09:58.476 [info] > git config --get commit.template [6ms]
2024-01-03 18:09:58.476 [info] > git for-each-ref --format=%(refname)%00%(upstream:short)%00%(objectname)%00%(upstream:track)%00%(upstream:remotename)%00%(upstream:remoteref) refs/heads/SAAS-4023/generate-multiple-salary-payments refs/remotes/SAAS-4023/generate-multiple-salary-payments [1ms]
2024-01-03 18:09:58.499 [info] > git status -z -uall [18ms]
2024-01-03 18:10:09.015 [info] > git config --get commit.template [10ms]
2024-01-03 18:10:09.016 [info] > git for-each-ref --format=%(refname)%00%(upstream:short)%00%(objectname)%00%(upstream:track)%00%(upstream:remotename)%00%(upstream:remoteref) refs/heads/SAAS-4023/generate-multiple-salary-payments refs/remotes/SAAS-4023/generate-multiple-salary-payments [1ms]
2024-01-03 18:10:09.049 [info] > git status -z -uall [21ms]
2024-01-03 18:10:14.073 [info] > git config --get commit.template [8ms]
2024-01-03 18:10:14.074 [info] > git for-each-ref --format=%(refname)%00%(upstream:short)%00%(objectname)%00%(upstream:track)%00%(upstream:remotename)%00%(upstream:remoteref) refs/heads/SAAS-4023/generate-multiple-salary-payments refs/remotes/SAAS-4023/generate-multiple-salary-payments [1ms]
2024-01-03 18:10:14.101 [info] > git status -z -uall [22ms]
2024-01-03 18:10:21.324 [info] > git config --get commit.template [9ms]
2024-01-03 18:10:21.325 [info] > git for-each-ref --format=%(refname)%00%(upstream:short)%00%(objectname)%00%(upstream:track)%00%(upstream:remotename)%00%(upstream:remoteref) refs/heads/SAAS-4023/generate-multiple-salary-payments refs/remotes/SAAS-4023/generate-multiple-salary-payments [2ms]
2024-01-03 18:10:21.350 [info] > git status -z -uall [19ms]
2024-01-03 18:11:02.333 [info] > git config --get commit.template [21ms]
2024-01-03 18:11:02.333 [info] > git for-each-ref --format=%(refname)%00%(upstream:short)%00%(objectname)%00%(upstream:track)%00%(upstream:remotename)%00%(upstream:remoteref) refs/heads/SAAS-4023/generate-multiple-salary-payments refs/remotes/SAAS-4023/generate-multiple-salary-payments [1ms]
2024-01-03 18:11:02.363 [info] > git status -z -uall [20ms]
2024-01-03 18:21:51.681 [info] > git config --get commit.template [13ms]
2024-01-03 18:21:51.681 [info] > git for-each-ref --format=%(refname)%00%(upstream:short)%00%(objectname)%00%(upstream:track)%00%(upstream:remotename)%00%(upstream:remoteref) refs/heads/SAAS-4023/generate-multiple-salary-payments refs/remotes/SAAS-4023/generate-multiple-salary-payments [1ms]
2024-01-03 18:21:51.707 [info] > git status -z -uall [18ms]
2024-01-03 18:25:38.795 [info] > git config --get commit.template [19ms]
2024-01-03 18:25:38.797 [info] > git for-each-ref --format=%(refname)%00%(upstream:short)%00%(objectname)%00%(upstream:track)%00%(upstream:remotename)%00%(upstream:remoteref) refs/heads/SAAS-4023/generate-multiple-salary-payments refs/remotes/SAAS-4023/generate-multiple-salary-payments [3ms]
2024-01-03 18:25:38.833 [info] > git status -z -uall [21ms]
2024-01-03 18:25:43.098 [info] > git show --textconv HEAD:app/controllers/remuneration/salary_payments_controller.rb [8ms]
2024-01-03 18:25:43.099 [info] > git ls-tree -l HEAD -- /home/brayan/work/web/app/controllers/remuneration/salary_payments_controller.rb [1ms]
2024-01-03 18:25:43.842 [info] > git config --get commit.template [2ms]
2024-01-03 18:25:43.853 [info] > git for-each-ref --format=%(refname)%00%(upstream:short)%00%(objectname)%00%(upstream:track)%00%(upstream:remotename)%00%(upstream:remoteref) refs/heads/SAAS-4023/generate-multiple-salary-payments refs/remotes/SAAS-4023/generate-multiple-salary-payments [2ms]
2024-01-03 18:25:43.873 [info] > git status -z -uall [14ms]
2024-01-03 18:25:44.706 [info] > git add -A -- /home/brayan/work/web/app/controllers/remuneration/salary_payments_controller.rb [12ms]
2024-01-03 18:25:44.713 [info] > git config --get commit.template [0ms]
2024-01-03 18:25:44.719 [info] > git for-each-ref --format=%(refname)%00%(upstream:short)%00%(objectname)%00%(upstream:track)%00%(upstream:remotename)%00%(upstream:remoteref) refs/heads/SAAS-4023/generate-multiple-salary-payments refs/remotes/SAAS-4023/generate-multiple-salary-payments [1ms]
2024-01-03 18:25:44.735 [info] > git status -z -uall [12ms]
2024-01-03 18:25:45.818 [info] > git show --textconv HEAD:app/jobs/generate_salary_payments_job.rb [10ms]
2024-01-03 18:25:45.821 [info] > git ls-tree -l HEAD -- /home/brayan/work/web/app/jobs/generate_salary_payments_job.rb [3ms]
2024-01-03 18:25:45.946 [info] > git ls-files --stage -- /home/brayan/work/web/app/services/remuneration/salary_payments/calculate_salary.rb [17ms]
2024-01-03 18:25:45.961 [info] > git ls-tree -l HEAD -- /home/brayan/work/web/app/jobs/generate_salary_payments_job.rb [17ms]
2024-01-03 18:25:45.963 [info] > git cat-file -s 2cd938de407bb8f125e2d78cc9a486f8f85d0c46 [3ms]
2024-01-03 18:25:45.989 [info] > git show --textconv HEAD:app/jobs/generate_salary_payments_job.rb [12ms]
2024-01-03 18:25:45.990 [info] > git show --textconv :app/services/remuneration/salary_payments/calculate_salary.rb [3ms]
2024-01-03 18:25:48.613 [info] > git add -A -- /home/brayan/work/web/app/jobs/generate_salary_payments_job.rb [6ms]
2024-01-03 18:25:48.627 [info] > git config --get commit.template [7ms]
2024-01-03 18:25:48.628 [info] > git for-each-ref --format=%(refname)%00%(upstream:short)%00%(objectname)%00%(upstream:track)%00%(upstream:remotename)%00%(upstream:remoteref) refs/heads/SAAS-4023/generate-multiple-salary-payments refs/remotes/SAAS-4023/generate-multiple-salary-payments [1ms]
2024-01-03 18:25:48.649 [info] > git status -z -uall [17ms]
2024-01-03 18:25:48.896 [info] > git config --get commit.template [7ms]
2024-01-03 18:25:48.896 [info] > git for-each-ref --format=%(refname)%00%(upstream:short)%00%(objectname)%00%(upstream:track)%00%(upstream:remotename)%00%(upstream:remoteref) refs/heads/SAAS-4023/generate-multiple-salary-payments refs/remotes/SAAS-4023/generate-multiple-salary-payments [1ms]
2024-01-03 18:25:48.918 [info] > git status -z -uall [14ms]
2024-01-03 18:25:49.343 [info] > git show --textconv HEAD:app/views/remuneration/employees/modals/_massive_salary_payments_modal.html.haml [6ms]
2024-01-03 18:25:49.345 [info] > git ls-tree -l HEAD -- /home/brayan/work/web/app/views/remuneration/employees/modals/_massive_salary_payments_modal.html.haml [2ms]
2024-01-03 18:25:49.797 [info] > git ls-files --stage -- /home/brayan/work/web/app/services/remuneration/salary_payments/calculate_salary.rb [5ms]
2024-01-03 18:25:49.802 [info] > git ls-tree -l HEAD -- /home/brayan/work/web/app/views/remuneration/employees/modals/_massive_salary_payments_modal.html.haml [6ms]
2024-01-03 18:25:49.803 [info] > git cat-file -s 2cd938de407bb8f125e2d78cc9a486f8f85d0c46 [2ms]
2024-01-03 18:25:49.814 [info] > git show --textconv HEAD:app/views/remuneration/employees/modals/_massive_salary_payments_modal.html.haml [6ms]
2024-01-03 18:25:49.815 [info] > git show --textconv :app/services/remuneration/salary_payments/calculate_salary.rb [2ms]
2024-01-03 18:25:50.265 [info] > git add -A -- /home/brayan/work/web/app/views/remuneration/employees/modals/_massive_salary_payments_modal.html.haml [5ms]
2024-01-03 18:25:50.275 [info] > git config --get commit.template [1ms]
2024-01-03 18:25:50.280 [info] > git for-each-ref --format=%(refname)%00%(upstream:short)%00%(objectname)%00%(upstream:track)%00%(upstream:remotename)%00%(upstream:remoteref) refs/heads/SAAS-4023/generate-multiple-salary-payments refs/remotes/SAAS-4023/generate-multiple-salary-payments [0ms]
2024-01-03 18:25:50.301 [info] > git status -z -uall [13ms]
2024-01-03 18:25:51.457 [info] > git ls-files --stage -- /home/brayan/work/web/app/services/remuneration/salary_payments/calculate_salary.rb [8ms]
2024-01-03 18:25:51.461 [info] > git ls-files --stage -- /home/brayan/work/web/app/views/remuneration/employees/modals/_massive_salary_payments_modal.html.haml [4ms]
2024-01-03 18:25:51.465 [info] > git cat-file -s 2cd938de407bb8f125e2d78cc9a486f8f85d0c46 [4ms]
2024-01-03 18:25:51.465 [info] > git cat-file -s 23f94bc34afeb36f5d6bf4661851f158cc8a9dbc [0ms]
2024-01-03 18:25:51.480 [info] > git show --textconv :app/services/remuneration/salary_payments/calculate_salary.rb [7ms]
2024-01-03 18:25:51.481 [info] > git show --textconv :app/views/remuneration/employees/modals/_massive_salary_payments_modal.html.haml [1ms]
2024-01-03 18:25:53.935 [info] > git config --get commit.template [1ms]
2024-01-03 18:25:53.943 [info] > git for-each-ref --format=%(refname)%00%(upstream:short)%00%(objectname)%00%(upstream:track)%00%(upstream:remotename)%00%(upstream:remoteref) refs/heads/SAAS-4023/generate-multiple-salary-payments refs/remotes/SAAS-4023/generate-multiple-salary-payments [1ms]
2024-01-03 18:25:53.964 [info] > git status -z -uall [16ms]
2024-01-03 18:26:00.655 [info] > git ls-files --stage -- /home/brayan/work/web/app/views/remuneration/employees/modals/_massive_salary_payments_modal.html.haml [2ms]
2024-01-03 18:26:00.663 [info] > git cat-file -s 23f94bc34afeb36f5d6bf4661851f158cc8a9dbc [1ms]
2024-01-03 18:26:04.752 [info] > git config --get commit.template [1ms]
2024-01-03 18:26:04.759 [info] > git for-each-ref --format=%(refname)%00%(upstream:short)%00%(objectname)%00%(upstream:track)%00%(upstream:remotename)%00%(upstream:remoteref) refs/heads/SAAS-4023/generate-multiple-salary-payments refs/remotes/SAAS-4023/generate-multiple-salary-payments [1ms]
2024-01-03 18:26:04.781 [info] > git status -z -uall [15ms]
2024-01-03 18:26:09.711 [info] > git ls-files --stage -- /home/brayan/work/web/app/services/remuneration/salary_payments/calculate_salary.rb [6ms]
2024-01-03 18:26:09.715 [info] > git ls-files --stage -- /home/brayan/work/web/app/views/remuneration/employees/modals/_massive_salary_payments_modal.html.haml [5ms]
2024-01-03 18:26:09.718 [info] > git cat-file -s 2cd938de407bb8f125e2d78cc9a486f8f85d0c46 [4ms]
2024-01-03 18:26:09.719 [info] > git cat-file -s 23f94bc34afeb36f5d6bf4661851f158cc8a9dbc [2ms]
2024-01-03 18:26:09.727 [info] > git show --textconv :app/services/remuneration/salary_payments/calculate_salary.rb [4ms]
2024-01-03 18:26:09.729 [info] > git show --textconv :app/views/remuneration/employees/modals/_massive_salary_payments_modal.html.haml [2ms]
2024-01-03 18:26:09.795 [info] > git config --get commit.template [1ms]
2024-01-03 18:26:09.805 [info] > git for-each-ref --format=%(refname)%00%(upstream:short)%00%(objectname)%00%(upstream:track)%00%(upstream:remotename)%00%(upstream:remoteref) refs/heads/SAAS-4023/generate-multiple-salary-payments refs/remotes/SAAS-4023/generate-multiple-salary-payments [1ms]
2024-01-03 18:26:09.823 [info] > git status -z -uall [14ms]
2024-01-03 18:26:11.447 [info] > git ls-files --stage -- /home/brayan/work/web/app/services/remuneration/salary_payments/calculate_salary.rb [9ms]
2024-01-03 18:26:11.453 [info] > git ls-files --stage -- /home/brayan/work/web/app/views/remuneration/employees/modals/_massive_salary_payments_modal.html.haml [6ms]
2024-01-03 18:26:11.457 [info] > git cat-file -s 2cd938de407bb8f125e2d78cc9a486f8f85d0c46 [5ms]
2024-01-03 18:26:11.458 [info] > git cat-file -s 23f94bc34afeb36f5d6bf4661851f158cc8a9dbc [1ms]
2024-01-03 18:26:11.469 [info] > git show --textconv :app/services/remuneration/salary_payments/calculate_salary.rb [6ms]
2024-01-03 18:26:11.470 [info] > git show --textconv :app/views/remuneration/employees/modals/_massive_salary_payments_modal.html.haml [2ms]
2024-01-03 18:26:48.963 [info] > git ls-files --stage -- /home/brayan/work/web/app/views/remuneration/employees/modals/_massive_salary_payments_modal.html.haml [13ms]
2024-01-03 18:26:48.989 [info] > git config --get commit.template [28ms]
2024-01-03 18:26:48.989 [info] > git cat-file -s 23f94bc34afeb36f5d6bf4661851f158cc8a9dbc [14ms]
2024-01-03 18:26:48.989 [info] > git for-each-ref --format=%(refname)%00%(upstream:short)%00%(objectname)%00%(upstream:track)%00%(upstream:remotename)%00%(upstream:remoteref) refs/heads/SAAS-4023/generate-multiple-salary-payments refs/remotes/SAAS-4023/generate-multiple-salary-payments [1ms]
2024-01-03 18:26:49.019 [info] > git status -z -uall [19ms]
2024-01-03 18:26:49.061 [info] > git for-each-ref --format=%(refname)%00%(upstream:short)%00%(objectname)%00%(upstream:track)%00%(upstream:remotename)%00%(upstream:remoteref) refs/heads/SAAS-4023/generate-multiple-salary-payments [1ms]
2024-01-03 18:26:49.075 [info] > git config --local branch.SAAS-4023/generate-multiple-salary-payments.vscode-merge-base [2ms]
2024-01-03 18:26:49.085 [info] > git for-each-ref --format=%(refname)%00%(upstream:short)%00%(objectname)%00%(upstream:track)%00%(upstream:remotename)%00%(upstream:remoteref) refs/heads/SAAS-3774/remunerations-qa refs/remotes/SAAS-3774/remunerations-qa [2ms]
2024-01-03 18:26:49.092 [info] > git merge-base refs/heads/SAAS-4023/generate-multiple-salary-payments refs/heads/SAAS-3774/remunerations-qa [1ms]
2024-01-03 18:26:49.101 [info] > git rev-list --count --left-right refs/heads/SAAS-4023/generate-multiple-salary-payments...refs/heads/SAAS-3774/remunerations-qa [3ms]
