2024-01-09 17:34:52.732 [info] Log level: Info
2024-01-09 17:34:52.732 [info] Validating found git in: "git"
2024-01-09 17:34:52.732 [info] Using git "2.34.1" from "git"
2024-01-09 17:34:52.732 [info] > git rev-parse --show-toplevel [2ms]
2024-01-09 17:34:52.733 [info] > git rev-parse --git-dir --git-common-dir [1ms]
2024-01-09 17:34:52.745 [info] Open repository: /home/brayan/work/web
2024-01-09 17:34:52.764 [info] > git config --get commit.template [12ms]
2024-01-09 17:34:52.766 [info] > git rev-parse --show-toplevel [3ms]
2024-01-09 17:34:52.782 [info] > git rev-parse --show-toplevel [1ms]
2024-01-09 17:34:52.782 [info] > git for-each-ref --format=%(refname)%00%(upstream:short)%00%(objectname)%00%(upstream:track)%00%(upstream:remotename)%00%(upstream:remoteref) refs/heads/SAAS-4172/massive-salary-payments-setting refs/remotes/SAAS-4172/massive-salary-payments-setting [9ms]
2024-01-09 17:34:52.810 [info] > git rev-parse --show-toplevel [11ms]
2024-01-09 17:34:52.817 [info] > git status -z -uall [29ms]
2024-01-09 17:34:52.817 [info] > git rev-parse --show-toplevel [1ms]
2024-01-09 17:34:52.845 [info] > git config --get commit.template [11ms]
2024-01-09 17:34:52.845 [info] > git rev-parse --show-toplevel [14ms]
2024-01-09 17:34:52.859 [info] > git rev-parse --show-toplevel [9ms]
2024-01-09 17:34:52.860 [info] > git for-each-ref --format=%(refname)%00%(upstream:short)%00%(objectname)%00%(upstream:track)%00%(upstream:remotename)%00%(upstream:remoteref) refs/heads/SAAS-4172/massive-salary-payments-setting refs/remotes/SAAS-4172/massive-salary-payments-setting [2ms]
2024-01-09 17:34:52.874 [info] > git rev-parse --show-toplevel [3ms]
2024-01-09 17:34:52.888 [info] > git rev-parse --show-toplevel [1ms]
2024-01-09 17:34:52.899 [info] > git status -z -uall [34ms]
2024-01-09 17:34:52.913 [info] > git rev-parse --show-toplevel [15ms]
2024-01-09 17:34:52.922 [info] > git rev-parse --show-toplevel [3ms]
2024-01-09 17:34:52.931 [info] > git rev-parse --show-toplevel [1ms]
2024-01-09 17:34:52.940 [info] > git rev-parse --show-toplevel [4ms]
2024-01-09 17:34:52.950 [info] > git rev-parse --show-toplevel [1ms]
2024-01-09 17:34:52.958 [info] > git rev-parse --show-toplevel [2ms]
2024-01-09 17:34:52.965 [info] > git rev-parse --show-toplevel [1ms]
2024-01-09 17:34:52.970 [info] > git rev-parse --show-toplevel [1ms]
2024-01-09 17:34:52.980 [info] > git rev-parse --show-toplevel [1ms]
2024-01-09 17:34:53.015 [info] > git rev-parse --show-toplevel [1ms]
2024-01-09 17:34:53.041 [info] > git rev-parse --show-toplevel [8ms]
2024-01-09 17:34:53.053 [info] > git rev-parse --show-toplevel [1ms]
2024-01-09 17:34:53.395 [info] > git check-ignore -v -z --stdin [11ms]
2024-01-09 17:34:53.592 [info] > git show --textconv :app/builders/salary_payments/salary_payment_director.rb [9ms]
2024-01-09 17:34:53.595 [info] > git ls-files --stage -- /home/brayan/work/web/app/builders/salary_payments/salary_payment_director.rb [4ms]
2024-01-09 17:34:53.602 [info] > git cat-file -s 968230c72d0dd174fbb0d90bd0bbd44ddba2594a [1ms]
2024-01-09 17:34:53.906 [info] > git for-each-ref --format=%(refname)%00%(upstream:short)%00%(objectname)%00%(upstream:track)%00%(upstream:remotename)%00%(upstream:remoteref) refs/heads/SAAS-4172/massive-salary-payments-setting [3ms]
2024-01-09 17:34:53.918 [info] > git config --local branch.SAAS-4172/massive-salary-payments-setting.vscode-merge-base [1ms]
2024-01-09 17:34:53.934 [info] > git reflog refs/heads/SAAS-4172/massive-salary-payments-setting --grep-reflog=branch: Created from *. [8ms]
2024-01-09 17:34:53.998 [info] > git reflog HEAD --grep-reflog=checkout: moving from .* to SAAS-4172/massive-salary-payments-setting [56ms]
2024-01-09 17:34:54.005 [info] > git for-each-ref --format=%(refname)%00%(upstream:short)%00%(objectname)%00%(upstream:track)%00%(upstream:remotename)%00%(upstream:remoteref) refs/heads/SAAS-3774/remunerations-qa refs/remotes/SAAS-3774/remunerations-qa [2ms]
2024-01-09 17:34:54.015 [info] > git config --local branch.SAAS-4172/massive-salary-payments-setting.vscode-merge-base SAAS-3774/remunerations-qa [1ms]
2024-01-09 17:34:54.032 [info] > git config --get commit.template [12ms]
2024-01-09 17:34:54.033 [info] > git for-each-ref --format=%(refname)%00%(upstream:short)%00%(objectname)%00%(upstream:track)%00%(upstream:remotename)%00%(upstream:remoteref) refs/heads/SAAS-4172/massive-salary-payments-setting refs/remotes/SAAS-4172/massive-salary-payments-setting [2ms]
2024-01-09 17:34:54.068 [info] > git status -z -uall [29ms]
2024-01-09 17:34:54.083 [info] > git merge-base refs/heads/SAAS-4172/massive-salary-payments-setting refs/heads/SAAS-3774/remunerations-qa [1ms]
2024-01-09 17:34:54.095 [info] > git rev-list --count --left-right refs/heads/SAAS-4172/massive-salary-payments-setting...refs/heads/SAAS-3774/remunerations-qa [2ms]
2024-01-09 17:34:54.438 [info] > git check-ignore -v -z --stdin [3ms]
2024-01-09 17:34:54.902 [info] > git show --textconv HEAD:app/controllers/remuneration/employees_controller.rb [5ms]
2024-01-09 17:34:54.903 [info] > git ls-tree -l HEAD -- /home/brayan/work/web/app/controllers/remuneration/employees_controller.rb [1ms]
2024-01-09 17:35:00.876 [info] > git config --get commit.template [1ms]
2024-01-09 17:35:00.887 [info] > git for-each-ref --format=%(refname)%00%(upstream:short)%00%(objectname)%00%(upstream:track)%00%(upstream:remotename)%00%(upstream:remoteref) refs/heads/SAAS-4172/massive-salary-payments-setting refs/remotes/SAAS-4172/massive-salary-payments-setting [2ms]
2024-01-09 17:35:00.915 [info] > git status -z -uall [19ms]
2024-01-09 17:35:01.506 [info] > git show --textconv HEAD:app/controllers/remuneration/salary_payment_drafts_controller.rb [8ms]
2024-01-09 17:35:01.508 [info] > git ls-tree -l HEAD -- /home/brayan/work/web/app/controllers/remuneration/salary_payment_drafts_controller.rb [2ms]
2024-01-09 17:35:03.469 [info] > git show --textconv HEAD:app/models/community.rb [8ms]
2024-01-09 17:35:03.474 [info] > git ls-tree -l HEAD -- /home/brayan/work/web/app/models/community.rb [6ms]
2024-01-09 17:35:03.983 [info] > git check-ignore -v -z --stdin [3ms]
2024-01-09 17:35:06.037 [info] > git show --textconv HEAD:app/models/setting.rb [8ms]
2024-01-09 17:35:06.040 [info] > git ls-tree -l HEAD -- /home/brayan/work/web/app/models/setting.rb [2ms]
2024-01-09 17:35:08.045 [info] > git show --textconv HEAD:app/views/communities/_form_remuneration.html.haml [7ms]
2024-01-09 17:35:08.047 [info] > git ls-tree -l HEAD -- /home/brayan/work/web/app/views/communities/_form_remuneration.html.haml [2ms]
2024-01-09 17:35:08.557 [info] > git check-ignore -v -z --stdin [2ms]
2024-01-09 17:35:08.962 [info] > git show --textconv HEAD:app/views/remuneration/employees/index.html.haml [8ms]
2024-01-09 17:35:08.964 [info] > git ls-tree -l HEAD -- /home/brayan/work/web/app/views/remuneration/employees/index.html.haml [2ms]
2024-01-09 17:35:09.475 [info] > git check-ignore -v -z --stdin [3ms]
2024-01-09 17:35:10.598 [info] > git show --textconv HEAD:config/locales/models/es.yml [8ms]
2024-01-09 17:35:10.600 [info] > git ls-tree -l HEAD -- /home/brayan/work/web/config/locales/models/es.yml [2ms]
2024-01-09 17:35:11.111 [info] > git check-ignore -v -z --stdin [2ms]
2024-01-09 17:35:50.042 [info] > git config --get commit.template [7ms]
2024-01-09 17:35:50.049 [info] > git ls-tree -l HEAD -- /home/brayan/work/web/config/locales/models/es.yml [8ms]
2024-01-09 17:35:50.052 [info] > git for-each-ref --format=%(refname)%00%(upstream:short)%00%(objectname)%00%(upstream:track)%00%(upstream:remotename)%00%(upstream:remoteref) refs/heads/SAAS-4172/massive-salary-payments-setting refs/remotes/SAAS-4172/massive-salary-payments-setting [4ms]
2024-01-09 17:35:50.088 [info] > git status -z -uall [29ms]
2024-01-09 17:35:55.106 [info] > git config --get commit.template [1ms]
2024-01-09 17:35:55.114 [info] > git for-each-ref --format=%(refname)%00%(upstream:short)%00%(objectname)%00%(upstream:track)%00%(upstream:remotename)%00%(upstream:remoteref) refs/heads/SAAS-4172/massive-salary-payments-setting refs/remotes/SAAS-4172/massive-salary-payments-setting [1ms]
2024-01-09 17:35:55.138 [info] > git status -z -uall [18ms]
2024-01-09 17:36:01.253 [info] > git config --get commit.template [6ms]
2024-01-09 17:36:01.254 [info] > git for-each-ref --format=%(refname)%00%(upstream:short)%00%(objectname)%00%(upstream:track)%00%(upstream:remotename)%00%(upstream:remoteref) refs/heads/SAAS-4172/massive-salary-payments-setting refs/remotes/SAAS-4172/massive-salary-payments-setting [1ms]
2024-01-09 17:36:01.275 [info] > git status -z -uall [18ms]
2024-01-09 17:36:01.373 [info] > git ls-files --stage -- /home/brayan/work/web/app/controllers/remuneration/employees_controller.rb [14ms]
2024-01-09 17:36:01.383 [info] > git cat-file -s 018f0575c18a73eb243e04a2c0a9541e80a26831 [3ms]
2024-01-09 17:36:01.384 [info] > git ls-files --stage -- /home/brayan/work/web/config/locales/models/es.yml [12ms]
2024-01-09 17:36:01.393 [info] > git cat-file -s 3e4a3e2edba49609b69b6fa5e98ce1b197dc4469 [1ms]
2024-01-09 17:36:01.432 [info] > git show --textconv :app/controllers/remuneration/employees_controller.rb [9ms]
2024-01-09 17:36:01.434 [info] > git show --textconv :config/locales/models/es.yml [3ms]
2024-01-09 17:36:06.292 [info] > git config --get commit.template [1ms]
2024-01-09 17:36:06.298 [info] > git for-each-ref --format=%(refname)%00%(upstream:short)%00%(objectname)%00%(upstream:track)%00%(upstream:remotename)%00%(upstream:remoteref) refs/heads/SAAS-4172/massive-salary-payments-setting refs/remotes/SAAS-4172/massive-salary-payments-setting [1ms]
2024-01-09 17:36:06.318 [info] > git status -z -uall [15ms]
2024-01-09 17:36:22.543 [info] > git config --get commit.template [1ms]
2024-01-09 17:36:22.549 [info] > git for-each-ref --format=%(refname)%00%(upstream:short)%00%(objectname)%00%(upstream:track)%00%(upstream:remotename)%00%(upstream:remoteref) refs/heads/SAAS-4172/massive-salary-payments-setting refs/remotes/SAAS-4172/massive-salary-payments-setting [2ms]
2024-01-09 17:36:22.566 [info] > git status -z -uall [14ms]
2024-01-09 17:36:24.884 [info] > git ls-files --stage -- /home/brayan/work/web/app/controllers/remuneration/employees_controller.rb [7ms]
2024-01-09 17:36:24.889 [info] > git ls-files --stage -- /home/brayan/work/web/config/locales/models/es.yml [6ms]
2024-01-09 17:36:24.893 [info] > git cat-file -s 018f0575c18a73eb243e04a2c0a9541e80a26831 [5ms]
2024-01-09 17:36:24.894 [info] > git cat-file -s 3e4a3e2edba49609b69b6fa5e98ce1b197dc4469 [2ms]
2024-01-09 17:36:24.904 [info] > git show --textconv :app/controllers/remuneration/employees_controller.rb [6ms]
2024-01-09 17:36:24.905 [info] > git show --textconv :config/locales/models/es.yml [2ms]
2024-01-09 17:36:27.587 [info] > git config --get commit.template [7ms]
2024-01-09 17:36:27.588 [info] > git for-each-ref --format=%(refname)%00%(upstream:short)%00%(objectname)%00%(upstream:track)%00%(upstream:remotename)%00%(upstream:remoteref) refs/heads/SAAS-4172/massive-salary-payments-setting refs/remotes/SAAS-4172/massive-salary-payments-setting [1ms]
2024-01-09 17:36:27.604 [info] > git status -z -uall [13ms]
2024-01-09 17:36:27.620 [info] > git for-each-ref --format=%(refname)%00%(upstream:short)%00%(objectname)%00%(upstream:track)%00%(upstream:remotename)%00%(upstream:remoteref) refs/heads/SAAS-4172/massive-salary-payments-setting [3ms]
2024-01-09 17:36:27.629 [info] > git config --local branch.SAAS-4172/massive-salary-payments-setting.vscode-merge-base [0ms]
2024-01-09 17:36:27.636 [info] > git for-each-ref --format=%(refname)%00%(upstream:short)%00%(objectname)%00%(upstream:track)%00%(upstream:remotename)%00%(upstream:remoteref) refs/heads/SAAS-3774/remunerations-qa refs/remotes/SAAS-3774/remunerations-qa [1ms]
2024-01-09 17:36:27.645 [info] > git merge-base refs/heads/SAAS-4172/massive-salary-payments-setting refs/heads/SAAS-3774/remunerations-qa [1ms]
2024-01-09 17:36:27.653 [info] > git rev-list --count --left-right refs/heads/SAAS-4172/massive-salary-payments-setting...refs/heads/SAAS-3774/remunerations-qa [1ms]
2024-01-09 17:36:33.483 [info] > git ls-tree -l HEAD -- /home/brayan/work/web/config/locales/models/es.yml [4ms]
2024-01-09 17:36:38.215 [info] > git config --get commit.template [1ms]
2024-01-09 17:36:38.221 [info] > git for-each-ref --format=%(refname)%00%(upstream:short)%00%(objectname)%00%(upstream:track)%00%(upstream:remotename)%00%(upstream:remoteref) refs/heads/SAAS-4037/part-time-with-worked-days refs/remotes/SAAS-4037/part-time-with-worked-days [1ms]
2024-01-09 17:36:38.243 [info] > git status -z -uall [16ms]
2024-01-09 17:36:38.253 [info] > git for-each-ref --format=%(refname)%00%(upstream:short)%00%(objectname)%00%(upstream:track)%00%(upstream:remotename)%00%(upstream:remoteref) refs/heads/SAAS-4037/part-time-with-worked-days [1ms]
2024-01-09 17:36:38.259 [info] > git config --local branch.SAAS-4037/part-time-with-worked-days.vscode-merge-base [1ms]
2024-01-09 17:36:38.269 [info] > git for-each-ref --format=%(refname)%00%(upstream:short)%00%(objectname)%00%(upstream:track)%00%(upstream:remotename)%00%(upstream:remoteref) refs/heads/SAAS-3774/remunerations-qa refs/remotes/SAAS-3774/remunerations-qa [2ms]
2024-01-09 17:36:38.279 [info] > git merge-base refs/heads/SAAS-4037/part-time-with-worked-days refs/heads/SAAS-3774/remunerations-qa [2ms]
2024-01-09 17:36:38.293 [info] > git rev-list --count --left-right refs/heads/SAAS-4037/part-time-with-worked-days...refs/heads/SAAS-3774/remunerations-qa [8ms]
2024-01-09 17:36:38.333 [info] > git ls-tree -l HEAD -- /home/brayan/work/web/app/controllers/remuneration/employees_controller.rb [9ms]
2024-01-09 17:36:38.334 [info] > git ls-tree -l HEAD -- /home/brayan/work/web/config/locales/models/es.yml [2ms]
2024-01-09 17:36:38.350 [info] > git show --textconv HEAD:app/controllers/remuneration/employees_controller.rb [11ms]
2024-01-09 17:36:38.351 [info] > git show --textconv HEAD:config/locales/models/es.yml [2ms]
2024-01-09 17:36:38.681 [info] > git ls-tree -l HEAD -- /home/brayan/work/web/config/locales/models/es.yml [9ms]
2024-01-09 17:36:40.584 [info] > git show --textconv :config/puma.rb [9ms]
2024-01-09 17:36:40.586 [info] > git ls-files --stage -- /home/brayan/work/web/config/puma.rb [2ms]
2024-01-09 17:36:40.592 [info] > git cat-file -s 877e77754703bdf9cf5fd55956cbf447b2ee1f4a [0ms]
2024-01-09 17:36:40.842 [info] > git check-ignore -v -z --stdin [1ms]
2024-01-09 17:36:43.255 [info] > git config --get commit.template [0ms]
2024-01-09 17:36:43.263 [info] > git for-each-ref --format=%(refname)%00%(upstream:short)%00%(objectname)%00%(upstream:track)%00%(upstream:remotename)%00%(upstream:remoteref) refs/heads/SAAS-4037/part-time-with-worked-days refs/remotes/SAAS-4037/part-time-with-worked-days [1ms]
2024-01-09 17:36:43.287 [info] > git status -z -uall [19ms]
2024-01-09 17:36:45.856 [info] > git add -A -- /home/brayan/work/web/config/puma.rb [11ms]
2024-01-09 17:36:45.862 [info] > git config --get commit.template [1ms]
2024-01-09 17:36:45.870 [info] > git for-each-ref --format=%(refname)%00%(upstream:short)%00%(objectname)%00%(upstream:track)%00%(upstream:remotename)%00%(upstream:remoteref) refs/heads/SAAS-4037/part-time-with-worked-days refs/remotes/SAAS-4037/part-time-with-worked-days [1ms]
2024-01-09 17:36:45.889 [info] > git status -z -uall [14ms]
2024-01-09 17:36:47.046 [info] > git ls-tree -l HEAD -- /home/brayan/work/web/config/locales/models/es.yml [4ms]
2024-01-09 17:36:47.047 [info] > git ls-tree -l HEAD -- /home/brayan/work/web/app/controllers/remuneration/employees_controller.rb [10ms]
2024-01-09 17:36:47.047 [info] > git ls-files --stage -- /home/brayan/work/web/config/puma.rb [1ms]
2024-01-09 17:36:47.058 [info] > git show --textconv HEAD:config/locales/models/es.yml [3ms]
2024-01-09 17:36:47.059 [info] > git cat-file -s d831a6dc5a446086d5796bc1310d813d8f528680 [8ms]
2024-01-09 17:36:47.060 [info] > git show --textconv HEAD:app/controllers/remuneration/employees_controller.rb [2ms]
2024-01-09 17:36:47.067 [info] > git show --textconv :config/puma.rb [2ms]
2024-01-09 17:36:48.304 [info] > git config --get commit.template [2ms]
2024-01-09 17:36:48.311 [info] > git for-each-ref --format=%(refname)%00%(upstream:short)%00%(objectname)%00%(upstream:track)%00%(upstream:remotename)%00%(upstream:remoteref) refs/heads/SAAS-4037/part-time-with-worked-days refs/remotes/SAAS-4037/part-time-with-worked-days [0ms]
2024-01-09 17:36:48.333 [info] > git status -z -uall [19ms]
2024-01-09 17:36:52.186 [info] > git ls-tree -l HEAD -- /home/brayan/work/web/config/locales/models/es.yml [4ms]
2024-01-09 17:36:52.187 [info] > git ls-tree -l HEAD -- /home/brayan/work/web/app/controllers/remuneration/employees_controller.rb [12ms]
2024-01-09 17:36:52.187 [info] > git ls-files --stage -- /home/brayan/work/web/config/puma.rb [1ms]
2024-01-09 17:36:52.197 [info] > git cat-file -s d831a6dc5a446086d5796bc1310d813d8f528680 [6ms]
2024-01-09 17:36:52.201 [info] > git show --textconv HEAD:config/locales/models/es.yml [4ms]
2024-01-09 17:36:52.205 [info] > git show --textconv HEAD:app/controllers/remuneration/employees_controller.rb [4ms]
2024-01-09 17:36:52.207 [info] > git show --textconv :config/puma.rb [1ms]
2024-01-09 17:36:53.348 [info] > git config --get commit.template [1ms]
2024-01-09 17:36:53.357 [info] > git for-each-ref --format=%(refname)%00%(upstream:short)%00%(objectname)%00%(upstream:track)%00%(upstream:remotename)%00%(upstream:remoteref) refs/heads/SAAS-4037/part-time-with-worked-days refs/remotes/SAAS-4037/part-time-with-worked-days [2ms]
2024-01-09 17:36:53.384 [info] > git status -z -uall [18ms]
2024-01-09 17:36:53.403 [info] > git for-each-ref --format=%(refname)%00%(upstream:short)%00%(objectname)%00%(upstream:track)%00%(upstream:remotename)%00%(upstream:remoteref) refs/heads/SAAS-4037/part-time-with-worked-days [1ms]
2024-01-09 17:36:53.412 [info] > git config --local branch.SAAS-4037/part-time-with-worked-days.vscode-merge-base [1ms]
2024-01-09 17:36:53.419 [info] > git for-each-ref --format=%(refname)%00%(upstream:short)%00%(objectname)%00%(upstream:track)%00%(upstream:remotename)%00%(upstream:remoteref) refs/heads/SAAS-3774/remunerations-qa refs/remotes/SAAS-3774/remunerations-qa [1ms]
2024-01-09 17:36:53.429 [info] > git merge-base refs/heads/SAAS-4037/part-time-with-worked-days refs/heads/SAAS-3774/remunerations-qa [2ms]
2024-01-09 17:36:53.434 [info] > git rev-list --count --left-right refs/heads/SAAS-4037/part-time-with-worked-days...refs/heads/SAAS-3774/remunerations-qa [1ms]
2024-01-09 17:37:32.014 [info] > git config --get commit.template [6ms]
2024-01-09 17:37:32.014 [info] > git for-each-ref --format=%(refname)%00%(upstream:short)%00%(objectname)%00%(upstream:track)%00%(upstream:remotename)%00%(upstream:remoteref) refs/heads/SAAS-4037/part-time-with-worked-days refs/remotes/SAAS-4037/part-time-with-worked-days [1ms]
2024-01-09 17:37:32.038 [info] > git status -z -uall [18ms]
2024-01-09 17:39:37.442 [info] > git config --get commit.template [1ms]
2024-01-09 17:39:37.470 [info] > git ls-tree -l HEAD -- /home/brayan/work/web/config/locales/models/es.yml [7ms]
2024-01-09 17:39:37.470 [info] > git ls-tree -l HEAD -- /home/brayan/work/web/app/controllers/remuneration/employees_controller.rb [15ms]
2024-01-09 17:39:37.480 [info] > git ls-files --stage -- /home/brayan/work/web/config/puma.rb [11ms]
2024-01-09 17:39:37.485 [info] > git for-each-ref --format=%(refname)%00%(upstream:short)%00%(objectname)%00%(upstream:track)%00%(upstream:remotename)%00%(upstream:remoteref) refs/heads/SAAS-4172/massive-salary-payments-setting refs/remotes/SAAS-4172/massive-salary-payments-setting [5ms]
2024-01-09 17:39:37.508 [info] > git show --textconv HEAD:config/locales/models/es.yml [8ms]
2024-01-09 17:39:37.509 [info] > git cat-file -s d831a6dc5a446086d5796bc1310d813d8f528680 [24ms]
2024-01-09 17:39:37.509 [info] > git show --textconv HEAD:app/controllers/remuneration/employees_controller.rb [2ms]
2024-01-09 17:39:37.522 [info] > git status -z -uall [32ms]
2024-01-09 17:39:37.527 [info] > git show --textconv :config/puma.rb [6ms]
2024-01-09 17:39:37.538 [info] > git for-each-ref --format=%(refname)%00%(upstream:short)%00%(objectname)%00%(upstream:track)%00%(upstream:remotename)%00%(upstream:remoteref) refs/heads/SAAS-4172/massive-salary-payments-setting [1ms]
2024-01-09 17:39:37.547 [info] > git config --local branch.SAAS-4172/massive-salary-payments-setting.vscode-merge-base [1ms]
2024-01-09 17:39:37.553 [info] > git for-each-ref --format=%(refname)%00%(upstream:short)%00%(objectname)%00%(upstream:track)%00%(upstream:remotename)%00%(upstream:remoteref) refs/heads/SAAS-3774/remunerations-qa refs/remotes/SAAS-3774/remunerations-qa [1ms]
2024-01-09 17:39:37.569 [info] > git merge-base refs/heads/SAAS-4172/massive-salary-payments-setting refs/heads/SAAS-3774/remunerations-qa [1ms]
2024-01-09 17:39:37.577 [info] > git rev-list --count --left-right refs/heads/SAAS-4172/massive-salary-payments-setting...refs/heads/SAAS-3774/remunerations-qa [2ms]
2024-01-09 17:48:35.487 [info] > git config --get commit.template [8ms]
2024-01-09 17:48:35.497 [info] > git for-each-ref --format=%(refname)%00%(upstream:short)%00%(objectname)%00%(upstream:track)%00%(upstream:remotename)%00%(upstream:remoteref) refs/heads/SAAS-4172/massive-salary-payments-setting refs/remotes/SAAS-4172/massive-salary-payments-setting [2ms]
2024-01-09 17:48:35.516 [info] > git status -z -uall [14ms]
2024-01-09 17:48:36.896 [info] > git ls-tree -l HEAD -- /home/brayan/work/web/app/controllers/remuneration/employees_controller.rb [2ms]
2024-01-09 17:48:39.825 [info] > git add -A -- /home/brayan/work/web/app/controllers/remuneration/employees_controller.rb [12ms]
2024-01-09 17:48:39.835 [info] > git config --get commit.template [4ms]
2024-01-09 17:48:39.835 [info] > git for-each-ref --format=%(refname)%00%(upstream:short)%00%(objectname)%00%(upstream:track)%00%(upstream:remotename)%00%(upstream:remoteref) refs/heads/SAAS-4172/massive-salary-payments-setting refs/remotes/SAAS-4172/massive-salary-payments-setting [1ms]
2024-01-09 17:48:39.850 [info] > git status -z -uall [12ms]
2024-01-09 17:48:40.539 [info] > git config --get commit.template [8ms]
2024-01-09 17:48:40.539 [info] > git for-each-ref --format=%(refname)%00%(upstream:short)%00%(objectname)%00%(upstream:track)%00%(upstream:remotename)%00%(upstream:remoteref) refs/heads/SAAS-4172/massive-salary-payments-setting refs/remotes/SAAS-4172/massive-salary-payments-setting [2ms]
2024-01-09 17:48:40.562 [info] > git status -z -uall [17ms]
2024-01-09 17:48:41.003 [info] > git ls-files --stage -- /home/brayan/work/web/app/controllers/remuneration/employees_controller.rb [4ms]
2024-01-09 17:48:41.006 [info] > git ls-tree -l HEAD -- /home/brayan/work/web/config/locales/models/es.yml [4ms]
2024-01-09 17:48:41.007 [info] > git cat-file -s 63c3f8f9242898767ab04e4299372c18db496e13 [1ms]
2024-01-09 17:48:41.015 [info] > git show --textconv HEAD:config/locales/models/es.yml [4ms]
2024-01-09 17:48:41.017 [info] > git show --textconv :app/controllers/remuneration/employees_controller.rb [2ms]
2024-01-09 17:48:45.586 [info] > git config --get commit.template [9ms]
2024-01-09 17:48:45.587 [info] > git for-each-ref --format=%(refname)%00%(upstream:short)%00%(objectname)%00%(upstream:track)%00%(upstream:remotename)%00%(upstream:remoteref) refs/heads/SAAS-4172/massive-salary-payments-setting refs/remotes/SAAS-4172/massive-salary-payments-setting [1ms]
2024-01-09 17:48:45.624 [info] > git status -z -uall [28ms]
2024-01-09 17:48:47.604 [info] > git ls-files --stage -- /home/brayan/work/web/app/controllers/remuneration/employees_controller.rb [5ms]
2024-01-09 17:48:47.608 [info] > git ls-tree -l HEAD -- /home/brayan/work/web/config/locales/models/es.yml [4ms]
2024-01-09 17:48:47.609 [info] > git cat-file -s 63c3f8f9242898767ab04e4299372c18db496e13 [2ms]
2024-01-09 17:48:47.622 [info] > git show --textconv HEAD:config/locales/models/es.yml [6ms]
2024-01-09 17:48:47.624 [info] > git show --textconv :app/controllers/remuneration/employees_controller.rb [2ms]
2024-01-09 17:48:49.089 [info] > git ls-files --stage -- /home/brayan/work/web/app/controllers/remuneration/employees_controller.rb [7ms]
2024-01-09 17:48:49.093 [info] > git ls-tree -l HEAD -- /home/brayan/work/web/config/locales/models/es.yml [5ms]
2024-01-09 17:48:49.094 [info] > git cat-file -s 63c3f8f9242898767ab04e4299372c18db496e13 [1ms]
2024-01-09 17:48:49.108 [info] > git show --textconv HEAD:config/locales/models/es.yml [6ms]
2024-01-09 17:48:49.110 [info] > git show --textconv :app/controllers/remuneration/employees_controller.rb [2ms]
2024-01-09 17:48:50.641 [info] > git config --get commit.template [6ms]
2024-01-09 17:48:50.641 [info] > git for-each-ref --format=%(refname)%00%(upstream:short)%00%(objectname)%00%(upstream:track)%00%(upstream:remotename)%00%(upstream:remoteref) refs/heads/SAAS-4172/massive-salary-payments-setting refs/remotes/SAAS-4172/massive-salary-payments-setting [1ms]
2024-01-09 17:48:50.665 [info] > git status -z -uall [16ms]
2024-01-09 17:48:50.704 [info] > git for-each-ref --format=%(refname)%00%(upstream:short)%00%(objectname)%00%(upstream:track)%00%(upstream:remotename)%00%(upstream:remoteref) refs/heads/SAAS-4172/massive-salary-payments-setting [1ms]
2024-01-09 17:48:50.712 [info] > git config --local branch.SAAS-4172/massive-salary-payments-setting.vscode-merge-base [1ms]
2024-01-09 17:48:50.723 [info] > git for-each-ref --format=%(refname)%00%(upstream:short)%00%(objectname)%00%(upstream:track)%00%(upstream:remotename)%00%(upstream:remoteref) refs/heads/SAAS-3774/remunerations-qa refs/remotes/SAAS-3774/remunerations-qa [2ms]
2024-01-09 17:48:50.733 [info] > git merge-base refs/heads/SAAS-4172/massive-salary-payments-setting refs/heads/SAAS-3774/remunerations-qa [1ms]
2024-01-09 17:48:50.744 [info] > git rev-list --count --left-right refs/heads/SAAS-4172/massive-salary-payments-setting...refs/heads/SAAS-3774/remunerations-qa [2ms]
2024-01-09 17:48:55.394 [info] > git ls-tree -l HEAD -- /home/brayan/work/web/app/controllers/remuneration/employees_controller.rb [8ms]
2024-01-09 17:48:57.042 [info] > git show --textconv :config/puma.rb [9ms]
2024-01-09 17:48:57.044 [info] > git ls-files --stage -- /home/brayan/work/web/config/puma.rb [2ms]
2024-01-09 17:48:57.050 [info] > git cat-file -s d831a6dc5a446086d5796bc1310d813d8f528680 [1ms]
2024-01-09 17:51:10.249 [info] > git config --get commit.template [2ms]
2024-01-09 17:51:10.259 [info] > git for-each-ref --format=%(refname)%00%(upstream:short)%00%(objectname)%00%(upstream:track)%00%(upstream:remotename)%00%(upstream:remoteref) refs/heads/SAAS-4172/massive-salary-payments-setting refs/remotes/SAAS-4172/massive-salary-payments-setting [1ms]
2024-01-09 17:51:10.280 [info] > git status -z -uall [14ms]
2024-01-09 17:51:59.314 [info] > git config --get commit.template [0ms]
2024-01-09 17:51:59.324 [info] > git for-each-ref --format=%(refname)%00%(upstream:short)%00%(objectname)%00%(upstream:track)%00%(upstream:remotename)%00%(upstream:remoteref) refs/heads/SAAS-4172/massive-salary-payments-setting refs/remotes/SAAS-4172/massive-salary-payments-setting [1ms]
2024-01-09 17:51:59.352 [info] > git status -z -uall [22ms]
2024-01-09 17:53:31.659 [info] > git config --get commit.template [7ms]
2024-01-09 17:53:31.659 [info] > git for-each-ref --format=%(refname)%00%(upstream:short)%00%(objectname)%00%(upstream:track)%00%(upstream:remotename)%00%(upstream:remoteref) refs/heads/SAAS-4172/massive-salary-payments-setting refs/remotes/SAAS-4172/massive-salary-payments-setting [1ms]
2024-01-09 17:53:31.689 [info] > git status -z -uall [22ms]
2024-01-09 18:15:03.856 [info] > git config --get commit.template [5ms]
2024-01-09 18:15:03.858 [info] > git for-each-ref --format=%(refname)%00%(upstream:short)%00%(objectname)%00%(upstream:track)%00%(upstream:remotename)%00%(upstream:remoteref) refs/heads/SAAS-4172/massive-salary-payments-setting refs/remotes/SAAS-4172/massive-salary-payments-setting [3ms]
2024-01-09 18:15:03.891 [info] > git status -z -uall [25ms]
2024-01-09 18:15:08.908 [info] > git config --get commit.template [2ms]
2024-01-09 18:15:08.915 [info] > git for-each-ref --format=%(refname)%00%(upstream:short)%00%(objectname)%00%(upstream:track)%00%(upstream:remotename)%00%(upstream:remoteref) refs/heads/SAAS-4172/massive-salary-payments-setting refs/remotes/SAAS-4172/massive-salary-payments-setting [1ms]
2024-01-09 18:15:08.933 [info] > git status -z -uall [13ms]
2024-01-09 18:15:27.832 [info] > git config --get commit.template [2ms]
2024-01-09 18:15:27.839 [info] > git for-each-ref --format=%(refname)%00%(upstream:short)%00%(objectname)%00%(upstream:track)%00%(upstream:remotename)%00%(upstream:remoteref) refs/heads/SAAS-4172/massive-salary-payments-setting refs/remotes/SAAS-4172/massive-salary-payments-setting [1ms]
2024-01-09 18:15:27.861 [info] > git status -z -uall [18ms]
2024-01-09 18:15:58.227 [info] > git config --get commit.template [2ms]
2024-01-09 18:15:58.233 [info] > git for-each-ref --format=%(refname)%00%(upstream:short)%00%(objectname)%00%(upstream:track)%00%(upstream:remotename)%00%(upstream:remoteref) refs/heads/SAAS-4172/massive-salary-payments-setting refs/remotes/SAAS-4172/massive-salary-payments-setting [1ms]
2024-01-09 18:15:58.254 [info] > git status -z -uall [16ms]
2024-01-09 18:16:28.603 [info] > git config --get commit.template [8ms]
2024-01-09 18:16:28.603 [info] > git for-each-ref --format=%(refname)%00%(upstream:short)%00%(objectname)%00%(upstream:track)%00%(upstream:remotename)%00%(upstream:remoteref) refs/heads/SAAS-4172/massive-salary-payments-setting refs/remotes/SAAS-4172/massive-salary-payments-setting [1ms]
2024-01-09 18:16:28.621 [info] > git status -z -uall [13ms]
2024-01-09 18:16:58.988 [info] > git config --get commit.template [1ms]
2024-01-09 18:16:58.994 [info] > git for-each-ref --format=%(refname)%00%(upstream:short)%00%(objectname)%00%(upstream:track)%00%(upstream:remotename)%00%(upstream:remoteref) refs/heads/SAAS-4172/massive-salary-payments-setting refs/remotes/SAAS-4172/massive-salary-payments-setting [1ms]
2024-01-09 18:16:59.012 [info] > git status -z -uall [14ms]
2024-01-09 18:18:08.847 [info] > git config --get commit.template [7ms]
2024-01-09 18:18:08.848 [info] > git for-each-ref --format=%(refname)%00%(upstream:short)%00%(objectname)%00%(upstream:track)%00%(upstream:remotename)%00%(upstream:remoteref) refs/heads/SAAS-4172/massive-salary-payments-setting refs/remotes/SAAS-4172/massive-salary-payments-setting [1ms]
2024-01-09 18:18:08.865 [info] > git status -z -uall [13ms]
2024-01-09 18:19:00.202 [info] > git config --get commit.template [13ms]
2024-01-09 18:19:00.203 [info] > git for-each-ref --format=%(refname)%00%(upstream:short)%00%(objectname)%00%(upstream:track)%00%(upstream:remotename)%00%(upstream:remoteref) refs/heads/SAAS-4172/massive-salary-payments-setting refs/remotes/SAAS-4172/massive-salary-payments-setting [2ms]
2024-01-09 18:19:00.230 [info] > git status -z -uall [16ms]
2024-01-09 18:24:00.649 [info] > git config --get commit.template [8ms]
2024-01-09 18:24:00.649 [info] > git for-each-ref --format=%(refname)%00%(upstream:short)%00%(objectname)%00%(upstream:track)%00%(upstream:remotename)%00%(upstream:remoteref) refs/heads/SAAS-4172/massive-salary-payments-setting refs/remotes/SAAS-4172/massive-salary-payments-setting [1ms]
2024-01-09 18:24:00.667 [info] > git status -z -uall [13ms]
2024-01-09 18:24:41.541 [info] > git config --get commit.template [11ms]
2024-01-09 18:24:41.542 [info] > git for-each-ref --format=%(refname)%00%(upstream:short)%00%(objectname)%00%(upstream:track)%00%(upstream:remotename)%00%(upstream:remoteref) refs/heads/SAAS-4172/massive-salary-payments-setting refs/remotes/SAAS-4172/massive-salary-payments-setting [2ms]
2024-01-09 18:24:41.567 [info] > git status -z -uall [16ms]
2024-01-09 18:25:27.649 [info] > git config --get commit.template [8ms]
2024-01-09 18:25:27.650 [info] > git for-each-ref --format=%(refname)%00%(upstream:short)%00%(objectname)%00%(upstream:track)%00%(upstream:remotename)%00%(upstream:remoteref) refs/heads/SAAS-4172/massive-salary-payments-setting refs/remotes/SAAS-4172/massive-salary-payments-setting [1ms]
2024-01-09 18:25:27.666 [info] > git status -z -uall [11ms]
2024-01-09 18:25:42.364 [info] > git config --get commit.template [9ms]
2024-01-09 18:25:42.364 [info] > git for-each-ref --format=%(refname)%00%(upstream:short)%00%(objectname)%00%(upstream:track)%00%(upstream:remotename)%00%(upstream:remoteref) refs/heads/SAAS-4172/massive-salary-payments-setting refs/remotes/SAAS-4172/massive-salary-payments-setting [1ms]
2024-01-09 18:25:42.398 [info] > git status -z -uall [27ms]
