2024-01-05 09:33:08.537 [info] Extension host with pid 12499 started
2024-01-05 09:33:08.537 [info] Skipping acquiring lock for /home/brayan/.config/Code/User/workspaceStorage/3e5e6d6f7e9976681a79a6f5de822ba8.
2024-01-05 09:33:08.808 [info] ExtensionService#_doActivateExtension vscode.emmet, startup: false, activationEvent: 'onLanguage'
2024-01-05 09:33:08.814 [info] ExtensionService#_doActivateExtension Shopify.ruby-lsp, startup: false, activationEvent: 'onLanguage:ruby'
2024-01-05 09:33:09.689 [info] ExtensionService#_doActivateExtension vscode.git-base, startup: true, activationEvent: '*', root cause: vscode.git
2024-01-05 09:33:09.694 [info] ExtensionService#_doActivateExtension EditorConfig.EditorConfig, startup: true, activationEvent: '*'
2024-01-05 09:33:09.706 [info] ExtensionService#_doActivateExtension vscode.npm, startup: true, activationEvent: 'workspaceContains:package.json'
2024-01-05 09:33:09.733 [info] ExtensionService#_doActivateExtension vscode.git, startup: true, activationEvent: '*'
2024-01-05 09:33:09.754 [info] ExtensionService#_doActivateExtension vscode.github, startup: true, activationEvent: '*'
2024-01-05 09:33:09.966 [info] ExtensionService#_doActivateExtension vscode.github-authentication, startup: false, activationEvent: 'onAuthenticationRequest:github'
2024-01-05 09:33:12.188 [info] Eager extensions activated
2024-01-05 09:33:12.194 [info] ExtensionService#_doActivateExtension vscode.debug-auto-launch, startup: false, activationEvent: 'onStartupFinished'
2024-01-05 09:33:12.195 [info] ExtensionService#_doActivateExtension vscode.merge-conflict, startup: false, activationEvent: 'onStartupFinished'
2024-01-05 09:33:12.200 [info] ExtensionService#_doActivateExtension Catppuccin.catppuccin-vsc, startup: false, activationEvent: 'onStartupFinished'
2024-01-05 09:33:12.204 [info] ExtensionService#_doActivateExtension eamodio.gitlens, startup: false, activationEvent: 'onStartupFinished'
2024-01-05 09:33:12.233 [info] ExtensionService#_doActivateExtension ms-vscode-remote.remote-containers, startup: false, activationEvent: 'onStartupFinished'
2024-01-05 09:33:12.580 [info] ExtensionService#_doActivateExtension vscode.json-language-features, startup: false, activationEvent: 'onLanguage:jsonc'
2024-01-05 09:33:12.594 [info] ExtensionService#_doActivateExtension vscode.typescript-language-features, startup: false, activationEvent: 'onLanguage:jsonc'
2024-01-05 09:37:44.541 [warning] TextEditor is closed/disposed
2024-01-05 09:50:38.862 [warning] TextEditor is closed/disposed
2024-01-05 09:53:17.652 [warning] TextEditor is closed/disposed
2024-01-05 10:16:47.951 [warning] TextEditor is closed/disposed
2024-01-05 10:17:04.671 [warning] TextEditor is closed/disposed
2024-01-05 10:20:25.902 [warning] TextEditor is closed/disposed
2024-01-05 10:20:28.590 [warning] TextEditor is closed/disposed
2024-01-05 10:20:34.259 [warning] TextEditor is closed/disposed
2024-01-05 10:20:35.814 [warning] TextEditor is closed/disposed
2024-01-05 10:20:39.057 [warning] TextEditor is closed/disposed
2024-01-05 10:20:43.719 [warning] TextEditor is closed/disposed
2024-01-05 10:20:47.862 [warning] TextEditor is closed/disposed
2024-01-05 10:20:57.779 [warning] TextEditor is closed/disposed
2024-01-05 10:21:58.916 [warning] TextEditor is closed/disposed
2024-01-05 10:22:00.768 [warning] TextEditor is closed/disposed
2024-01-05 10:22:02.964 [warning] TextEditor is closed/disposed
2024-01-05 10:22:49.881 [warning] TextEditor is closed/disposed
2024-01-05 10:23:01.251 [warning] TextEditor is closed/disposed
2024-01-05 10:23:06.932 [warning] TextEditor is closed/disposed
2024-01-05 10:50:57.293 [warning] TextEditor is closed/disposed
2024-01-05 10:58:31.638 [warning] TextEditor is closed/disposed
2024-01-05 11:00:01.820 [warning] TextEditor is closed/disposed
2024-01-05 11:26:28.184 [warning] TextEditor is closed/disposed
2024-01-05 11:26:43.669 [warning] TextEditor is closed/disposed
2024-01-05 11:41:22.106 [warning] TextEditor is closed/disposed
2024-01-05 12:10:13.333 [warning] TextEditor is closed/disposed
2024-01-05 12:10:29.278 [warning] TextEditor is closed/disposed
2024-01-05 12:16:32.134 [warning] TextEditor is closed/disposed
2024-01-05 12:23:52.232 [warning] Shopify.ruby-lsp - Code actions of kind 'quickfix 'requested but returned code action is of kind 'refactor.extract'. Code action will be dropped. Please check 'CodeActionContext.only' to only return requested code actions.
2024-01-05 12:23:54.575 [warning] Shopify.ruby-lsp - Code actions of kind 'quickfix 'requested but returned code action is of kind 'refactor.extract'. Code action will be dropped. Please check 'CodeActionContext.only' to only return requested code actions.
2024-01-05 12:24:28.021 [warning] TextEditor is closed/disposed
2024-01-05 12:42:36.232 [warning] TextEditor is closed/disposed
2024-01-05 12:43:23.683 [warning] TextEditor is closed/disposed
2024-01-05 12:45:12.951 [warning] TextEditor is closed/disposed
2024-01-05 12:47:37.686 [warning] TextEditor is closed/disposed
2024-01-05 12:50:28.903 [warning] TextEditor is closed/disposed
2024-01-05 13:03:32.203 [warning] TextEditor is closed/disposed
2024-01-05 14:15:59.823 [warning] TextEditor is closed/disposed
2024-01-05 14:19:38.289 [warning] TextEditor is closed/disposed
2024-01-05 14:33:45.756 [warning] TextEditor is closed/disposed
2024-01-05 14:33:49.658 [warning] TextEditor is closed/disposed
2024-01-05 14:33:51.372 [warning] TextEditor is closed/disposed
2024-01-05 14:33:52.242 [warning] TextEditor is closed/disposed
2024-01-05 14:33:57.351 [warning] Shopify.ruby-lsp - Code actions of kind 'quickfix 'requested but returned code action is of kind 'refactor.extract'. Code action will be dropped. Please check 'CodeActionContext.only' to only return requested code actions.
2024-01-05 14:33:57.554 [warning] Shopify.ruby-lsp - Code actions of kind 'quickfix 'requested but returned code action is of kind 'refactor.extract'. Code action will be dropped. Please check 'CodeActionContext.only' to only return requested code actions.
2024-01-05 14:33:57.568 [warning] Shopify.ruby-lsp - Code actions of kind 'quickfix 'requested but returned code action is of kind 'refactor.extract'. Code action will be dropped. Please check 'CodeActionContext.only' to only return requested code actions.
2024-01-05 14:33:57.581 [warning] Shopify.ruby-lsp - Code actions of kind 'quickfix 'requested but returned code action is of kind 'refactor.extract'. Code action will be dropped. Please check 'CodeActionContext.only' to only return requested code actions.
2024-01-05 14:54:31.193 [warning] TextEditor is closed/disposed
2024-01-05 14:54:45.807 [warning] TextEditor is closed/disposed
2024-01-05 14:54:50.410 [warning] TextEditor is closed/disposed
2024-01-05 14:54:52.246 [warning] TextEditor is closed/disposed
2024-01-05 14:54:53.999 [warning] TextEditor is closed/disposed
2024-01-05 14:54:59.984 [warning] TextEditor is closed/disposed
2024-01-05 14:56:27.860 [warning] TextEditor is closed/disposed
2024-01-05 14:56:56.429 [warning] TextEditor is closed/disposed
2024-01-05 15:01:26.279 [warning] TextEditor is closed/disposed
2024-01-05 15:01:30.913 [warning] TextEditor is closed/disposed
2024-01-05 15:01:33.103 [warning] TextEditor is closed/disposed
2024-01-05 15:01:37.809 [warning] TextEditor is closed/disposed
2024-01-05 15:01:40.244 [warning] TextEditor is closed/disposed
2024-01-05 15:01:43.572 [warning] TextEditor is closed/disposed
2024-01-05 15:01:44.297 [warning] TextEditor is closed/disposed
2024-01-05 15:01:45.960 [warning] TextEditor is closed/disposed
2024-01-05 15:01:48.269 [warning] TextEditor is closed/disposed
2024-01-05 15:01:59.110 [warning] TextEditor is closed/disposed
2024-01-05 15:02:03.565 [warning] TextEditor is closed/disposed
2024-01-05 15:12:59.055 [warning] TextEditor is closed/disposed
2024-01-05 15:13:04.917 [warning] TextEditor is closed/disposed
2024-01-05 15:13:09.094 [warning] TextEditor is closed/disposed
2024-01-05 15:13:12.509 [warning] TextEditor is closed/disposed
2024-01-05 15:13:18.625 [warning] TextEditor is closed/disposed
2024-01-05 15:13:43.374 [warning] TextEditor is closed/disposed
2024-01-05 15:13:48.652 [warning] TextEditor is closed/disposed
2024-01-05 15:13:51.483 [warning] TextEditor is closed/disposed
2024-01-05 15:13:54.922 [warning] TextEditor is closed/disposed
2024-01-05 15:14:11.518 [warning] TextEditor is closed/disposed
2024-01-05 15:14:15.482 [warning] TextEditor is closed/disposed
2024-01-05 15:14:17.438 [warning] TextEditor is closed/disposed
2024-01-05 15:14:20.179 [warning] TextEditor is closed/disposed
2024-01-05 15:14:21.219 [warning] TextEditor is closed/disposed
2024-01-05 15:14:22.984 [warning] TextEditor is closed/disposed
2024-01-05 15:14:26.972 [warning] TextEditor is closed/disposed
2024-01-05 15:14:31.754 [warning] TextEditor is closed/disposed
2024-01-05 15:14:35.987 [warning] TextEditor is closed/disposed
2024-01-05 15:14:38.329 [warning] TextEditor is closed/disposed
2024-01-05 15:14:47.743 [warning] TextEditor is closed/disposed
2024-01-05 15:15:04.723 [warning] TextEditor is closed/disposed
2024-01-05 15:15:06.334 [warning] TextEditor is closed/disposed
2024-01-05 15:15:07.409 [warning] TextEditor is closed/disposed
2024-01-05 15:15:08.982 [warning] TextEditor is closed/disposed
2024-01-05 15:15:09.701 [warning] TextEditor is closed/disposed
2024-01-05 15:21:43.647 [warning] TextEditor is closed/disposed
2024-01-05 15:22:51.578 [info] ExtensionService#_doActivateExtension vscode.simple-browser, startup: false, activationEvent: 'onOpenExternalUri:https'
2024-01-05 16:03:52.277 [warning] TextEditor is closed/disposed
2024-01-05 16:46:25.711 [warning] TextEditor is closed/disposed
2024-01-05 16:55:32.419 [warning] TextEditor is closed/disposed
2024-01-05 17:26:26.736 [warning] TextEditor is closed/disposed
2024-01-05 17:27:15.981 [warning] TextEditor is closed/disposed
2024-01-05 17:27:20.946 [warning] TextEditor is closed/disposed
2024-01-05 17:27:24.974 [warning] TextEditor is closed/disposed
2024-01-05 17:27:33.880 [warning] TextEditor is closed/disposed
2024-01-05 17:27:36.749 [warning] TextEditor is closed/disposed
2024-01-05 17:27:39.823 [warning] TextEditor is closed/disposed
2024-01-05 17:36:35.424 [warning] TextEditor is closed/disposed
2024-01-05 17:36:36.950 [warning] TextEditor is closed/disposed
2024-01-05 17:36:53.450 [warning] TextEditor is closed/disposed
2024-01-05 17:51:39.639 [warning] TextEditor is closed/disposed
2024-01-05 17:54:58.979 [warning] TextEditor is closed/disposed
2024-01-05 17:55:00.572 [warning] TextEditor is closed/disposed
2024-01-05 17:55:05.572 [warning] TextEditor is closed/disposed
