Initializing document watcher...
web/config/application.yml: {"insertSpaces":true,"tabSize":2}
web/log/development.log: {"insertSpaces":true,"tabSize":2}
web/log/development.log: {"insertSpaces":true,"tabSize":2}
web/log/development.log: {"insertSpaces":true,"tabSize":2}
web/log/development.log: {"insertSpaces":true,"tabSize":2}
web/log/development.log: {"insertSpaces":true,"tabSize":2}
web/log/development.log: {"insertSpaces":true,"tabSize":2}
web/log/development.log: {"insertSpaces":true,"tabSize":2}
web/log/development.log: {"insertSpaces":true,"tabSize":2}
web/log/development.log: {"insertSpaces":true,"tabSize":2}
web/log/development.log: {"insertSpaces":true,"tabSize":2}
web/log/development.log: {"insertSpaces":true,"tabSize":2}
web/log/development.log: {"insertSpaces":true,"tabSize":2}
web/config/initializers/rollbar.rb: {"insertSpaces":true,"tabSize":2}
web/config/initializers/carrierwave.rb: {"insertSpaces":true,"tabSize":2}
web/config/initializers/carrierwave.rb: {"insertSpaces":true,"tabSize":2}
web/config/initializers/carrierwave.rb: {"insertSpaces":true,"tabSize":2}
web/config/initializers/carrierwave.rb: {"insertSpaces":true,"tabSize":2}
web/config/initializers/carrierwave.rb: {"insertSpaces":true,"tabSize":2}
web/config/initializers/carrierwave.rb: {"insertSpaces":true,"tabSize":2}
web/config/initializers/carrierwave.rb: {"insertSpaces":true,"tabSize":2}
web/config/initializers/carrierwave.rb: {"insertSpaces":true,"tabSize":2}
web/log/development.log: {"insertSpaces":true,"tabSize":2}
web/log/development.log: {"insertSpaces":true,"tabSize":2}
web/log/development.log: {"insertSpaces":true,"tabSize":2}
web/log/development.log: {"insertSpaces":true,"tabSize":2}
web/config/application.yml: {"insertSpaces":true,"tabSize":2}
web/config/application.yml: {"insertSpaces":true,"tabSize":2}
web/config/application.yml: {"insertSpaces":true,"tabSize":2}
web/config/application.yml: {"insertSpaces":true,"tabSize":2}
web/config/application.yml: {"insertSpaces":true,"tabSize":2}
web/config/application.yml: {"insertSpaces":true,"tabSize":2}
web/config/application.yml: {"insertSpaces":true,"tabSize":2}
web/config/application.yml: {"insertSpaces":true,"tabSize":2}
web/config/application.yml: {"insertSpaces":true,"tabSize":2}
web/config/application.yml: {"insertSpaces":true,"tabSize":2}
web/config/initializers/rollbar.rb: {"insertSpaces":true,"tabSize":2}
web/config/initializers/rollbar.rb: {"insertSpaces":true,"tabSize":2}
web/config/initializers/rollbar.rb: Using EditorConfig core...
config/initializers/rollbar.rb: editor.action.trimTrailingWhitespace
web/config/initializers/rollbar.rb: Using EditorConfig core...
config/initializers/rollbar.rb: editor.action.trimTrailingWhitespace
web/config/initializers/rollbar.rb: {"insertSpaces":true,"tabSize":2}
web/config/initializers/rollbar.rb: {"insertSpaces":true,"tabSize":2}
web/config/application.yml: {"insertSpaces":true,"tabSize":2}
web/config/application.yml: {"insertSpaces":true,"tabSize":2}
web/config/application.yml: {"insertSpaces":true,"tabSize":2}
web/config/application.yml: {"insertSpaces":true,"tabSize":2}
web/config/application.yml: {"insertSpaces":true,"tabSize":2}
web/config/application.yml: {"insertSpaces":true,"tabSize":2}
web/config/application.yml: {"insertSpaces":true,"tabSize":2}
web/config/application.yml: {"insertSpaces":true,"tabSize":2}
web/config/application.yml: {"insertSpaces":true,"tabSize":2}
web/config/application.yml: {"insertSpaces":true,"tabSize":2}
web/config/application.yml: {"insertSpaces":true,"tabSize":2}
web/config/application.yml: {"insertSpaces":true,"tabSize":2}
web/config/application.yml: {"insertSpaces":true,"tabSize":2}
web/config/application.yml: {"insertSpaces":true,"tabSize":2}
web/config/application.yml: {"insertSpaces":true,"tabSize":2}
web/config/application.yml: {"insertSpaces":true,"tabSize":2}
web/config/application.yml: {"insertSpaces":true,"tabSize":2}
web/config/application.yml: {"insertSpaces":true,"tabSize":2}
web/config/application.yml: {"insertSpaces":true,"tabSize":2}
web/config/application.yml: {"insertSpaces":true,"tabSize":2}
web/config/application.yml: {"insertSpaces":true,"tabSize":2}
web/config/application.yml: {"insertSpaces":true,"tabSize":2}
web/config/application.yml: {"insertSpaces":true,"tabSize":2}
web/config/initializers/rollbar.rb: {"insertSpaces":true,"tabSize":2}
web/app/models/finkok_response.rb: {"insertSpaces":true,"tabSize":2}
web/app/models/finkok_response.rb: Using EditorConfig core...
app/models/finkok_response.rb: editor.action.trimTrailingWhitespace
web/app/models/finkok_response.rb: {"insertSpaces":true,"tabSize":2}
web/app/models/finkok_response.rb: {"insertSpaces":true,"tabSize":2}
web/app/models/finkok_response.rb: {"insertSpaces":true,"tabSize":2}
web/app/models/finkok_response.rb: {"insertSpaces":true,"tabSize":2}
web/app/models/finkok_response.rb: {"insertSpaces":true,"tabSize":2}
web/app/models/finkok_response.rb: {"insertSpaces":true,"tabSize":2}
web/config/initializers/rollbar.rb: {"insertSpaces":true,"tabSize":2}
web/config/initializers/rollbar.rb: {"insertSpaces":true,"tabSize":2}
web/config/initializers/rollbar.rb: {"insertSpaces":true,"tabSize":2}
web/config/initializers/rollbar.rb: Using EditorConfig core...
config/initializers/rollbar.rb: editor.action.trimTrailingWhitespace
web/config/initializers/rollbar.rb: {"insertSpaces":true,"tabSize":2}
web/config/initializers/rollbar.rb: {"insertSpaces":true,"tabSize":2}
web/config/initializers/rollbar.rb: Using EditorConfig core...
config/initializers/rollbar.rb: editor.action.trimTrailingWhitespace
web/config/initializers/rollbar.rb: {"insertSpaces":true,"tabSize":2}
web/config/initializers/rollbar.rb: {"insertSpaces":true,"tabSize":2}
web/app/models/finkok_response.rb: {"insertSpaces":true,"tabSize":2}
web/app/models/finkok_response.rb: {"insertSpaces":true,"tabSize":2}
web/app/models/finkok_response.rb: {"insertSpaces":true,"tabSize":2}
web/config/initializers/rollbar.rb: {"insertSpaces":true,"tabSize":2}
web/config/initializers/rollbar.rb: Using EditorConfig core...
config/initializers/rollbar.rb: editor.action.trimTrailingWhitespace
web/config/initializers/rollbar.rb: {"insertSpaces":true,"tabSize":2}
web/config/initializers/rollbar.rb: {"insertSpaces":true,"tabSize":2}
web/config/initializers/rollbar.rb: {"insertSpaces":true,"tabSize":2}
web/config/initializers/rollbar.rb: {"insertSpaces":true,"tabSize":2}
web/config/initializers/rollbar.rb: {"insertSpaces":true,"tabSize":2}
web/config/initializers/rollbar.rb: {"insertSpaces":true,"tabSize":2}
web/config/initializers/rollbar.rb: {"insertSpaces":true,"tabSize":2}
web/config/initializers/rollbar.rb: {"insertSpaces":true,"tabSize":2}
web/config/initializers/rollbar.rb: {"insertSpaces":true,"tabSize":2}
web/config/initializers/rollbar.rb: {"insertSpaces":true,"tabSize":2}
web/config/initializers/rollbar.rb: {"insertSpaces":true,"tabSize":2}
web/config/initializers/rollbar.rb: {"insertSpaces":true,"tabSize":2}
web/config/initializers/rollbar.rb: Using EditorConfig core...
config/initializers/rollbar.rb: editor.action.trimTrailingWhitespace
web/config/initializers/rollbar.rb: Using EditorConfig core...
config/initializers/rollbar.rb: editor.action.trimTrailingWhitespace
web/config/initializers/rollbar.rb: Using EditorConfig core...
config/initializers/rollbar.rb: editor.action.trimTrailingWhitespace
web/config/initializers/rollbar.rb: {"insertSpaces":true,"tabSize":2}
web/config/initializers/rollbar.rb: Using EditorConfig core...
config/initializers/rollbar.rb: editor.action.trimTrailingWhitespace
web/config/application.yml: {"insertSpaces":true,"tabSize":2}
web/config/initializers/rollbar.rb: {"insertSpaces":true,"tabSize":2}
web/config/initializers/rollbar.rb: Using EditorConfig core...
config/initializers/rollbar.rb: editor.action.trimTrailingWhitespace
web/config/initializers/rollbar.rb: {"insertSpaces":true,"tabSize":2}
web/config/initializers/rollbar.rb: {"insertSpaces":true,"tabSize":2}
web/config/initializers/rollbar.rb: {"insertSpaces":true,"tabSize":2}
web/app/models/finkok_response.rb: {"insertSpaces":true,"tabSize":2}
web/app/models/finkok_response.rb: {"insertSpaces":true,"tabSize":2}
web/app/models/finkok_response.rb: {"insertSpaces":true,"tabSize":2}
web/app/models/finkok_response.rb: {"insertSpaces":true,"tabSize":2}
web/app/models/finkok_response.rb: {"insertSpaces":true,"tabSize":2}
web/app/models/finkok_response.rb: {"insertSpaces":true,"tabSize":2}
web/config/initializers/rollbar.rb: {"insertSpaces":true,"tabSize":2}
web/config/initializers/rollbar.rb: {"insertSpaces":true,"tabSize":2}
web/config/initializers/rollbar.rb: {"insertSpaces":true,"tabSize":2}
web/config/initializers/rollbar.rb: {"insertSpaces":true,"tabSize":2}
web/config/initializers/rollbar.rb: {"insertSpaces":true,"tabSize":2}
web/config/initializers/rollbar.rb: {"insertSpaces":true,"tabSize":2}
web/config/initializers/rollbar.rb: {"insertSpaces":true,"tabSize":2}
web/config/initializers/rollbar.rb: {"insertSpaces":true,"tabSize":2}
web/config/initializers/rollbar.rb: {"insertSpaces":true,"tabSize":2}
web/config/initializers/rollbar.rb: {"insertSpaces":true,"tabSize":2}
web/config/initializers/rollbar.rb: Using EditorConfig core...
config/initializers/rollbar.rb: editor.action.trimTrailingWhitespace
web/config/initializers/rollbar.rb: {"insertSpaces":true,"tabSize":2}
web/app/models/finkok_response.rb: {"insertSpaces":true,"tabSize":2}
web/config/initializers/rollbar.rb: {"insertSpaces":true,"tabSize":2}
web/app/models/finkok_response.rb: {"insertSpaces":true,"tabSize":2}
web/app/models/finkok_response.rb: Using EditorConfig core...
app/models/finkok_response.rb: editor.action.trimTrailingWhitespace
web/app/models/finkok_response.rb: Using EditorConfig core...
app/models/finkok_response.rb: editor.action.trimTrailingWhitespace
web/app/models/finkok_response.rb: Using EditorConfig core...
app/models/finkok_response.rb: editor.action.trimTrailingWhitespace
web/app/models/finkok_response.rb: {"insertSpaces":true,"tabSize":2}
web/app/models/finkok_response.rb: {"insertSpaces":true,"tabSize":2}
web/config/initializers/rollbar.rb: {"insertSpaces":true,"tabSize":2}
web/app/models/finkok_response.rb: {"insertSpaces":true,"tabSize":2}
web/config/initializers/rollbar.rb: {"insertSpaces":true,"tabSize":2}
web/app/models/finkok_response.rb: {"insertSpaces":true,"tabSize":2}
web/config/initializers/rollbar.rb: {"insertSpaces":true,"tabSize":2}
web/config/locales/activerecord/es.yml: {"insertSpaces":true,"tabSize":2}
web/app/views/mx_companies/irs_billed.haml: {"insertSpaces":true,"tabSize":2}
web/app/views/mx_companies/irs_billed.haml: {"insertSpaces":true,"tabSize":2}
web/app/models/finkok_response.rb: {"insertSpaces":true,"tabSize":2}
web/app/models/finkok_response.rb: Using EditorConfig core...
app/models/finkok_response.rb: editor.action.trimTrailingWhitespace
web/app/models/finkok_response.rb: Using EditorConfig core...
app/models/finkok_response.rb: editor.action.trimTrailingWhitespace
web/app/models/finkok_response.rb: Using EditorConfig core...
app/models/finkok_response.rb: editor.action.trimTrailingWhitespace
web/app/views/mx_companies/irs_billed.haml: {"insertSpaces":true,"tabSize":2}
web/app/views/mx_companies/irs_billed.haml: Using EditorConfig core...
app/views/mx_companies/irs_billed.haml: editor.action.trimTrailingWhitespace
web/app/views/mx_companies/irs_billed.haml: Using EditorConfig core...
app/views/mx_companies/irs_billed.haml: editor.action.trimTrailingWhitespace
web/app/models/finkok_response.rb: {"insertSpaces":true,"tabSize":2}
web/app/views/mx_companies/irs_billed.haml: {"insertSpaces":true,"tabSize":2}
web/app/models/finkok_response.rb: {"insertSpaces":true,"tabSize":2}
web/app/views/mx_companies/irs_billed.haml: {"insertSpaces":true,"tabSize":2}
web/app/models/finkok_response.rb: {"insertSpaces":true,"tabSize":2}
web/app/views/mx_companies/irs_billed.haml: {"insertSpaces":true,"tabSize":2}
web/app/models/finkok_response.rb: {"insertSpaces":true,"tabSize":2}
web/app/helpers/application_helper.rb: {"insertSpaces":true,"tabSize":2}
web/app/models/application_record.rb: {"insertSpaces":true,"tabSize":2}
web/app/models/finkok_response.rb: {"insertSpaces":true,"tabSize":2}
web/app/models/library_file.rb: {"insertSpaces":true,"tabSize":2}
web/app/models/payment.rb: {"insertSpaces":true,"tabSize":2}
web/app/helpers/application_helper.rb: {"insertSpaces":true,"tabSize":2}
web/app/models/application_record.rb: {"insertSpaces":true,"tabSize":2}
web/app/models/finkok_response.rb: {"insertSpaces":true,"tabSize":2}
web/app/models/finkok_response.rb: Using EditorConfig core...
app/models/finkok_response.rb: editor.action.trimTrailingWhitespace
web/app/views/mx_companies/irs_billed.haml: {"insertSpaces":true,"tabSize":2}
web/app/views/mx_companies/irs_billed.haml: {"insertSpaces":true,"tabSize":2}
web/app/views/mx_companies/irs_billed.haml: {"insertSpaces":true,"tabSize":2}
web/app/views/mx_companies/irs_billed.haml: {"insertSpaces":true,"tabSize":2}
web/app/forms/remuneration/salary_payment_form.rb: {"insertSpaces":true,"tabSize":2}
web/app/jobs/payment_irs_complement_all_job.rb: {"insertSpaces":true,"tabSize":2}
web/app/models/payment.rb: {"insertSpaces":true,"tabSize":2}
web/app/models/payment.rb: {"insertSpaces":true,"tabSize":2}
web/app/models/payment.rb: {"insertSpaces":true,"tabSize":2}
web/config/initializers/rollbar.rb: {"insertSpaces":true,"tabSize":2}
web/config/initializers/rollbar.rb: {"insertSpaces":true,"tabSize":2}
web/config/initializers/rollbar.rb: {"insertSpaces":true,"tabSize":2}
web/config/initializers/rollbar.rb: {"insertSpaces":true,"tabSize":2}
web/config/initializers/rollbar.rb: {"insertSpaces":true,"tabSize":2}
web/config/initializers/rollbar.rb: {"insertSpaces":true,"tabSize":2}
web/app/forms/remuneration/salary_payment_form.rb: {"insertSpaces":true,"tabSize":2}
web/app/models/finkok_response.rb: {"insertSpaces":true,"tabSize":2}
web/app/models/finkok_response.rb: Using EditorConfig core...
app/models/finkok_response.rb: editor.action.trimTrailingWhitespace
web/app/models/finkok_response.rb: Using EditorConfig core...
app/models/finkok_response.rb: editor.action.trimTrailingWhitespace
web/app/models/finkok_response.rb: {"insertSpaces":true,"tabSize":2}
web/app/models/finkok_response.rb: {"insertSpaces":true,"tabSize":2}
web/app/models/finkok_response.rb: {"insertSpaces":true,"tabSize":2}
web/app/models/finkok_response.rb: {"insertSpaces":true,"tabSize":2}
web/app/models/finkok_response.rb: {"insertSpaces":true,"tabSize":2}
web/app/models/finkok_response.rb: {"insertSpaces":true,"tabSize":2}
web/app/models/finkok_response.rb: {"insertSpaces":true,"tabSize":2}
web/app/models/finkok_response.rb: {"insertSpaces":true,"tabSize":2}
web/app/models/finkok_response.rb: Using EditorConfig core...
app/models/finkok_response.rb: editor.action.trimTrailingWhitespace
web/app/models/finkok_response.rb: {"insertSpaces":true,"tabSize":2}
web/app/forms/remuneration/salary_payment_form.rb: {"insertSpaces":true,"tabSize":2}
web/config/locales/activerecord/es.yml: {"insertSpaces":true,"tabSize":2}
web/config/locales/activerecord/es.yml: Using EditorConfig core...
config/locales/activerecord/es.yml: editor.action.trimTrailingWhitespace
web/config/locales/activerecord/es.yml: Using EditorConfig core...
config/locales/activerecord/es.yml: editor.action.trimTrailingWhitespace
web/config/locales/activerecord/es.yml: {"insertSpaces":true,"tabSize":2}
web/app/controllers/finkok_responses_controller.rb: {"insertSpaces":true,"tabSize":2}
web/app/controllers/finkok_responses_controller.rb: {"insertSpaces":true,"tabSize":2}
web/app/controllers/finkok_responses_controller.rb: {"insertSpaces":true,"tabSize":2}
web/app/controllers/finkok_responses_controller.rb: {"insertSpaces":true,"tabSize":2}
web/app/controllers/finkok_responses_controller.rb: {"insertSpaces":true,"tabSize":2}
web/app/controllers/finkok_responses_controller.rb: {"insertSpaces":true,"tabSize":2}
web/app/controllers/finkok_responses_controller.rb: {"insertSpaces":true,"tabSize":2}
web/app/models/finkok_response.rb: {"insertSpaces":true,"tabSize":2}
web/app/components/pending_task_item_component.rb: {"insertSpaces":true,"tabSize":2}
web/app/components/pending_task_item_component.html.haml: {"insertSpaces":true,"tabSize":2}
web/app/components/pending_task_item_component.html.haml: {"insertSpaces":true,"tabSize":2}
web/app/components/pending_task_item_component.html.haml: {"insertSpaces":true,"tabSize":2}
web/app/components/pending_task_item_component.html.haml: {"insertSpaces":true,"tabSize":2}
web/app/components/pending_task_item_component.html.haml: {"insertSpaces":true,"tabSize":2}
web/app/components/pending_task_item_component.html.haml: {"insertSpaces":true,"tabSize":2}
web/app/components/pending_task_item_component.html.haml: {"insertSpaces":true,"tabSize":2}
web/app/models/social_credit.rb: {"insertSpaces":true,"tabSize":2}
web/app/models/social_credit.rb: {"insertSpaces":true,"tabSize":2}
web/app/models/social_credit.rb: {"insertSpaces":true,"tabSize":2}
web/app/models/social_credit.rb: {"insertSpaces":true,"tabSize":2}
web/app/models/social_credit.rb: {"insertSpaces":true,"tabSize":2}
web/app/models/social_credit.rb: {"insertSpaces":true,"tabSize":2}
web/app/controllers/finkok_responses_controller.rb: {"insertSpaces":true,"tabSize":2}
web/app/models/finkok_response.rb: {"insertSpaces":true,"tabSize":2}
web/app/controllers/finkok_responses_controller.rb: {"insertSpaces":true,"tabSize":2}
web/app/controllers/finkok_responses_controller.rb: Using EditorConfig core...
app/controllers/finkok_responses_controller.rb: editor.action.trimTrailingWhitespace
web/app/controllers/finkok_responses_controller.rb: Using EditorConfig core...
app/controllers/finkok_responses_controller.rb: editor.action.trimTrailingWhitespace
web/app/controllers/finkok_responses_controller.rb: {"insertSpaces":true,"tabSize":2}
web/app/controllers/finkok_responses_controller.rb: {"insertSpaces":true,"tabSize":2}
web/app/models/finkok_response.rb: {"insertSpaces":true,"tabSize":2}
web/app/models/finkok_response.rb: {"insertSpaces":true,"tabSize":2}
web/config/locales/activerecord/es-MX.yml: {"insertSpaces":true,"tabSize":2}
web/config/locales/activerecord/es-MX.yml: {"insertSpaces":true,"tabSize":2}
web/config/locales/activerecord/es-MX.yml: {"insertSpaces":true,"tabSize":2}
web/config/locales/activerecord/es.yml: {"insertSpaces":true,"tabSize":2}
web/config/locales/activerecord/es.yml: Using EditorConfig core...
config/locales/activerecord/es.yml: editor.action.trimTrailingWhitespace
web/config/locales/activerecord/es.yml: {"insertSpaces":true,"tabSize":2}
web/config/locales/activerecord/es.yml: {"insertSpaces":true,"tabSize":2}
web/config/locales/activerecord/es.yml: {"insertSpaces":true,"tabSize":2}
web/app/controllers/finkok_responses_controller.rb: {"insertSpaces":true,"tabSize":2}
web/app/controllers/finkok_responses_controller.rb: {"insertSpaces":true,"tabSize":2}
web/app/views/mx_companies/irs_billed.haml: {"insertSpaces":true,"tabSize":2}
web/app/views/mx_companies/irs_billed.haml: Using EditorConfig core...
app/views/mx_companies/irs_billed.haml: editor.action.trimTrailingWhitespace
web/app/views/mx_companies/irs_billed.haml: Using EditorConfig core...
app/views/mx_companies/irs_billed.haml: editor.action.trimTrailingWhitespace
web/app/views/mx_companies/irs_billed.haml: Using EditorConfig core...
app/views/mx_companies/irs_billed.haml: editor.action.trimTrailingWhitespace
web/app/views/mx_companies/irs_billed.haml: {"insertSpaces":true,"tabSize":2}
web/app/views/mx_companies/irs_billed.haml: {"insertSpaces":true,"tabSize":2}
web/app/views/mx_companies/irs_billed.haml: Using EditorConfig core...
app/views/mx_companies/irs_billed.haml: editor.action.trimTrailingWhitespace
web/app/views/mx_companies/irs_billed.haml: Using EditorConfig core...
app/views/mx_companies/irs_billed.haml: editor.action.trimTrailingWhitespace
web/app/views/mx_companies/irs_billed.haml: Using EditorConfig core...
app/views/mx_companies/irs_billed.haml: editor.action.trimTrailingWhitespace
web/app/views/mx_companies/irs_billed.haml: {"insertSpaces":true,"tabSize":2}
web/app/views/mx_companies/irs_billed.haml: Using EditorConfig core...
app/views/mx_companies/irs_billed.haml: editor.action.trimTrailingWhitespace
web/app/views/mx_companies/irs_billed.haml: {"insertSpaces":true,"tabSize":2}
web/app/views/mx_companies/irs_billed.haml: {"insertSpaces":true,"tabSize":2}
web/app/views/mx_companies/irs_billed.haml: Using EditorConfig core...
app/views/mx_companies/irs_billed.haml: editor.action.trimTrailingWhitespace
web/app/views/mx_companies/irs_billed.haml: {"insertSpaces":true,"tabSize":2}
web/app/views/mx_companies/irs_billed.haml: Using EditorConfig core...
app/views/mx_companies/irs_billed.haml: editor.action.trimTrailingWhitespace
web/app/views/mx_companies/irs_billed.haml: Using EditorConfig core...
app/views/mx_companies/irs_billed.haml: editor.action.trimTrailingWhitespace
web/app/views/mx_companies/irs_billed.haml: {"insertSpaces":true,"tabSize":2}
web/app/views/mx_companies/irs_billed.haml: Using EditorConfig core...
app/views/mx_companies/irs_billed.haml: editor.action.trimTrailingWhitespace
web/app/views/mx_companies/irs_billed.haml: {"insertSpaces":true,"tabSize":2}
web/app/views/mx_companies/irs_billed.haml: Using EditorConfig core...
app/views/mx_companies/irs_billed.haml: editor.action.trimTrailingWhitespace
web/app/views/mx_companies/irs_billed.haml: Using EditorConfig core...
app/views/mx_companies/irs_billed.haml: editor.action.trimTrailingWhitespace
web/app/views/mx_companies/irs_billed.haml: Using EditorConfig core...
app/views/mx_companies/irs_billed.haml: editor.action.trimTrailingWhitespace
web/app/views/mx_companies/irs_billed.haml: {"insertSpaces":true,"tabSize":2}
web/app/views/mx_companies/irs_billed.haml: Using EditorConfig core...
app/views/mx_companies/irs_billed.haml: editor.action.trimTrailingWhitespace
web/app/views/mx_companies/irs_billed.haml: {"insertSpaces":true,"tabSize":2}
web/app/models/finkok_response.rb: {"insertSpaces":true,"tabSize":2}
web/app/models/finkok_response.rb: Using EditorConfig core...
app/models/finkok_response.rb: editor.action.trimTrailingWhitespace
web/app/models/finkok_response.rb: Using EditorConfig core...
app/models/finkok_response.rb: editor.action.trimTrailingWhitespace
web/app/models/finkok_response.rb: Using EditorConfig core...
app/models/finkok_response.rb: editor.action.trimTrailingWhitespace
web/app/views/mx_companies/irs_billed.haml: {"insertSpaces":true,"tabSize":2}
undefined: {}
web/app/views/mx_companies/irs_billed.haml: {"insertSpaces":true,"tabSize":2}
undefined: {}
web/app/models/finkok_response.rb: {"insertSpaces":true,"tabSize":2}
web/app/models/finkok_response.rb: Using EditorConfig core...
app/models/finkok_response.rb: editor.action.trimTrailingWhitespace
web/app/models/finkok_response.rb: Using EditorConfig core...
app/models/finkok_response.rb: editor.action.trimTrailingWhitespace
web/app/models/finkok_response.rb: Using EditorConfig core...
app/models/finkok_response.rb: editor.action.trimTrailingWhitespace
web/app/helpers/mx_companies_helper.rb: {"insertSpaces":true,"tabSize":2}
web/app/helpers/mx_companies_helper.rb: Using EditorConfig core...
app/helpers/mx_companies_helper.rb: editor.action.trimTrailingWhitespace
web/app/helpers/mx_companies_helper.rb: Using EditorConfig core...
app/helpers/mx_companies_helper.rb: editor.action.trimTrailingWhitespace
web/app/views/mx_companies/irs_billed.haml: {"insertSpaces":true,"tabSize":2}
web/app/views/mx_companies/irs_billed.haml: Using EditorConfig core...
app/views/mx_companies/irs_billed.haml: editor.action.trimTrailingWhitespace
web/app/views/mx_companies/irs_billed.haml: Using EditorConfig core...
app/views/mx_companies/irs_billed.haml: editor.action.trimTrailingWhitespace
web/app/views/mx_companies/irs_billed.haml: {"insertSpaces":true,"tabSize":2}
web/app/views/mx_companies/irs_billed.haml: Using EditorConfig core...
app/views/mx_companies/irs_billed.haml: editor.action.trimTrailingWhitespace
web/app/helpers/mx_companies_helper.rb: {"insertSpaces":true,"tabSize":2}
web/app/helpers/mx_companies_helper.rb: Using EditorConfig core...
app/helpers/mx_companies_helper.rb: editor.action.trimTrailingWhitespace
web/app/views/mx_companies/irs_billed.haml: {"insertSpaces":true,"tabSize":2}
web/app/views/mx_companies/irs_billed.haml: Using EditorConfig core...
app/views/mx_companies/irs_billed.haml: editor.action.trimTrailingWhitespace
web/app/helpers/mx_companies_helper.rb: {"insertSpaces":true,"tabSize":2}
web/app/helpers/mx_companies_helper.rb: Using EditorConfig core...
app/helpers/mx_companies_helper.rb: editor.action.trimTrailingWhitespace
web/app/helpers/mx_companies_helper.rb: Using EditorConfig core...
app/helpers/mx_companies_helper.rb: editor.action.trimTrailingWhitespace
web/app/helpers/mx_companies_helper.rb: Using EditorConfig core...
app/helpers/mx_companies_helper.rb: editor.action.trimTrailingWhitespace
web/app/helpers/mx_companies_helper.rb: {"insertSpaces":true,"tabSize":2}
web/app/helpers/mx_companies_helper.rb: {"insertSpaces":true,"tabSize":2}
web/app/views/mx_companies/irs_billed.haml: {"insertSpaces":true,"tabSize":2}
web/app/views/mx_companies/irs_billed.haml: Using EditorConfig core...
app/views/mx_companies/irs_billed.haml: editor.action.trimTrailingWhitespace
web/app/views/mx_companies/irs_billed.haml: {"insertSpaces":true,"tabSize":2}
web/app/views/mx_companies/irs_billed.haml: Using EditorConfig core...
app/views/mx_companies/irs_billed.haml: editor.action.trimTrailingWhitespace
web/app/views/mx_companies/irs_billed.haml: {"insertSpaces":true,"tabSize":2}
web/app/views/mx_companies/irs_billed.haml: Using EditorConfig core...
app/views/mx_companies/irs_billed.haml: editor.action.trimTrailingWhitespace
web/app/views/mx_companies/irs_billed.haml: Using EditorConfig core...
app/views/mx_companies/irs_billed.haml: editor.action.trimTrailingWhitespace
web/app/views/mx_companies/irs_billed.haml: {"insertSpaces":true,"tabSize":2}
web/app/views/mx_companies/irs_billed.haml: {"insertSpaces":true,"tabSize":2}
web/app/views/mx_companies/irs_billed.haml: Using EditorConfig core...
app/views/mx_companies/irs_billed.haml: editor.action.trimTrailingWhitespace
web/app/views/mx_companies/irs_billed.haml: {"insertSpaces":true,"tabSize":2}
web/app/views/mx_companies/irs_billed.haml: Using EditorConfig core...
app/views/mx_companies/irs_billed.haml: editor.action.trimTrailingWhitespace
web/app/views/mx_companies/irs_billed.haml: {"insertSpaces":true,"tabSize":2}
web/app/views/mx_companies/irs_billed.haml: {"insertSpaces":true,"tabSize":2}
web/app/views/mx_companies/irs_billed.haml: {"insertSpaces":true,"tabSize":2}
web/config/locales/activerecord/es-MX.yml: {"insertSpaces":true,"tabSize":2}
web/config/locales/activerecord/es.yml: {"insertSpaces":true,"tabSize":2}
web/config/locales/activerecord/es.yml: Using EditorConfig core...
config/locales/activerecord/es.yml: editor.action.trimTrailingWhitespace
web/config/locales/activerecord/es.yml: {"insertSpaces":true,"tabSize":2}
web/app/views/mx_companies/irs_billed.haml: {"insertSpaces":true,"tabSize":2}
web/app/controllers/finkok_responses_controller.rb: {"insertSpaces":true,"tabSize":2}
web/app/controllers/finkok_responses_controller.rb: Using EditorConfig core...
app/controllers/finkok_responses_controller.rb: editor.action.trimTrailingWhitespace
web/app/controllers/finkok_responses_controller.rb: Using EditorConfig core...
app/controllers/finkok_responses_controller.rb: editor.action.trimTrailingWhitespace
web/app/controllers/finkok_responses_controller.rb: {"insertSpaces":true,"tabSize":2}
web/app/models/finkok_response.rb: {"insertSpaces":true,"tabSize":2}
web/app/models/finkok_response.rb: {"insertSpaces":true,"tabSize":2}
web/app/controllers/finkok_responses_controller.rb: {"insertSpaces":true,"tabSize":2}
web/app/views/mx_companies/irs_billed.haml: {"insertSpaces":true,"tabSize":2}
web/app/views/mx_companies/irs_billed.haml: {"insertSpaces":true,"tabSize":2}
web/app/views/mx_companies/irs_billed.haml: {"insertSpaces":true,"tabSize":2}
web/app/views/mx_companies/irs_billed.haml: {"insertSpaces":true,"tabSize":2}
web/app/views/mx_companies/irs_billed.haml: {"insertSpaces":true,"tabSize":2}
web/app/views/mx_companies/irs_billed.haml: {"insertSpaces":true,"tabSize":2}
web/app/controllers/finkok_responses_controller.rb: {"insertSpaces":true,"tabSize":2}
web/app/controllers/finkok_responses_controller.rb: Using EditorConfig core...
app/controllers/finkok_responses_controller.rb: editor.action.trimTrailingWhitespace
web/app/controllers/finkok_responses_controller.rb: {"insertSpaces":true,"tabSize":2}
web/app/controllers/finkok_responses_controller.rb: {"insertSpaces":true,"tabSize":2}
web/app/controllers/finkok_responses_controller.rb: {"insertSpaces":true,"tabSize":2}
web/app/controllers/finkok_responses_controller.rb: Using EditorConfig core...
app/controllers/finkok_responses_controller.rb: editor.action.trimTrailingWhitespace
web/app/controllers/finkok_responses_controller.rb: {"insertSpaces":true,"tabSize":2}
web/app/controllers/finkok_responses_controller.rb: {"insertSpaces":true,"tabSize":2}
web/app/controllers/finkok_responses_controller.rb: {"insertSpaces":true,"tabSize":2}
web/app/controllers/finkok_responses_controller.rb: {"insertSpaces":true,"tabSize":2}
web/app/controllers/finkok_responses_controller.rb: {"insertSpaces":true,"tabSize":2}
web/app/controllers/finkok_responses_controller.rb: {"insertSpaces":true,"tabSize":2}
web/app/controllers/finkok_responses_controller.rb: {"insertSpaces":true,"tabSize":2}
web/app/controllers/finkok_responses_controller.rb: {"insertSpaces":true,"tabSize":2}
web/config/locales/activerecord/es.yml: {"insertSpaces":true,"tabSize":2}
web/config/locales/activerecord/es.yml: {"insertSpaces":true,"tabSize":2}
web/config/locales/activerecord/es.yml: {"insertSpaces":true,"tabSize":2}
web/app/models/finkok_response.rb: {"insertSpaces":true,"tabSize":2}
web/app/models/finkok_response.rb: Using EditorConfig core...
app/models/finkok_response.rb: editor.action.trimTrailingWhitespace
web/app/models/finkok_response.rb: {"insertSpaces":true,"tabSize":2}
web/app/models/finkok_response.rb: {"insertSpaces":true,"tabSize":2}
web/app/models/finkok_response.rb: {"insertSpaces":true,"tabSize":2}
web/app/models/finkok_response.rb: {"insertSpaces":true,"tabSize":2}
web/app/models/finkok_response.rb: {"insertSpaces":true,"tabSize":2}
web/app/models/finkok_response.rb: {"insertSpaces":true,"tabSize":2}
web/app/models/finkok_response.rb: {"insertSpaces":true,"tabSize":2}
web/app/models/finkok_response.rb: {"insertSpaces":true,"tabSize":2}
web/app/models/finkok_response.rb: {"insertSpaces":true,"tabSize":2}
web/app/models/finkok_response.rb: {"insertSpaces":true,"tabSize":2}
web/app/models/finkok_response.rb: {"insertSpaces":true,"tabSize":2}
web/app/models/finkok_response.rb: {"insertSpaces":true,"tabSize":2}
web/app/models/finkok_response.rb: {"insertSpaces":true,"tabSize":2}
web/app/models/finkok_response.rb: {"insertSpaces":true,"tabSize":2}
web/app/models/finkok_response.rb: {"insertSpaces":true,"tabSize":2}
web/app/models/finkok_response.rb: {"insertSpaces":true,"tabSize":2}
web/app/models/finkok_response.rb: {"insertSpaces":true,"tabSize":2}
web/app/models/finkok_response.rb: {"insertSpaces":true,"tabSize":2}
web/app/models/finkok_response.rb: {"insertSpaces":true,"tabSize":2}
web/app/models/finkok_response.rb: {"insertSpaces":true,"tabSize":2}
web/app/models/finkok_response.rb: Using EditorConfig core...
app/models/finkok_response.rb: editor.action.trimTrailingWhitespace
web/app/models/finkok_response.rb: {"insertSpaces":true,"tabSize":2}
web/app/models/finkok_response.rb: {"insertSpaces":true,"tabSize":2}
web/app/controllers/finkok_responses_controller.rb: {"insertSpaces":true,"tabSize":2}
web/app/jobs/cancel_irs_bill_job.rb: {"insertSpaces":true,"tabSize":2}
web/app/services/finkok_responses/cancel_irs_bill.rb: {"insertSpaces":true,"tabSize":2}
web/app/services/finkok_responses/cancel_irs_bill.rb: {"insertSpaces":true,"tabSize":2}
web/app/services/finkok_responses/cancel_irs_bill.rb: {"insertSpaces":true,"tabSize":2}
web/app/services/finkok_responses/cancel_irs_bill.rb: {"insertSpaces":true,"tabSize":2}
web/app/services/finkok_responses/cancel_irs_bill.rb: {"insertSpaces":true,"tabSize":2}
web/app/services/finkok_responses/cancel_irs_bill.rb: {"insertSpaces":true,"tabSize":2}
web/app/services/finkok_responses/cancel_irs_bill.rb: {"insertSpaces":true,"tabSize":2}
web/app/services/finkok_responses/cancel_irs_bill.rb: {"insertSpaces":true,"tabSize":2}
web/app/services/finkok_responses/cancel_irs_bill.rb: {"insertSpaces":true,"tabSize":2}
web/app/services/finkok_responses/cancel_irs_bill.rb: {"insertSpaces":true,"tabSize":2}
web/app/services/finkok_responses/cancel_irs_bill.rb: {"insertSpaces":true,"tabSize":2}
web/app/services/finkok_responses/cancel_irs_bill.rb: {"insertSpaces":true,"tabSize":2}
web/app/services/finkok_responses/cancel_irs_bill.rb: {"insertSpaces":true,"tabSize":2}
web/app/services/finkok_responses/cancel_irs_bill.rb: {"insertSpaces":true,"tabSize":2}
web/app/models/finkok_response.rb: {"insertSpaces":true,"tabSize":2}
web/app/models/finkok_response.rb: Using EditorConfig core...
app/models/finkok_response.rb: editor.action.trimTrailingWhitespace
web/app/models/finkok_response.rb: {"insertSpaces":true,"tabSize":2}
web/app/models/finkok_response.rb: Using EditorConfig core...
app/models/finkok_response.rb: editor.action.trimTrailingWhitespace
web/app/models/finkok_response.rb: Using EditorConfig core...
app/models/finkok_response.rb: editor.action.trimTrailingWhitespace
web/app/models/finkok_response.rb: {"insertSpaces":true,"tabSize":2}
web/app/models/finkok_response.rb: {"insertSpaces":true,"tabSize":2}
web/app/models/finkok_response.rb: {"insertSpaces":true,"tabSize":2}
web/app/models/finkok_response.rb: {"insertSpaces":true,"tabSize":2}
web/app/models/finkok_response.rb: {"insertSpaces":true,"tabSize":2}
web/app/models/finkok_response.rb: {"insertSpaces":true,"tabSize":2}
web/app/models/finkok_response.rb: {"insertSpaces":true,"tabSize":2}
web/app/models/finkok_response.rb: {"insertSpaces":true,"tabSize":2}
web/app/models/finkok_response.rb: {"insertSpaces":true,"tabSize":2}
web/app/models/finkok_response.rb: {"insertSpaces":true,"tabSize":2}
web/app/models/finkok_response.rb: {"insertSpaces":true,"tabSize":2}
web/app/models/finkok_response.rb: {"insertSpaces":true,"tabSize":2}
web/app/models/finkok_response.rb: {"insertSpaces":true,"tabSize":2}
web/app/services/finkok_responses/cancel_irs_bill.rb: {"insertSpaces":true,"tabSize":2}
web/app/lib/finkok/document.rb: {"insertSpaces":true,"tabSize":2}
web/app/models/finkok_response.rb: {"insertSpaces":true,"tabSize":2}
web/app/lib/finkok/document.rb: {"insertSpaces":true,"tabSize":2}
web/app/lib/finkok/document.rb: {"insertSpaces":true,"tabSize":2}
web/app/lib/finkok/document.rb: {"insertSpaces":true,"tabSize":2}
web/app/lib/finkok/document.rb: {"insertSpaces":true,"tabSize":2}
web/app/lib/finkok/document.rb: {"insertSpaces":true,"tabSize":2}
web/app/lib/finkok/document.rb: {"insertSpaces":true,"tabSize":2}
web/app/lib/constants/finkok_response.rb: {"insertSpaces":true,"tabSize":2}
web/app/lib/constants/finkok_response.rb: Using EditorConfig core...
app/lib/constants/finkok_response.rb: editor.action.trimTrailingWhitespace
web/app/lib/constants/finkok_response.rb: Using EditorConfig core...
app/lib/constants/finkok_response.rb: editor.action.trimTrailingWhitespace
web/app/lib/constants/finkok_response.rb: Using EditorConfig core...
app/lib/constants/finkok_response.rb: editor.action.trimTrailingWhitespace
web/app/lib/constants/finkok_response.rb: {"insertSpaces":true,"tabSize":2}
web/app/lib/constants/finkok_response.rb: {"insertSpaces":true,"tabSize":2}
web/app/lib/constants/finkok_response.rb: Using EditorConfig core...
app/lib/constants/finkok_response.rb: editor.action.trimTrailingWhitespace
web/app/lib/constants/finkok_response.rb: Using EditorConfig core...
app/lib/constants/finkok_response.rb: editor.action.trimTrailingWhitespace
web/app/lib/constants/finkok_response.rb: Using EditorConfig core...
app/lib/constants/finkok_response.rb: editor.action.trimTrailingWhitespace
web/app/lib/constants/finkok_response.rb: {"insertSpaces":true,"tabSize":2}
web/app/models/finkok_response.rb: {"insertSpaces":true,"tabSize":2}
web/app/models/finkok_response.rb: Using EditorConfig core...
app/models/finkok_response.rb: editor.action.trimTrailingWhitespace
web/app/models/finkok_response.rb: {"insertSpaces":true,"tabSize":2}
web/app/models/finkok_response.rb: {"insertSpaces":true,"tabSize":2}
web/app/models/finkok_response.rb: {"insertSpaces":true,"tabSize":2}
web/app/models/finkok_response.rb: Using EditorConfig core...
app/models/finkok_response.rb: editor.action.trimTrailingWhitespace
web/app/models/finkok_response.rb: {"insertSpaces":true,"tabSize":2}
web/app/models/finkok_response.rb: {"insertSpaces":true,"tabSize":2}
web/app/models/finkok_response.rb: {"insertSpaces":true,"tabSize":2}
web/app/models/finkok_response.rb: {"insertSpaces":true,"tabSize":2}
web/app/lib/constants/finkok_response.rb: {"insertSpaces":true,"tabSize":2}
web/app/lib/constants/finkok_response.rb: Using EditorConfig core...
app/lib/constants/finkok_response.rb: editor.action.trimTrailingWhitespace
web/app/lib/constants/finkok_response.rb: {"insertSpaces":true,"tabSize":2}
web/app/lib/constants/finkok_response.rb: {"insertSpaces":true,"tabSize":2}
web/app/lib/constants/finkok_response.rb: {"insertSpaces":true,"tabSize":2}
web/app/lib/constants/finkok_response.rb: {"insertSpaces":true,"tabSize":2}
web/app/lib/constants/finkok_response.rb: {"insertSpaces":true,"tabSize":2}
web/app/lib/constants/finkok_response.rb: {"insertSpaces":true,"tabSize":2}
web/app/lib/constants/finkok_response.rb: {"insertSpaces":true,"tabSize":2}
web/app/models/finkok_response.rb: {"insertSpaces":true,"tabSize":2}
web/app/models/finkok_response.rb: Using EditorConfig core...
app/models/finkok_response.rb: editor.action.trimTrailingWhitespace
web/app/models/finkok_response.rb: {"insertSpaces":true,"tabSize":2}
web/app/models/finkok_response.rb: {"insertSpaces":true,"tabSize":2}
web/app/models/finkok_response.rb: {"insertSpaces":true,"tabSize":2}
web/app/models/finkok_response.rb: {"insertSpaces":true,"tabSize":2}
web/app/models/finkok_response.rb: {"insertSpaces":true,"tabSize":2}
web/app/models/finkok_response.rb: {"insertSpaces":true,"tabSize":2}
web/app/models/finkok_response.rb: {"insertSpaces":true,"tabSize":2}
web/app/models/finkok_response.rb: {"insertSpaces":true,"tabSize":2}
web/app/models/finkok_response.rb: {"insertSpaces":true,"tabSize":2}
web/app/models/finkok_response.rb: {"insertSpaces":true,"tabSize":2}
web/app/models/finkok_response.rb: {"insertSpaces":true,"tabSize":2}
web/app/models/finkok_response.rb: {"insertSpaces":true,"tabSize":2}
web/app/models/finkok_response.rb: {"insertSpaces":true,"tabSize":2}
web/app/helpers/mx_companies_helper.rb: {"insertSpaces":true,"tabSize":2}
web/app/models/finkok_response.rb: {"insertSpaces":true,"tabSize":2}
web/app/helpers/mx_companies_helper.rb: {"insertSpaces":true,"tabSize":2}
web/app/models/finkok_response.rb: {"insertSpaces":true,"tabSize":2}
web/app/models/finkok_response.rb: {"insertSpaces":true,"tabSize":2}
web/app/models/finkok_response.rb: {"insertSpaces":true,"tabSize":2}
web/app/models/finkok_response.rb: {"insertSpaces":true,"tabSize":2}
web/app/models/finkok_response.rb: {"insertSpaces":true,"tabSize":2}
web/app/models/finkok_response.rb: Using EditorConfig core...
app/models/finkok_response.rb: editor.action.trimTrailingWhitespace
web/app/models/finkok_response.rb: Using EditorConfig core...
app/models/finkok_response.rb: editor.action.trimTrailingWhitespace
web/app/models/finkok_response.rb: {"insertSpaces":true,"tabSize":2}
web/app/models/finkok_response.rb: {"insertSpaces":true,"tabSize":2}
web/app/lib/constants/finkok_response.rb: {"insertSpaces":true,"tabSize":2}
web/app/lib/constants/finkok_response.rb: Using EditorConfig core...
app/lib/constants/finkok_response.rb: editor.action.trimTrailingWhitespace
web/app/lib/constants/finkok_response.rb: Using EditorConfig core...
app/lib/constants/finkok_response.rb: editor.action.trimTrailingWhitespace
web/app/lib/constants/finkok_response.rb: {"insertSpaces":true,"tabSize":2}
web/app/lib/constants/finkok_response.rb: {"insertSpaces":true,"tabSize":2}
web/app/lib/constants/finkok_response.rb: {"insertSpaces":true,"tabSize":2}
web/app/models/finkok_response.rb: {"insertSpaces":true,"tabSize":2}
web/app/models/finkok_response.rb: Using EditorConfig core...
app/models/finkok_response.rb: editor.action.trimTrailingWhitespace
web/app/models/finkok_response.rb: Using EditorConfig core...
app/models/finkok_response.rb: editor.action.trimTrailingWhitespace
web/app/models/finkok_response.rb: Using EditorConfig core...
app/models/finkok_response.rb: editor.action.trimTrailingWhitespace
web/app/models/finkok_response.rb: Using EditorConfig core...
app/models/finkok_response.rb: editor.action.trimTrailingWhitespace
web/app/models/finkok_response.rb: Using EditorConfig core...
app/models/finkok_response.rb: editor.action.trimTrailingWhitespace
web/app/models/finkok_response.rb: Using EditorConfig core...
app/models/finkok_response.rb: editor.action.trimTrailingWhitespace
web/app/models/finkok_response.rb: Using EditorConfig core...
app/models/finkok_response.rb: editor.action.trimTrailingWhitespace
web/app/models/finkok_response.rb: Using EditorConfig core...
app/models/finkok_response.rb: editor.action.trimTrailingWhitespace
web/app/models/finkok_response.rb: Using EditorConfig core...
app/models/finkok_response.rb: editor.action.trimTrailingWhitespace
web/app/models/finkok_response.rb: Using EditorConfig core...
app/models/finkok_response.rb: editor.action.trimTrailingWhitespace
web/app/models/finkok_response.rb: Using EditorConfig core...
app/models/finkok_response.rb: editor.action.trimTrailingWhitespace
web/app/models/finkok_response.rb: Using EditorConfig core...
app/models/finkok_response.rb: editor.action.trimTrailingWhitespace
web/app/models/finkok_response.rb: Using EditorConfig core...
app/models/finkok_response.rb: editor.action.trimTrailingWhitespace
web/app/models/finkok_response.rb: Using EditorConfig core...
app/models/finkok_response.rb: editor.action.trimTrailingWhitespace
web/app/models/finkok_response.rb: {"insertSpaces":true,"tabSize":2}
web/app/models/finkok_response.rb: {"insertSpaces":true,"tabSize":2}
web/app/models/finkok_response.rb: {"insertSpaces":true,"tabSize":2}
web/app/models/finkok_response.rb: {"insertSpaces":true,"tabSize":2}
web/app/models/finkok_response.rb: {"insertSpaces":true,"tabSize":2}
web/app/models/finkok_response.rb: {"insertSpaces":true,"tabSize":2}
web/app/models/finkok_response.rb: {"insertSpaces":true,"tabSize":2}
web/app/models/finkok_response.rb: {"insertSpaces":true,"tabSize":2}
web/app/models/finkok_response.rb: {"insertSpaces":true,"tabSize":2}
web/app/models/finkok_response.rb: {"insertSpaces":true,"tabSize":2}
web/app/models/finkok_response.rb: {"insertSpaces":true,"tabSize":2}
web/app/models/finkok_response.rb: {"insertSpaces":true,"tabSize":2}
web/app/models/finkok_response.rb: {"insertSpaces":true,"tabSize":2}
web/app/models/finkok_response.rb: {"insertSpaces":true,"tabSize":2}
web/spec/models/finkok_response_spec.rb: {"insertSpaces":true,"tabSize":2}
web/app/models/finkok_response.rb: {"insertSpaces":true,"tabSize":2}
web/app/models/finkok_response.rb: {"insertSpaces":true,"tabSize":2}
web/app/models/finkok_response.rb: {"insertSpaces":true,"tabSize":2}
web/app/models/finkok_response.rb: {"insertSpaces":true,"tabSize":2}
web/app/models/finkok_response.rb: {"insertSpaces":true,"tabSize":2}
web/app/models/finkok_response.rb: {"insertSpaces":true,"tabSize":2}
web/app/models/finkok_response.rb: {"insertSpaces":true,"tabSize":2}
web/app/models/finkok_response.rb: {"insertSpaces":true,"tabSize":2}
web/app/models/finkok_response.rb: {"insertSpaces":true,"tabSize":2}
web/app/models/finkok_response.rb: {"insertSpaces":true,"tabSize":2}
web/app/models/finkok_response.rb: Using EditorConfig core...
app/models/finkok_response.rb: editor.action.trimTrailingWhitespace
web/app/models/finkok_response.rb: {"insertSpaces":true,"tabSize":2}
web/app/models/finkok_response.rb: {"insertSpaces":true,"tabSize":2}
web/app/lib/constants/finkok_response.rb: {"insertSpaces":true,"tabSize":2}
web/app/models/finkok_response.rb: {"insertSpaces":true,"tabSize":2}
web/app/controllers/finkok_responses_controller.rb: {"insertSpaces":true,"tabSize":2}
web/app/models/finkok_response.rb: {"insertSpaces":true,"tabSize":2}
web/app/helpers/mx_companies_helper.rb: {"insertSpaces":true,"tabSize":2}
web/app/lib/constants/finkok_response.rb: {"insertSpaces":true,"tabSize":2}
web/app/lib/finkok/document.rb: {"insertSpaces":true,"tabSize":2}
web/app/models/finkok_response.rb: {"insertSpaces":true,"tabSize":2}
web/app/models/finkok_response.rb: {"insertSpaces":true,"tabSize":2}
web/app/models/finkok_response.rb: {"insertSpaces":true,"tabSize":2}
web/app/models/finkok_response.rb: Using EditorConfig core...
app/models/finkok_response.rb: editor.action.trimTrailingWhitespace
web/app/models/finkok_response.rb: {"insertSpaces":true,"tabSize":2}
web/config/locales/views/es.yml: {"insertSpaces":true,"tabSize":2}
web/app/lib/constants/finkok_response.rb: {"insertSpaces":true,"tabSize":2}
web/config/locales/views/es.yml: {"insertSpaces":true,"tabSize":2}
web/config/locales/views/es.yml: Using EditorConfig core...
config/locales/views/es.yml: editor.action.trimTrailingWhitespace
web/app/lib/constants/finkok_response.rb: {"insertSpaces":true,"tabSize":2}
web/config/locales/views/es.yml: {"insertSpaces":true,"tabSize":2}
web/config/locales/views/es.yml: Using EditorConfig core...
config/locales/views/es.yml: editor.action.trimTrailingWhitespace
web/app/lib/constants/finkok_response.rb: {"insertSpaces":true,"tabSize":2}
web/config/locales/views/es.yml: {"insertSpaces":true,"tabSize":2}
web/config/locales/views/es.yml: Using EditorConfig core...
config/locales/views/es.yml: editor.action.trimTrailingWhitespace
web/app/lib/constants/finkok_response.rb: {"insertSpaces":true,"tabSize":2}
web/config/locales/views/es.yml: {"insertSpaces":true,"tabSize":2}
web/config/locales/views/es.yml: Using EditorConfig core...
config/locales/views/es.yml: editor.action.trimTrailingWhitespace
web/config/locales/views/es.yml: Using EditorConfig core...
config/locales/views/es.yml: editor.action.trimTrailingWhitespace
web/app/lib/constants/finkok_response.rb: {"insertSpaces":true,"tabSize":2}
web/app/lib/constants/finkok_response.rb: Using EditorConfig core...
app/lib/constants/finkok_response.rb: editor.action.trimTrailingWhitespace
web/app/lib/constants/finkok_response.rb: Using EditorConfig core...
app/lib/constants/finkok_response.rb: editor.action.trimTrailingWhitespace
web/app/lib/constants/finkok_response.rb: Using EditorConfig core...
app/lib/constants/finkok_response.rb: editor.action.trimTrailingWhitespace
web/app/lib/constants/finkok_response.rb: Using EditorConfig core...
app/lib/constants/finkok_response.rb: editor.action.trimTrailingWhitespace
web/app/lib/constants/finkok_response.rb: Using EditorConfig core...
app/lib/constants/finkok_response.rb: editor.action.trimTrailingWhitespace
web/app/lib/constants/finkok_response.rb: Using EditorConfig core...
app/lib/constants/finkok_response.rb: editor.action.trimTrailingWhitespace
web/app/lib/constants/finkok_response.rb: Using EditorConfig core...
app/lib/constants/finkok_response.rb: editor.action.trimTrailingWhitespace
web/app/lib/constants/finkok_response.rb: {"insertSpaces":true,"tabSize":2}
web/app/lib/constants/finkok_response.rb: {"insertSpaces":true,"tabSize":2}
web/app/lib/constants/finkok_response.rb: {"insertSpaces":true,"tabSize":2}
web/app/controllers/finkok_responses_controller.rb: {"insertSpaces":true,"tabSize":2}
web/app/helpers/mx_companies_helper.rb: {"insertSpaces":true,"tabSize":2}
web/app/lib/constants/finkok_response.rb: {"insertSpaces":true,"tabSize":2}
web/app/lib/finkok/document.rb: {"insertSpaces":true,"tabSize":2}
web/app/models/finkok_response.rb: {"insertSpaces":true,"tabSize":2}
web/app/views/mx_companies/irs_billed.haml: {"insertSpaces":true,"tabSize":2}
web/config/puma.rb: {"insertSpaces":true,"tabSize":2}
web/config/locales/activerecord/es.yml: {"insertSpaces":true,"tabSize":2}
web/config/locales/views/es.yml: {"insertSpaces":true,"tabSize":2}
web/config/locales/activerecord/es.yml: {"insertSpaces":true,"tabSize":2}
web/config/locales/views/es.yml: {"insertSpaces":true,"tabSize":2}
web/app/lib/constants/finkok_response.rb: {"insertSpaces":true,"tabSize":2}
web/app/lib/constants/finkok_response.rb: {"insertSpaces":true,"tabSize":2}
web/app/lib/constants/finkok_response.rb: {"insertSpaces":true,"tabSize":2}
web/app/lib/constants/finkok_response.rb: {"insertSpaces":true,"tabSize":2}
web/app/lib/constants/finkok_response.rb: {"insertSpaces":true,"tabSize":2}
web/app/lib/constants/finkok_response.rb: {"insertSpaces":true,"tabSize":2}
web/app/lib/constants/finkok_response.rb: {"insertSpaces":true,"tabSize":2}
web/app/lib/constants/finkok_response.rb: {"insertSpaces":true,"tabSize":2}
web/app/lib/constants/finkok_response.rb: {"insertSpaces":true,"tabSize":2}
web/app/lib/constants/finkok_response.rb: {"insertSpaces":true,"tabSize":2}
web/app/lib/constants/finkok_response.rb: {"insertSpaces":true,"tabSize":2}
web/app/lib/constants/finkok_response.rb: {"insertSpaces":true,"tabSize":2}
web/app/lib/constants/finkok_response.rb: {"insertSpaces":true,"tabSize":2}
web/app/lib/constants/finkok_response.rb: {"insertSpaces":true,"tabSize":2}
web/app/lib/constants/finkok_response.rb: {"insertSpaces":true,"tabSize":2}
web/app/lib/constants/finkok_response.rb: {"insertSpaces":true,"tabSize":2}
web/app/lib/constants/finkok_response.rb: {"insertSpaces":true,"tabSize":2}
web/app/lib/constants/finkok_response.rb: {"insertSpaces":true,"tabSize":2}
web/app/lib/constants/finkok_response.rb: {"insertSpaces":true,"tabSize":2}
web/app/lib/constants/finkok_response.rb: {"insertSpaces":true,"tabSize":2}
web/app/lib/constants/finkok_response.rb: {"insertSpaces":true,"tabSize":2}
web/app/lib/constants/finkok_response.rb: {"insertSpaces":true,"tabSize":2}
web/app/lib/constants/finkok_response.rb: {"insertSpaces":true,"tabSize":2}
web/app/lib/constants/finkok_response.rb: {"insertSpaces":true,"tabSize":2}
web/app/lib/constants/finkok_response.rb: {"insertSpaces":true,"tabSize":2}
web/app/lib/constants/finkok_response.rb: {"insertSpaces":true,"tabSize":2}
web/app/lib/constants/finkok_response.rb: {"insertSpaces":true,"tabSize":2}
web/app/lib/constants/finkok_response.rb: {"insertSpaces":true,"tabSize":2}
web/app/lib/constants/finkok_response.rb: {"insertSpaces":true,"tabSize":2}
web/app/controllers/finkok_responses_controller.rb: {"insertSpaces":true,"tabSize":2}
web/app/helpers/mx_companies_helper.rb: {"insertSpaces":true,"tabSize":2}
web/app/lib/constants/finkok_response.rb: {"insertSpaces":true,"tabSize":2}
web/app/lib/finkok/document.rb: {"insertSpaces":true,"tabSize":2}
web/app/models/finkok_response.rb: {"insertSpaces":true,"tabSize":2}
web/app/views/mx_companies/irs_billed.haml: {"insertSpaces":true,"tabSize":2}
web/config/locales/activerecord/es.yml: {"insertSpaces":true,"tabSize":2}
web/config/locales/views/es.yml: {"insertSpaces":true,"tabSize":2}
web/app/controllers/finkok_responses_controller.rb: {"insertSpaces":true,"tabSize":2}
web/app/helpers/mx_companies_helper.rb: {"insertSpaces":true,"tabSize":2}
web/app/lib/constants/finkok_response.rb: {"insertSpaces":true,"tabSize":2}
web/app/lib/finkok/document.rb: {"insertSpaces":true,"tabSize":2}
web/app/models/finkok_response.rb: {"insertSpaces":true,"tabSize":2}
web/config/locales/activerecord/es.yml: {"insertSpaces":true,"tabSize":2}
web/config/locales/views/es.yml: {"insertSpaces":true,"tabSize":2}
web/app/controllers/finkok_responses_controller.rb: {"insertSpaces":true,"tabSize":2}
web/app/helpers/mx_companies_helper.rb: {"insertSpaces":true,"tabSize":2}
web/app/lib/constants/finkok_response.rb: {"insertSpaces":true,"tabSize":2}
web/app/lib/finkok/document.rb: {"insertSpaces":true,"tabSize":2}
web/app/models/finkok_response.rb: {"insertSpaces":true,"tabSize":2}
web/app/views/mx_companies/irs_billed.haml: {"insertSpaces":true,"tabSize":2}
web/config/locales/activerecord/es.yml: {"insertSpaces":true,"tabSize":2}
web/config/locales/views/es.yml: {"insertSpaces":true,"tabSize":2}
web/app/views/mx_companies/irs_billed.haml: {"insertSpaces":true,"tabSize":2}
web/config/locales/activerecord/es.yml: {"insertSpaces":true,"tabSize":2}
web/config/locales/views/es.yml: {"insertSpaces":true,"tabSize":2}
web/config/puma.rb: {"insertSpaces":true,"tabSize":2}
web/config/locales/views/es.yml: {"insertSpaces":true,"tabSize":2}
web/config/locales/views/es.yml: {"insertSpaces":true,"tabSize":2}
web/config/locales/views/es.yml: {"insertSpaces":true,"tabSize":2}
web/config/locales/views/es.yml: {"insertSpaces":true,"tabSize":2}
web/config/locales/views/es.yml: {"insertSpaces":true,"tabSize":2}
web/config/locales/views/es.yml: {"insertSpaces":true,"tabSize":2}
web/config/locales/views/es.yml: {"insertSpaces":true,"tabSize":2}
web/config/locales/views/es.yml: {"insertSpaces":true,"tabSize":2}
web/config/locales/views/es.yml: {"insertSpaces":true,"tabSize":2}
web/config/locales/views/es.yml: {"insertSpaces":true,"tabSize":2}
web/config/locales/views/es.yml: {"insertSpaces":true,"tabSize":2}
web/config/locales/views/es.yml: {"insertSpaces":true,"tabSize":2}
web/app/lib/constants/finkok_response.rb: {"insertSpaces":true,"tabSize":2}
web/app/lib/constants/finkok_response.rb: {"insertSpaces":true,"tabSize":2}
web/app/lib/constants/finkok_response.rb: {"insertSpaces":true,"tabSize":2}
web/app/lib/constants/finkok_response.rb: {"insertSpaces":true,"tabSize":2}
web/app/lib/constants/finkok_response.rb: {"insertSpaces":true,"tabSize":2}
web/app/lib/constants/finkok_response.rb: {"insertSpaces":true,"tabSize":2}
web/app/lib/constants/finkok_response.rb: {"insertSpaces":true,"tabSize":2}
web/app/lib/constants/finkok_response.rb: {"insertSpaces":true,"tabSize":2}
web/app/lib/constants/finkok_response.rb: {"insertSpaces":true,"tabSize":2}
web/app/lib/constants/finkok_response.rb: {"insertSpaces":true,"tabSize":2}
web/app/lib/constants/finkok_response.rb: {"insertSpaces":true,"tabSize":2}
web/app/lib/constants/finkok_response.rb: {"insertSpaces":true,"tabSize":2}
web/app/lib/constants/finkok_response.rb: {"insertSpaces":true,"tabSize":2}
web/app/lib/constants/finkok_response.rb: {"insertSpaces":true,"tabSize":2}
web/app/lib/constants/finkok_response.rb: {"insertSpaces":true,"tabSize":2}
web/app/lib/constants/finkok_response.rb: {"insertSpaces":true,"tabSize":2}
web/app/lib/constants/finkok_response.rb: {"insertSpaces":true,"tabSize":2}
web/app/lib/constants/finkok_response.rb: {"insertSpaces":true,"tabSize":2}
web/app/lib/constants/finkok_response.rb: {"insertSpaces":true,"tabSize":2}
web/app/lib/constants/finkok_response.rb: {"insertSpaces":true,"tabSize":2}
web/app/lib/constants/finkok_response.rb: {"insertSpaces":true,"tabSize":2}
web/app/lib/constants/finkok_response.rb: {"insertSpaces":true,"tabSize":2}
web/app/lib/constants/finkok_response.rb: {"insertSpaces":true,"tabSize":2}
web/app/lib/constants/finkok_response.rb: {"insertSpaces":true,"tabSize":2}
web/app/lib/constants/finkok_response.rb: {"insertSpaces":true,"tabSize":2}
web/app/lib/constants/finkok_response.rb: {"insertSpaces":true,"tabSize":2}
web/config/application.yml: {"insertSpaces":true,"tabSize":2}
web/config/initializers/rollbar.rb: {"insertSpaces":true,"tabSize":2}
web/config/initializers/rollbar.rb: Using EditorConfig core...
config/initializers/rollbar.rb: editor.action.trimTrailingWhitespace
web/config/initializers/rollbar.rb: {"insertSpaces":true,"tabSize":2}
web/config/initializers/rollbar.rb: Using EditorConfig core...
config/initializers/rollbar.rb: editor.action.trimTrailingWhitespace
web/config/initializers/rollbar.rb: {"insertSpaces":true,"tabSize":2}
web/config/initializers/rollbar.rb: {"insertSpaces":true,"tabSize":2}
web/config/initializers/rollbar.rb: {"insertSpaces":true,"tabSize":2}
web/config/initializers/rollbar.rb: {"insertSpaces":true,"tabSize":2}
web/config/initializers/rollbar.rb: Using EditorConfig core...
config/initializers/rollbar.rb: editor.action.trimTrailingWhitespace
web/config/initializers/rollbar.rb: {"insertSpaces":true,"tabSize":2}
web/config/initializers/rollbar.rb: {"insertSpaces":true,"tabSize":2}
web/config/initializers/rollbar.rb: {"insertSpaces":true,"tabSize":2}
web/config/initializers/rollbar.rb: {"insertSpaces":true,"tabSize":2}
web/config/initializers/rollbar.rb: {"insertSpaces":true,"tabSize":2}
web/config/initializers/rollbar.rb: {"insertSpaces":true,"tabSize":2}
web/config/initializers/rollbar.rb: {"insertSpaces":true,"tabSize":2}
web/config/initializers/rollbar.rb: {"insertSpaces":true,"tabSize":2}
web/config/initializers/rollbar.rb: {"insertSpaces":true,"tabSize":2}
web/config/initializers/rollbar.rb: Using EditorConfig core...
config/initializers/rollbar.rb: editor.action.trimTrailingWhitespace
web/config/initializers/rollbar.rb: {"insertSpaces":true,"tabSize":2}
web/config/initializers/rollbar.rb: {"insertSpaces":true,"tabSize":2}
web/config/initializers/rollbar.rb: {"insertSpaces":true,"tabSize":2}
web/config/initializers/rollbar.rb: {"insertSpaces":true,"tabSize":2}
web/config/initializers/rollbar.rb: {"insertSpaces":true,"tabSize":2}
web/config/initializers/rollbar.rb: {"insertSpaces":true,"tabSize":2}
web/config/initializers/rollbar.rb: {"insertSpaces":true,"tabSize":2}
web/config/initializers/rollbar.rb: {"insertSpaces":true,"tabSize":2}
web/config/initializers/rollbar.rb: {"insertSpaces":true,"tabSize":2}
web/config/initializers/rollbar.rb: {"insertSpaces":true,"tabSize":2}
web/config/initializers/rollbar.rb: {"insertSpaces":true,"tabSize":2}
web/config/initializers/rollbar.rb: {"insertSpaces":true,"tabSize":2}
web/config/initializers/rollbar.rb: {"insertSpaces":true,"tabSize":2}
web/config/initializers/rollbar.rb: {"insertSpaces":true,"tabSize":2}
web/config/initializers/rollbar.rb: {"insertSpaces":true,"tabSize":2}
web/config/initializers/rollbar.rb: {"insertSpaces":true,"tabSize":2}
web/config/initializers/rollbar.rb: {"insertSpaces":true,"tabSize":2}
web/config/initializers/rollbar.rb: {"insertSpaces":true,"tabSize":2}
web/config/initializers/rollbar.rb: {"insertSpaces":true,"tabSize":2}
web/config/initializers/rollbar.rb: {"insertSpaces":true,"tabSize":2}
web/config/initializers/rollbar.rb: {"insertSpaces":true,"tabSize":2}
web/config/initializers/rollbar.rb: {"insertSpaces":true,"tabSize":2}
web/config/initializers/rollbar.rb: {"insertSpaces":true,"tabSize":2}
web/config/initializers/rollbar.rb: {"insertSpaces":true,"tabSize":2}
web/config/initializers/rollbar.rb: {"insertSpaces":true,"tabSize":2}
web/config/initializers/rollbar.rb: {"insertSpaces":true,"tabSize":2}
web/config/initializers/rollbar.rb: {"insertSpaces":true,"tabSize":2}
web/config/initializers/rollbar.rb: {"insertSpaces":true,"tabSize":2}
web/config/initializers/rollbar.rb: {"insertSpaces":true,"tabSize":2}
web/config/initializers/rollbar.rb: {"insertSpaces":true,"tabSize":2}
web/config/initializers/rollbar.rb: {"insertSpaces":true,"tabSize":2}
web/app/forms/remuneration/salary_payment_form.rb: {"insertSpaces":true,"tabSize":2}
web/app/forms/remuneration/salary_payment_form.rb: {"insertSpaces":true,"tabSize":2}
web/app/forms/remuneration/salary_payment_form.rb: {"insertSpaces":true,"tabSize":2}
web/app/forms/remuneration/salary_payment_form.rb: {"insertSpaces":true,"tabSize":2}
web/app/forms/remuneration/salary_payment_form.rb: {"insertSpaces":true,"tabSize":2}
web/app/forms/remuneration/salary_payment_form.rb: {"insertSpaces":true,"tabSize":2}
web/app/forms/remuneration/salary_payment_form.rb: {"insertSpaces":true,"tabSize":2}
web/app/forms/remuneration/salary_payment_form.rb: {"insertSpaces":true,"tabSize":2}
web/app/forms/remuneration/salary_payment_form.rb: {"insertSpaces":true,"tabSize":2}
web/app/models/finkok_response.rb: {"insertSpaces":true,"tabSize":2}
web/app/models/finkok_response.rb: {"insertSpaces":true,"tabSize":2}
web/app/models/finkok_response.rb: {"insertSpaces":true,"tabSize":2}
web/app/models/finkok_response.rb: Using EditorConfig core...
app/models/finkok_response.rb: editor.action.trimTrailingWhitespace
web/app/models/finkok_response.rb: {"insertSpaces":true,"tabSize":2}
web/app/models/finkok_response.rb: {"insertSpaces":true,"tabSize":2}
web/config/initializers/rollbar.rb: {"insertSpaces":true,"tabSize":2}
web/config/initializers/rollbar.rb: {"insertSpaces":true,"tabSize":2}
web/config/initializers/rollbar.rb: {"insertSpaces":true,"tabSize":2}
web/config/initializers/rollbar.rb: {"insertSpaces":true,"tabSize":2}
web/config/initializers/rollbar.rb: {"insertSpaces":true,"tabSize":2}
web/config/initializers/rollbar.rb: {"insertSpaces":true,"tabSize":2}
web/config/initializers/rollbar.rb: {"insertSpaces":true,"tabSize":2}
web/config/initializers/rollbar.rb: Using EditorConfig core...
config/initializers/rollbar.rb: editor.action.trimTrailingWhitespace
web/config/initializers/rollbar.rb: {"insertSpaces":true,"tabSize":2}
web/config/initializers/rollbar.rb: {"insertSpaces":true,"tabSize":2}
web/config/initializers/rollbar.rb: {"insertSpaces":true,"tabSize":2}
web/config/initializers/rollbar.rb: {"insertSpaces":true,"tabSize":2}
web/config/initializers/rollbar.rb: {"insertSpaces":true,"tabSize":2}
web/config/initializers/rollbar.rb: {"insertSpaces":true,"tabSize":2}
web/config/initializers/rollbar.rb: {"insertSpaces":true,"tabSize":2}
web/config/initializers/rollbar.rb: {"insertSpaces":true,"tabSize":2}
web/config/initializers/rollbar.rb: {"insertSpaces":true,"tabSize":2}
web/config/initializers/rollbar.rb: {"insertSpaces":true,"tabSize":2}
web/config/initializers/rollbar.rb: {"insertSpaces":true,"tabSize":2}
web/config/initializers/rollbar.rb: {"insertSpaces":true,"tabSize":2}
web/config/initializers/rollbar.rb: {"insertSpaces":true,"tabSize":2}
web/config/initializers/rollbar.rb: {"insertSpaces":true,"tabSize":2}
web/config/initializers/rollbar.rb: {"insertSpaces":true,"tabSize":2}
web/config/initializers/rollbar.rb: {"insertSpaces":true,"tabSize":2}
web/config/initializers/rollbar.rb: {"insertSpaces":true,"tabSize":2}
web/app/models/finkok_response.rb: {"insertSpaces":true,"tabSize":2}
web/app/models/finkok_response.rb: {"insertSpaces":true,"tabSize":2}
web/app/models/finkok_response.rb: {"insertSpaces":true,"tabSize":2}
web/app/models/finkok_response.rb: {"insertSpaces":true,"tabSize":2}
web/app/lib/finkok/document.rb: {"insertSpaces":true,"tabSize":2}
web/app/lib/finkok/document.rb: Using EditorConfig core...
app/lib/finkok/document.rb: editor.action.trimTrailingWhitespace
web/app/lib/constants/finkok_response.rb: {"insertSpaces":true,"tabSize":2}
web/app/controllers/finkok_responses_controller.rb: {"insertSpaces":true,"tabSize":2}
web/app/models/finkok_response.rb: {"insertSpaces":true,"tabSize":2}
web/app/models/finkok_response.rb: Using EditorConfig core...
app/models/finkok_response.rb: editor.action.trimTrailingWhitespace
web/app/lib/finkok/document.rb: {"insertSpaces":true,"tabSize":2}
web/app/models/finkok_response.rb: {"insertSpaces":true,"tabSize":2}
web/app/models/finkok_response.rb: {"insertSpaces":true,"tabSize":2}
web/app/models/finkok_response.rb: {"insertSpaces":true,"tabSize":2}
web/app/models/finkok_response.rb: {"insertSpaces":true,"tabSize":2}
web/app/forms/remuneration/salary_payment_form.rb: {"insertSpaces":true,"tabSize":2}
web/app/models/payment.rb: {"insertSpaces":true,"tabSize":2}
web/app/forms/remuneration/salary_payment_form.rb: {"insertSpaces":true,"tabSize":2}
web/app/forms/remuneration/salary_payment_form.rb: {"insertSpaces":true,"tabSize":2}
web/app/lib/finkok/document.rb: {"insertSpaces":true,"tabSize":2}
web/app/lib/finkok/document.rb: {"insertSpaces":true,"tabSize":2}
web/app/lib/finkok/document.rb: {"insertSpaces":true,"tabSize":2}
web/app/lib/finkok/document.rb: {"insertSpaces":true,"tabSize":2}
web/app/lib/finkok/document.rb: {"insertSpaces":true,"tabSize":2}
web/app/lib/finkok/document.rb: {"insertSpaces":true,"tabSize":2}
web/app/lib/finkok/document.rb: {"insertSpaces":true,"tabSize":2}
web/app/lib/finkok/document.rb: {"insertSpaces":true,"tabSize":2}
web/app/lib/finkok/document.rb: Using EditorConfig core...
app/lib/finkok/document.rb: editor.action.trimTrailingWhitespace
web/app/lib/finkok/document.rb: Using EditorConfig core...
app/lib/finkok/document.rb: editor.action.trimTrailingWhitespace
web/app/lib/finkok/document.rb: {"insertSpaces":true,"tabSize":2}
web/app/lib/finkok/document.rb: {"insertSpaces":true,"tabSize":2}
web/app/lib/finkok/document.rb: {"insertSpaces":true,"tabSize":2}
web/app/lib/finkok/document.rb: {"insertSpaces":true,"tabSize":2}
web/app/lib/finkok/document.rb: {"insertSpaces":true,"tabSize":2}
web/app/models/finkok_response.rb: {"insertSpaces":true,"tabSize":2}
web/app/models/finkok_response.rb: {"insertSpaces":true,"tabSize":2}
web/app/models/finkok_response.rb: {"insertSpaces":true,"tabSize":2}
web/app/models/finkok_response.rb: {"insertSpaces":true,"tabSize":2}
web/app/models/finkok_response.rb: {"insertSpaces":true,"tabSize":2}
web/app/forms/remuneration/salary_payment_form.rb: {"insertSpaces":true,"tabSize":2}
web/app/jobs/cancel_irs_bill_job.rb: {"insertSpaces":true,"tabSize":2}
web/app/models/finkok_response.rb: {"insertSpaces":true,"tabSize":2}
web/app/models/finkok_response.rb: {"insertSpaces":true,"tabSize":2}
web/app/models/finkok_response.rb: {"insertSpaces":true,"tabSize":2}
web/app/models/finkok_response.rb: {"insertSpaces":true,"tabSize":2}
web/app/models/finkok_response.rb: {"insertSpaces":true,"tabSize":2}
web/app/models/finkok_response.rb: {"insertSpaces":true,"tabSize":2}
web/app/models/finkok_response.rb: {"insertSpaces":true,"tabSize":2}
web/app/models/finkok_response.rb: {"insertSpaces":true,"tabSize":2}
web/app/models/finkok_response.rb: {"insertSpaces":true,"tabSize":2}
web/app/models/finkok_response.rb: Using EditorConfig core...
app/models/finkok_response.rb: editor.action.trimTrailingWhitespace
web/app/models/finkok_response.rb: {"insertSpaces":true,"tabSize":2}
web/app/models/finkok_response.rb: {"insertSpaces":true,"tabSize":2}
web/app/models/finkok_response.rb: {"insertSpaces":true,"tabSize":2}
web/app/models/finkok_response.rb: {"insertSpaces":true,"tabSize":2}
web/app/models/finkok_response.rb: {"insertSpaces":true,"tabSize":2}
