Initializing document watcher...
Serverless/app/lib/jobs/generate_payment_pdf_job.rb: {}
Serverless/app/models/payment.rb: {}
Serverless/config/locales/views/es-MX.yml: {}
Serverless/config/locales/views/es.yml: {}
Serverless/config/locales/views/es-MX.yml: {}
Serverless/app/lib/jobs/generate_payment_pdf_job.rb: {}
Serverless/config/locales/views/es-MX.yml: {}
Serverless/config/locales/views/es-MX.yml: {}
Serverless/config/locales/views/es-MX.yml: {}
Serverless/config/locales/views/es-MX.yml: {}
Serverless/app/views/payments/new_design/show.pdf.haml: {}
Serverless/app/views/payments/new_design/_debt_assignation.html.haml: {}
Serverless/app/views/payments/new_design/_main_header.html.haml: {}
Serverless/app/views/payments/new_design/show.pdf.haml: {}
Serverless/app/views/payments/new_design/_payment_assign_payments.html.haml: {}
Serverless/app/views/payments/new_design/numbered_footer.html.haml: {}
Serverless/app/views/payments/new_design/_payment_assign_payments.html.haml: {}
Serverless/app/views/payments/new_design/_payment_assign_payment_portal_new_design.html.haml: {}
Serverless/app/views/payments/new_design/_new_design_header_old_layout.html.haml: {}
Serverless/app/views/payments/new_design/_debt_assignation.html.haml: {}
Serverless/app/lib/jobs/generate_payment_pdf_job.rb: {}
Serverless/app/lib/jobs/generate_payment_pdf_job.rb: {}
Serverless/app/lib/jobs/generate_payment_pdf_job.rb: {}
Serverless/app/views/payments/new_design/_debt_assignation.html.haml: {}
Serverless/app/views/payments/new_design/_main_header.html.haml: {}
Serverless/app/views/payments/new_design/_new_design_header_payment_portal_new_layout.html.haml: {}
Serverless/app/views/payments/new_design/_new_design_header_payment_portal_new_layout.html.haml: {}
Serverless/app/views/payments/new_design/_new_design_header_payment_portal_new_layout.html.haml: {}
Serverless/app/views/payments/new_design/_new_design_header_payment_portal_new_layout.html.haml: {}
Serverless/app/lib/jobs/generate_payment_pdf_job.rb: {}
Serverless/config/locales/views/es.yml: {}
Serverless/config/locales/views/es.yml: {}
Serverless/config/locales/views/es.yml: {}
Serverless/app/views/payments/new_design/_new_design_header_payment_portal_new_layout.html.haml: {}
Serverless/config/locales/views/es.yml: {}
Serverless/config/locales/views/es.yml: {}
Serverless/config/locales/views/es.yml: {}
Serverless/config/locales/views/es-MX.yml: {}
Serverless/config/locales/views/es.yml: {}
Serverless/config/locales/views/es.yml: {}
Serverless/config/locales/views/es.yml: {}
Serverless/config/locales/views/es.yml: {}
Serverless/app/views/payments/new_design/_new_design_header_payment_portal_new_layout.html.haml: {}
Serverless/app/views/payments/new_design/_new_design_header_payment_portal_new_layout.html.haml: {}
Serverless/app/views/payments/new_design/_new_design_header_payment_portal_new_layout.html.haml: {}
