2024-01-08 19:26:51.566 [info] Log level: Info
2024-01-08 19:26:51.566 [info] Validating found git in: "git"
2024-01-08 19:26:51.566 [info] Using git "2.34.1" from "git"
2024-01-08 19:26:51.566 [info] > git rev-parse --show-toplevel [4ms]
2024-01-08 19:26:51.566 [info] > git rev-parse --git-dir --git-common-dir [1ms]
2024-01-08 19:26:51.566 [info] Open repository: /home/brayan/Downloads/desafios
2024-01-08 19:26:51.582 [info] > git rev-parse --show-toplevel [2ms]
2024-01-08 19:26:51.584 [info] > git config --get commit.template [9ms]
2024-01-08 19:26:51.594 [info] > git for-each-ref --format=%(refname)%00%(upstream:short)%00%(objectname)%00%(upstream:track)%00%(upstream:remotename)%00%(upstream:remoteref) refs/heads/challenge1 refs/remotes/challenge1 [1ms]
2024-01-08 19:26:51.604 [info] > git status -z -uall [2ms]
2024-01-08 19:26:51.623 [info] > git config --get commit.template [6ms]
2024-01-08 19:26:51.623 [info] > git for-each-ref --format=%(refname)%00%(upstream:short)%00%(objectname)%00%(upstream:track)%00%(upstream:remotename)%00%(upstream:remoteref) refs/heads/challenge1 refs/remotes/challenge1 [1ms]
2024-01-08 19:26:51.632 [info] > git status -z -uall [2ms]
2024-01-08 19:26:52.092 [info] > git check-ignore -v -z --stdin [1ms]
2024-01-08 19:27:22.827 [info] > git config --get commit.template [1ms]
2024-01-08 19:27:22.833 [info] > git for-each-ref --format=%(refname)%00%(upstream:short)%00%(objectname)%00%(upstream:track)%00%(upstream:remotename)%00%(upstream:remoteref) refs/heads/challenge1 refs/remotes/challenge1 [1ms]
2024-01-08 19:27:22.841 [info] > git status -z -uall [1ms]
2024-01-08 19:29:48.192 [info] > git show --textconv :server/src/routers/api/user.router.api.js [14ms]
2024-01-08 19:29:48.198 [info] > git ls-files --stage -- /home/brayan/Downloads/desafios/server/src/routers/api/user.router.api.js [6ms]
2024-01-08 19:29:48.310 [info] > git check-ignore -v -z --stdin [2ms]
2024-01-08 19:29:57.181 [info] > git config --get commit.template [1ms]
2024-01-08 19:29:57.187 [info] > git for-each-ref --format=%(refname)%00%(upstream:short)%00%(objectname)%00%(upstream:track)%00%(upstream:remotename)%00%(upstream:remoteref) refs/heads/challenge1 refs/remotes/challenge1 [2ms]
2024-01-08 19:29:57.192 [info] > git status -z -uall [2ms]
2024-01-08 19:30:06.243 [info] > git show --textconv :server/src/routers/api/user.router.api.js [6ms]
2024-01-08 19:30:06.245 [info] > git ls-files --stage -- /home/brayan/Downloads/desafios/server/src/routers/api/user.router.api.js [2ms]
2024-01-08 19:30:13.803 [info] > git config --get commit.template [0ms]
2024-01-08 19:30:13.808 [info] > git for-each-ref --format=%(refname)%00%(upstream:short)%00%(objectname)%00%(upstream:track)%00%(upstream:remotename)%00%(upstream:remoteref) refs/heads/challenge1 refs/remotes/challenge1 [0ms]
2024-01-08 19:30:13.813 [info] > git status -z -uall [1ms]
2024-01-08 19:30:19.551 [info] > git show --textconv :server/src/routers/api/user.router.api.js [5ms]
2024-01-08 19:30:19.552 [info] > git ls-files --stage -- /home/brayan/Downloads/desafios/server/src/routers/api/user.router.api.js [1ms]
2024-01-08 19:30:21.972 [info] > git config --get commit.template [0ms]
2024-01-08 19:30:21.977 [info] > git for-each-ref --format=%(refname)%00%(upstream:short)%00%(objectname)%00%(upstream:track)%00%(upstream:remotename)%00%(upstream:remoteref) refs/heads/challenge1 refs/remotes/challenge1 [1ms]
2024-01-08 19:30:21.982 [info] > git status -z -uall [1ms]
2024-01-08 19:30:39.915 [info] > git config --get commit.template [1ms]
2024-01-08 19:30:39.920 [info] > git for-each-ref --format=%(refname)%00%(upstream:short)%00%(objectname)%00%(upstream:track)%00%(upstream:remotename)%00%(upstream:remoteref) refs/heads/challenge1 refs/remotes/challenge1 [0ms]
2024-01-08 19:30:39.925 [info] > git status -z -uall [1ms]
2024-01-08 19:30:44.064 [info] > git show --textconv :server/src/data/fs/files/usersFs.json [8ms]
2024-01-08 19:30:44.066 [info] > git ls-files --stage -- /home/brayan/Downloads/desafios/server/src/data/fs/files/usersFs.json [2ms]
2024-01-08 19:30:44.338 [info] > git check-ignore -v -z --stdin [0ms]
2024-01-08 19:30:49.737 [info] > git check-ignore -v -z --stdin [1ms]
2024-01-08 19:30:53.533 [info] > git show --textconv :server/src/data/fs/userFsManager.js [8ms]
2024-01-08 19:30:53.533 [info] > git ls-files --stage -- /home/brayan/Downloads/desafios/server/src/data/fs/userFsManager.js [1ms]
2024-01-08 19:31:00.619 [info] > git config --get commit.template [0ms]
2024-01-08 19:31:00.628 [info] > git for-each-ref --format=%(refname)%00%(upstream:short)%00%(objectname)%00%(upstream:track)%00%(upstream:remotename)%00%(upstream:remoteref) refs/heads/challenge1 refs/remotes/challenge1 [1ms]
2024-01-08 19:31:00.636 [info] > git status -z -uall [2ms]
2024-01-08 19:31:01.610 [info] > git show --textconv :server/src/routers/api/user.router.api.js [8ms]
2024-01-08 19:31:01.612 [info] > git ls-files --stage -- /home/brayan/Downloads/desafios/server/src/routers/api/user.router.api.js [3ms]
2024-01-08 19:31:05.769 [info] > git show --textconv :server/src/routers/api/user.router.api.js [9ms]
2024-01-08 19:31:05.770 [info] > git ls-files --stage -- /home/brayan/Downloads/desafios/server/src/routers/api/user.router.api.js [2ms]
2024-01-08 19:31:16.826 [info] > git show --textconv :server/src/routers/api/user.router.api.js [8ms]
2024-01-08 19:31:16.827 [info] > git ls-files --stage -- /home/brayan/Downloads/desafios/server/src/routers/api/user.router.api.js [1ms]
2024-01-08 19:31:22.898 [info] > git show --textconv :server/src/data/fs/files/usersFs.json [9ms]
2024-01-08 19:31:22.900 [info] > git ls-files --stage -- /home/brayan/Downloads/desafios/server/src/data/fs/files/usersFs.json [2ms]
2024-01-08 19:31:24.186 [info] > git show --textconv :server/src/data/fs/userFsManager.js [8ms]
2024-01-08 19:31:24.187 [info] > git ls-files --stage -- /home/brayan/Downloads/desafios/server/src/data/fs/userFsManager.js [1ms]
2024-01-08 19:31:28.227 [info] > git config --get commit.template [1ms]
2024-01-08 19:31:28.232 [info] > git for-each-ref --format=%(refname)%00%(upstream:short)%00%(objectname)%00%(upstream:track)%00%(upstream:remotename)%00%(upstream:remoteref) refs/heads/challenge1 refs/remotes/challenge1 [0ms]
2024-01-08 19:31:28.237 [info] > git status -z -uall [1ms]
2024-01-08 19:31:35.608 [info] > git config --get commit.template [2ms]
2024-01-08 19:31:35.615 [info] > git for-each-ref --format=%(refname)%00%(upstream:short)%00%(objectname)%00%(upstream:track)%00%(upstream:remotename)%00%(upstream:remoteref) refs/heads/challenge1 refs/remotes/challenge1 [2ms]
2024-01-08 19:31:35.624 [info] > git status -z -uall [1ms]
2024-01-08 19:31:35.962 [info] > git show --textconv :server/src/data/fs/files/usersFs.json [7ms]
2024-01-08 19:31:35.963 [info] > git ls-files --stage -- /home/brayan/Downloads/desafios/server/src/data/fs/files/usersFs.json [1ms]
2024-01-08 19:31:36.346 [info] > git show --textconv :server/src/routers/api/user.router.api.js [8ms]
2024-01-08 19:31:36.347 [info] > git ls-files --stage -- /home/brayan/Downloads/desafios/server/src/routers/api/user.router.api.js [1ms]
2024-01-08 19:31:42.458 [info] > git config --get commit.template [1ms]
2024-01-08 19:31:42.464 [info] > git for-each-ref --format=%(refname)%00%(upstream:short)%00%(objectname)%00%(upstream:track)%00%(upstream:remotename)%00%(upstream:remoteref) refs/heads/challenge1 refs/remotes/challenge1 [1ms]
2024-01-08 19:31:42.470 [info] > git status -z -uall [2ms]
2024-01-08 19:34:10.740 [info] > git config --get commit.template [4ms]
2024-01-08 19:34:10.741 [info] > git for-each-ref --format=%(refname)%00%(upstream:short)%00%(objectname)%00%(upstream:track)%00%(upstream:remotename)%00%(upstream:remoteref) refs/heads/challenge1 refs/remotes/challenge1 [2ms]
2024-01-08 19:34:10.746 [info] > git status -z -uall [1ms]
2024-01-08 19:34:12.655 [info] > git show --textconv :server/src/data/fs/files/usersFs.json [12ms]
2024-01-08 19:34:12.656 [info] > git ls-files --stage -- /home/brayan/Downloads/desafios/server/src/data/fs/files/usersFs.json [1ms]
2024-01-08 19:34:13.591 [info] > git show --textconv :server/src/routers/api/user.router.api.js [8ms]
2024-01-08 19:34:13.592 [info] > git ls-files --stage -- /home/brayan/Downloads/desafios/server/src/routers/api/user.router.api.js [1ms]
2024-01-08 19:34:17.456 [info] > git config --get commit.template [1ms]
2024-01-08 19:34:17.463 [info] > git for-each-ref --format=%(refname)%00%(upstream:short)%00%(objectname)%00%(upstream:track)%00%(upstream:remotename)%00%(upstream:remoteref) refs/heads/challenge1 refs/remotes/challenge1 [1ms]
2024-01-08 19:34:17.470 [info] > git status -z -uall [1ms]
2024-01-08 19:34:26.984 [info] > git config --get commit.template [10ms]
2024-01-08 19:34:26.984 [info] > git for-each-ref --format=%(refname)%00%(upstream:short)%00%(objectname)%00%(upstream:track)%00%(upstream:remotename)%00%(upstream:remoteref) refs/heads/challenge1 refs/remotes/challenge1 [1ms]
2024-01-08 19:34:26.991 [info] > git status -z -uall [1ms]
2024-01-08 19:34:29.984 [info] > git show --textconv :server/src/routers/api/user.router.api.js [6ms]
2024-01-08 19:34:29.986 [info] > git ls-files --stage -- /home/brayan/Downloads/desafios/server/src/routers/api/user.router.api.js [2ms]
2024-01-08 19:34:39.783 [info] > git for-each-ref --format=%(refname)%00%(upstream:short)%00%(objectname)%00%(upstream:track)%00%(upstream:remotename)%00%(upstream:remoteref) refs/heads/challenge1 refs/remotes/challenge1 [1ms]
2024-01-08 19:34:39.783 [info] > git config --get commit.template [7ms]
2024-01-08 19:34:39.793 [info] > git status -z -uall [1ms]
2024-01-08 19:34:42.711 [info] > git show --textconv :server/src/data/fs/userFsManager.js [10ms]
2024-01-08 19:34:42.712 [info] > git ls-files --stage -- /home/brayan/Downloads/desafios/server/src/data/fs/userFsManager.js [2ms]
2024-01-08 19:34:51.661 [info] > git config --get commit.template [1ms]
2024-01-08 19:34:51.672 [info] > git for-each-ref --format=%(refname)%00%(upstream:short)%00%(objectname)%00%(upstream:track)%00%(upstream:remotename)%00%(upstream:remoteref) refs/heads/challenge1 refs/remotes/challenge1 [1ms]
2024-01-08 19:34:51.682 [info] > git status -z -uall [1ms]
2024-01-08 19:34:52.005 [info] > git show --textconv :server/src/routers/api/user.router.api.js [10ms]
2024-01-08 19:34:52.006 [info] > git ls-files --stage -- /home/brayan/Downloads/desafios/server/src/routers/api/user.router.api.js [2ms]
2024-01-08 19:34:58.041 [info] > git show --textconv :server/src/data/fs/userFsManager.js [10ms]
2024-01-08 19:34:58.042 [info] > git ls-files --stage -- /home/brayan/Downloads/desafios/server/src/data/fs/userFsManager.js [1ms]
2024-01-08 19:35:04.491 [info] > git config --get commit.template [1ms]
2024-01-08 19:35:04.499 [info] > git for-each-ref --format=%(refname)%00%(upstream:short)%00%(objectname)%00%(upstream:track)%00%(upstream:remotename)%00%(upstream:remoteref) refs/heads/challenge1 refs/remotes/challenge1 [1ms]
2024-01-08 19:35:04.505 [info] > git status -z -uall [1ms]
2024-01-08 19:35:08.273 [info] > git show --textconv :server/src/data/fs/userFsManager.js [5ms]
2024-01-08 19:35:08.274 [info] > git ls-files --stage -- /home/brayan/Downloads/desafios/server/src/data/fs/userFsManager.js [1ms]
2024-01-08 19:35:38.244 [info] > git show --textconv :server/src/data/fs/userFsManager.js [8ms]
2024-01-08 19:35:38.245 [info] > git ls-files --stage -- /home/brayan/Downloads/desafios/server/src/data/fs/userFsManager.js [2ms]
2024-01-08 19:35:50.702 [info] > git show --textconv :server/src/data/fs/files/usersFs.json [10ms]
2024-01-08 19:35:50.703 [info] > git ls-files --stage -- /home/brayan/Downloads/desafios/server/src/data/fs/files/usersFs.json [3ms]
2024-01-08 19:35:51.899 [info] > git show --textconv :server/src/routers/api/user.router.api.js [8ms]
2024-01-08 19:35:51.900 [info] > git ls-files --stage -- /home/brayan/Downloads/desafios/server/src/routers/api/user.router.api.js [2ms]
2024-01-08 19:36:00.935 [info] > git show --textconv :server/src/data/fs/userFsManager.js [6ms]
2024-01-08 19:36:00.936 [info] > git ls-files --stage -- /home/brayan/Downloads/desafios/server/src/data/fs/userFsManager.js [2ms]
2024-01-08 19:37:17.256 [info] > git config --get commit.template [1ms]
2024-01-08 19:37:17.261 [info] > git for-each-ref --format=%(refname)%00%(upstream:short)%00%(objectname)%00%(upstream:track)%00%(upstream:remotename)%00%(upstream:remoteref) refs/heads/challenge1 refs/remotes/challenge1 [1ms]
2024-01-08 19:37:17.267 [info] > git status -z -uall [1ms]
2024-01-08 19:37:18.775 [info] > git show --textconv :server/src/data/fs/files/usersFs.json [10ms]
2024-01-08 19:37:18.776 [info] > git ls-files --stage -- /home/brayan/Downloads/desafios/server/src/data/fs/files/usersFs.json [2ms]
2024-01-08 19:37:19.546 [info] > git show --textconv :server/src/routers/api/user.router.api.js [10ms]
2024-01-08 19:37:19.547 [info] > git ls-files --stage -- /home/brayan/Downloads/desafios/server/src/routers/api/user.router.api.js [2ms]
2024-01-08 19:37:22.508 [info] > git show --textconv :server/src/data/fs/userFsManager.js [9ms]
2024-01-08 19:37:22.509 [info] > git ls-files --stage -- /home/brayan/Downloads/desafios/server/src/data/fs/userFsManager.js [2ms]
2024-01-08 19:37:50.454 [info] > git show --textconv :server/src/data/fs/userFsManager.js [5ms]
2024-01-08 19:37:50.455 [info] > git ls-files --stage -- /home/brayan/Downloads/desafios/server/src/data/fs/userFsManager.js [1ms]
2024-01-08 19:39:29.720 [info] > git config --get commit.template [5ms]
2024-01-08 19:39:29.721 [info] > git for-each-ref --format=%(refname)%00%(upstream:short)%00%(objectname)%00%(upstream:track)%00%(upstream:remotename)%00%(upstream:remoteref) refs/heads/challenge1 refs/remotes/challenge1 [0ms]
2024-01-08 19:39:29.726 [info] > git status -z -uall [1ms]
2024-01-08 19:41:44.613 [info] > git config --get commit.template [5ms]
2024-01-08 19:41:44.613 [info] > git for-each-ref --format=%(refname)%00%(upstream:short)%00%(objectname)%00%(upstream:track)%00%(upstream:remotename)%00%(upstream:remoteref) refs/heads/challenge1 refs/remotes/challenge1 [1ms]
2024-01-08 19:41:44.618 [info] > git status -z -uall [1ms]
2024-01-08 19:42:09.545 [info] > git config --get commit.template [5ms]
2024-01-08 19:42:09.545 [info] > git for-each-ref --format=%(refname)%00%(upstream:short)%00%(objectname)%00%(upstream:track)%00%(upstream:remotename)%00%(upstream:remoteref) refs/heads/challenge1 refs/remotes/challenge1 [1ms]
2024-01-08 19:42:09.550 [info] > git status -z -uall [1ms]
2024-01-08 19:42:13.473 [info] > git show --textconv :server/src/data/fs/files/usersFs.json [6ms]
2024-01-08 19:42:13.474 [info] > git ls-files --stage -- /home/brayan/Downloads/desafios/server/src/data/fs/files/usersFs.json [1ms]
2024-01-08 19:42:19.084 [info] > git show --textconv :server/src/data/fs/userFsManager.js [7ms]
2024-01-08 19:42:19.085 [info] > git ls-files --stage -- /home/brayan/Downloads/desafios/server/src/data/fs/userFsManager.js [2ms]
2024-01-08 19:43:15.007 [info] > git config --get commit.template [1ms]
2024-01-08 19:43:15.012 [info] > git for-each-ref --format=%(refname)%00%(upstream:short)%00%(objectname)%00%(upstream:track)%00%(upstream:remotename)%00%(upstream:remoteref) refs/heads/challenge1 refs/remotes/challenge1 [1ms]
2024-01-08 19:43:15.018 [info] > git status -z -uall [1ms]
2024-01-08 19:43:18.612 [info] > git show --textconv :server/src/data/fs/files/usersFs.json [6ms]
2024-01-08 19:43:18.613 [info] > git ls-files --stage -- /home/brayan/Downloads/desafios/server/src/data/fs/files/usersFs.json [2ms]
2024-01-08 19:43:28.185 [info] > git show --textconv :server/src/data/fs/userFsManager.js [6ms]
2024-01-08 19:43:28.186 [info] > git ls-files --stage -- /home/brayan/Downloads/desafios/server/src/data/fs/userFsManager.js [1ms]
2024-01-08 19:43:34.594 [info] > git show --textconv :server/src/routers/api/user.router.api.js [6ms]
2024-01-08 19:43:34.595 [info] > git ls-files --stage -- /home/brayan/Downloads/desafios/server/src/routers/api/user.router.api.js [1ms]
2024-01-08 19:43:46.149 [info] > git config --get commit.template [8ms]
2024-01-08 19:43:46.149 [info] > git for-each-ref --format=%(refname)%00%(upstream:short)%00%(objectname)%00%(upstream:track)%00%(upstream:remotename)%00%(upstream:remoteref) refs/heads/challenge1 refs/remotes/challenge1 [1ms]
2024-01-08 19:43:46.158 [info] > git status -z -uall [2ms]
2024-01-08 19:43:51.765 [info] > git config --get commit.template [2ms]
2024-01-08 19:43:51.773 [info] > git for-each-ref --format=%(refname)%00%(upstream:short)%00%(objectname)%00%(upstream:track)%00%(upstream:remotename)%00%(upstream:remoteref) refs/heads/challenge1 refs/remotes/challenge1 [1ms]
2024-01-08 19:43:51.784 [info] > git status -z -uall [2ms]
2024-01-08 19:43:53.539 [info] > git show --textconv :server/src/data/fs/userFsManager.js [7ms]
2024-01-08 19:43:53.540 [info] > git ls-files --stage -- /home/brayan/Downloads/desafios/server/src/data/fs/userFsManager.js [1ms]
2024-01-08 19:44:00.228 [info] > git config --get commit.template [0ms]
2024-01-08 19:44:00.234 [info] > git for-each-ref --format=%(refname)%00%(upstream:short)%00%(objectname)%00%(upstream:track)%00%(upstream:remotename)%00%(upstream:remoteref) refs/heads/challenge1 refs/remotes/challenge1 [1ms]
2024-01-08 19:44:00.241 [info] > git status -z -uall [1ms]
2024-01-08 19:44:29.490 [info] > git config --get commit.template [1ms]
2024-01-08 19:44:29.495 [info] > git for-each-ref --format=%(refname)%00%(upstream:short)%00%(objectname)%00%(upstream:track)%00%(upstream:remotename)%00%(upstream:remoteref) refs/heads/challenge1 refs/remotes/challenge1 [1ms]
2024-01-08 19:44:29.501 [info] > git status -z -uall [1ms]
2024-01-08 19:44:35.728 [info] > git config --get commit.template [7ms]
2024-01-08 19:44:35.729 [info] > git for-each-ref --format=%(refname)%00%(upstream:short)%00%(objectname)%00%(upstream:track)%00%(upstream:remotename)%00%(upstream:remoteref) refs/heads/challenge1 refs/remotes/challenge1 [2ms]
2024-01-08 19:44:35.739 [info] > git status -z -uall [2ms]
2024-01-08 19:45:51.832 [info] > git show --textconv :server/src/data/fs/files/usersFs.json [9ms]
2024-01-08 19:45:51.833 [info] > git ls-files --stage -- /home/brayan/Downloads/desafios/server/src/data/fs/files/usersFs.json [1ms]
2024-01-08 19:45:52.527 [info] > git show --textconv :server/src/routers/api/user.router.api.js [6ms]
2024-01-08 19:45:52.528 [info] > git ls-files --stage -- /home/brayan/Downloads/desafios/server/src/routers/api/user.router.api.js [2ms]
2024-01-08 19:46:04.314 [info] > git config --get commit.template [10ms]
2024-01-08 19:46:04.314 [info] > git for-each-ref --format=%(refname)%00%(upstream:short)%00%(objectname)%00%(upstream:track)%00%(upstream:remotename)%00%(upstream:remoteref) refs/heads/challenge1 refs/remotes/challenge1 [1ms]
2024-01-08 19:46:04.324 [info] > git status -z -uall [2ms]
2024-01-08 19:46:17.408 [info] > git show --textconv :server/src/data/fs/userFsManager.js [6ms]
2024-01-08 19:46:17.409 [info] > git ls-files --stage -- /home/brayan/Downloads/desafios/server/src/data/fs/userFsManager.js [1ms]
2024-01-08 19:46:19.219 [info] > git show --textconv :server/src/routers/api/user.router.api.js [9ms]
2024-01-08 19:46:19.221 [info] > git ls-files --stage -- /home/brayan/Downloads/desafios/server/src/routers/api/user.router.api.js [2ms]
2024-01-08 19:46:25.949 [info] > git show --textconv :server/src/data/fs/userFsManager.js [7ms]
2024-01-08 19:46:25.950 [info] > git ls-files --stage -- /home/brayan/Downloads/desafios/server/src/data/fs/userFsManager.js [2ms]
2024-01-08 19:46:30.748 [info] > git config --get commit.template [1ms]
2024-01-08 19:46:30.766 [info] > git for-each-ref --format=%(refname)%00%(upstream:short)%00%(objectname)%00%(upstream:track)%00%(upstream:remotename)%00%(upstream:remoteref) refs/heads/challenge1 refs/remotes/challenge1 [12ms]
2024-01-08 19:46:30.783 [info] > git status -z -uall [9ms]
2024-01-08 19:46:32.329 [info] > git show --textconv :server/src/routers/api/user.router.api.js [10ms]
2024-01-08 19:46:32.330 [info] > git ls-files --stage -- /home/brayan/Downloads/desafios/server/src/routers/api/user.router.api.js [1ms]
2024-01-08 19:46:35.792 [info] > git config --get commit.template [1ms]
2024-01-08 19:46:35.797 [info] > git for-each-ref --format=%(refname)%00%(upstream:short)%00%(objectname)%00%(upstream:track)%00%(upstream:remotename)%00%(upstream:remoteref) refs/heads/challenge1 refs/remotes/challenge1 [1ms]
2024-01-08 19:46:35.802 [info] > git status -z -uall [1ms]
2024-01-08 19:47:09.949 [info] > git config --get commit.template [12ms]
2024-01-08 19:47:09.950 [info] > git for-each-ref --format=%(refname)%00%(upstream:short)%00%(objectname)%00%(upstream:track)%00%(upstream:remotename)%00%(upstream:remoteref) refs/heads/challenge1 refs/remotes/challenge1 [1ms]
2024-01-08 19:47:09.960 [info] > git status -z -uall [3ms]
2024-01-08 19:47:26.197 [info] > git show --textconv :server/src/data/fs/userFsManager.js [6ms]
2024-01-08 19:47:26.199 [info] > git ls-files --stage -- /home/brayan/Downloads/desafios/server/src/data/fs/userFsManager.js [2ms]
2024-01-08 19:48:05.596 [info] > git config --get commit.template [12ms]
2024-01-08 19:48:05.605 [info] > git for-each-ref --format=%(refname)%00%(upstream:short)%00%(objectname)%00%(upstream:track)%00%(upstream:remotename)%00%(upstream:remoteref) refs/heads/challenge1 refs/remotes/challenge1 [2ms]
2024-01-08 19:48:05.615 [info] > git status -z -uall [2ms]
2024-01-08 19:48:11.119 [info] > git config --get commit.template [1ms]
2024-01-08 19:48:11.125 [info] > git for-each-ref --format=%(refname)%00%(upstream:short)%00%(objectname)%00%(upstream:track)%00%(upstream:remotename)%00%(upstream:remoteref) refs/heads/challenge1 refs/remotes/challenge1 [1ms]
2024-01-08 19:48:11.142 [info] > git status -z -uall [11ms]
2024-01-08 19:48:16.161 [info] > git config --get commit.template [8ms]
2024-01-08 19:48:16.162 [info] > git for-each-ref --format=%(refname)%00%(upstream:short)%00%(objectname)%00%(upstream:track)%00%(upstream:remotename)%00%(upstream:remoteref) refs/heads/challenge1 refs/remotes/challenge1 [2ms]
2024-01-08 19:48:16.172 [info] > git status -z -uall [2ms]
2024-01-08 19:59:33.330 [info] > git show --textconv :server/src/data/fs/files/usersFs.json [12ms]
2024-01-08 19:59:33.331 [info] > git ls-files --stage -- /home/brayan/Downloads/desafios/server/src/data/fs/files/usersFs.json [2ms]
2024-01-08 19:59:53.511 [info] > git show --textconv :server/src/data/fs/userFsManager.js [10ms]
2024-01-08 19:59:53.512 [info] > git ls-files --stage -- /home/brayan/Downloads/desafios/server/src/data/fs/userFsManager.js [2ms]
2024-01-08 20:00:00.570 [info] > git config --get commit.template [1ms]
2024-01-08 20:00:00.582 [info] > git for-each-ref --format=%(refname)%00%(upstream:short)%00%(objectname)%00%(upstream:track)%00%(upstream:remotename)%00%(upstream:remoteref) refs/heads/challenge1 refs/remotes/challenge1 [2ms]
2024-01-08 20:00:00.593 [info] > git status -z -uall [2ms]
2024-01-08 20:00:07.811 [info] > git config --get commit.template [5ms]
2024-01-08 20:00:07.812 [info] > git for-each-ref --format=%(refname)%00%(upstream:short)%00%(objectname)%00%(upstream:track)%00%(upstream:remotename)%00%(upstream:remoteref) refs/heads/challenge1 refs/remotes/challenge1 [1ms]
2024-01-08 20:00:07.821 [info] > git status -z -uall [2ms]
2024-01-08 20:00:13.283 [info] > git config --get commit.template [1ms]
2024-01-08 20:00:13.295 [info] > git for-each-ref --format=%(refname)%00%(upstream:short)%00%(objectname)%00%(upstream:track)%00%(upstream:remotename)%00%(upstream:remoteref) refs/heads/challenge1 refs/remotes/challenge1 [1ms]
2024-01-08 20:00:13.304 [info] > git status -z -uall [3ms]
2024-01-08 20:00:25.084 [info] > git config --get commit.template [8ms]
2024-01-08 20:00:25.092 [info] > git for-each-ref --format=%(refname)%00%(upstream:short)%00%(objectname)%00%(upstream:track)%00%(upstream:remotename)%00%(upstream:remoteref) refs/heads/challenge1 refs/remotes/challenge1 [0ms]
2024-01-08 20:00:25.104 [info] > git status -z -uall [2ms]
2024-01-08 20:00:40.738 [info] > git config --get commit.template [2ms]
2024-01-08 20:00:40.750 [info] > git for-each-ref --format=%(refname)%00%(upstream:short)%00%(objectname)%00%(upstream:track)%00%(upstream:remotename)%00%(upstream:remoteref) refs/heads/challenge1 refs/remotes/challenge1 [1ms]
2024-01-08 20:00:40.758 [info] > git status -z -uall [2ms]
2024-01-08 20:00:48.297 [info] > git show --textconv :server/src/routers/api/user.router.api.js [6ms]
2024-01-08 20:00:48.300 [info] > git ls-files --stage -- /home/brayan/Downloads/desafios/server/src/routers/api/user.router.api.js [4ms]
2024-01-08 20:01:17.227 [info] > git config --get commit.template [1ms]
2024-01-08 20:01:17.233 [info] > git for-each-ref --format=%(refname)%00%(upstream:short)%00%(objectname)%00%(upstream:track)%00%(upstream:remotename)%00%(upstream:remoteref) refs/heads/challenge1 refs/remotes/challenge1 [1ms]
2024-01-08 20:01:17.239 [info] > git status -z -uall [1ms]
2024-01-08 20:01:22.780 [info] > git config --get commit.template [10ms]
2024-01-08 20:01:22.781 [info] > git for-each-ref --format=%(refname)%00%(upstream:short)%00%(objectname)%00%(upstream:track)%00%(upstream:remotename)%00%(upstream:remoteref) refs/heads/challenge1 refs/remotes/challenge1 [2ms]
2024-01-08 20:01:22.792 [info] > git status -z -uall [1ms]
2024-01-08 20:01:27.804 [info] > git config --get commit.template [1ms]
2024-01-08 20:01:27.809 [info] > git for-each-ref --format=%(refname)%00%(upstream:short)%00%(objectname)%00%(upstream:track)%00%(upstream:remotename)%00%(upstream:remoteref) refs/heads/challenge1 refs/remotes/challenge1 [1ms]
2024-01-08 20:01:27.816 [info] > git status -z -uall [2ms]
2024-01-08 20:01:32.826 [info] > git config --get commit.template [1ms]
2024-01-08 20:01:32.831 [info] > git for-each-ref --format=%(refname)%00%(upstream:short)%00%(objectname)%00%(upstream:track)%00%(upstream:remotename)%00%(upstream:remoteref) refs/heads/challenge1 refs/remotes/challenge1 [1ms]
2024-01-08 20:01:32.840 [info] > git status -z -uall [1ms]
2024-01-08 20:01:37.848 [info] > git config --get commit.template [0ms]
2024-01-08 20:01:37.853 [info] > git for-each-ref --format=%(refname)%00%(upstream:short)%00%(objectname)%00%(upstream:track)%00%(upstream:remotename)%00%(upstream:remoteref) refs/heads/challenge1 refs/remotes/challenge1 [1ms]
2024-01-08 20:01:37.860 [info] > git status -z -uall [2ms]
2024-01-08 20:01:41.203 [info] > git show --textconv :server/src/data/fs/userFsManager.js [7ms]
2024-01-08 20:01:41.204 [info] > git ls-files --stage -- /home/brayan/Downloads/desafios/server/src/data/fs/userFsManager.js [1ms]
2024-01-08 20:02:02.986 [info] > git config --get commit.template [1ms]
2024-01-08 20:02:02.992 [info] > git for-each-ref --format=%(refname)%00%(upstream:short)%00%(objectname)%00%(upstream:track)%00%(upstream:remotename)%00%(upstream:remoteref) refs/heads/challenge1 refs/remotes/challenge1 [1ms]
2024-01-08 20:02:03.000 [info] > git status -z -uall [2ms]
2024-01-08 20:02:10.938 [info] > git config --get commit.template [6ms]
2024-01-08 20:02:10.938 [info] > git for-each-ref --format=%(refname)%00%(upstream:short)%00%(objectname)%00%(upstream:track)%00%(upstream:remotename)%00%(upstream:remoteref) refs/heads/challenge1 refs/remotes/challenge1 [1ms]
2024-01-08 20:02:10.944 [info] > git status -z -uall [2ms]
2024-01-08 20:02:48.877 [info] > git config --get commit.template [8ms]
2024-01-08 20:02:48.878 [info] > git for-each-ref --format=%(refname)%00%(upstream:short)%00%(objectname)%00%(upstream:track)%00%(upstream:remotename)%00%(upstream:remoteref) refs/heads/challenge1 refs/remotes/challenge1 [1ms]
2024-01-08 20:02:48.891 [info] > git status -z -uall [2ms]
2024-01-08 20:03:08.325 [info] > git config --get commit.template [1ms]
2024-01-08 20:03:08.334 [info] > git for-each-ref --format=%(refname)%00%(upstream:short)%00%(objectname)%00%(upstream:track)%00%(upstream:remotename)%00%(upstream:remoteref) refs/heads/challenge1 refs/remotes/challenge1 [2ms]
2024-01-08 20:03:08.343 [info] > git status -z -uall [1ms]
2024-01-08 20:03:14.762 [info] > git config --get commit.template [0ms]
2024-01-08 20:03:14.768 [info] > git for-each-ref --format=%(refname)%00%(upstream:short)%00%(objectname)%00%(upstream:track)%00%(upstream:remotename)%00%(upstream:remoteref) refs/heads/challenge1 refs/remotes/challenge1 [2ms]
2024-01-08 20:03:14.775 [info] > git status -z -uall [1ms]
2024-01-08 20:03:21.506 [info] > git config --get commit.template [9ms]
2024-01-08 20:03:21.506 [info] > git for-each-ref --format=%(refname)%00%(upstream:short)%00%(objectname)%00%(upstream:track)%00%(upstream:remotename)%00%(upstream:remoteref) refs/heads/challenge1 refs/remotes/challenge1 [1ms]
2024-01-08 20:03:21.518 [info] > git status -z -uall [2ms]
2024-01-08 20:03:35.425 [info] > git config --get commit.template [1ms]
2024-01-08 20:03:35.429 [info] > git for-each-ref --format=%(refname)%00%(upstream:short)%00%(objectname)%00%(upstream:track)%00%(upstream:remotename)%00%(upstream:remoteref) refs/heads/challenge1 refs/remotes/challenge1 [0ms]
2024-01-08 20:03:35.434 [info] > git status -z -uall [1ms]
2024-01-08 20:03:40.454 [info] > git config --get commit.template [6ms]
2024-01-08 20:03:40.454 [info] > git for-each-ref --format=%(refname)%00%(upstream:short)%00%(objectname)%00%(upstream:track)%00%(upstream:remotename)%00%(upstream:remoteref) refs/heads/challenge1 refs/remotes/challenge1 [1ms]
2024-01-08 20:03:40.466 [info] > git status -z -uall [1ms]
2024-01-08 20:03:53.136 [info] > git config --get commit.template [7ms]
2024-01-08 20:03:53.137 [info] > git for-each-ref --format=%(refname)%00%(upstream:short)%00%(objectname)%00%(upstream:track)%00%(upstream:remotename)%00%(upstream:remoteref) refs/heads/challenge1 refs/remotes/challenge1 [2ms]
2024-01-08 20:03:53.143 [info] > git status -z -uall [1ms]
2024-01-08 20:04:03.251 [info] > git config --get commit.template [2ms]
2024-01-08 20:04:03.256 [info] > git for-each-ref --format=%(refname)%00%(upstream:short)%00%(objectname)%00%(upstream:track)%00%(upstream:remotename)%00%(upstream:remoteref) refs/heads/challenge1 refs/remotes/challenge1 [1ms]
2024-01-08 20:04:03.264 [info] > git status -z -uall [1ms]
2024-01-08 20:04:29.395 [info] > git config --get commit.template [1ms]
2024-01-08 20:04:29.405 [info] > git for-each-ref --format=%(refname)%00%(upstream:short)%00%(objectname)%00%(upstream:track)%00%(upstream:remotename)%00%(upstream:remoteref) refs/heads/challenge1 refs/remotes/challenge1 [0ms]
2024-01-08 20:04:29.418 [info] > git status -z -uall [3ms]
2024-01-08 20:06:35.532 [info] > git show --textconv :server/src/data/fs/files/usersFs.json [6ms]
2024-01-08 20:06:35.533 [info] > git ls-files --stage -- /home/brayan/Downloads/desafios/server/src/data/fs/files/usersFs.json [1ms]
2024-01-08 20:06:36.012 [info] > git show --textconv :server/src/data/fs/userFsManager.js [13ms]
2024-01-08 20:06:36.012 [info] > git ls-files --stage -- /home/brayan/Downloads/desafios/server/src/data/fs/userFsManager.js [1ms]
2024-01-08 20:06:37.586 [info] > git config --get commit.template [5ms]
2024-01-08 20:06:37.588 [info] > git for-each-ref --format=%(refname)%00%(upstream:short)%00%(objectname)%00%(upstream:track)%00%(upstream:remotename)%00%(upstream:remoteref) refs/heads/challenge1 refs/remotes/challenge1 [2ms]
2024-01-08 20:06:37.598 [info] > git status -z -uall [1ms]
2024-01-08 20:06:57.649 [info] > git config --get commit.template [5ms]
2024-01-08 20:06:57.649 [info] > git for-each-ref --format=%(refname)%00%(upstream:short)%00%(objectname)%00%(upstream:track)%00%(upstream:remotename)%00%(upstream:remoteref) refs/heads/challenge1 refs/remotes/challenge1 [1ms]
2024-01-08 20:06:57.653 [info] > git status -z -uall [1ms]
2024-01-08 20:07:02.666 [info] > git config --get commit.template [5ms]
2024-01-08 20:07:02.666 [info] > git for-each-ref --format=%(refname)%00%(upstream:short)%00%(objectname)%00%(upstream:track)%00%(upstream:remotename)%00%(upstream:remoteref) refs/heads/challenge1 refs/remotes/challenge1 [0ms]
2024-01-08 20:07:02.672 [info] > git status -z -uall [1ms]
2024-01-08 20:07:10.842 [info] > git config --get commit.template [12ms]
2024-01-08 20:07:10.843 [info] > git for-each-ref --format=%(refname)%00%(upstream:short)%00%(objectname)%00%(upstream:track)%00%(upstream:remotename)%00%(upstream:remoteref) refs/heads/challenge1 refs/remotes/challenge1 [2ms]
2024-01-08 20:07:10.853 [info] > git status -z -uall [2ms]
2024-01-08 20:07:44.489 [info] > git config --get commit.template [4ms]
2024-01-08 20:07:44.489 [info] > git for-each-ref --format=%(refname)%00%(upstream:short)%00%(objectname)%00%(upstream:track)%00%(upstream:remotename)%00%(upstream:remoteref) refs/heads/challenge1 refs/remotes/challenge1 [1ms]
2024-01-08 20:07:44.496 [info] > git status -z -uall [2ms]
2024-01-08 20:07:51.844 [info] > git config --get commit.template [9ms]
2024-01-08 20:07:51.844 [info] > git for-each-ref --format=%(refname)%00%(upstream:short)%00%(objectname)%00%(upstream:track)%00%(upstream:remotename)%00%(upstream:remoteref) refs/heads/challenge1 refs/remotes/challenge1 [1ms]
2024-01-08 20:07:51.855 [info] > git status -z -uall [1ms]
2024-01-08 20:08:12.032 [info] > git config --get commit.template [2ms]
2024-01-08 20:08:12.043 [info] > git for-each-ref --format=%(refname)%00%(upstream:short)%00%(objectname)%00%(upstream:track)%00%(upstream:remotename)%00%(upstream:remoteref) refs/heads/challenge1 refs/remotes/challenge1 [1ms]
2024-01-08 20:08:12.055 [info] > git status -z -uall [1ms]
2024-01-08 20:08:18.330 [info] > git show --textconv :server/src/data/fs/files/usersFs.json [15ms]
2024-01-08 20:08:18.331 [info] > git ls-files --stage -- /home/brayan/Downloads/desafios/server/src/data/fs/files/usersFs.json [2ms]
2024-01-08 20:08:19.415 [info] > git show --textconv :server/src/routers/api/user.router.api.js [14ms]
2024-01-08 20:08:19.416 [info] > git ls-files --stage -- /home/brayan/Downloads/desafios/server/src/routers/api/user.router.api.js [1ms]
2024-01-08 20:08:22.039 [info] > git show --textconv :server/src/data/fs/userFsManager.js [8ms]
2024-01-08 20:08:22.041 [info] > git ls-files --stage -- /home/brayan/Downloads/desafios/server/src/data/fs/userFsManager.js [3ms]
2024-01-08 20:09:45.654 [info] > git config --get commit.template [0ms]
2024-01-08 20:09:45.661 [info] > git for-each-ref --format=%(refname)%00%(upstream:short)%00%(objectname)%00%(upstream:track)%00%(upstream:remotename)%00%(upstream:remoteref) refs/heads/challenge1 refs/remotes/challenge1 [1ms]
2024-01-08 20:09:45.667 [info] > git status -z -uall [2ms]
2024-01-08 20:09:50.677 [info] > git config --get commit.template [4ms]
2024-01-08 20:09:50.678 [info] > git for-each-ref --format=%(refname)%00%(upstream:short)%00%(objectname)%00%(upstream:track)%00%(upstream:remotename)%00%(upstream:remoteref) refs/heads/challenge1 refs/remotes/challenge1 [1ms]
2024-01-08 20:09:50.684 [info] > git status -z -uall [1ms]
2024-01-08 20:15:46.445 [info] > git show --textconv :server/src/data/fs/files/usersFs.json [14ms]
2024-01-08 20:15:46.447 [info] > git ls-files --stage -- /home/brayan/Downloads/desafios/server/src/data/fs/files/usersFs.json [2ms]
2024-01-08 20:17:03.328 [info] > git show --textconv :server/src/data/fs/userFsManager.js [11ms]
2024-01-08 20:17:03.329 [info] > git ls-files --stage -- /home/brayan/Downloads/desafios/server/src/data/fs/userFsManager.js [2ms]
2024-01-08 20:18:40.379 [info] > git for-each-ref --format=%(refname)%00%(upstream:short)%00%(objectname)%00%(upstream:track)%00%(upstream:remotename)%00%(upstream:remoteref) refs/heads/challenge1 refs/remotes/challenge1 [20ms]
2024-01-08 20:18:40.380 [info] > git config --get commit.template [32ms]
2024-01-08 20:18:40.394 [info] > git status -z -uall [7ms]
2024-01-08 20:18:42.617 [info] > git show --textconv :server/src/routers/api/user.router.api.js [11ms]
2024-01-08 20:18:42.619 [info] > git ls-files --stage -- /home/brayan/Downloads/desafios/server/src/routers/api/user.router.api.js [3ms]
2024-01-08 20:18:53.083 [info] > git config --get commit.template [1ms]
2024-01-08 20:18:53.091 [info] > git for-each-ref --format=%(refname)%00%(upstream:short)%00%(objectname)%00%(upstream:track)%00%(upstream:remotename)%00%(upstream:remoteref) refs/heads/challenge1 refs/remotes/challenge1 [1ms]
2024-01-08 20:18:53.101 [info] > git status -z -uall [2ms]
2024-01-08 20:19:04.619 [info] > git config --get commit.template [12ms]
2024-01-08 20:19:04.619 [info] > git for-each-ref --format=%(refname)%00%(upstream:short)%00%(objectname)%00%(upstream:track)%00%(upstream:remotename)%00%(upstream:remoteref) refs/heads/challenge1 refs/remotes/challenge1 [1ms]
2024-01-08 20:19:04.629 [info] > git status -z -uall [2ms]
2024-01-08 20:19:18.929 [info] > git check-ignore -v -z --stdin [0ms]
2024-01-08 20:19:22.297 [info] > git show --textconv :server/src/routers/api/orders.router.api.js [13ms]
2024-01-08 20:19:22.298 [info] > git ls-files --stage -- /home/brayan/Downloads/desafios/server/src/routers/api/orders.router.api.js [1ms]
2024-01-08 20:19:38.919 [info] > git show --textconv :server/src/routers/api/user.router.api.js [12ms]
2024-01-08 20:19:38.920 [info] > git ls-files --stage -- /home/brayan/Downloads/desafios/server/src/routers/api/user.router.api.js [2ms]
2024-01-08 20:19:39.581 [info] > git show --textconv :server/src/routers/api/orders.router.api.js [10ms]
2024-01-08 20:19:39.583 [info] > git ls-files --stage -- /home/brayan/Downloads/desafios/server/src/routers/api/orders.router.api.js [3ms]
2024-01-08 20:19:41.316 [info] > git check-ignore -v -z --stdin [1ms]
2024-01-08 20:19:44.665 [info] > git show --textconv :server/src/data/fs/ordersFsManager.js [16ms]
2024-01-08 20:19:44.666 [info] > git ls-files --stage -- /home/brayan/Downloads/desafios/server/src/data/fs/ordersFsManager.js [2ms]
2024-01-08 20:19:46.271 [info] > git check-ignore -v -z --stdin [2ms]
2024-01-08 20:19:46.711 [info] > git show --textconv :server/src/data/fs/files/ordersFs.json [15ms]
2024-01-08 20:19:46.713 [info] > git ls-files --stage -- /home/brayan/Downloads/desafios/server/src/data/fs/files/ordersFs.json [2ms]
2024-01-08 20:20:07.788 [info] > git show --textconv :server/src/routers/api/user.router.api.js [7ms]
2024-01-08 20:20:07.791 [info] > git ls-files --stage -- /home/brayan/Downloads/desafios/server/src/routers/api/user.router.api.js [3ms]
2024-01-08 20:20:10.000 [info] > git show --textconv :server/src/routers/api/orders.router.api.js [16ms]
2024-01-08 20:20:10.001 [info] > git ls-files --stage -- /home/brayan/Downloads/desafios/server/src/routers/api/orders.router.api.js [3ms]
2024-01-08 20:21:43.193 [info] > git show --textconv :server/src/routers/api/products.router.api.js [14ms]
2024-01-08 20:21:43.194 [info] > git ls-files --stage -- /home/brayan/Downloads/desafios/server/src/routers/api/products.router.api.js [2ms]
2024-01-08 20:22:40.871 [info] > git show --textconv :server/src/data/fs/userFsManager.js [11ms]
2024-01-08 20:22:40.873 [info] > git ls-files --stage -- /home/brayan/Downloads/desafios/server/src/data/fs/userFsManager.js [3ms]
2024-01-08 20:22:41.862 [info] > git show --textconv :server/src/data/fs/files/productsFs.json [16ms]
2024-01-08 20:22:41.864 [info] > git ls-files --stage -- /home/brayan/Downloads/desafios/server/src/data/fs/files/productsFs.json [3ms]
2024-01-08 20:22:50.910 [info] > git show --textconv :server/src/data/fs/userFsManager.js [10ms]
2024-01-08 20:22:50.912 [info] > git ls-files --stage -- /home/brayan/Downloads/desafios/server/src/data/fs/userFsManager.js [3ms]
2024-01-08 20:22:52.073 [info] > git show --textconv :server/src/routers/api/user.router.api.js [7ms]
2024-01-08 20:22:52.075 [info] > git ls-files --stage -- /home/brayan/Downloads/desafios/server/src/routers/api/user.router.api.js [2ms]
2024-01-08 20:22:54.857 [info] > git show --textconv :server/src/routers/api/products.router.api.js [6ms]
2024-01-08 20:22:54.857 [info] > git ls-files --stage -- /home/brayan/Downloads/desafios/server/src/routers/api/products.router.api.js [1ms]
2024-01-08 20:23:02.446 [info] > git config --get commit.template [6ms]
2024-01-08 20:23:02.447 [info] > git for-each-ref --format=%(refname)%00%(upstream:short)%00%(objectname)%00%(upstream:track)%00%(upstream:remotename)%00%(upstream:remoteref) refs/heads/challenge1 refs/remotes/challenge1 [1ms]
2024-01-08 20:23:02.455 [info] > git status -z -uall [1ms]
2024-01-08 20:23:10.846 [info] > git config --get commit.template [8ms]
2024-01-08 20:23:10.847 [info] > git for-each-ref --format=%(refname)%00%(upstream:short)%00%(objectname)%00%(upstream:track)%00%(upstream:remotename)%00%(upstream:remoteref) refs/heads/challenge1 refs/remotes/challenge1 [1ms]
2024-01-08 20:23:10.851 [info] > git status -z -uall [1ms]
2024-01-08 20:23:20.072 [info] > git config --get commit.template [5ms]
2024-01-08 20:23:20.072 [info] > git for-each-ref --format=%(refname)%00%(upstream:short)%00%(objectname)%00%(upstream:track)%00%(upstream:remotename)%00%(upstream:remoteref) refs/heads/challenge1 refs/remotes/challenge1 [1ms]
2024-01-08 20:23:20.077 [info] > git status -z -uall [1ms]
2024-01-08 20:23:25.091 [info] > git config --get commit.template [6ms]
2024-01-08 20:23:25.091 [info] > git for-each-ref --format=%(refname)%00%(upstream:short)%00%(objectname)%00%(upstream:track)%00%(upstream:remotename)%00%(upstream:remoteref) refs/heads/challenge1 refs/remotes/challenge1 [0ms]
2024-01-08 20:23:25.097 [info] > git status -z -uall [1ms]
2024-01-08 20:23:36.975 [info] > git config --get commit.template [1ms]
2024-01-08 20:23:36.982 [info] > git for-each-ref --format=%(refname)%00%(upstream:short)%00%(objectname)%00%(upstream:track)%00%(upstream:remotename)%00%(upstream:remoteref) refs/heads/challenge1 refs/remotes/challenge1 [1ms]
2024-01-08 20:23:36.988 [info] > git status -z -uall [1ms]
2024-01-08 20:23:47.983 [info] > git show --textconv :server/src/data/fs/userFsManager.js [13ms]
2024-01-08 20:23:47.984 [info] > git ls-files --stage -- /home/brayan/Downloads/desafios/server/src/data/fs/userFsManager.js [2ms]
2024-01-08 20:23:54.090 [info] > git show --textconv :server/src/data/fs/productFsManager.js [8ms]
2024-01-08 20:23:54.090 [info] > git ls-files --stage -- /home/brayan/Downloads/desafios/server/src/data/fs/productFsManager.js [1ms]
2024-01-08 20:23:59.456 [info] > git config --get commit.template [1ms]
2024-01-08 20:23:59.461 [info] > git for-each-ref --format=%(refname)%00%(upstream:short)%00%(objectname)%00%(upstream:track)%00%(upstream:remotename)%00%(upstream:remoteref) refs/heads/challenge1 refs/remotes/challenge1 [0ms]
2024-01-08 20:23:59.474 [info] > git status -z -uall [2ms]
2024-01-08 20:24:04.494 [info] > git config --get commit.template [12ms]
2024-01-08 20:24:04.495 [info] > git for-each-ref --format=%(refname)%00%(upstream:short)%00%(objectname)%00%(upstream:track)%00%(upstream:remotename)%00%(upstream:remoteref) refs/heads/challenge1 refs/remotes/challenge1 [2ms]
2024-01-08 20:24:04.503 [info] > git status -z -uall [2ms]
2024-01-08 20:24:10.835 [info] > git config --get commit.template [0ms]
2024-01-08 20:24:10.840 [info] > git for-each-ref --format=%(refname)%00%(upstream:short)%00%(objectname)%00%(upstream:track)%00%(upstream:remotename)%00%(upstream:remoteref) refs/heads/challenge1 refs/remotes/challenge1 [1ms]
2024-01-08 20:24:10.846 [info] > git status -z -uall [2ms]
2024-01-08 20:24:39.873 [info] > git config --get commit.template [1ms]
2024-01-08 20:24:39.879 [info] > git for-each-ref --format=%(refname)%00%(upstream:short)%00%(objectname)%00%(upstream:track)%00%(upstream:remotename)%00%(upstream:remoteref) refs/heads/challenge1 refs/remotes/challenge1 [1ms]
2024-01-08 20:24:39.887 [info] > git status -z -uall [1ms]
2024-01-08 20:24:45.830 [info] > git config --get commit.template [11ms]
2024-01-08 20:24:45.830 [info] > git for-each-ref --format=%(refname)%00%(upstream:short)%00%(objectname)%00%(upstream:track)%00%(upstream:remotename)%00%(upstream:remoteref) refs/heads/challenge1 refs/remotes/challenge1 [1ms]
2024-01-08 20:24:45.839 [info] > git status -z -uall [2ms]
2024-01-08 20:25:04.927 [info] > git config --get commit.template [6ms]
2024-01-08 20:25:04.927 [info] > git for-each-ref --format=%(refname)%00%(upstream:short)%00%(objectname)%00%(upstream:track)%00%(upstream:remotename)%00%(upstream:remoteref) refs/heads/challenge1 refs/remotes/challenge1 [1ms]
2024-01-08 20:25:04.933 [info] > git status -z -uall [2ms]
2024-01-08 20:25:11.731 [info] > git config --get commit.template [1ms]
2024-01-08 20:25:11.736 [info] > git for-each-ref --format=%(refname)%00%(upstream:short)%00%(objectname)%00%(upstream:track)%00%(upstream:remotename)%00%(upstream:remoteref) refs/heads/challenge1 refs/remotes/challenge1 [0ms]
2024-01-08 20:25:11.743 [info] > git status -z -uall [2ms]
2024-01-08 20:25:18.157 [info] > git config --get commit.template [10ms]
2024-01-08 20:25:18.157 [info] > git for-each-ref --format=%(refname)%00%(upstream:short)%00%(objectname)%00%(upstream:track)%00%(upstream:remotename)%00%(upstream:remoteref) refs/heads/challenge1 refs/remotes/challenge1 [1ms]
2024-01-08 20:25:18.169 [info] > git status -z -uall [2ms]
2024-01-08 20:25:45.431 [info] > git config --get commit.template [1ms]
2024-01-08 20:25:45.440 [info] > git for-each-ref --format=%(refname)%00%(upstream:short)%00%(objectname)%00%(upstream:track)%00%(upstream:remotename)%00%(upstream:remoteref) refs/heads/challenge1 refs/remotes/challenge1 [1ms]
2024-01-08 20:25:45.445 [info] > git status -z -uall [1ms]
2024-01-08 20:25:54.108 [info] > git config --get commit.template [6ms]
2024-01-08 20:25:54.109 [info] > git for-each-ref --format=%(refname)%00%(upstream:short)%00%(objectname)%00%(upstream:track)%00%(upstream:remotename)%00%(upstream:remoteref) refs/heads/challenge1 refs/remotes/challenge1 [2ms]
2024-01-08 20:25:54.116 [info] > git status -z -uall [1ms]
2024-01-08 20:25:59.425 [info] > git config --get commit.template [0ms]
2024-01-08 20:25:59.438 [info] > git for-each-ref --format=%(refname)%00%(upstream:short)%00%(objectname)%00%(upstream:track)%00%(upstream:remotename)%00%(upstream:remoteref) refs/heads/challenge1 refs/remotes/challenge1 [1ms]
2024-01-08 20:25:59.447 [info] > git status -z -uall [3ms]
2024-01-08 20:26:04.456 [info] > git config --get commit.template [1ms]
2024-01-08 20:26:04.461 [info] > git for-each-ref --format=%(refname)%00%(upstream:short)%00%(objectname)%00%(upstream:track)%00%(upstream:remotename)%00%(upstream:remoteref) refs/heads/challenge1 refs/remotes/challenge1 [1ms]
2024-01-08 20:26:04.473 [info] > git status -z -uall [2ms]
2024-01-08 20:26:22.046 [info] > git config --get commit.template [1ms]
2024-01-08 20:26:22.060 [info] > git for-each-ref --format=%(refname)%00%(upstream:short)%00%(objectname)%00%(upstream:track)%00%(upstream:remotename)%00%(upstream:remoteref) refs/heads/challenge1 refs/remotes/challenge1 [1ms]
2024-01-08 20:26:22.073 [info] > git status -z -uall [2ms]
2024-01-08 20:26:27.083 [info] > git config --get commit.template [1ms]
2024-01-08 20:26:27.091 [info] > git for-each-ref --format=%(refname)%00%(upstream:short)%00%(objectname)%00%(upstream:track)%00%(upstream:remotename)%00%(upstream:remoteref) refs/heads/challenge1 refs/remotes/challenge1 [1ms]
2024-01-08 20:26:27.097 [info] > git status -z -uall [1ms]
2024-01-08 20:26:34.704 [info] > git config --get commit.template [1ms]
2024-01-08 20:26:34.709 [info] > git for-each-ref --format=%(refname)%00%(upstream:short)%00%(objectname)%00%(upstream:track)%00%(upstream:remotename)%00%(upstream:remoteref) refs/heads/challenge1 refs/remotes/challenge1 [0ms]
2024-01-08 20:26:34.717 [info] > git status -z -uall [1ms]
2024-01-08 20:26:39.745 [info] > git config --get commit.template [10ms]
2024-01-08 20:26:39.745 [info] > git for-each-ref --format=%(refname)%00%(upstream:short)%00%(objectname)%00%(upstream:track)%00%(upstream:remotename)%00%(upstream:remoteref) refs/heads/challenge1 refs/remotes/challenge1 [2ms]
2024-01-08 20:26:39.759 [info] > git status -z -uall [1ms]
2024-01-08 20:26:44.779 [info] > git config --get commit.template [6ms]
2024-01-08 20:26:44.779 [info] > git for-each-ref --format=%(refname)%00%(upstream:short)%00%(objectname)%00%(upstream:track)%00%(upstream:remotename)%00%(upstream:remoteref) refs/heads/challenge1 refs/remotes/challenge1 [1ms]
2024-01-08 20:26:44.788 [info] > git status -z -uall [1ms]
2024-01-08 20:26:49.796 [info] > git config --get commit.template [0ms]
2024-01-08 20:26:49.801 [info] > git for-each-ref --format=%(refname)%00%(upstream:short)%00%(objectname)%00%(upstream:track)%00%(upstream:remotename)%00%(upstream:remoteref) refs/heads/challenge1 refs/remotes/challenge1 [1ms]
2024-01-08 20:26:49.809 [info] > git status -z -uall [1ms]
2024-01-08 20:27:04.814 [info] > git show --textconv :server/src/routers/api/user.router.api.js [5ms]
2024-01-08 20:27:04.815 [info] > git ls-files --stage -- /home/brayan/Downloads/desafios/server/src/routers/api/user.router.api.js [1ms]
2024-01-08 20:27:07.351 [info] > git show --textconv :server/src/data/fs/userFsManager.js [5ms]
2024-01-08 20:27:07.353 [info] > git ls-files --stage -- /home/brayan/Downloads/desafios/server/src/data/fs/userFsManager.js [3ms]
2024-01-08 20:28:31.456 [info] > git show --textconv :server/src/data/fs/files/productsFs.json [7ms]
2024-01-08 20:28:31.458 [info] > git ls-files --stage -- /home/brayan/Downloads/desafios/server/src/data/fs/files/productsFs.json [3ms]
2024-01-08 20:28:35.370 [info] > git config --get commit.template [0ms]
2024-01-08 20:28:35.374 [info] > git for-each-ref --format=%(refname)%00%(upstream:short)%00%(objectname)%00%(upstream:track)%00%(upstream:remotename)%00%(upstream:remoteref) refs/heads/challenge1 refs/remotes/challenge1 [1ms]
2024-01-08 20:28:35.386 [info] > git status -z -uall [2ms]
2024-01-08 20:28:38.007 [info] > git show --textconv :server/src/data/fs/userFsManager.js [14ms]
2024-01-08 20:28:38.008 [info] > git ls-files --stage -- /home/brayan/Downloads/desafios/server/src/data/fs/userFsManager.js [2ms]
2024-01-08 20:28:40.685 [info] > git show --textconv :server/src/routers/api/products.router.api.js [8ms]
2024-01-08 20:28:40.687 [info] > git ls-files --stage -- /home/brayan/Downloads/desafios/server/src/routers/api/products.router.api.js [3ms]
2024-01-08 20:28:41.776 [info] > git show --textconv :server/src/data/fs/productFsManager.js [12ms]
2024-01-08 20:28:41.777 [info] > git ls-files --stage -- /home/brayan/Downloads/desafios/server/src/data/fs/productFsManager.js [2ms]
2024-01-08 20:28:47.951 [info] > git show --textconv :server/src/data/fs/userFsManager.js [7ms]
2024-01-08 20:28:47.953 [info] > git ls-files --stage -- /home/brayan/Downloads/desafios/server/src/data/fs/userFsManager.js [2ms]
2024-01-08 20:28:48.599 [info] > git show --textconv :server/src/data/fs/files/productsFs.json [14ms]
2024-01-08 20:28:48.600 [info] > git ls-files --stage -- /home/brayan/Downloads/desafios/server/src/data/fs/files/productsFs.json [1ms]
2024-01-08 20:28:50.501 [info] > git config --get commit.template [4ms]
2024-01-08 20:28:50.502 [info] > git for-each-ref --format=%(refname)%00%(upstream:short)%00%(objectname)%00%(upstream:track)%00%(upstream:remotename)%00%(upstream:remoteref) refs/heads/challenge1 refs/remotes/challenge1 [1ms]
2024-01-08 20:28:50.510 [info] > git status -z -uall [2ms]
2024-01-08 20:28:55.519 [info] > git config --get commit.template [0ms]
2024-01-08 20:28:55.524 [info] > git for-each-ref --format=%(refname)%00%(upstream:short)%00%(objectname)%00%(upstream:track)%00%(upstream:remotename)%00%(upstream:remoteref) refs/heads/challenge1 refs/remotes/challenge1 [1ms]
2024-01-08 20:28:55.531 [info] > git status -z -uall [1ms]
2024-01-08 20:29:02.874 [info] > git show --textconv :server/src/data/fs/userFsManager.js [9ms]
2024-01-08 20:29:02.875 [info] > git ls-files --stage -- /home/brayan/Downloads/desafios/server/src/data/fs/userFsManager.js [2ms]
2024-01-08 20:29:05.218 [info] > git show --textconv :server/src/data/fs/files/productsFs.json [7ms]
2024-01-08 20:29:05.219 [info] > git ls-files --stage -- /home/brayan/Downloads/desafios/server/src/data/fs/files/productsFs.json [2ms]
2024-01-08 20:29:06.216 [info] > git show --textconv :server/src/routers/api/products.router.api.js [6ms]
2024-01-08 20:29:06.219 [info] > git ls-files --stage -- /home/brayan/Downloads/desafios/server/src/routers/api/products.router.api.js [2ms]
2024-01-08 20:29:08.963 [info] > git show --textconv :server/src/data/fs/userFsManager.js [12ms]
2024-01-08 20:29:08.964 [info] > git ls-files --stage -- /home/brayan/Downloads/desafios/server/src/data/fs/userFsManager.js [2ms]
2024-01-08 20:29:10.179 [info] > git show --textconv :server/src/data/fs/productFsManager.js [12ms]
2024-01-08 20:29:10.180 [info] > git ls-files --stage -- /home/brayan/Downloads/desafios/server/src/data/fs/productFsManager.js [4ms]
2024-01-08 20:29:27.100 [info] > git config --get commit.template [1ms]
2024-01-08 20:29:27.108 [info] > git for-each-ref --format=%(refname)%00%(upstream:short)%00%(objectname)%00%(upstream:track)%00%(upstream:remotename)%00%(upstream:remoteref) refs/heads/challenge1 refs/remotes/challenge1 [1ms]
2024-01-08 20:29:27.113 [info] > git status -z -uall [1ms]
2024-01-08 20:29:32.129 [info] > git config --get commit.template [7ms]
2024-01-08 20:29:32.129 [info] > git for-each-ref --format=%(refname)%00%(upstream:short)%00%(objectname)%00%(upstream:track)%00%(upstream:remotename)%00%(upstream:remoteref) refs/heads/challenge1 refs/remotes/challenge1 [0ms]
2024-01-08 20:29:32.135 [info] > git status -z -uall [2ms]
2024-01-08 20:29:51.947 [info] > git config --get commit.template [10ms]
2024-01-08 20:29:51.948 [info] > git for-each-ref --format=%(refname)%00%(upstream:short)%00%(objectname)%00%(upstream:track)%00%(upstream:remotename)%00%(upstream:remoteref) refs/heads/challenge1 refs/remotes/challenge1 [2ms]
2024-01-08 20:29:51.957 [info] > git status -z -uall [2ms]
2024-01-08 20:29:53.554 [info] > git show --textconv :server/src/data/fs/userFsManager.js [13ms]
2024-01-08 20:29:53.555 [info] > git ls-files --stage -- /home/brayan/Downloads/desafios/server/src/data/fs/userFsManager.js [2ms]
2024-01-08 20:29:56.327 [info] > git show --textconv :server/src/data/fs/files/productsFs.json [7ms]
2024-01-08 20:29:56.328 [info] > git ls-files --stage -- /home/brayan/Downloads/desafios/server/src/data/fs/files/productsFs.json [3ms]
2024-01-08 20:29:58.172 [info] > git config --get commit.template [10ms]
2024-01-08 20:29:58.172 [info] > git for-each-ref --format=%(refname)%00%(upstream:short)%00%(objectname)%00%(upstream:track)%00%(upstream:remotename)%00%(upstream:remoteref) refs/heads/challenge1 refs/remotes/challenge1 [1ms]
2024-01-08 20:29:58.185 [info] > git status -z -uall [3ms]
2024-01-08 20:29:59.324 [info] > git show --textconv :server/src/data/fs/userFsManager.js [13ms]
2024-01-08 20:29:59.326 [info] > git ls-files --stage -- /home/brayan/Downloads/desafios/server/src/data/fs/userFsManager.js [3ms]
2024-01-08 20:30:03.111 [info] > git show --textconv :server/src/data/fs/files/productsFs.json [13ms]
2024-01-08 20:30:03.112 [info] > git ls-files --stage -- /home/brayan/Downloads/desafios/server/src/data/fs/files/productsFs.json [1ms]
2024-01-08 20:30:03.911 [info] > git show --textconv :server/src/routers/api/products.router.api.js [12ms]
2024-01-08 20:30:03.912 [info] > git ls-files --stage -- /home/brayan/Downloads/desafios/server/src/routers/api/products.router.api.js [2ms]
2024-01-08 20:30:04.974 [info] > git show --textconv :server/src/data/fs/productFsManager.js [12ms]
2024-01-08 20:30:04.975 [info] > git ls-files --stage -- /home/brayan/Downloads/desafios/server/src/data/fs/productFsManager.js [2ms]
2024-01-08 22:47:35.088 [info] > git show --textconv :server/src/data/fs/ordersFsManager.js [7ms]
2024-01-08 22:47:35.090 [info] > git ls-files --stage -- /home/brayan/Downloads/desafios/server/src/data/fs/ordersFsManager.js [2ms]
2024-01-08 23:20:52.867 [info] > git for-each-ref --format=%(refname)%00%(upstream:short)%00%(objectname)%00%(upstream:track)%00%(upstream:remotename)%00%(upstream:remoteref) refs/heads/challenge1 [3ms]
2024-01-08 23:20:52.875 [info] > git config --local branch.challenge1.vscode-merge-base [0ms]
2024-01-08 23:20:52.884 [info] > git reflog refs/heads/challenge1 --grep-reflog=branch: Created from *. [3ms]
2024-01-08 23:20:52.893 [info] > git for-each-ref --format=%(refname)%00%(upstream:short)%00%(objectname)%00%(upstream:track)%00%(upstream:remotename)%00%(upstream:remoteref) refs/heads/sprint3 refs/remotes/sprint3 [1ms]
2024-01-08 23:20:52.905 [info] > git config --local branch.challenge1.vscode-merge-base sprint3 [1ms]
2024-01-08 23:20:52.924 [info] > git config --get commit.template [11ms]
2024-01-08 23:20:52.924 [info] > git for-each-ref --format=%(refname)%00%(upstream:short)%00%(objectname)%00%(upstream:track)%00%(upstream:remotename)%00%(upstream:remoteref) refs/heads/challenge1 refs/remotes/challenge1 [1ms]
2024-01-08 23:20:52.935 [info] > git status -z -uall [3ms]
2024-01-08 23:20:52.975 [info] > git merge-base refs/heads/challenge1 refs/heads/sprint3 [2ms]
2024-01-08 23:20:52.989 [info] > git rev-list --count --left-right refs/heads/challenge1...refs/heads/sprint3 [2ms]
2024-01-08 23:20:53.390 [info] > git check-ignore -v -z --stdin [1ms]
2024-01-08 23:20:54.011 [info] > git config --get commit.template [7ms]
2024-01-08 23:20:54.011 [info] > git for-each-ref --format=%(refname)%00%(upstream:short)%00%(objectname)%00%(upstream:track)%00%(upstream:remotename)%00%(upstream:remoteref) refs/heads/challenge1 refs/remotes/challenge1 [1ms]
2024-01-08 23:20:54.017 [info] > git status -z -uall [1ms]
2024-01-08 23:20:54.109 [info] > git ls-files --stage -- /home/brayan/Downloads/desafios/server/src/data/fs/ordersFsManager.js [1ms]
2024-01-08 23:20:54.122 [info] > git show --textconv :server/src/data/fs/ordersFsManager.js [5ms]
