Initializing document watcher...
web/app/builders/salary_payments/salary_payment_director.rb: {"insertSpaces":true,"tabSize":2}
web/app/builders/salary_payments/salary_payment_director.rb: Using EditorConfig core...
app/builders/salary_payments/salary_payment_director.rb: editor.action.trimTrailingWhitespace
web/app/builders/salary_payments/salary_payment_director.rb: Using EditorConfig core...
app/builders/salary_payments/salary_payment_director.rb: editor.action.trimTrailingWhitespace
web/app/controllers/remuneration/employees_controller.rb: {"insertSpaces":true,"tabSize":2}
web/app/controllers/remuneration/employees_controller.rb: Using EditorConfig core...
app/controllers/remuneration/employees_controller.rb: editor.action.trimTrailingWhitespace
web/app/controllers/remuneration/employees_controller.rb: Using EditorConfig core...
app/controllers/remuneration/employees_controller.rb: editor.action.trimTrailingWhitespace
web/app/controllers/remuneration/employees_controller.rb: Using EditorConfig core...
app/controllers/remuneration/employees_controller.rb: editor.action.trimTrailingWhitespace
web/app/controllers/remuneration/employees_controller.rb: Using EditorConfig core...
app/controllers/remuneration/employees_controller.rb: editor.action.trimTrailingWhitespace
web/app/controllers/remuneration/employees_controller.rb: Using EditorConfig core...
app/controllers/remuneration/employees_controller.rb: editor.action.trimTrailingWhitespace
web/app/queries/remunerations/salary_payment_drafts_queries.rb: {"insertSpaces":true,"tabSize":2}
web/app/queries/remunerations/salary_payment_drafts_queries.rb: Using EditorConfig core...
app/queries/remunerations/salary_payment_drafts_queries.rb: editor.action.trimTrailingWhitespace
web/app/queries/remunerations/salary_payment_drafts_queries.rb: Using EditorConfig core...
app/queries/remunerations/salary_payment_drafts_queries.rb: editor.action.trimTrailingWhitespace
web/spec/builders/salary_payments/salary_payment_director_spec.rb: {"insertSpaces":true,"tabSize":2}
web/spec/builders/salary_payments/salary_payment_director_spec.rb: {"insertSpaces":true,"tabSize":2}
web/app/queries/remunerations/salary_payment_drafts_queries.rb: {"insertSpaces":true,"tabSize":2}
web/spec/support/shared_examples/salary_payment_director/base_salary_payment_builder_without_last_salary_examples.rb: {"insertSpaces":true,"tabSize":2}
web/spec/support/shared_examples/salary_payment_director/base_salary_payment_builder_without_last_salary_examples.rb: Using EditorConfig core...
spec/support/shared_examples/salary_payment_director/base_salary_payment_builder_without_last_salary_examples.rb: editor.action.trimTrailingWhitespace
web/spec/builders/salary_payments/salary_payment_director_spec.rb: {"insertSpaces":true,"tabSize":2}
web/spec/builders/salary_payments/salary_payment_director_spec.rb: {"insertSpaces":true,"tabSize":2}
web/spec/support/shared_examples/salary_payment_director/base_salary_payment_builder_without_last_salary_examples.rb: {"insertSpaces":true,"tabSize":2}
web/spec/builders/salary_payments/salary_payment_director_spec.rb: {"insertSpaces":true,"tabSize":2}
web/spec/builders/salary_payments/salary_payment_director_spec.rb: Using EditorConfig core...
spec/builders/salary_payments/salary_payment_director_spec.rb: editor.action.trimTrailingWhitespace
web/spec/builders/salary_payments/salary_payment_director_spec.rb: {"insertSpaces":true,"tabSize":2}
web/spec/builders/salary_payments/salary_payment_director_spec.rb: {"insertSpaces":true,"tabSize":2}
web/spec/builders/salary_payments/salary_payment_director_spec.rb: Using EditorConfig core...
spec/builders/salary_payments/salary_payment_director_spec.rb: editor.action.trimTrailingWhitespace
web/spec/builders/salary_payments/salary_payment_director_spec.rb: Using EditorConfig core...
spec/builders/salary_payments/salary_payment_director_spec.rb: editor.action.trimTrailingWhitespace
web/spec/builders/salary_payments/salary_payment_director_spec.rb: {"insertSpaces":true,"tabSize":2}
web/spec/builders/salary_payments/salary_payment_director_spec.rb: Using EditorConfig core...
spec/builders/salary_payments/salary_payment_director_spec.rb: editor.action.trimTrailingWhitespace
web/spec/builders/salary_payments/salary_payment_director_spec.rb: {"insertSpaces":true,"tabSize":2}
web/spec/builders/salary_payments/salary_payment_director_spec.rb: {"insertSpaces":true,"tabSize":2}
web/spec/builders/salary_payments/salary_payment_director_spec.rb: {"insertSpaces":true,"tabSize":2}
web/app/jobs/generate_salary_payments_job.rb: {"insertSpaces":true,"tabSize":2}
web/app/jobs/generate_salary_payments_job.rb: {"insertSpaces":true,"tabSize":2}
web/app/jobs/generate_salary_payments_job.rb: {"insertSpaces":true,"tabSize":2}
web/app/jobs/generate_salary_payments_job.rb: {"insertSpaces":true,"tabSize":2}
web/app/jobs/generate_salary_payments_job.rb: {"insertSpaces":true,"tabSize":2}
web/app/jobs/generate_salary_payments_job.rb: {"insertSpaces":true,"tabSize":2}
web/app/jobs/generate_salary_payments_job.rb: {"insertSpaces":true,"tabSize":2}
web/app/builders/salary_payments/full_time_with_draft_builder.rb: {"insertSpaces":true,"tabSize":2}
web/app/builders/salary_payments/full_time_with_draft_builder.rb: Using EditorConfig core...
app/builders/salary_payments/full_time_with_draft_builder.rb: editor.action.trimTrailingWhitespace
web/app/builders/salary_payments/full_time_with_draft_builder.rb: Using EditorConfig core...
app/builders/salary_payments/full_time_with_draft_builder.rb: editor.action.trimTrailingWhitespace
web/app/builders/salary_payments/salary_payment_director.rb: {"insertSpaces":true,"tabSize":2}
web/app/builders/salary_payments/salary_payment_director.rb: Using EditorConfig core...
app/builders/salary_payments/salary_payment_director.rb: editor.action.trimTrailingWhitespace
web/app/builders/salary_payments/salary_payment_director.rb: Using EditorConfig core...
app/builders/salary_payments/salary_payment_director.rb: editor.action.trimTrailingWhitespace
web/app/builders/salary_payments/salary_payment_director.rb: Using EditorConfig core...
app/builders/salary_payments/salary_payment_director.rb: editor.action.trimTrailingWhitespace
web/app/builders/salary_payments/salary_payment_director.rb: Using EditorConfig core...
app/builders/salary_payments/salary_payment_director.rb: editor.action.trimTrailingWhitespace
web/app/builders/salary_payments/without_draft_builder.rb: {"insertSpaces":true,"tabSize":2}
web/app/builders/salary_payments/without_draft_builder.rb: Using EditorConfig core...
app/builders/salary_payments/without_draft_builder.rb: editor.action.trimTrailingWhitespace
web/app/controllers/remuneration/employees_controller.rb: {"insertSpaces":true,"tabSize":2}
web/app/controllers/remuneration/employees_controller.rb: Using EditorConfig core...
app/controllers/remuneration/employees_controller.rb: editor.action.trimTrailingWhitespace
web/app/queries/remunerations/salary_payment_drafts_queries.rb: {"insertSpaces":true,"tabSize":2}
web/app/queries/remunerations/salary_payment_drafts_queries.rb: Using EditorConfig core...
app/queries/remunerations/salary_payment_drafts_queries.rb: editor.action.trimTrailingWhitespace
web/spec/builders/salary_payments/salary_payment_director_spec.rb: {"insertSpaces":true,"tabSize":2}
web/spec/builders/salary_payments/salary_payment_director_spec.rb: Using EditorConfig core...
spec/builders/salary_payments/salary_payment_director_spec.rb: editor.action.trimTrailingWhitespace
web/spec/builders/salary_payments/salary_payment_director_spec.rb: Using EditorConfig core...
spec/builders/salary_payments/salary_payment_director_spec.rb: editor.action.trimTrailingWhitespace
web/spec/builders/salary_payments/salary_payment_director_spec.rb: Using EditorConfig core...
spec/builders/salary_payments/salary_payment_director_spec.rb: editor.action.trimTrailingWhitespace
web/spec/builders/salary_payments/salary_payment_director_spec.rb: Using EditorConfig core...
spec/builders/salary_payments/salary_payment_director_spec.rb: editor.action.trimTrailingWhitespace
web/spec/builders/salary_payments/salary_payment_director_spec.rb: Using EditorConfig core...
spec/builders/salary_payments/salary_payment_director_spec.rb: editor.action.trimTrailingWhitespace
web/spec/builders/salary_payments/salary_payment_director_spec.rb: Using EditorConfig core...
spec/builders/salary_payments/salary_payment_director_spec.rb: editor.action.trimTrailingWhitespace
web/spec/builders/salary_payments/salary_payment_director_spec.rb: Using EditorConfig core...
spec/builders/salary_payments/salary_payment_director_spec.rb: editor.action.trimTrailingWhitespace
web/spec/support/shared_examples/salary_payment_director/base_salary_payment_builder_without_last_salary_examples.rb: {"insertSpaces":true,"tabSize":2}
web/spec/support/shared_examples/salary_payment_director/base_salary_payment_builder_examples.rb: {"insertSpaces":true,"tabSize":2}
web/spec/support/shared_examples/salary_payment_director/base_salary_payment_builder_without_last_salary_examples.rb: {"insertSpaces":true,"tabSize":2}
web/spec/support/shared_examples/salary_payment_director/base_salary_payment_builder_examples.rb: {"insertSpaces":true,"tabSize":2}
web/spec/support/shared_examples/salary_payment_director/base_salary_payment_builder_example.rb: {"insertSpaces":true,"tabSize":2}
web/spec/support/shared_examples/salary_payment_director/base_salary_payment_builder_examples.rb: {"insertSpaces":true,"tabSize":2}
web/spec/support/shared_examples/salary_payment_director/base_salary_payment_builder_example.rb: {"insertSpaces":true,"tabSize":2}
web/spec/support/shared_examples/salary_payment_director/base_salary_payment_builder_without_last_salary_examples.rb: {"insertSpaces":true,"tabSize":2}
web/spec/support/shared_examples/salary_payment_director/base_salary_payment_builder_examples.rb: {"insertSpaces":true,"tabSize":2}
web/spec/support/shared_examples/salary_payment_director/base_salary_payment_builder_without_last_salary_examples.rb: {"insertSpaces":true,"tabSize":2}
web/spec/support/shared_examples/salary_payment_director/base_salary_payment_builder_without_last_salary_examples.rb: {"insertSpaces":true,"tabSize":2}
web/spec/support/shared_examples/salary_payment_director/base_salary_payment_builder_without_last_salary_examples.rb: {"insertSpaces":true,"tabSize":2}
web/spec/support/shared_examples/salary_payment_director/base_salary_payment_builder_examples.rb: {"insertSpaces":true,"tabSize":2}
web/spec/builders/salary_payments/salary_payment_director_spec.rb: {"insertSpaces":true,"tabSize":2}
web/spec/support/shared_examples/salary_payment_director/base_salary_payment_builder_examples.rb: {"insertSpaces":true,"tabSize":2}
web/spec/support/shared_examples/salary_payment_director/base_salary_payment_builder_examples.rb: Using EditorConfig core...
spec/support/shared_examples/salary_payment_director/base_salary_payment_builder_examples.rb: editor.action.trimTrailingWhitespace
web/spec/support/shared_examples/salary_payment_director/base_salary_payment_builder_without_last_salary_examples.rb: {"insertSpaces":true,"tabSize":2}
web/app/queries/remunerations/salary_payment_drafts_queries.rb: {"insertSpaces":true,"tabSize":2}
web/app/queries/remunerations/salary_payment_drafts_queries.rb: {"insertSpaces":true,"tabSize":2}
web/app/queries/remunerations/salary_payment_drafts_queries.rb: {"insertSpaces":true,"tabSize":2}
web/app/queries/remunerations/salary_payment_drafts_queries.rb: {"insertSpaces":true,"tabSize":2}
web/app/queries/remunerations/salary_payment_drafts_queries.rb: {"insertSpaces":true,"tabSize":2}
web/app/queries/remunerations/salary_payment_drafts_queries.rb: {"insertSpaces":true,"tabSize":2}
web/app/queries/remunerations/salary_payment_drafts_queries.rb: {"insertSpaces":true,"tabSize":2}
web/app/queries/remunerations/salary_payment_drafts_queries.rb: {"insertSpaces":true,"tabSize":2}
web/app/queries/remunerations/salary_payment_drafts_queries.rb: {"insertSpaces":true,"tabSize":2}
web/app/queries/remunerations/salary_payment_drafts_queries.rb: {"insertSpaces":true,"tabSize":2}
web/app/queries/remunerations/salary_payment_drafts_queries.rb: {"insertSpaces":true,"tabSize":2}
web/app/views/communities/_form_remuneration.html.haml: {"insertSpaces":true,"tabSize":2}
web/app/views/communities/_form_remuneration.html.haml: {"insertSpaces":true,"tabSize":2}
web/app/views/communities/_form_remuneration.html.haml: Using EditorConfig core...
app/views/communities/_form_remuneration.html.haml: editor.action.trimTrailingWhitespace
web/app/views/communities/_form_remuneration.html.haml: Using EditorConfig core...
app/views/communities/_form_remuneration.html.haml: editor.action.trimTrailingWhitespace
web/app/views/communities/_form_remuneration.html.haml: {"insertSpaces":true,"tabSize":2}
web/app/views/communities/_form_remuneration.html.haml: {"insertSpaces":true,"tabSize":2}
web/app/views/events/_form.html.haml: {"insertSpaces":true,"tabSize":2}
web/app/views/communities/_form_remuneration.html.haml: {"insertSpaces":true,"tabSize":2}
web/app/views/events/_form.html.haml: {"insertSpaces":true,"tabSize":2}
web/app/views/communities/_form_remuneration.html.haml: {"insertSpaces":true,"tabSize":2}
web/app/views/communities/_form_remuneration.html.haml: Using EditorConfig core...
app/views/communities/_form_remuneration.html.haml: editor.action.trimTrailingWhitespace
web/app/views/communities/_form_remuneration.html.haml: Using EditorConfig core...
app/views/communities/_form_remuneration.html.haml: editor.action.trimTrailingWhitespace
web/app/views/communities/_form_remuneration.html.haml: {"insertSpaces":true,"tabSize":2}
web/app/views/communities/_form_remuneration.html.haml: Using EditorConfig core...
app/views/communities/_form_remuneration.html.haml: editor.action.trimTrailingWhitespace
web/app/views/communities/_form_remuneration.html.haml: Using EditorConfig core...
app/views/communities/_form_remuneration.html.haml: editor.action.trimTrailingWhitespace
web/app/views/communities/_form_remuneration.html.haml: {"insertSpaces":true,"tabSize":2}
web/app/views/guest_registries/code_scanner.haml: {"insertSpaces":true,"tabSize":2}
web/app/views/importers/_edifito_response.html.haml: {"insertSpaces":true,"tabSize":2}
web/app/views/communities/_form_remuneration.html.haml: {"insertSpaces":true,"tabSize":2}
web/app/views/communities/_form_remuneration.html.haml: {"insertSpaces":true,"tabSize":2}
web/app/views/communities/_form_remuneration.html.haml: Using EditorConfig core...
app/views/communities/_form_remuneration.html.haml: editor.action.trimTrailingWhitespace
web/app/views/communities/_form_remuneration.html.haml: Using EditorConfig core...
app/views/communities/_form_remuneration.html.haml: editor.action.trimTrailingWhitespace
web/app/views/communities/_form_remuneration.html.haml: {"insertSpaces":true,"tabSize":2}
web/app/views/communities/_form_remuneration.html.haml: Using EditorConfig core...
app/views/communities/_form_remuneration.html.haml: editor.action.trimTrailingWhitespace
web/app/views/communities/_form_remuneration.html.haml: {"insertSpaces":true,"tabSize":2}
web/app/views/communities/_form_remuneration.html.haml: {"insertSpaces":true,"tabSize":2}
web/app/views/communities/_form_remuneration.html.haml: {"insertSpaces":true,"tabSize":2}
web/app/views/communities/_form_remuneration.html.haml: {"insertSpaces":true,"tabSize":2}
web/app/views/communities/_form_remuneration.html.haml: Using EditorConfig core...
app/views/communities/_form_remuneration.html.haml: editor.action.trimTrailingWhitespace
web/app/views/communities/_form_remuneration.html.haml: Using EditorConfig core...
app/views/communities/_form_remuneration.html.haml: editor.action.trimTrailingWhitespace
web/app/views/communities/_form_remuneration.html.haml: Using EditorConfig core...
app/views/communities/_form_remuneration.html.haml: editor.action.trimTrailingWhitespace
web/app/views/communities/_form_remuneration.html.haml: Using EditorConfig core...
app/views/communities/_form_remuneration.html.haml: editor.action.trimTrailingWhitespace
web/app/views/communities/_form_remuneration.html.haml: Using EditorConfig core...
app/views/communities/_form_remuneration.html.haml: editor.action.trimTrailingWhitespace
web/app/views/communities/_form_remuneration.html.haml: {"insertSpaces":true,"tabSize":2}
web/app/views/communities/_form_remuneration.html.haml: {"insertSpaces":true,"tabSize":2}
web/app/views/communities/_form_remuneration.html.haml: {"insertSpaces":true,"tabSize":2}
web/app/views/communities/_form_remuneration.html.haml: Using EditorConfig core...
app/views/communities/_form_remuneration.html.haml: editor.action.trimTrailingWhitespace
web/app/views/communities/_form_remuneration.html.haml: {"insertSpaces":true,"tabSize":2}
web/app/views/communities/_form_remuneration.html.haml: Using EditorConfig core...
app/views/communities/_form_remuneration.html.haml: editor.action.trimTrailingWhitespace
web/app/views/communities/_form_remuneration.html.haml: {"insertSpaces":true,"tabSize":2}
web/app/views/communities/_form_remuneration.html.haml: Using EditorConfig core...
app/views/communities/_form_remuneration.html.haml: editor.action.trimTrailingWhitespace
web/app/views/communities/_form_remuneration.html.haml: {"insertSpaces":true,"tabSize":2}
web/app/views/communities/_form_remuneration.html.haml: {"insertSpaces":true,"tabSize":2}
web/app/views/communities/_form_remuneration.html.haml: {"insertSpaces":true,"tabSize":2}
web/app/views/communities/_form_remuneration.html.haml: {"insertSpaces":true,"tabSize":2}
web/app/views/communities/_form_remuneration.html.haml: {"insertSpaces":true,"tabSize":2}
web/app/views/communities/_form_remuneration.html.haml: {"insertSpaces":true,"tabSize":2}
No more open editors.
web/config/locales/models/es.yml: {"insertSpaces":true,"tabSize":2}
web/config/locales/models/es.yml: Using EditorConfig core...
config/locales/models/es.yml: editor.action.trimTrailingWhitespace
web/config/locales/models/es.yml: {"insertSpaces":true,"tabSize":2}
web/app/views/communities/_form_remuneration.html.haml: {"insertSpaces":true,"tabSize":2}
web/app/views/communities/_form_remuneration.html.haml: {"insertSpaces":true,"tabSize":2}
web/config/locales/models/es.yml: {"insertSpaces":true,"tabSize":2}
web/config/locales/models/es.yml: {"insertSpaces":true,"tabSize":2}
web/config/locales/models/es.yml: {"insertSpaces":true,"tabSize":2}
web/config/locales/models/es.yml: {"insertSpaces":true,"tabSize":2}
web/config/locales/models/es.yml: {"insertSpaces":true,"tabSize":2}
web/config/locales/models/es.yml: {"insertSpaces":true,"tabSize":2}
web/config/locales/models/es.yml: {"insertSpaces":true,"tabSize":2}
web/config/locales/models/es.yml: {"insertSpaces":true,"tabSize":2}
web/config/locales/models/es.yml: {"insertSpaces":true,"tabSize":2}
web/config/locales/models/es.yml: {"insertSpaces":true,"tabSize":2}
web/config/locales/date/es.yml: {"insertSpaces":true,"tabSize":2}
web/app/components/bills/bill_details_component.html.haml: {"insertSpaces":true,"tabSize":2}
web/config/locales/date/es.yml: {"insertSpaces":true,"tabSize":2}
web/app/components/bills/bill_details_component.html.haml: {"insertSpaces":true,"tabSize":2}
web/app/components/bills/bill_details_component.html.haml: {"insertSpaces":true,"tabSize":2}
web/app/components/bills/bill_details_component.html.haml: {"insertSpaces":true,"tabSize":2}
web/app/lib/constants/url.rb: {"insertSpaces":true,"tabSize":2}
web/app/lib/constants/url.rb: {"insertSpaces":true,"tabSize":2}
web/app/lib/constants/url.rb: {"insertSpaces":true,"tabSize":2}
web/app/lib/constants/url.rb: {"insertSpaces":true,"tabSize":2}
web/app/lib/constants/url.rb: {"insertSpaces":true,"tabSize":2}
web/app/lib/constants/url.rb: {"insertSpaces":true,"tabSize":2}
web/app/lib/constants/url.rb: {"insertSpaces":true,"tabSize":2}
web/app/lib/constants/url.rb: {"insertSpaces":true,"tabSize":2}
web/app/views/layouts/_session_links.html.haml: {"insertSpaces":true,"tabSize":2}
web/app/views/layouts/_session_links.html.haml: {"insertSpaces":true,"tabSize":2}
web/app/views/layouts/_session_links.html.haml: {"insertSpaces":true,"tabSize":2}
web/app/views/layouts/_session_links.html.haml: {"insertSpaces":true,"tabSize":2}
web/app/views/layouts/_session_links.html.haml: {"insertSpaces":true,"tabSize":2}
web/app/views/layouts/_session_links.html.haml: {"insertSpaces":true,"tabSize":2}
web/app/views/layouts/_session_links.html.haml: {"insertSpaces":true,"tabSize":2}
web/app/views/layouts/_session_links.html.haml: {"insertSpaces":true,"tabSize":2}
web/app/models/salary_payment.rb: {"insertSpaces":true,"tabSize":2}
web/app/models/salary_payment.rb: {"insertSpaces":true,"tabSize":2}
web/app/models/salary_payment.rb: {"insertSpaces":true,"tabSize":2}
web/app/models/salary_payment.rb: {"insertSpaces":true,"tabSize":2}
web/app/models/salary_payment.rb: {"insertSpaces":true,"tabSize":2}
web/app/models/salary_payment.rb: {"insertSpaces":true,"tabSize":2}
web/app/models/salary_payment.rb: {"insertSpaces":true,"tabSize":2}
web/app/models/salary_payment.rb: {"insertSpaces":true,"tabSize":2}
web/app/models/salary_payment.rb: {"insertSpaces":true,"tabSize":2}
web/app/models/salary_payment.rb: {"insertSpaces":true,"tabSize":2}
web/app/models/salary_payment.rb: {"insertSpaces":true,"tabSize":2}
web/app/models/salary_payment.rb: {"insertSpaces":true,"tabSize":2}
web/app/models/salary_payment.rb: {"insertSpaces":true,"tabSize":2}
web/app/models/salary_payment.rb: {"insertSpaces":true,"tabSize":2}
web/config/locales/models/es.yml: {"insertSpaces":true,"tabSize":2}
web/config/locales/models/es.yml: Using EditorConfig core...
config/locales/models/es.yml: editor.action.trimTrailingWhitespace
web/app/models/salary_payment.rb: {"insertSpaces":true,"tabSize":2}
web/app/views/communities/_form_remuneration.html.haml: {"insertSpaces":true,"tabSize":2}
web/app/views/communities/_form_remuneration.html.haml: Using EditorConfig core...
app/views/communities/_form_remuneration.html.haml: editor.action.trimTrailingWhitespace
web/app/views/communities/_form_remuneration.html.haml: {"insertSpaces":true,"tabSize":2}
web/app/views/communities/_form_remuneration.html.haml: {"insertSpaces":true,"tabSize":2}
