2024-01-02 09:21:31.837 [info] Added views:workbench.panel.markers.view in workbench.panel.markers
2024-01-02 09:21:31.837 [info] Added views:workbench.panel.output in workbench.panel.output
2024-01-02 09:21:31.837 [info] Added views:terminal in terminal
2024-01-02 09:21:31.837 [info] Added views:outline in workbench.view.explorer
2024-01-02 09:21:31.837 [info] Added views:workbench.scm in workbench.view.scm
2024-01-02 09:21:31.837 [info] Added views:workbench.view.search in workbench.view.search
2024-01-02 09:21:31.837 [info] Added views:timeline in workbench.view.explorer
2024-01-02 09:21:31.837 [info] Added views:workbench.explorer.fileView in workbench.view.explorer
2024-01-02 09:21:32.059 [info] Added views:gitlens.views.home,gitlens.views.drafts,gitlens.views.workspaces,gitlens.views.account in workbench.view.extension.gitlens
2024-01-02 09:21:32.060 [info] Added views:gitlens.views.commitDetails,gitlens.views.lineHistory,gitlens.views.fileHistory,gitlens.views.searchAndCompare in workbench.view.extension.gitlensInspect
2024-01-02 09:21:32.061 [info] Added views:gitlens.views.commits,gitlens.views.branches,gitlens.views.remotes,gitlens.views.stashes,gitlens.views.tags,gitlens.views.contributors in workbench.view.scm
2024-01-02 09:21:32.061 [info] Added views:dockerContainers,dockerImages,dockerRegistries,dockerNetworks,dockerVolumes,vscode-docker.views.dockerContexts,vscode-docker.views.help in workbench.view.extension.dockerView
2024-01-02 09:21:32.062 [info] Added views:targetsContainers,devVolumes in workbench.view.remote
2024-01-02 09:21:32.196 [info] Added views:workbench.debug.welcome in workbench.view.debug
2024-01-02 09:21:32.197 [info] Added views:workbench.debug.breakPointsView in workbench.view.debug
2024-01-02 09:21:32.471 [info] Added views:workbench.panel.repl.view in workbench.panel.repl
2024-01-02 09:21:32.618 [info] Added views:workbench.view.testing in workbench.view.extension.test
2024-01-02 09:21:33.764 [info] Added views:~remote.forwardedPorts in ~remote.forwardedPortsContainer
2024-01-02 09:21:39.834 [info] Added views:gitlens.views.graph,gitlens.views.graphDetails in workbench.view.extension.gitlensPanel
2024-01-02 09:21:39.835 [info] Added views:gitlens.views.timeline in workbench.view.extension.gitlensInspect
2024-01-02 09:21:39.837 [info] Added views:gitlens.views.worktrees in workbench.view.scm
2024-01-02 16:35:13.215 [info] Added views:~remote.helpPanel in workbench.view.remote
2024-01-02 16:35:13.741 [info] Added views:workbench.views.extensions.installed,workbench.views.extensions.popular,extensions.recommendedList in workbench.view.extensions
2024-01-02 16:35:13.781 [info] Removed views:workbench.views.extensions.popular from workbench.view.extensions
2024-01-02 16:35:16.131 [info] Removed views:extensions.recommendedList,workbench.views.extensions.installed from workbench.view.extensions
2024-01-02 16:35:16.164 [info] Added views:workbench.views.extensions.marketplace in workbench.view.extensions
