Initializing document watcher...
web/app/assets/stylesheets/table.styles.scss: {"insertSpaces":true,"tabSize":2}
web/db/schema.rb: {"insertSpaces":true,"tabSize":2}
web/db/schema.rb: Using EditorConfig core...
db/schema.rb: editor.action.trimTrailingWhitespace
web/db/user_log_schema.rb: {"insertSpaces":true,"tabSize":2}
web/db/user_log_schema.rb: Using EditorConfig core...
db/user_log_schema.rb: editor.action.trimTrailingWhitespace
web/app/assets/stylesheets/table.styles.scss: {"insertSpaces":true,"tabSize":2}
web/app/assets/stylesheets/table.styles.scss: {"insertSpaces":true,"tabSize":2}
web/app/assets/stylesheets/table.styles.scss: {"insertSpaces":true,"tabSize":2}
web/app/assets/stylesheets/table.styles.scss: Using EditorConfig core...
app/assets/stylesheets/table.styles.scss: editor.action.trimTrailingWhitespace
web/app/assets/stylesheets/table.styles.scss: {"insertSpaces":true,"tabSize":2}
web/app/assets/stylesheets/table.styles.scss: {"insertSpaces":true,"tabSize":2}
web/app/assets/stylesheets/table.styles.scss: {"insertSpaces":true,"tabSize":2}
web/app/assets/stylesheets/table.styles.scss: {"insertSpaces":true,"tabSize":2}
web/app/assets/stylesheets/table.styles.scss: {"insertSpaces":true,"tabSize":2}
web/app/assets/stylesheets/table.styles.scss: {"insertSpaces":true,"tabSize":2}
web/app/assets/stylesheets/table.styles.scss: {"insertSpaces":true,"tabSize":2}
web/app/assets/stylesheets/table.styles.scss: {"insertSpaces":true,"tabSize":2}
web/app/assets/stylesheets/table.styles.scss: {"insertSpaces":true,"tabSize":2}
web/app/assets/stylesheets/table.styles.scss: {"insertSpaces":true,"tabSize":2}
web/app/assets/stylesheets/table.styles.scss: {"insertSpaces":true,"tabSize":2}
web/app/assets/stylesheets/table.styles.scss: {"insertSpaces":true,"tabSize":2}
web/app/assets/stylesheets/table.styles.scss: {"insertSpaces":true,"tabSize":2}
web/app/assets/stylesheets/table.styles.scss: {"insertSpaces":true,"tabSize":2}
web/app/assets/stylesheets/table.styles.scss: {"insertSpaces":true,"tabSize":2}
web/app/views/posts/_files.html.haml: {"insertSpaces":true,"tabSize":2}
web/app/views/service_billings/_form.html.haml: {"insertSpaces":true,"tabSize":2}
web/app/services/remuneration/salary_payments/calculate_salary.rb: {"insertSpaces":true,"tabSize":2}
web/app/views/service_billings/_form.html.haml: {"insertSpaces":true,"tabSize":2}
web/app/services/remuneration/salary_payments/calculate_salary.rb: {"insertSpaces":true,"tabSize":2}
web/app/views/assets/_new.html.haml: {"insertSpaces":true,"tabSize":2}
web/app/views/assets/_new.html.haml: Using EditorConfig core...
app/views/assets/_new.html.haml: editor.action.trimTrailingWhitespace
web/app/views/assets/_new.html.haml: {"insertSpaces":true,"tabSize":2}
web/app/views/assets/_new.html.haml: Using EditorConfig core...
app/views/assets/_new.html.haml: editor.action.trimTrailingWhitespace
web/app/views/assets/_new.html.haml: {"insertSpaces":true,"tabSize":2}
web/app/views/assets/_new.html.haml: {"insertSpaces":true,"tabSize":2}
web/app/views/assets/_new.html.haml: {"insertSpaces":true,"tabSize":2}
web/app/views/assets/_new.html.haml: {"insertSpaces":true,"tabSize":2}
web/app/views/assets/_new.html.haml: {"insertSpaces":true,"tabSize":2}
web/app/views/service_billings/_form.html.haml: {"insertSpaces":true,"tabSize":2}
web/app/views/service_billings/_form.html.haml: {"insertSpaces":true,"tabSize":2}
web/app/views/assets/_new.html.haml: {"insertSpaces":true,"tabSize":2}
web/app/views/assets/_new.html.haml: {"insertSpaces":true,"tabSize":2}
web/app/views/assets/_new.html.haml: {"insertSpaces":true,"tabSize":2}
web/app/views/service_billings/_form.html.haml: {"insertSpaces":true,"tabSize":2}
web/app/javascript/controllers/form_validation_controller.js: {"insertSpaces":true,"tabSize":2}
web/app/views/assets/_new.html.haml: {"insertSpaces":true,"tabSize":2}
web/app/views/assets/_new.html.haml: {"insertSpaces":true,"tabSize":2}
web/app/views/assets/_new.html.haml: {"insertSpaces":true,"tabSize":2}
web/app/views/assets/_new.html.haml: {"insertSpaces":true,"tabSize":2}
web/app/views/assets/_new.html.haml: {"insertSpaces":true,"tabSize":2}
web/app/views/assets/_new.html.haml: {"insertSpaces":true,"tabSize":2}
web/app/views/assets/_new.html.haml: {"insertSpaces":true,"tabSize":2}
web/app/views/assets/_new.html.haml: {"insertSpaces":true,"tabSize":2}
web/app/views/assets/_new.html.haml: {"insertSpaces":true,"tabSize":2}
web/app/views/assets/_new.html.haml: {"insertSpaces":true,"tabSize":2}
web/app/views/assets/_new.html.haml: {"insertSpaces":true,"tabSize":2}
web/app/views/assets/_new.html.haml: {"insertSpaces":true,"tabSize":2}
web/app/views/assets/_new.html.haml: {"insertSpaces":true,"tabSize":2}
web/app/views/assets/_new.html.haml: {"insertSpaces":true,"tabSize":2}
web/app/views/assets/_new.html.haml: {"insertSpaces":true,"tabSize":2}
web/app/models/salary_payment.rb: {"insertSpaces":true,"tabSize":2}
web/app/javascript/controllers/form_validation_controller.js: {"insertSpaces":true,"tabSize":2}
web/app/lib/constants/salary_payments.rb: {"insertSpaces":true,"tabSize":2}
web/app/models/salary_payment.rb: {"insertSpaces":true,"tabSize":2}
web/app/models/salary_payment.rb: {"insertSpaces":true,"tabSize":2}
web/app/models/salary_payment.rb: {"insertSpaces":true,"tabSize":2}
web/app/models/salary_payment.rb: {"insertSpaces":true,"tabSize":2}
web/app/models/salary_payment.rb: {"insertSpaces":true,"tabSize":2}
web/app/models/salary_payment.rb: {"insertSpaces":true,"tabSize":2}
web/app/models/salary_payment.rb: {"insertSpaces":true,"tabSize":2}
web/app/forms/remuneration/salary_payment_form.rb: {"insertSpaces":true,"tabSize":2}
web/app/forms/remuneration/salary_payment_form.rb: {"insertSpaces":true,"tabSize":2}
web/app/forms/remuneration/salary_payment_form.rb: {"insertSpaces":true,"tabSize":2}
web/app/forms/remuneration/salary_payment_form.rb: {"insertSpaces":true,"tabSize":2}
web/app/forms/remuneration/salary_payment_form.rb: {"insertSpaces":true,"tabSize":2}
web/app/models/category.rb: {"insertSpaces":true,"tabSize":2}
web/app/models/blocker.rb: {"insertSpaces":true,"tabSize":2}
web/db/schema.rb: {"insertSpaces":true,"tabSize":2}
web/db/schema.rb: {"insertSpaces":true,"tabSize":2}
web/db/schema.rb: {"insertSpaces":true,"tabSize":2}
web/db/schema.rb: {"insertSpaces":true,"tabSize":2}
web/db/schema.rb: {"insertSpaces":true,"tabSize":2}
web/db/schema.rb: {"insertSpaces":true,"tabSize":2}
web/app/lib/constants/salary_payments.rb: {"insertSpaces":true,"tabSize":2}
web/app/lib/constants/salary_payments.rb: {"insertSpaces":true,"tabSize":2}
web/app/lib/constants/salary_payments.rb: {"insertSpaces":true,"tabSize":2}
web/app/models/salary_payment.rb: {"insertSpaces":true,"tabSize":2}
web/app/views/assets/_new.html.haml: {"insertSpaces":true,"tabSize":2}
web/app/models/salary_payment.rb: {"insertSpaces":true,"tabSize":2}
/home/brayan/.config/Code/User/settings.json: Using EditorConfig core...
/home/brayan/.config/Code/User/settings.json: Using EditorConfig core...
/home/brayan/.config/Code/User/settings.json: Using EditorConfig core...
web/app/models/salary_payment.rb: {"insertSpaces":true,"tabSize":2}
web/app/models/salary_payment.rb: {"insertSpaces":true,"tabSize":2}
web/app/forms/remuneration/salary_payment_form.rb: {"insertSpaces":true,"tabSize":2}
web/app/controllers/remuneration/salary_payments_controller.rb: {"insertSpaces":true,"tabSize":2}
web/app/controllers/remuneration/salary_payments_controller.rb: Using EditorConfig core...
app/controllers/remuneration/salary_payments_controller.rb: editor.action.trimTrailingWhitespace
web/app/controllers/remuneration/salary_payments_controller.rb: Using EditorConfig core...
app/controllers/remuneration/salary_payments_controller.rb: editor.action.trimTrailingWhitespace
web/app/controllers/remuneration/salary_payments_controller.rb: {"insertSpaces":true,"tabSize":2}
web/app/controllers/remuneration/salary_payments_controller.rb: {"insertSpaces":true,"tabSize":2}
web/app/controllers/remuneration/salary_payments_controller.rb: Using EditorConfig core...
app/controllers/remuneration/salary_payments_controller.rb: editor.action.trimTrailingWhitespace
web/app/controllers/remuneration/salary_payments_controller.rb: {"insertSpaces":true,"tabSize":2}
web/app/controllers/remuneration/salary_payments_controller.rb: {"insertSpaces":true,"tabSize":2}
web/app/controllers/remuneration/salary_payments_controller.rb: {"insertSpaces":true,"tabSize":2}
web/app/controllers/remuneration/salary_payments_controller.rb: {"insertSpaces":true,"tabSize":2}
web/app/controllers/remuneration/salary_payments_controller.rb: {"insertSpaces":true,"tabSize":2}
/home/brayan/.config/Code/User/settings.json: Using EditorConfig core...
web/app/controllers/remuneration/salary_payments_controller.rb: {"insertSpaces":true,"tabSize":2}
web/app/controllers/remuneration/salary_payments_controller.rb: {"insertSpaces":true,"tabSize":2}
undefined: {}
web/app/controllers/remuneration/salary_payments_controller.rb: {"insertSpaces":true,"tabSize":2}
web/app/controllers/remuneration/salary_payments_controller.rb: {"insertSpaces":true,"tabSize":2}
web/app/controllers/remuneration/salary_payments_controller.rb: {"insertSpaces":true,"tabSize":2}
web/app/controllers/remuneration/salary_payments_controller.rb: {"insertSpaces":true,"tabSize":2}
web/app/controllers/remuneration/salary_payments_controller.rb: {"insertSpaces":true,"tabSize":2}
web/app/controllers/remuneration/salary_payments_controller.rb: {"insertSpaces":true,"tabSize":2}
web/app/controllers/remuneration/salary_payments_controller.rb: {"insertSpaces":true,"tabSize":2}
web/app/views/remuneration/salary_payment_drafts/index.html.haml: {"insertSpaces":true,"tabSize":2}
web/app/views/remuneration/salary_payment_drafts/index.html.haml: {"insertSpaces":true,"tabSize":2}
web/app/views/remuneration/salary_payment_drafts/index.html.haml: {"insertSpaces":true,"tabSize":2}
web/app/views/remuneration/salary_payment_drafts/index.html.haml: {"insertSpaces":true,"tabSize":2}
web/app/views/remuneration/salary_payment_drafts/index.html.haml: {"insertSpaces":true,"tabSize":2}
web/app/views/remuneration/salary_payment_drafts/index.html.haml: {"insertSpaces":true,"tabSize":2}
web/app/views/remuneration/salary_payment_drafts/index.html.haml: {"insertSpaces":true,"tabSize":2}
web/app/views/remuneration/salary_payment_drafts/index.html.haml: {"insertSpaces":true,"tabSize":2}
web/app/models/salary_payment.rb: {"insertSpaces":true,"tabSize":2}
web/app/models/salary_payment.rb: {"insertSpaces":true,"tabSize":2}
web/app/lib/internals/calculate_salary.rb: {"insertSpaces":true,"tabSize":2}
web/app/services/remuneration/salary_payments/calculate_salary.rb: {"insertSpaces":true,"tabSize":2}
web/app/lib/internals/calculate_salary.rb: {"insertSpaces":true,"tabSize":2}
web/app/lib/internals/calculate_salary.rb: {"insertSpaces":true,"tabSize":2}
web/app/lib/internals/calculate_salary.rb: {"insertSpaces":true,"tabSize":2}
web/app/lib/internals/calculate_salary.rb: {"insertSpaces":true,"tabSize":2}
web/app/lib/internals/calculate_salary.rb: {"insertSpaces":true,"tabSize":2}
web/app/lib/internals/calculate_salary.rb: {"insertSpaces":true,"tabSize":2}
web/app/models/salary_payment.rb: {"insertSpaces":true,"tabSize":2}
web/app/models/finkok_response.rb: {"insertSpaces":true,"tabSize":2}
web/app/jobs/payment_irs_complement_all_job.rb: {"insertSpaces":true,"tabSize":2}
web/app/models/payment.rb: {"insertSpaces":true,"tabSize":2}
web/app/models/finkok_response.rb: {"insertSpaces":true,"tabSize":2}
web/app/lib/finkok/document.rb: {"insertSpaces":true,"tabSize":2}
web/app/lib/finkok/document.rb: {"insertSpaces":true,"tabSize":2}
web/app/models/finkok_response.rb: {"insertSpaces":true,"tabSize":2}
web/app/models/finkok_response.rb: Using EditorConfig core...
app/models/finkok_response.rb: editor.action.trimTrailingWhitespace
web/app/models/finkok_response.rb: {"insertSpaces":true,"tabSize":2}
web/app/models/finkok_response.rb: {"insertSpaces":true,"tabSize":2}
web/app/models/finkok_response.rb: {"insertSpaces":true,"tabSize":2}
web/app/models/finkok_response.rb: {"insertSpaces":true,"tabSize":2}
web/app/models/finkok_response.rb: {"insertSpaces":true,"tabSize":2}
web/app/lib/finkok/document.rb: {"insertSpaces":true,"tabSize":2}
web/app/models/finkok_response.rb: {"insertSpaces":true,"tabSize":2}
web/config/initializers/stp_events.rb: {"insertSpaces":true,"tabSize":2}
web/app/services/property_fines/creator.rb: {"insertSpaces":true,"tabSize":2}
web/app/lib/finkok/document.rb: {"insertSpaces":true,"tabSize":2}
web/app/lib/finkok/document.rb: {"insertSpaces":true,"tabSize":2}
web/app/lib/finkok/document.rb: {"insertSpaces":true,"tabSize":2}
web/app/lib/finkok/document.rb: {"insertSpaces":true,"tabSize":2}
web/app/lib/finkok/document.rb: {"insertSpaces":true,"tabSize":2}
web/app/lib/finkok/document.rb: {"insertSpaces":true,"tabSize":2}
web/app/lib/finkok/document.rb: {"insertSpaces":true,"tabSize":2}
web/app/lib/finkok/document.rb: {"insertSpaces":true,"tabSize":2}
web/app/lib/finkok/document.rb: {"insertSpaces":true,"tabSize":2}
web/app/lib/finkok/document.rb: {"insertSpaces":true,"tabSize":2}
web/app/lib/finkok/document.rb: Using EditorConfig core...
app/lib/finkok/document.rb: editor.action.trimTrailingWhitespace
web/app/lib/finkok/document.rb: {"insertSpaces":true,"tabSize":2}
web/app/lib/finkok/document.rb: {"insertSpaces":true,"tabSize":2}
web/app/lib/finkok/document.rb: {"insertSpaces":true,"tabSize":2}
web/app/lib/finkok/document.rb: {"insertSpaces":true,"tabSize":2}
web/app/lib/finkok/document.rb: {"insertSpaces":true,"tabSize":2}
web/app/lib/finkok/document.rb: {"insertSpaces":true,"tabSize":2}
web/app/lib/finkok/document.rb: {"insertSpaces":true,"tabSize":2}
web/app/lib/finkok/document.rb: {"insertSpaces":true,"tabSize":2}
web/app/lib/finkok/document.rb: Using EditorConfig core...
app/lib/finkok/document.rb: editor.action.trimTrailingWhitespace
web/app/lib/finkok/document.rb: {"insertSpaces":true,"tabSize":2}
web/app/lib/finkok/document.rb: {"insertSpaces":true,"tabSize":2}
web/app/lib/finkok/document.rb: {"insertSpaces":true,"tabSize":2}
web/app/lib/finkok/document.rb: {"insertSpaces":true,"tabSize":2}
web/app/lib/finkok/document.rb: {"insertSpaces":true,"tabSize":2}
web/app/lib/finkok/document.rb: {"insertSpaces":true,"tabSize":2}
web/app/lib/finkok/document.rb: {"insertSpaces":true,"tabSize":2}
web/app/lib/finkok/document.rb: {"insertSpaces":true,"tabSize":2}
web/app/lib/finkok/document.rb: {"insertSpaces":true,"tabSize":2}
web/app/lib/finkok/document.rb: {"insertSpaces":true,"tabSize":2}
web/app/lib/finkok/document.rb: {"insertSpaces":true,"tabSize":2}
web/app/lib/finkok/document.rb: {"insertSpaces":true,"tabSize":2}
web/app/lib/finkok/document.rb: {"insertSpaces":true,"tabSize":2}
web/app/lib/finkok/document.rb: Using EditorConfig core...
app/lib/finkok/document.rb: editor.action.trimTrailingWhitespace
web/app/lib/finkok/document.rb: Using EditorConfig core...
app/lib/finkok/document.rb: editor.action.trimTrailingWhitespace
web/app/lib/finkok/document.rb: {"insertSpaces":true,"tabSize":2}
web/app/lib/finkok/document.rb: {"insertSpaces":true,"tabSize":2}
web/app/lib/finkok/document.rb: {"insertSpaces":true,"tabSize":2}
web/app/lib/finkok/document.rb: {"insertSpaces":true,"tabSize":2}
web/app/lib/finkok/document.rb: Using EditorConfig core...
app/lib/finkok/document.rb: editor.action.trimTrailingWhitespace
web/app/lib/finkok/document.rb: Using EditorConfig core...
app/lib/finkok/document.rb: editor.action.trimTrailingWhitespace
web/app/lib/finkok/document.rb: {"insertSpaces":true,"tabSize":2}
web/app/models/payment.rb: {"insertSpaces":true,"tabSize":2}
web/app/models/finkok_response.rb: {"insertSpaces":true,"tabSize":2}
web/app/models/finkok_response.rb: Using EditorConfig core...
app/models/finkok_response.rb: editor.action.trimTrailingWhitespace
web/app/models/finkok_response.rb: {"insertSpaces":true,"tabSize":2}
web/app/models/finkok_response.rb: {"insertSpaces":true,"tabSize":2}
web/app/models/finkok_response.rb: {"insertSpaces":true,"tabSize":2}
web/app/models/finkok_response.rb: {"insertSpaces":true,"tabSize":2}
web/app/models/finkok_response.rb: {"insertSpaces":true,"tabSize":2}
web/app/models/finkok_response.rb: {"insertSpaces":true,"tabSize":2}
web/app/models/finkok_response.rb: {"insertSpaces":true,"tabSize":2}
web/app/models/finkok_response.rb: {"insertSpaces":true,"tabSize":2}
web/app/models/finkok_response.rb: {"insertSpaces":true,"tabSize":2}
web/app/models/finkok_response.rb: {"insertSpaces":true,"tabSize":2}
web/app/models/finkok_response.rb: {"insertSpaces":true,"tabSize":2}
web/app/models/finkok_response.rb: {"insertSpaces":true,"tabSize":2}
web/app/models/finkok_response.rb: {"insertSpaces":true,"tabSize":2}
web/app/lib/finkok/document.rb: {"insertSpaces":true,"tabSize":2}
web/app/models/finkok_response.rb: {"insertSpaces":true,"tabSize":2}
web/app/models/finkok_response.rb: {"insertSpaces":true,"tabSize":2}
web/app/models/finkok_response.rb: {"insertSpaces":true,"tabSize":2}
web/app/models/finkok_response.rb: {"insertSpaces":true,"tabSize":2}
web/app/models/finkok_response.rb: {"insertSpaces":true,"tabSize":2}
web/app/models/finkok_response.rb: {"insertSpaces":true,"tabSize":2}
web/app/models/finkok_response.rb: {"insertSpaces":true,"tabSize":2}
web/app/models/finkok_response.rb: {"insertSpaces":true,"tabSize":2}
web/app/models/finkok_response.rb: {"insertSpaces":true,"tabSize":2}
web/app/models/finkok_response.rb: {"insertSpaces":true,"tabSize":2}
web/app/models/finkok_response.rb: {"insertSpaces":true,"tabSize":2}
web/app/models/finkok_response.rb: Using EditorConfig core...
app/models/finkok_response.rb: editor.action.trimTrailingWhitespace
web/app/models/finkok_response.rb: {"insertSpaces":true,"tabSize":2}
web/app/models/finkok_response.rb: {"insertSpaces":true,"tabSize":2}
web/app/models/finkok_response.rb: {"insertSpaces":true,"tabSize":2}
web/app/models/finkok_response.rb: {"insertSpaces":true,"tabSize":2}
web/app/models/finkok_response.rb: {"insertSpaces":true,"tabSize":2}
web/app/models/finkok_response.rb: {"insertSpaces":true,"tabSize":2}
web/app/models/finkok_response.rb: {"insertSpaces":true,"tabSize":2}
web/app/models/finkok_response.rb: {"insertSpaces":true,"tabSize":2}
web/app/models/finkok_response.rb: {"insertSpaces":true,"tabSize":2}
web/app/models/finkok_response.rb: {"insertSpaces":true,"tabSize":2}
web/app/models/finkok_response.rb: Using EditorConfig core...
app/models/finkok_response.rb: editor.action.trimTrailingWhitespace
web/app/models/finkok_response.rb: Using EditorConfig core...
app/models/finkok_response.rb: editor.action.trimTrailingWhitespace
web/app/models/finkok_response.rb: {"insertSpaces":true,"tabSize":2}
web/app/lib/finkok/document.rb: {"insertSpaces":true,"tabSize":2}
web/app/views/mx_companies/irs_billed.haml: {"insertSpaces":true,"tabSize":2}
web/app/helpers/mx_companies_helper.rb: {"insertSpaces":true,"tabSize":2}
web/app/models/finkok_response.rb: {"insertSpaces":true,"tabSize":2}
web/app/models/finkok_response.rb: Using EditorConfig core...
app/models/finkok_response.rb: editor.action.trimTrailingWhitespace
web/app/models/finkok_response.rb: {"insertSpaces":true,"tabSize":2}
web/app/models/finkok_response.rb: {"insertSpaces":true,"tabSize":2}
web/app/models/finkok_response.rb: {"insertSpaces":true,"tabSize":2}
web/app/models/finkok_response.rb: {"insertSpaces":true,"tabSize":2}
web/app/models/finkok_response.rb: {"insertSpaces":true,"tabSize":2}
web/app/models/finkok_response.rb: {"insertSpaces":true,"tabSize":2}
web/app/models/finkok_response.rb: {"insertSpaces":true,"tabSize":2}
web/app/models/finkok_response.rb: {"insertSpaces":true,"tabSize":2}
web/app/models/finkok_response.rb: {"insertSpaces":true,"tabSize":2}
web/app/models/finkok_response.rb: {"insertSpaces":true,"tabSize":2}
web/app/models/finkok_response.rb: {"insertSpaces":true,"tabSize":2}
web/app/models/finkok_response.rb: {"insertSpaces":true,"tabSize":2}
web/app/models/finkok_response.rb: {"insertSpaces":true,"tabSize":2}
web/app/models/finkok_response.rb: {"insertSpaces":true,"tabSize":2}
web/app/models/finkok_response.rb: {"insertSpaces":true,"tabSize":2}
web/app/models/finkok_response.rb: {"insertSpaces":true,"tabSize":2}
web/app/helpers/mx_companies_helper.rb: {"insertSpaces":true,"tabSize":2}
web/app/lib/finkok/base.rb: {"insertSpaces":true,"tabSize":2}
web/app/lib/finkok/base.rb: {"insertSpaces":true,"tabSize":2}
web/app/lib/finkok/base.rb: {"insertSpaces":true,"tabSize":2}
web/app/lib/finkok/base.rb: {"insertSpaces":true,"tabSize":2}
web/app/lib/finkok/base.rb: {"insertSpaces":true,"tabSize":2}
web/app/models/finkok_response.rb: {"insertSpaces":true,"tabSize":2}
web/app/models/finkok_response.rb: Using EditorConfig core...
app/models/finkok_response.rb: editor.action.trimTrailingWhitespace
web/app/models/finkok_response.rb: {"insertSpaces":true,"tabSize":2}
web/app/models/finkok_response.rb: {"insertSpaces":true,"tabSize":2}
web/app/models/finkok_response.rb: {"insertSpaces":true,"tabSize":2}
web/app/models/finkok_response.rb: {"insertSpaces":true,"tabSize":2}
web/app/models/finkok_response.rb: {"insertSpaces":true,"tabSize":2}
web/app/models/finkok_response.rb: {"insertSpaces":true,"tabSize":2}
web/app/models/finkok_response.rb: {"insertSpaces":true,"tabSize":2}
web/app/models/finkok_response.rb: {"insertSpaces":true,"tabSize":2}
web/app/models/finkok_response.rb: {"insertSpaces":true,"tabSize":2}
web/app/models/finkok_response.rb: {"insertSpaces":true,"tabSize":2}
web/app/models/finkok_response.rb: {"insertSpaces":true,"tabSize":2}
web/app/models/finkok_response.rb: {"insertSpaces":true,"tabSize":2}
web/app/models/finkok_response.rb: {"insertSpaces":true,"tabSize":2}
web/app/models/finkok_response.rb: {"insertSpaces":true,"tabSize":2}
web/app/models/finkok_response.rb: {"insertSpaces":true,"tabSize":2}
web/app/models/finkok_response.rb: {"insertSpaces":true,"tabSize":2}
web/app/models/finkok_response.rb: {"insertSpaces":true,"tabSize":2}
web/app/models/finkok_response.rb: {"insertSpaces":true,"tabSize":2}
web/app/models/finkok_response.rb: {"insertSpaces":true,"tabSize":2}
web/app/models/finkok_response.rb: {"insertSpaces":true,"tabSize":2}
web/app/models/finkok_response.rb: {"insertSpaces":true,"tabSize":2}
web/app/models/finkok_response.rb: {"insertSpaces":true,"tabSize":2}
web/app/models/finkok_response.rb: {"insertSpaces":true,"tabSize":2}
web/app/models/finkok_response.rb: {"insertSpaces":true,"tabSize":2}
web/app/models/finkok_response.rb: {"insertSpaces":true,"tabSize":2}
web/app/models/finkok_response.rb: {"insertSpaces":true,"tabSize":2}
web/app/models/finkok_response.rb: {"insertSpaces":true,"tabSize":2}
web/app/models/finkok_response.rb: {"insertSpaces":true,"tabSize":2}
web/app/models/finkok_response.rb: {"insertSpaces":true,"tabSize":2}
web/app/models/finkok_response.rb: {"insertSpaces":true,"tabSize":2}
web/app/models/finkok_response.rb: {"insertSpaces":true,"tabSize":2}
web/app/models/finkok_response.rb: {"insertSpaces":true,"tabSize":2}
web/app/models/finkok_response.rb: {"insertSpaces":true,"tabSize":2}
web/app/models/finkok_response.rb: {"insertSpaces":true,"tabSize":2}
web/app/models/finkok_response.rb: {"insertSpaces":true,"tabSize":2}
web/app/models/finkok_response.rb: {"insertSpaces":true,"tabSize":2}
web/app/models/finkok_response.rb: Using EditorConfig core...
app/models/finkok_response.rb: editor.action.trimTrailingWhitespace
web/app/models/finkok_response.rb: Using EditorConfig core...
app/models/finkok_response.rb: editor.action.trimTrailingWhitespace
web/app/models/finkok_response.rb: Using EditorConfig core...
app/models/finkok_response.rb: editor.action.trimTrailingWhitespace
web/app/models/finkok_response.rb: {"insertSpaces":true,"tabSize":2}
web/app/models/finkok_response.rb: {"insertSpaces":true,"tabSize":2}
web/app/models/finkok_response.rb: {"insertSpaces":true,"tabSize":2}
web/app/models/finkok_response.rb: Using EditorConfig core...
app/models/finkok_response.rb: editor.action.trimTrailingWhitespace
web/app/models/finkok_response.rb: Using EditorConfig core...
app/models/finkok_response.rb: editor.action.trimTrailingWhitespace
web/app/models/finkok_response.rb: Using EditorConfig core...
app/models/finkok_response.rb: editor.action.trimTrailingWhitespace
web/app/models/finkok_response.rb: Using EditorConfig core...
app/models/finkok_response.rb: editor.action.trimTrailingWhitespace
web/app/models/finkok_response.rb: Using EditorConfig core...
app/models/finkok_response.rb: editor.action.trimTrailingWhitespace
web/app/models/finkok_response.rb: {"insertSpaces":true,"tabSize":2}
web/app/models/finkok_response.rb: {"insertSpaces":true,"tabSize":2}
web/app/models/finkok_response.rb: {"insertSpaces":true,"tabSize":2}
web/app/models/finkok_response.rb: {"insertSpaces":true,"tabSize":2}
web/app/models/finkok_response.rb: {"insertSpaces":true,"tabSize":2}
web/app/models/finkok_response.rb: {"insertSpaces":true,"tabSize":2}
web/app/models/finkok_response.rb: {"insertSpaces":true,"tabSize":2}
web/app/models/finkok_response.rb: {"insertSpaces":true,"tabSize":2}
web/app/models/finkok_response.rb: {"insertSpaces":true,"tabSize":2}
web/app/models/finkok_response.rb: Using EditorConfig core...
app/models/finkok_response.rb: editor.action.trimTrailingWhitespace
web/app/models/finkok_response.rb: {"insertSpaces":true,"tabSize":2}
web/app/models/finkok_response.rb: {"insertSpaces":true,"tabSize":2}
web/app/models/finkok_response.rb: {"insertSpaces":true,"tabSize":2}
web/app/models/finkok_response.rb: {"insertSpaces":true,"tabSize":2}
web/app/models/finkok_response.rb: {"insertSpaces":true,"tabSize":2}
web/config/initializers/rollbar.rb: {"insertSpaces":true,"tabSize":2}
web/config/initializers/rollbar.rb: Using EditorConfig core...
config/initializers/rollbar.rb: editor.action.trimTrailingWhitespace
web/config/initializers/rollbar.rb: {"insertSpaces":true,"tabSize":2}
web/config/initializers/rollbar.rb: {"insertSpaces":true,"tabSize":2}
web/config/initializers/rollbar.rb: {"insertSpaces":true,"tabSize":2}
web/config/initializers/rollbar.rb: {"insertSpaces":true,"tabSize":2}
web/config/initializers/rollbar.rb: {"insertSpaces":true,"tabSize":2}
web/config/initializers/rollbar.rb: {"insertSpaces":true,"tabSize":2}
web/app/models/finkok_response.rb: {"insertSpaces":true,"tabSize":2}
web/app/models/finkok_response.rb: Using EditorConfig core...
app/models/finkok_response.rb: editor.action.trimTrailingWhitespace
web/app/models/finkok_response.rb: {"insertSpaces":true,"tabSize":2}
web/app/models/finkok_response.rb: Using EditorConfig core...
app/models/finkok_response.rb: editor.action.trimTrailingWhitespace
web/app/models/finkok_response.rb: {"insertSpaces":true,"tabSize":2}
web/app/models/finkok_response.rb: {"insertSpaces":true,"tabSize":2}
web/app/lib/finkok/base.rb: {"insertSpaces":true,"tabSize":2}
web/app/models/finkok_response.rb: {"insertSpaces":true,"tabSize":2}
web/app/models/finkok_response.rb: {"insertSpaces":true,"tabSize":2}
web/app/models/finkok_response.rb: Using EditorConfig core...
app/models/finkok_response.rb: editor.action.trimTrailingWhitespace
web/app/models/finkok_response.rb: {"insertSpaces":true,"tabSize":2}
web/app/models/finkok_response.rb: {"insertSpaces":true,"tabSize":2}
web/app/models/finkok_response.rb: {"insertSpaces":true,"tabSize":2}
web/app/models/finkok_response.rb: {"insertSpaces":true,"tabSize":2}
web/app/models/finkok_response.rb: {"insertSpaces":true,"tabSize":2}
web/app/models/finkok_response.rb: {"insertSpaces":true,"tabSize":2}
web/app/models/finkok_response.rb: {"insertSpaces":true,"tabSize":2}
web/app/models/finkok_response.rb: {"insertSpaces":true,"tabSize":2}
web/app/models/finkok_response.rb: {"insertSpaces":true,"tabSize":2}
web/app/models/finkok_response.rb: Using EditorConfig core...
app/models/finkok_response.rb: editor.action.trimTrailingWhitespace
web/app/models/finkok_response.rb: {"insertSpaces":true,"tabSize":2}
web/app/models/finkok_response.rb: {"insertSpaces":true,"tabSize":2}
web/app/models/finkok_response.rb: {"insertSpaces":true,"tabSize":2}
web/app/models/finkok_response.rb: {"insertSpaces":true,"tabSize":2}
web/app/models/finkok_response.rb: {"insertSpaces":true,"tabSize":2}
web/app/models/finkok_response.rb: {"insertSpaces":true,"tabSize":2}
web/app/models/finkok_response.rb: {"insertSpaces":true,"tabSize":2}
web/app/models/finkok_response.rb: {"insertSpaces":true,"tabSize":2}
web/app/models/finkok_response.rb: {"insertSpaces":true,"tabSize":2}
web/app/models/finkok_response.rb: {"insertSpaces":true,"tabSize":2}
web/app/views/mx_companies/irs_billed.haml: {"insertSpaces":true,"tabSize":2}
web/app/controllers/admin/invoices_controller.rb: {"insertSpaces":true,"tabSize":2}
web/app/views/finkok_responses/cancelled.haml: {"insertSpaces":true,"tabSize":2}
web/app/views/finkok_responses/cancelled.haml: {"insertSpaces":true,"tabSize":2}
web/app/lib/finkok/base.rb: {"insertSpaces":true,"tabSize":2}
web/app/controllers/finkok_responses_controller.rb: {"insertSpaces":true,"tabSize":2}
web/app/controllers/finkok_responses_controller.rb: {"insertSpaces":true,"tabSize":2}
web/app/controllers/finkok_responses_controller.rb: {"insertSpaces":true,"tabSize":2}
web/app/models/finkok_response.rb: {"insertSpaces":true,"tabSize":2}
web/app/models/finkok_response.rb: {"insertSpaces":true,"tabSize":2}
web/app/models/finkok_response.rb: {"insertSpaces":true,"tabSize":2}
web/app/models/finkok_response.rb: {"insertSpaces":true,"tabSize":2}
web/app/models/finkok_response.rb: {"insertSpaces":true,"tabSize":2}
web/app/models/finkok_response.rb: {"insertSpaces":true,"tabSize":2}
web/app/models/finkok_response.rb: {"insertSpaces":true,"tabSize":2}
web/app/models/finkok_response.rb: {"insertSpaces":true,"tabSize":2}
web/app/models/finkok_response.rb: {"insertSpaces":true,"tabSize":2}
web/config/initializers/rollbar.rb: {"insertSpaces":true,"tabSize":2}
web/app/controllers/finkok_responses_controller.rb: {"insertSpaces":true,"tabSize":2}
web/config/application.rb: {"insertSpaces":true,"tabSize":2}
web/config/application.yml: {"insertSpaces":true,"tabSize":2}
web/config/application.yml: {"insertSpaces":true,"tabSize":2}
web/config/application.yml: {"insertSpaces":true,"tabSize":2}
web/config/application.yml: Using EditorConfig core...
config/application.yml: editor.action.trimTrailingWhitespace
web/config/application.yml: {"insertSpaces":true,"tabSize":2}
web/config/application.yml: {"insertSpaces":true,"tabSize":2}
web/config/application.yml: {"insertSpaces":true,"tabSize":2}
