Initializing document watcher...
web/app/models/finkok_response.rb: {"insertSpaces":true,"tabSize":2}
web/app/models/finkok_response.rb: {"insertSpaces":true,"tabSize":2}
web/app/models/finkok_response.rb: {"insertSpaces":true,"tabSize":2}
web/app/models/finkok_response.rb: {"insertSpaces":true,"tabSize":2}
web/app/models/finkok_response.rb: {"insertSpaces":true,"tabSize":2}
web/app/models/finkok_response.rb: {"insertSpaces":true,"tabSize":2}
web/app/models/finkok_response.rb: {"insertSpaces":true,"tabSize":2}
web/app/models/finkok_response.rb: {"insertSpaces":true,"tabSize":2}
web/app/models/finkok_response.rb: {"insertSpaces":true,"tabSize":2}
web/app/models/finkok_response.rb: {"insertSpaces":true,"tabSize":2}
web/app/models/finkok_response.rb: {"insertSpaces":true,"tabSize":2}
web/app/jobs/payment_irs_complement_all_job.rb: {"insertSpaces":true,"tabSize":2}
web/app/models/payment.rb: {"insertSpaces":true,"tabSize":2}
web/app/jobs/payment_irs_complement_all_job.rb: {"insertSpaces":true,"tabSize":2}
web/app/models/finkok_response.rb: {"insertSpaces":true,"tabSize":2}
web/app/jobs/payment_irs_all_job.rb: {"insertSpaces":true,"tabSize":2}
web/app/lib/payments/updater.rb: {"insertSpaces":true,"tabSize":2}
web/app/models/payment.rb: {"insertSpaces":true,"tabSize":2}
web/app/services/mx_companies/irs_all_response.rb: {"insertSpaces":true,"tabSize":2}
web/app/lib/payments/updater.rb: {"insertSpaces":true,"tabSize":2}
web/app/jobs/cancel_irs_bill_job.rb: {"insertSpaces":true,"tabSize":2}
web/app/services/finkok_responses/cancel_irs_bill.rb: {"insertSpaces":true,"tabSize":2}
web/app/models/finkok_response.rb: {"insertSpaces":true,"tabSize":2}
web/app/models/finkok_response.rb: Using EditorConfig core...
app/models/finkok_response.rb: editor.action.trimTrailingWhitespace
web/app/models/finkok_response.rb: Using EditorConfig core...
app/models/finkok_response.rb: editor.action.trimTrailingWhitespace
web/app/models/finkok_response.rb: Using EditorConfig core...
app/models/finkok_response.rb: editor.action.trimTrailingWhitespace
web/app/models/finkok_response.rb: Using EditorConfig core...
app/models/finkok_response.rb: editor.action.trimTrailingWhitespace
web/app/models/finkok_response.rb: {"insertSpaces":true,"tabSize":2}
web/app/models/finkok_response.rb: {"insertSpaces":true,"tabSize":2}
web/app/models/finkok_response.rb: {"insertSpaces":true,"tabSize":2}
web/app/models/finkok_response.rb: {"insertSpaces":true,"tabSize":2}
web/app/models/finkok_response.rb: {"insertSpaces":true,"tabSize":2}
web/app/models/finkok_response.rb: Using EditorConfig core...
app/models/finkok_response.rb: editor.action.trimTrailingWhitespace
web/app/models/finkok_response.rb: {"insertSpaces":true,"tabSize":2}
web/app/models/finkok_response.rb: {"insertSpaces":true,"tabSize":2}
web/app/models/finkok_response.rb: {"insertSpaces":true,"tabSize":2}
web/app/models/finkok_response.rb: {"insertSpaces":true,"tabSize":2}
web/app/models/finkok_response.rb: {"insertSpaces":true,"tabSize":2}
web/app/models/finkok_response.rb: {"insertSpaces":true,"tabSize":2}
web/app/models/finkok_response.rb: {"insertSpaces":true,"tabSize":2}
web/app/models/finkok_response.rb: {"insertSpaces":true,"tabSize":2}
web/app/services/mx_companies/irs_all_response.rb: {"insertSpaces":true,"tabSize":2}
web/app/models/finkok_response.rb: {"insertSpaces":true,"tabSize":2}
web/app/services/mx_companies/irs_all_response.rb: {"insertSpaces":true,"tabSize":2}
web/app/lib/finkok/base.rb: {"insertSpaces":true,"tabSize":2}
web/app/models/finkok_response.rb: {"insertSpaces":true,"tabSize":2}
web/app/models/finkok_response.rb: Using EditorConfig core...
app/models/finkok_response.rb: editor.action.trimTrailingWhitespace
web/app/models/finkok_response.rb: Using EditorConfig core...
app/models/finkok_response.rb: editor.action.trimTrailingWhitespace
web/app/models/finkok_response.rb: {"insertSpaces":true,"tabSize":2}
web/app/models/finkok_response.rb: {"insertSpaces":true,"tabSize":2}
web/app/models/finkok_response.rb: {"insertSpaces":true,"tabSize":2}
web/app/models/finkok_response.rb: {"insertSpaces":true,"tabSize":2}
web/app/models/finkok_response.rb: {"insertSpaces":true,"tabSize":2}
web/app/models/finkok_response.rb: {"insertSpaces":true,"tabSize":2}
web/app/models/finkok_response.rb: {"insertSpaces":true,"tabSize":2}
web/app/models/finkok_response.rb: {"insertSpaces":true,"tabSize":2}
web/app/models/finkok_response.rb: {"insertSpaces":true,"tabSize":2}
web/app/models/finkok_response.rb: {"insertSpaces":true,"tabSize":2}
web/app/models/finkok_response.rb: {"insertSpaces":true,"tabSize":2}
web/app/models/finkok_response.rb: {"insertSpaces":true,"tabSize":2}
web/app/models/finkok_response.rb: {"insertSpaces":true,"tabSize":2}
web/app/models/finkok_response.rb: {"insertSpaces":true,"tabSize":2}
web/app/models/finkok_response.rb: {"insertSpaces":true,"tabSize":2}
web/app/models/finkok_response.rb: {"insertSpaces":true,"tabSize":2}
web/app/controllers/mx_companies_controller.rb: {"insertSpaces":true,"tabSize":2}
web/app/controllers/mx_companies_controller.rb: {"insertSpaces":true,"tabSize":2}
web/app/controllers/finkok_responses_controller.rb: {"insertSpaces":true,"tabSize":2}
web/app/controllers/finkok_responses_controller.rb: {"insertSpaces":true,"tabSize":2}
web/app/controllers/finkok_responses_controller.rb: {"insertSpaces":true,"tabSize":2}
web/app/controllers/mx_companies_controller.rb: {"insertSpaces":true,"tabSize":2}
web/app/models/finkok_response.rb: {"insertSpaces":true,"tabSize":2}
web/app/controllers/finkok_responses_controller.rb: {"insertSpaces":true,"tabSize":2}
web/app/models/finkok_response.rb: {"insertSpaces":true,"tabSize":2}
web/app/builders/salary_payments/full_time_builder.rb: {"insertSpaces":true,"tabSize":2}
web/app/models/finkok_response.rb: {"insertSpaces":true,"tabSize":2}
web/app/lib/finkok/base.rb: {"insertSpaces":true,"tabSize":2}
web/app/models/finkok_response.rb: {"insertSpaces":true,"tabSize":2}
web/app/models/finkok_response.rb: {"insertSpaces":true,"tabSize":2}
web/app/models/finkok_response.rb: {"insertSpaces":true,"tabSize":2}
web/app/models/finkok_response.rb: {"insertSpaces":true,"tabSize":2}
web/app/models/finkok_response.rb: {"insertSpaces":true,"tabSize":2}
web/app/models/finkok_response.rb: Using EditorConfig core...
app/models/finkok_response.rb: editor.action.trimTrailingWhitespace
web/app/models/finkok_response.rb: Using EditorConfig core...
app/models/finkok_response.rb: editor.action.trimTrailingWhitespace
web/app/models/finkok_response.rb: {"insertSpaces":true,"tabSize":2}
web/app/models/finkok_response.rb: {"insertSpaces":true,"tabSize":2}
web/app/models/finkok_response.rb: Using EditorConfig core...
app/models/finkok_response.rb: editor.action.trimTrailingWhitespace
web/app/models/finkok_response.rb: Using EditorConfig core...
app/models/finkok_response.rb: editor.action.trimTrailingWhitespace
web/app/models/finkok_response.rb: {"insertSpaces":true,"tabSize":2}
web/app/models/finkok_response.rb: {"insertSpaces":true,"tabSize":2}
web/app/models/finkok_response.rb: {"insertSpaces":true,"tabSize":2}
web/app/models/finkok_response.rb: {"insertSpaces":true,"tabSize":2}
web/app/models/finkok_response.rb: {"insertSpaces":true,"tabSize":2}
web/app/models/finkok_response.rb: Using EditorConfig core...
app/models/finkok_response.rb: editor.action.trimTrailingWhitespace
web/app/models/finkok_response.rb: {"insertSpaces":true,"tabSize":2}
web/app/models/finkok_response.rb: {"insertSpaces":true,"tabSize":2}
web/app/models/finkok_response.rb: {"insertSpaces":true,"tabSize":2}
web/app/models/finkok_response.rb: {"insertSpaces":true,"tabSize":2}
web/app/models/finkok_response.rb: {"insertSpaces":true,"tabSize":2}
web/app/models/finkok_response.rb: {"insertSpaces":true,"tabSize":2}
web/app/models/finkok_response.rb: {"insertSpaces":true,"tabSize":2}
web/app/models/finkok_response.rb: {"insertSpaces":true,"tabSize":2}
web/app/models/finkok_response.rb: {"insertSpaces":true,"tabSize":2}
web/app/models/finkok_response.rb: {"insertSpaces":true,"tabSize":2}
web/app/models/finkok_response.rb: {"insertSpaces":true,"tabSize":2}
web/app/models/finkok_response.rb: {"insertSpaces":true,"tabSize":2}
web/app/models/finkok_response.rb: {"insertSpaces":true,"tabSize":2}
web/app/models/finkok_response.rb: {"insertSpaces":true,"tabSize":2}
web/app/models/finkok_response.rb: {"insertSpaces":true,"tabSize":2}
