2024-01-09 12:03:44.456 [info] Log level: Info
2024-01-09 12:03:44.456 [info] Validating found git in: "git"
2024-01-09 12:03:44.456 [info] Using git "2.34.1" from "git"
2024-01-09 12:03:49.552 [info] Log level: Info
2024-01-09 12:03:49.552 [info] Validating found git in: "git"
2024-01-09 12:03:49.552 [info] Using git "2.34.1" from "git"
2024-01-09 12:03:49.552 [info] > git rev-parse --show-toplevel [5ms]
2024-01-09 12:03:49.561 [info] > git rev-parse --git-dir --git-common-dir [2ms]
2024-01-09 12:03:49.571 [info] Open repository: /home/brayan/work/Serverless
2024-01-09 12:03:49.595 [info] > git config --get commit.template [9ms]
2024-01-09 12:03:49.597 [info] > git rev-parse --show-toplevel [4ms]
2024-01-09 12:03:49.624 [info] > git for-each-ref --format=%(refname)%00%(upstream:short)%00%(objectname)%00%(upstream:track)%00%(upstream:remotename)%00%(upstream:remoteref) refs/heads/main refs/remotes/main [15ms]
2024-01-09 12:03:49.625 [info] > git rev-parse --show-toplevel [2ms]
2024-01-09 12:03:49.644 [info] > git rev-parse --show-toplevel [9ms]
2024-01-09 12:03:49.658 [info] > git status -z -uall [15ms]
2024-01-09 12:03:49.681 [info] > git rev-parse --show-toplevel [24ms]
2024-01-09 12:03:49.699 [info] > git config --get commit.template [18ms]
2024-01-09 12:03:49.702 [info] > git rev-parse --show-toplevel [5ms]
2024-01-09 12:03:49.744 [info] > git rev-parse --show-toplevel [17ms]
2024-01-09 12:03:49.745 [info] > git for-each-ref --format=%(refname)%00%(upstream:short)%00%(objectname)%00%(upstream:track)%00%(upstream:remotename)%00%(upstream:remoteref) refs/heads/main refs/remotes/main [35ms]
2024-01-09 12:03:49.759 [info] > git rev-parse --show-toplevel [1ms]
2024-01-09 12:03:49.784 [info] > git rev-parse --show-toplevel [12ms]
2024-01-09 12:03:49.795 [info] > git status -z -uall [13ms]
2024-01-09 12:03:49.803 [info] > git rev-parse --show-toplevel [9ms]
2024-01-09 12:03:49.810 [info] > git rev-parse --show-toplevel [1ms]
2024-01-09 12:03:49.829 [info] > git rev-parse --show-toplevel [4ms]
2024-01-09 12:03:50.353 [info] > git check-ignore -v -z --stdin [2ms]
2024-01-09 12:03:51.762 [info] > git show --textconv :app/lib/constants/sendgrid.rb [4ms]
2024-01-09 12:03:51.790 [info] > git show --textconv :app/models/payment.rb [15ms]
2024-01-09 12:03:51.791 [info] > git ls-files --stage -- /home/brayan/work/Serverless/app/lib/constants/sendgrid.rb [29ms]
2024-01-09 12:03:51.807 [info] > git cat-file -s 883b7272b97c6e90bef733b39ab5cf057abadb0f [9ms]
2024-01-09 12:03:51.808 [info] > git ls-files --stage -- /home/brayan/work/Serverless/app/models/payment.rb [20ms]
2024-01-09 12:03:51.813 [info] > git cat-file -s 54c0fba328a41703af3860e7acd135fc8a01c71b [1ms]
2024-01-09 12:03:53.821 [info] > git show --textconv :app/lib/jobs/generate_payment_pdf_job.rb [11ms]
2024-01-09 12:03:53.823 [info] > git ls-files --stage -- /home/brayan/work/Serverless/app/lib/jobs/generate_payment_pdf_job.rb [4ms]
2024-01-09 12:03:53.832 [info] > git cat-file -s edf2f16542dd83dcc4da9cdcd2c1123aa4b2f7d1 [1ms]
2024-01-09 12:03:54.907 [info] > git config --get commit.template [1ms]
2024-01-09 12:03:54.914 [info] > git for-each-ref --format=%(refname)%00%(upstream:short)%00%(objectname)%00%(upstream:track)%00%(upstream:remotename)%00%(upstream:remoteref) refs/heads/main refs/remotes/main [1ms]
2024-01-09 12:03:54.921 [info] > git status -z -uall [2ms]
2024-01-09 12:03:59.934 [info] > git config --get commit.template [0ms]
2024-01-09 12:03:59.943 [info] > git for-each-ref --format=%(refname)%00%(upstream:short)%00%(objectname)%00%(upstream:track)%00%(upstream:remotename)%00%(upstream:remoteref) refs/heads/main refs/remotes/main [3ms]
2024-01-09 12:03:59.959 [info] > git status -z -uall [4ms]
2024-01-09 12:04:02.316 [info] > git check-ignore -v -z --stdin [0ms]
2024-01-09 12:04:07.255 [info] > git show --textconv :config/locales/views/es-MX.yml [17ms]
2024-01-09 12:04:07.257 [info] > git ls-files --stage -- /home/brayan/work/Serverless/config/locales/views/es-MX.yml [4ms]
2024-01-09 12:04:07.270 [info] > git cat-file -s 1f8f0f278dde485851d32be07b2cb7537820075f [1ms]
2024-01-09 12:04:07.443 [info] > git check-ignore -v -z --stdin [1ms]
2024-01-09 12:04:10.910 [info] > git show --textconv :config/locales/views/es.yml [7ms]
2024-01-09 12:04:10.911 [info] > git ls-files --stage -- /home/brayan/work/Serverless/config/locales/views/es.yml [1ms]
2024-01-09 12:04:10.919 [info] > git cat-file -s 91cd76c10d505a9c29b54db9c978903f36afb11b [1ms]
2024-01-09 12:04:20.367 [info] > git show --textconv :config/locales/views/es-MX.yml [3ms]
2024-01-09 12:04:20.368 [info] > git ls-files --stage -- /home/brayan/work/Serverless/config/locales/views/es-MX.yml [1ms]
2024-01-09 12:04:20.372 [info] > git cat-file -s 1f8f0f278dde485851d32be07b2cb7537820075f [1ms]
2024-01-09 12:06:17.759 [info] > git show --textconv :app/views/payments/new_design/show.pdf.haml [6ms]
2024-01-09 12:06:17.760 [info] > git ls-files --stage -- /home/brayan/work/Serverless/app/views/payments/new_design/show.pdf.haml [2ms]
2024-01-09 12:06:17.765 [info] > git cat-file -s c3df5d905a3a41a9dc9536aefea867e68e297d21 [1ms]
2024-01-09 12:06:18.014 [info] > git check-ignore -v -z --stdin [1ms]
2024-01-09 12:06:38.700 [info] > git check-ignore -v -z --stdin [1ms]
2024-01-09 12:06:41.577 [info] > git show --textconv :app/views/payments/new_design/_debt_assignation.html.haml [7ms]
2024-01-09 12:06:41.578 [info] > git ls-files --stage -- /home/brayan/work/Serverless/app/views/payments/new_design/_debt_assignation.html.haml [1ms]
2024-01-09 12:06:41.582 [info] > git cat-file -s fd3fb9167daa24aa99af558ecba6b359429cb4ee [1ms]
2024-01-09 12:06:46.900 [info] > git show --textconv :app/views/payments/new_design/_main_header.html.haml [9ms]
2024-01-09 12:06:46.901 [info] > git ls-files --stage -- /home/brayan/work/Serverless/app/views/payments/new_design/_main_header.html.haml [2ms]
2024-01-09 12:06:46.908 [info] > git cat-file -s 1cb2f82c4d49eff57f763f473ebdd7d8501ca83e [1ms]
2024-01-09 12:06:55.389 [info] > git show --textconv :app/views/payments/new_design/show.pdf.haml [5ms]
2024-01-09 12:06:55.389 [info] > git ls-files --stage -- /home/brayan/work/Serverless/app/views/payments/new_design/show.pdf.haml [1ms]
2024-01-09 12:06:55.394 [info] > git cat-file -s c3df5d905a3a41a9dc9536aefea867e68e297d21 [1ms]
2024-01-09 12:06:59.983 [info] > git show --textconv :app/views/payments/new_design/_payment_assign_payments.html.haml [4ms]
2024-01-09 12:06:59.984 [info] > git ls-files --stage -- /home/brayan/work/Serverless/app/views/payments/new_design/_payment_assign_payments.html.haml [1ms]
2024-01-09 12:06:59.990 [info] > git cat-file -s 720820b5129b4e07d9418d40ad9a842b80105683 [1ms]
2024-01-09 12:07:00.930 [info] > git show --textconv :app/views/payments/new_design/numbered_footer.html.haml [7ms]
2024-01-09 12:07:00.931 [info] > git ls-files --stage -- /home/brayan/work/Serverless/app/views/payments/new_design/numbered_footer.html.haml [1ms]
2024-01-09 12:07:00.939 [info] > git cat-file -s dffecca400ab89b97f461cccc1cdae59dd885ff5 [2ms]
2024-01-09 12:07:01.766 [info] > git show --textconv :app/views/payments/new_design/_payment_assign_payments.html.haml [6ms]
2024-01-09 12:07:01.767 [info] > git ls-files --stage -- /home/brayan/work/Serverless/app/views/payments/new_design/_payment_assign_payments.html.haml [1ms]
2024-01-09 12:07:01.771 [info] > git cat-file -s 720820b5129b4e07d9418d40ad9a842b80105683 [1ms]
2024-01-09 12:07:02.284 [info] > git show --textconv :app/views/payments/new_design/_payment_assign_payment_portal_new_design.html.haml [9ms]
2024-01-09 12:07:02.286 [info] > git ls-files --stage -- /home/brayan/work/Serverless/app/views/payments/new_design/_payment_assign_payment_portal_new_design.html.haml [2ms]
2024-01-09 12:07:02.291 [info] > git cat-file -s fe316abdaf18ac426bdea376d15d0d070f836aba [0ms]
2024-01-09 12:07:02.830 [info] > git show --textconv :app/views/payments/new_design/_new_design_header_old_layout.html.haml [6ms]
2024-01-09 12:07:02.831 [info] > git ls-files --stage -- /home/brayan/work/Serverless/app/views/payments/new_design/_new_design_header_old_layout.html.haml [1ms]
2024-01-09 12:07:02.836 [info] > git cat-file -s 3c896f503042b000d479329d596692164da6a716 [0ms]
2024-01-09 12:07:03.661 [info] > git show --textconv :app/views/payments/new_design/_debt_assignation.html.haml [7ms]
2024-01-09 12:07:03.662 [info] > git ls-files --stage -- /home/brayan/work/Serverless/app/views/payments/new_design/_debt_assignation.html.haml [2ms]
2024-01-09 12:07:03.667 [info] > git cat-file -s fd3fb9167daa24aa99af558ecba6b359429cb4ee [1ms]
2024-01-09 12:08:06.839 [info] > git check-ignore -v -z --stdin [1ms]
2024-01-09 12:08:12.546 [info] > git show --textconv :app/views/payments/new_design/_main_header.html.haml [19ms]
2024-01-09 12:08:12.548 [info] > git ls-files --stage -- /home/brayan/work/Serverless/app/views/payments/new_design/_main_header.html.haml [3ms]
2024-01-09 12:08:12.572 [info] > git cat-file -s 1cb2f82c4d49eff57f763f473ebdd7d8501ca83e [14ms]
2024-01-09 12:08:36.625 [info] > git show --textconv :app/views/payments/new_design/_new_design_header_payment_portal_new_layout.html.haml [6ms]
2024-01-09 12:08:36.626 [info] > git ls-files --stage -- /home/brayan/work/Serverless/app/views/payments/new_design/_new_design_header_payment_portal_new_layout.html.haml [2ms]
2024-01-09 12:08:36.631 [info] > git cat-file -s 3a3a544e74664277eea8336a5877cbf7cecb3521 [1ms]
2024-01-09 12:09:40.664 [info] > git show --textconv :config/locales/views/es.yml [9ms]
2024-01-09 12:09:40.665 [info] > git ls-files --stage -- /home/brayan/work/Serverless/config/locales/views/es.yml [2ms]
2024-01-09 12:09:40.672 [info] > git cat-file -s 91cd76c10d505a9c29b54db9c978903f36afb11b [2ms]
2024-01-09 12:11:12.057 [info] > git show --textconv :config/locales/views/es-MX.yml [4ms]
2024-01-09 12:11:12.058 [info] > git ls-files --stage -- /home/brayan/work/Serverless/config/locales/views/es-MX.yml [1ms]
2024-01-09 12:11:12.063 [info] > git cat-file -s 1f8f0f278dde485851d32be07b2cb7537820075f [0ms]
2024-01-09 12:11:18.080 [info] > git show --textconv :config/locales/views/es.yml [6ms]
2024-01-09 12:11:18.081 [info] > git ls-files --stage -- /home/brayan/work/Serverless/config/locales/views/es.yml [1ms]
2024-01-09 12:11:18.086 [info] > git cat-file -s 91cd76c10d505a9c29b54db9c978903f36afb11b [1ms]
2024-01-09 12:14:14.625 [info] > git check-ignore -v -z --stdin [0ms]
2024-01-09 12:14:15.474 [info] > git check-ignore -v -z --stdin [0ms]
