2024-01-08 20:53:43.652 [info] Log level: Info
2024-01-08 20:53:43.652 [info] Validating found git in: "git"
2024-01-08 20:53:43.652 [info] Using git "2.34.1" from "git"
2024-01-08 20:53:49.309 [info] Log level: Info
2024-01-08 20:53:49.309 [info] Validating found git in: "git"
2024-01-08 20:53:49.309 [info] Using git "2.34.1" from "git"
2024-01-08 20:53:49.309 [info] > git rev-parse --show-toplevel [5ms]
2024-01-08 20:53:49.309 [info] > git rev-parse --git-dir --git-common-dir [3ms]
2024-01-08 20:53:49.309 [info] Open repository: /home/brayan/work/web
2024-01-08 20:53:49.327 [info] > git rev-parse --show-toplevel [8ms]
2024-01-08 20:53:49.328 [info] > git config --get commit.template [12ms]
2024-01-08 20:53:49.347 [info] > git for-each-ref --format=%(refname)%00%(upstream:short)%00%(objectname)%00%(upstream:track)%00%(upstream:remotename)%00%(upstream:remoteref) refs/heads/SAAS-4037/part-time-with-worked-days refs/remotes/SAAS-4037/part-time-with-worked-days [3ms]
2024-01-08 20:53:49.358 [info] > git rev-parse --show-toplevel [21ms]
2024-01-08 20:53:49.365 [info] > git rev-parse --show-toplevel [2ms]
2024-01-08 20:53:49.375 [info] > git rev-parse --show-toplevel [1ms]
2024-01-08 20:53:49.382 [info] > git rev-parse --show-toplevel [2ms]
2024-01-08 20:53:49.392 [info] > git status -z -uall [34ms]
2024-01-08 20:53:49.407 [info] > git rev-parse --show-toplevel [15ms]
2024-01-08 20:53:49.414 [info] > git config --get commit.template [8ms]
2024-01-08 20:53:49.416 [info] > git rev-parse --show-toplevel [3ms]
2024-01-08 20:53:49.434 [info] > git for-each-ref --format=%(refname)%00%(upstream:short)%00%(objectname)%00%(upstream:track)%00%(upstream:remotename)%00%(upstream:remoteref) refs/heads/SAAS-4037/part-time-with-worked-days refs/remotes/SAAS-4037/part-time-with-worked-days [7ms]
2024-01-08 20:53:49.444 [info] > git rev-parse --show-toplevel [11ms]
2024-01-08 20:53:49.455 [info] > git rev-parse --show-toplevel [3ms]
2024-01-08 20:53:49.490 [info] > git status -z -uall [49ms]
2024-01-08 20:53:49.494 [info] > git rev-parse --show-toplevel [32ms]
2024-01-08 20:53:49.521 [info] > git rev-parse --show-toplevel [18ms]
2024-01-08 20:53:49.529 [info] > git rev-parse --show-toplevel [1ms]
2024-01-08 20:53:49.539 [info] > git rev-parse --show-toplevel [1ms]
2024-01-08 20:53:49.545 [info] > git rev-parse --show-toplevel [1ms]
2024-01-08 20:53:49.554 [info] > git rev-parse --show-toplevel [2ms]
2024-01-08 20:53:49.563 [info] > git rev-parse --show-toplevel [2ms]
2024-01-08 20:53:49.573 [info] > git rev-parse --show-toplevel [2ms]
2024-01-08 20:53:49.583 [info] > git rev-parse --show-toplevel [2ms]
2024-01-08 20:53:49.604 [info] > git rev-parse --show-toplevel [12ms]
2024-01-08 20:53:49.659 [info] > git rev-parse --show-toplevel [2ms]
2024-01-08 20:53:49.850 [info] > git check-ignore -v -z --stdin [14ms]
2024-01-08 20:53:49.915 [info] > git show --textconv :app/builders/salary_payments/full_time_builder.rb [7ms]
2024-01-08 20:53:49.917 [info] > git ls-files --stage -- /home/brayan/work/web/app/builders/salary_payments/full_time_builder.rb [3ms]
2024-01-08 20:53:49.927 [info] > git cat-file -s 32646492ca0a9a86770fd601dbf081d56b6daffd [2ms]
2024-01-08 20:53:51.322 [info] > git for-each-ref --format=%(refname)%00%(upstream:short)%00%(objectname)%00%(upstream:track)%00%(upstream:remotename)%00%(upstream:remoteref) refs/heads/SAAS-4037/part-time-with-worked-days [2ms]
2024-01-08 20:53:51.331 [info] > git config --local branch.SAAS-4037/part-time-with-worked-days.vscode-merge-base [1ms]
2024-01-08 20:53:51.342 [info] > git for-each-ref --format=%(refname)%00%(upstream:short)%00%(objectname)%00%(upstream:track)%00%(upstream:remotename)%00%(upstream:remoteref) refs/heads/SAAS-3774/remunerations-qa refs/remotes/SAAS-3774/remunerations-qa [2ms]
2024-01-08 20:53:51.379 [info] > git merge-base refs/heads/SAAS-4037/part-time-with-worked-days refs/heads/SAAS-3774/remunerations-qa [2ms]
2024-01-08 20:53:51.393 [info] > git rev-list --count --left-right refs/heads/SAAS-4037/part-time-with-worked-days...refs/heads/SAAS-3774/remunerations-qa [6ms]
2024-01-08 20:53:51.861 [info] > git check-ignore -v -z --stdin [2ms]
2024-01-08 20:54:01.158 [info] > git config --get commit.template [1ms]
2024-01-08 20:54:01.169 [info] > git for-each-ref --format=%(refname)%00%(upstream:short)%00%(objectname)%00%(upstream:track)%00%(upstream:remotename)%00%(upstream:remoteref) refs/heads/SAAS-4086/better-finkok-errors refs/remotes/SAAS-4086/better-finkok-errors [2ms]
2024-01-08 20:54:01.203 [info] > git status -z -uall [27ms]
2024-01-08 20:54:01.217 [info] > git for-each-ref --format=%(refname)%00%(upstream:short)%00%(objectname)%00%(upstream:track)%00%(upstream:remotename)%00%(upstream:remoteref) refs/heads/SAAS-4086/better-finkok-errors [2ms]
2024-01-08 20:54:01.226 [info] > git config --local branch.SAAS-4086/better-finkok-errors.vscode-merge-base [2ms]
2024-01-08 20:54:01.237 [info] > git for-each-ref --format=%(refname)%00%(upstream:short)%00%(objectname)%00%(upstream:track)%00%(upstream:remotename)%00%(upstream:remoteref) refs/heads/develop refs/remotes/develop [1ms]
2024-01-08 20:54:01.258 [info] > git merge-base refs/heads/SAAS-4086/better-finkok-errors refs/heads/develop [10ms]
2024-01-08 20:54:01.269 [info] > git ls-files --stage -- /home/brayan/work/web/app/builders/salary_payments/full_time_builder.rb [12ms]
2024-01-08 20:54:01.279 [info] > git rev-list --count --left-right refs/heads/SAAS-4086/better-finkok-errors...refs/heads/develop [10ms]
2024-01-08 20:54:01.281 [info] > git show --textconv :app/builders/salary_payments/full_time_builder.rb [3ms]
2024-01-08 20:54:11.588 [info] > git show --textconv :app/models/finkok_response.rb [11ms]
2024-01-08 20:54:11.590 [info] > git ls-files --stage -- /home/brayan/work/web/app/models/finkok_response.rb [3ms]
2024-01-08 20:54:11.597 [info] > git cat-file -s 487546da8900a535d99158167656e0cfd31ec1d9 [1ms]
2024-01-08 20:54:11.781 [info] > git check-ignore -v -z --stdin [1ms]
2024-01-08 20:55:06.729 [info] > git config --get commit.template [1ms]
2024-01-08 20:55:06.735 [info] > git for-each-ref --format=%(refname)%00%(upstream:short)%00%(objectname)%00%(upstream:track)%00%(upstream:remotename)%00%(upstream:remoteref) refs/heads/SAAS-4086/better-finkok-errors refs/remotes/SAAS-4086/better-finkok-errors [1ms]
2024-01-08 20:55:06.759 [info] > git status -z -uall [20ms]
2024-01-08 20:55:15.219 [info] > git config --get commit.template [1ms]
2024-01-08 20:55:15.228 [info] > git for-each-ref --format=%(refname)%00%(upstream:short)%00%(objectname)%00%(upstream:track)%00%(upstream:remotename)%00%(upstream:remoteref) refs/heads/SAAS-4086/better-finkok-errors refs/remotes/SAAS-4086/better-finkok-errors [2ms]
2024-01-08 20:55:15.269 [info] > git status -z -uall [34ms]
2024-01-08 20:55:50.439 [info] > git config --get commit.template [12ms]
2024-01-08 20:55:50.440 [info] > git for-each-ref --format=%(refname)%00%(upstream:short)%00%(objectname)%00%(upstream:track)%00%(upstream:remotename)%00%(upstream:remoteref) refs/heads/SAAS-4086/better-finkok-errors refs/remotes/SAAS-4086/better-finkok-errors [3ms]
2024-01-08 20:55:50.478 [info] > git status -z -uall [32ms]
2024-01-08 20:55:55.492 [info] > git config --get commit.template [5ms]
2024-01-08 20:55:55.493 [info] > git for-each-ref --format=%(refname)%00%(upstream:short)%00%(objectname)%00%(upstream:track)%00%(upstream:remotename)%00%(upstream:remoteref) refs/heads/SAAS-4086/better-finkok-errors refs/remotes/SAAS-4086/better-finkok-errors [1ms]
2024-01-08 20:55:55.519 [info] > git status -z -uall [23ms]
2024-01-08 20:56:00.537 [info] > git config --get commit.template [6ms]
2024-01-08 20:56:00.537 [info] > git for-each-ref --format=%(refname)%00%(upstream:short)%00%(objectname)%00%(upstream:track)%00%(upstream:remotename)%00%(upstream:remoteref) refs/heads/SAAS-4086/better-finkok-errors refs/remotes/SAAS-4086/better-finkok-errors [1ms]
2024-01-08 20:56:00.558 [info] > git status -z -uall [17ms]
2024-01-08 20:56:18.138 [info] > git config --get commit.template [0ms]
2024-01-08 20:56:18.143 [info] > git for-each-ref --format=%(refname)%00%(upstream:short)%00%(objectname)%00%(upstream:track)%00%(upstream:remotename)%00%(upstream:remoteref) refs/heads/SAAS-4086/better-finkok-errors refs/remotes/SAAS-4086/better-finkok-errors [1ms]
2024-01-08 20:56:18.166 [info] > git status -z -uall [19ms]
2024-01-08 20:56:48.465 [info] > git config --get commit.template [0ms]
2024-01-08 20:56:48.471 [info] > git for-each-ref --format=%(refname)%00%(upstream:short)%00%(objectname)%00%(upstream:track)%00%(upstream:remotename)%00%(upstream:remoteref) refs/heads/SAAS-4086/better-finkok-errors refs/remotes/SAAS-4086/better-finkok-errors [1ms]
2024-01-08 20:56:48.494 [info] > git status -z -uall [18ms]
2024-01-08 20:57:13.453 [info] > git config --get commit.template [9ms]
2024-01-08 20:57:13.453 [info] > git for-each-ref --format=%(refname)%00%(upstream:short)%00%(objectname)%00%(upstream:track)%00%(upstream:remotename)%00%(upstream:remoteref) refs/heads/SAAS-4086/better-finkok-errors refs/remotes/SAAS-4086/better-finkok-errors [1ms]
2024-01-08 20:57:13.485 [info] > git status -z -uall [24ms]
2024-01-08 20:57:18.500 [info] > git config --get commit.template [5ms]
2024-01-08 20:57:18.500 [info] > git for-each-ref --format=%(refname)%00%(upstream:short)%00%(objectname)%00%(upstream:track)%00%(upstream:remotename)%00%(upstream:remoteref) refs/heads/SAAS-4086/better-finkok-errors refs/remotes/SAAS-4086/better-finkok-errors [1ms]
2024-01-08 20:57:18.525 [info] > git status -z -uall [22ms]
2024-01-08 20:57:23.539 [info] > git config --get commit.template [6ms]
2024-01-08 20:57:23.539 [info] > git for-each-ref --format=%(refname)%00%(upstream:short)%00%(objectname)%00%(upstream:track)%00%(upstream:remotename)%00%(upstream:remoteref) refs/heads/SAAS-4086/better-finkok-errors refs/remotes/SAAS-4086/better-finkok-errors [1ms]
2024-01-08 20:57:23.562 [info] > git status -z -uall [17ms]
2024-01-08 20:57:49.156 [info] > git config --get commit.template [5ms]
2024-01-08 20:57:49.156 [info] > git for-each-ref --format=%(refname)%00%(upstream:short)%00%(objectname)%00%(upstream:track)%00%(upstream:remotename)%00%(upstream:remoteref) refs/heads/SAAS-4086/better-finkok-errors refs/remotes/SAAS-4086/better-finkok-errors [1ms]
2024-01-08 20:57:49.177 [info] > git status -z -uall [17ms]
2024-01-08 21:00:36.041 [info] > git config --get commit.template [11ms]
2024-01-08 21:00:36.042 [info] > git for-each-ref --format=%(refname)%00%(upstream:short)%00%(objectname)%00%(upstream:track)%00%(upstream:remotename)%00%(upstream:remoteref) refs/heads/SAAS-4086/better-finkok-errors refs/remotes/SAAS-4086/better-finkok-errors [2ms]
2024-01-08 21:00:36.071 [info] > git status -z -uall [24ms]
2024-01-08 21:05:45.966 [info] > git config --get commit.template [9ms]
2024-01-08 21:05:45.967 [info] > git for-each-ref --format=%(refname)%00%(upstream:short)%00%(objectname)%00%(upstream:track)%00%(upstream:remotename)%00%(upstream:remoteref) refs/heads/SAAS-4086/better-finkok-errors refs/remotes/SAAS-4086/better-finkok-errors [2ms]
2024-01-08 21:05:46.003 [info] > git status -z -uall [28ms]
2024-01-08 21:05:51.018 [info] > git config --get commit.template [6ms]
2024-01-08 21:05:51.019 [info] > git for-each-ref --format=%(refname)%00%(upstream:short)%00%(objectname)%00%(upstream:track)%00%(upstream:remotename)%00%(upstream:remoteref) refs/heads/SAAS-4086/better-finkok-errors refs/remotes/SAAS-4086/better-finkok-errors [1ms]
2024-01-08 21:05:51.047 [info] > git status -z -uall [23ms]
2024-01-08 21:07:31.596 [info] > git for-each-ref --format=%(refname)%00%(upstream:short)%00%(objectname)%00%(upstream:track)%00%(upstream:remotename)%00%(upstream:remoteref) refs/heads/SAAS-4086/better-finkok-errors refs/remotes/SAAS-4086/better-finkok-errors [3ms]
2024-01-08 21:07:31.596 [info] > git config --get commit.template [13ms]
2024-01-08 21:07:31.626 [info] > git status -z -uall [24ms]
2024-01-08 21:07:36.636 [info] > git config --get commit.template [1ms]
2024-01-08 21:07:36.642 [info] > git for-each-ref --format=%(refname)%00%(upstream:short)%00%(objectname)%00%(upstream:track)%00%(upstream:remotename)%00%(upstream:remoteref) refs/heads/SAAS-4086/better-finkok-errors refs/remotes/SAAS-4086/better-finkok-errors [1ms]
2024-01-08 21:07:36.666 [info] > git status -z -uall [19ms]
2024-01-08 21:07:43.145 [info] > git config --get commit.template [9ms]
2024-01-08 21:07:43.146 [info] > git for-each-ref --format=%(refname)%00%(upstream:short)%00%(objectname)%00%(upstream:track)%00%(upstream:remotename)%00%(upstream:remoteref) refs/heads/SAAS-4086/better-finkok-errors refs/remotes/SAAS-4086/better-finkok-errors [2ms]
2024-01-08 21:07:43.176 [info] > git status -z -uall [22ms]
2024-01-08 21:07:44.725 [info] > git show --textconv :app/jobs/payment_irs_complement_all_job.rb [9ms]
2024-01-08 21:07:44.727 [info] > git ls-files --stage -- /home/brayan/work/web/app/jobs/payment_irs_complement_all_job.rb [2ms]
2024-01-08 21:07:44.733 [info] > git cat-file -s 598df2a797c9a0147ec55ad6cca5cc54213aa6f0 [1ms]
2024-01-08 21:07:44.970 [info] > git check-ignore -v -z --stdin [2ms]
2024-01-08 21:07:49.233 [info] > git show --textconv :app/models/payment.rb [12ms]
2024-01-08 21:07:49.234 [info] > git ls-files --stage -- /home/brayan/work/web/app/models/payment.rb [2ms]
2024-01-08 21:07:49.244 [info] > git cat-file -s 5a3978b27f752ebac17f3e77e7c0241ab548a2f7 [2ms]
2024-01-08 21:07:49.487 [info] > git check-ignore -v -z --stdin [2ms]
2024-01-08 21:07:55.405 [info] > git config --get commit.template [1ms]
2024-01-08 21:07:55.412 [info] > git for-each-ref --format=%(refname)%00%(upstream:short)%00%(objectname)%00%(upstream:track)%00%(upstream:remotename)%00%(upstream:remoteref) refs/heads/SAAS-4086/better-finkok-errors refs/remotes/SAAS-4086/better-finkok-errors [1ms]
2024-01-08 21:07:55.435 [info] > git status -z -uall [18ms]
2024-01-08 21:08:00.443 [info] > git config --get commit.template [1ms]
2024-01-08 21:08:00.449 [info] > git for-each-ref --format=%(refname)%00%(upstream:short)%00%(objectname)%00%(upstream:track)%00%(upstream:remotename)%00%(upstream:remoteref) refs/heads/SAAS-4086/better-finkok-errors refs/remotes/SAAS-4086/better-finkok-errors [1ms]
2024-01-08 21:08:00.477 [info] > git status -z -uall [23ms]
2024-01-08 21:08:06.621 [info] > git show --textconv :app/models/finkok_response.rb [7ms]
2024-01-08 21:08:06.623 [info] > git ls-files --stage -- /home/brayan/work/web/app/models/finkok_response.rb [1ms]
2024-01-08 21:08:06.638 [info] > git cat-file -s 487546da8900a535d99158167656e0cfd31ec1d9 [3ms]
2024-01-08 21:08:12.215 [info] > git show --textconv :app/jobs/payment_irs_all_job.rb [10ms]
2024-01-08 21:08:12.216 [info] > git ls-files --stage -- /home/brayan/work/web/app/jobs/payment_irs_all_job.rb [2ms]
2024-01-08 21:08:12.223 [info] > git cat-file -s c2d2a2b2b0fef2e09d0d5fa38f612247cd8f7e57 [1ms]
2024-01-08 21:08:12.473 [info] > git check-ignore -v -z --stdin [1ms]
2024-01-08 21:08:17.977 [info] > git check-ignore -v -z --stdin [2ms]
2024-01-08 21:08:20.719 [info] > git show --textconv :app/lib/payments/updater.rb [9ms]
2024-01-08 21:08:20.720 [info] > git ls-files --stage -- /home/brayan/work/web/app/lib/payments/updater.rb [2ms]
2024-01-08 21:08:20.726 [info] > git cat-file -s a2c311f43ce08c35052d8771ac02b2d3b4fa02da [1ms]
2024-01-08 21:08:20.992 [info] > git check-ignore -v -z --stdin [2ms]
2024-01-08 21:08:27.296 [info] > git config --get commit.template [4ms]
2024-01-08 21:08:27.296 [info] > git for-each-ref --format=%(refname)%00%(upstream:short)%00%(objectname)%00%(upstream:track)%00%(upstream:remotename)%00%(upstream:remoteref) refs/heads/SAAS-4086/better-finkok-errors refs/remotes/SAAS-4086/better-finkok-errors [1ms]
2024-01-08 21:08:27.314 [info] > git status -z -uall [15ms]
2024-01-08 21:08:57.839 [info] > git config --get commit.template [1ms]
2024-01-08 21:08:57.844 [info] > git for-each-ref --format=%(refname)%00%(upstream:short)%00%(objectname)%00%(upstream:track)%00%(upstream:remotename)%00%(upstream:remoteref) refs/heads/SAAS-4086/better-finkok-errors refs/remotes/SAAS-4086/better-finkok-errors [1ms]
2024-01-08 21:08:57.863 [info] > git status -z -uall [15ms]
2024-01-08 21:08:58.312 [info] > git show --textconv :app/services/mx_companies/irs_all_response.rb [6ms]
2024-01-08 21:08:58.314 [info] > git ls-files --stage -- /home/brayan/work/web/app/services/mx_companies/irs_all_response.rb [2ms]
2024-01-08 21:08:58.322 [info] > git cat-file -s a1ff88f00a40de287e206bcbbeca4673a77b99fe [1ms]
2024-01-08 21:08:58.576 [info] > git check-ignore -v -z --stdin [2ms]
2024-01-08 21:09:28.172 [info] > git config --get commit.template [0ms]
2024-01-08 21:09:28.177 [info] > git for-each-ref --format=%(refname)%00%(upstream:short)%00%(objectname)%00%(upstream:track)%00%(upstream:remotename)%00%(upstream:remoteref) refs/heads/SAAS-4086/better-finkok-errors refs/remotes/SAAS-4086/better-finkok-errors [1ms]
2024-01-08 21:09:28.196 [info] > git status -z -uall [16ms]
2024-01-08 21:09:33.482 [info] > git show --textconv :app/jobs/cancel_irs_bill_job.rb [10ms]
2024-01-08 21:09:33.483 [info] > git ls-files --stage -- /home/brayan/work/web/app/jobs/cancel_irs_bill_job.rb [2ms]
2024-01-08 21:09:33.488 [info] > git cat-file -s b93975e122a552b9782e9a352a1784a8ca966c7c [1ms]
2024-01-08 21:09:33.742 [info] > git check-ignore -v -z --stdin [2ms]
2024-01-08 21:09:45.092 [info] > git show --textconv :app/services/finkok_responses/cancel_irs_bill.rb [8ms]
2024-01-08 21:09:45.094 [info] > git ls-files --stage -- /home/brayan/work/web/app/services/finkok_responses/cancel_irs_bill.rb [2ms]
2024-01-08 21:09:45.099 [info] > git cat-file -s b5305a825abf810f35b6d0c94eb6e07121136684 [1ms]
2024-01-08 21:09:45.328 [info] > git check-ignore -v -z --stdin [2ms]
2024-01-08 21:09:58.551 [info] > git config --get commit.template [1ms]
2024-01-08 21:09:58.556 [info] > git for-each-ref --format=%(refname)%00%(upstream:short)%00%(objectname)%00%(upstream:track)%00%(upstream:remotename)%00%(upstream:remoteref) refs/heads/SAAS-4086/better-finkok-errors refs/remotes/SAAS-4086/better-finkok-errors [1ms]
2024-01-08 21:09:58.575 [info] > git status -z -uall [16ms]
2024-01-08 21:10:17.042 [info] > git show --textconv :app/models/finkok_response.rb [4ms]
2024-01-08 21:10:17.044 [info] > git ls-files --stage -- /home/brayan/work/web/app/models/finkok_response.rb [2ms]
2024-01-08 21:10:17.053 [info] > git cat-file -s 487546da8900a535d99158167656e0cfd31ec1d9 [1ms]
2024-01-08 21:10:28.892 [info] > git config --get commit.template [1ms]
2024-01-08 21:10:28.896 [info] > git for-each-ref --format=%(refname)%00%(upstream:short)%00%(objectname)%00%(upstream:track)%00%(upstream:remotename)%00%(upstream:remoteref) refs/heads/SAAS-4086/better-finkok-errors refs/remotes/SAAS-4086/better-finkok-errors [0ms]
2024-01-08 21:10:28.916 [info] > git status -z -uall [16ms]
2024-01-08 21:10:37.838 [info] > git config --get commit.template [0ms]
2024-01-08 21:10:37.841 [info] > git for-each-ref --format=%(refname)%00%(upstream:short)%00%(objectname)%00%(upstream:track)%00%(upstream:remotename)%00%(upstream:remoteref) refs/heads/SAAS-4086/better-finkok-errors refs/remotes/SAAS-4086/better-finkok-errors [1ms]
2024-01-08 21:10:37.860 [info] > git status -z -uall [16ms]
2024-01-08 21:10:43.724 [info] > git config --get commit.template [4ms]
2024-01-08 21:10:43.724 [info] > git for-each-ref --format=%(refname)%00%(upstream:short)%00%(objectname)%00%(upstream:track)%00%(upstream:remotename)%00%(upstream:remoteref) refs/heads/SAAS-4086/better-finkok-errors refs/remotes/SAAS-4086/better-finkok-errors [0ms]
2024-01-08 21:10:43.745 [info] > git status -z -uall [16ms]
2024-01-08 21:10:59.240 [info] > git config --get commit.template [4ms]
2024-01-08 21:10:59.240 [info] > git for-each-ref --format=%(refname)%00%(upstream:short)%00%(objectname)%00%(upstream:track)%00%(upstream:remotename)%00%(upstream:remoteref) refs/heads/SAAS-4086/better-finkok-errors refs/remotes/SAAS-4086/better-finkok-errors [1ms]
2024-01-08 21:10:59.258 [info] > git status -z -uall [15ms]
2024-01-08 21:11:15.609 [info] > git config --get commit.template [0ms]
2024-01-08 21:11:15.614 [info] > git for-each-ref --format=%(refname)%00%(upstream:short)%00%(objectname)%00%(upstream:track)%00%(upstream:remotename)%00%(upstream:remoteref) refs/heads/SAAS-4086/better-finkok-errors refs/remotes/SAAS-4086/better-finkok-errors [0ms]
2024-01-08 21:11:15.632 [info] > git status -z -uall [15ms]
2024-01-08 21:11:29.677 [info] > git config --get commit.template [0ms]
2024-01-08 21:11:29.682 [info] > git for-each-ref --format=%(refname)%00%(upstream:short)%00%(objectname)%00%(upstream:track)%00%(upstream:remotename)%00%(upstream:remoteref) refs/heads/SAAS-4086/better-finkok-errors refs/remotes/SAAS-4086/better-finkok-errors [1ms]
2024-01-08 21:11:29.702 [info] > git status -z -uall [16ms]
2024-01-08 21:11:52.932 [info] > git config --get commit.template [10ms]
2024-01-08 21:11:52.933 [info] > git for-each-ref --format=%(refname)%00%(upstream:short)%00%(objectname)%00%(upstream:track)%00%(upstream:remotename)%00%(upstream:remoteref) refs/heads/SAAS-4086/better-finkok-errors refs/remotes/SAAS-4086/better-finkok-errors [2ms]
2024-01-08 21:11:52.958 [info] > git status -z -uall [20ms]
2024-01-08 21:11:58.916 [info] > git config --get commit.template [16ms]
2024-01-08 21:11:58.916 [info] > git for-each-ref --format=%(refname)%00%(upstream:short)%00%(objectname)%00%(upstream:track)%00%(upstream:remotename)%00%(upstream:remoteref) refs/heads/SAAS-4086/better-finkok-errors refs/remotes/SAAS-4086/better-finkok-errors [2ms]
2024-01-08 21:11:58.944 [info] > git status -z -uall [20ms]
2024-01-08 21:12:05.862 [info] > git config --get commit.template [11ms]
2024-01-08 21:12:05.863 [info] > git for-each-ref --format=%(refname)%00%(upstream:short)%00%(objectname)%00%(upstream:track)%00%(upstream:remotename)%00%(upstream:remoteref) refs/heads/SAAS-4086/better-finkok-errors refs/remotes/SAAS-4086/better-finkok-errors [2ms]
2024-01-08 21:12:05.886 [info] > git status -z -uall [16ms]
2024-01-08 21:12:10.898 [info] > git config --get commit.template [0ms]
2024-01-08 21:12:10.904 [info] > git for-each-ref --format=%(refname)%00%(upstream:short)%00%(objectname)%00%(upstream:track)%00%(upstream:remotename)%00%(upstream:remoteref) refs/heads/SAAS-4086/better-finkok-errors refs/remotes/SAAS-4086/better-finkok-errors [2ms]
2024-01-08 21:12:10.947 [info] > git status -z -uall [35ms]
2024-01-08 21:12:35.883 [info] > git config --get commit.template [5ms]
2024-01-08 21:12:35.884 [info] > git for-each-ref --format=%(refname)%00%(upstream:short)%00%(objectname)%00%(upstream:track)%00%(upstream:remotename)%00%(upstream:remoteref) refs/heads/SAAS-4086/better-finkok-errors refs/remotes/SAAS-4086/better-finkok-errors [1ms]
2024-01-08 21:12:35.915 [info] > git status -z -uall [27ms]
2024-01-08 21:13:18.259 [info] > git config --get commit.template [6ms]
2024-01-08 21:13:18.260 [info] > git for-each-ref --format=%(refname)%00%(upstream:short)%00%(objectname)%00%(upstream:track)%00%(upstream:remotename)%00%(upstream:remoteref) refs/heads/SAAS-4086/better-finkok-errors refs/remotes/SAAS-4086/better-finkok-errors [2ms]
2024-01-08 21:13:18.291 [info] > git status -z -uall [26ms]
2024-01-08 21:13:25.382 [info] > git config --get commit.template [0ms]
2024-01-08 21:13:25.386 [info] > git for-each-ref --format=%(refname)%00%(upstream:short)%00%(objectname)%00%(upstream:track)%00%(upstream:remotename)%00%(upstream:remoteref) refs/heads/SAAS-4086/better-finkok-errors refs/remotes/SAAS-4086/better-finkok-errors [1ms]
2024-01-08 21:13:25.408 [info] > git status -z -uall [18ms]
2024-01-08 21:13:36.130 [info] > git config --get commit.template [0ms]
2024-01-08 21:13:36.135 [info] > git for-each-ref --format=%(refname)%00%(upstream:short)%00%(objectname)%00%(upstream:track)%00%(upstream:remotename)%00%(upstream:remoteref) refs/heads/SAAS-4086/better-finkok-errors refs/remotes/SAAS-4086/better-finkok-errors [1ms]
2024-01-08 21:13:36.158 [info] > git status -z -uall [19ms]
2024-01-08 21:13:49.580 [info] > git config --get commit.template [0ms]
2024-01-08 21:13:49.585 [info] > git for-each-ref --format=%(refname)%00%(upstream:short)%00%(objectname)%00%(upstream:track)%00%(upstream:remotename)%00%(upstream:remoteref) refs/heads/SAAS-4086/better-finkok-errors refs/remotes/SAAS-4086/better-finkok-errors [1ms]
2024-01-08 21:13:49.604 [info] > git status -z -uall [15ms]
2024-01-08 21:14:00.895 [info] > git config --get commit.template [7ms]
2024-01-08 21:14:00.896 [info] > git for-each-ref --format=%(refname)%00%(upstream:short)%00%(objectname)%00%(upstream:track)%00%(upstream:remotename)%00%(upstream:remoteref) refs/heads/SAAS-4086/better-finkok-errors refs/remotes/SAAS-4086/better-finkok-errors [1ms]
2024-01-08 21:14:00.932 [info] > git status -z -uall [28ms]
2024-01-08 21:14:09.674 [info] > git config --get commit.template [1ms]
2024-01-08 21:14:09.682 [info] > git for-each-ref --format=%(refname)%00%(upstream:short)%00%(objectname)%00%(upstream:track)%00%(upstream:remotename)%00%(upstream:remoteref) refs/heads/SAAS-4086/better-finkok-errors refs/remotes/SAAS-4086/better-finkok-errors [1ms]
2024-01-08 21:14:09.709 [info] > git status -z -uall [20ms]
2024-01-08 21:14:22.046 [info] > git config --get commit.template [11ms]
2024-01-08 21:14:22.047 [info] > git for-each-ref --format=%(refname)%00%(upstream:short)%00%(objectname)%00%(upstream:track)%00%(upstream:remotename)%00%(upstream:remoteref) refs/heads/SAAS-4086/better-finkok-errors refs/remotes/SAAS-4086/better-finkok-errors [3ms]
2024-01-08 21:14:22.080 [info] > git status -z -uall [25ms]
2024-01-08 21:14:27.087 [info] > git config --get commit.template [1ms]
2024-01-08 21:14:27.092 [info] > git for-each-ref --format=%(refname)%00%(upstream:short)%00%(objectname)%00%(upstream:track)%00%(upstream:remotename)%00%(upstream:remoteref) refs/heads/SAAS-4086/better-finkok-errors refs/remotes/SAAS-4086/better-finkok-errors [1ms]
2024-01-08 21:14:27.112 [info] > git status -z -uall [16ms]
2024-01-08 21:14:37.181 [info] > git config --get commit.template [6ms]
2024-01-08 21:14:37.181 [info] > git for-each-ref --format=%(refname)%00%(upstream:short)%00%(objectname)%00%(upstream:track)%00%(upstream:remotename)%00%(upstream:remoteref) refs/heads/SAAS-4086/better-finkok-errors refs/remotes/SAAS-4086/better-finkok-errors [1ms]
2024-01-08 21:14:37.204 [info] > git status -z -uall [17ms]
2024-01-08 21:14:42.211 [info] > git config --get commit.template [1ms]
2024-01-08 21:14:42.216 [info] > git for-each-ref --format=%(refname)%00%(upstream:short)%00%(objectname)%00%(upstream:track)%00%(upstream:remotename)%00%(upstream:remoteref) refs/heads/SAAS-4086/better-finkok-errors refs/remotes/SAAS-4086/better-finkok-errors [1ms]
2024-01-08 21:14:42.234 [info] > git status -z -uall [15ms]
2024-01-08 21:15:01.381 [info] > git config --get commit.template [1ms]
2024-01-08 21:15:01.390 [info] > git for-each-ref --format=%(refname)%00%(upstream:short)%00%(objectname)%00%(upstream:track)%00%(upstream:remotename)%00%(upstream:remoteref) refs/heads/SAAS-4086/better-finkok-errors refs/remotes/SAAS-4086/better-finkok-errors [1ms]
2024-01-08 21:15:01.416 [info] > git status -z -uall [18ms]
2024-01-08 21:15:11.732 [info] > git config --get commit.template [0ms]
2024-01-08 21:15:11.736 [info] > git for-each-ref --format=%(refname)%00%(upstream:short)%00%(objectname)%00%(upstream:track)%00%(upstream:remotename)%00%(upstream:remoteref) refs/heads/SAAS-4086/better-finkok-errors refs/remotes/SAAS-4086/better-finkok-errors [1ms]
2024-01-08 21:15:11.757 [info] > git status -z -uall [18ms]
2024-01-08 21:16:36.830 [info] > git config --get commit.template [8ms]
2024-01-08 21:16:36.830 [info] > git for-each-ref --format=%(refname)%00%(upstream:short)%00%(objectname)%00%(upstream:track)%00%(upstream:remotename)%00%(upstream:remoteref) refs/heads/SAAS-4086/better-finkok-errors refs/remotes/SAAS-4086/better-finkok-errors [1ms]
2024-01-08 21:16:36.856 [info] > git status -z -uall [21ms]
2024-01-08 21:16:41.864 [info] > git config --get commit.template [0ms]
2024-01-08 21:16:41.869 [info] > git for-each-ref --format=%(refname)%00%(upstream:short)%00%(objectname)%00%(upstream:track)%00%(upstream:remotename)%00%(upstream:remoteref) refs/heads/SAAS-4086/better-finkok-errors refs/remotes/SAAS-4086/better-finkok-errors [0ms]
2024-01-08 21:16:41.888 [info] > git status -z -uall [16ms]
2024-01-08 21:16:46.899 [info] > git config --get commit.template [4ms]
2024-01-08 21:16:46.900 [info] > git for-each-ref --format=%(refname)%00%(upstream:short)%00%(objectname)%00%(upstream:track)%00%(upstream:remotename)%00%(upstream:remoteref) refs/heads/SAAS-4086/better-finkok-errors refs/remotes/SAAS-4086/better-finkok-errors [1ms]
2024-01-08 21:16:46.922 [info] > git status -z -uall [19ms]
2024-01-08 21:17:13.158 [info] > git config --get commit.template [1ms]
2024-01-08 21:17:13.162 [info] > git for-each-ref --format=%(refname)%00%(upstream:short)%00%(objectname)%00%(upstream:track)%00%(upstream:remotename)%00%(upstream:remoteref) refs/heads/SAAS-4086/better-finkok-errors refs/remotes/SAAS-4086/better-finkok-errors [1ms]
2024-01-08 21:17:13.181 [info] > git status -z -uall [15ms]
2024-01-08 21:17:33.164 [info] > git show --textconv :app/lib/finkok/base.rb [6ms]
2024-01-08 21:17:33.165 [info] > git ls-files --stage -- /home/brayan/work/web/app/lib/finkok/base.rb [1ms]
2024-01-08 21:17:33.171 [info] > git cat-file -s 8b588925ea02d498ddcf4e5c5cb4aff33f55b96d [1ms]
2024-01-08 21:17:33.428 [info] > git check-ignore -v -z --stdin [2ms]
2024-01-08 21:17:43.535 [info] > git config --get commit.template [5ms]
2024-01-08 21:17:43.535 [info] > git for-each-ref --format=%(refname)%00%(upstream:short)%00%(objectname)%00%(upstream:track)%00%(upstream:remotename)%00%(upstream:remoteref) refs/heads/SAAS-4086/better-finkok-errors refs/remotes/SAAS-4086/better-finkok-errors [1ms]
2024-01-08 21:17:43.554 [info] > git status -z -uall [15ms]
2024-01-08 21:18:13.911 [info] > git config --get commit.template [1ms]
2024-01-08 21:18:13.916 [info] > git for-each-ref --format=%(refname)%00%(upstream:short)%00%(objectname)%00%(upstream:track)%00%(upstream:remotename)%00%(upstream:remoteref) refs/heads/SAAS-4086/better-finkok-errors refs/remotes/SAAS-4086/better-finkok-errors [1ms]
2024-01-08 21:18:13.939 [info] > git status -z -uall [19ms]
2024-01-08 21:18:29.629 [info] > git config --get commit.template [1ms]
2024-01-08 21:18:29.634 [info] > git for-each-ref --format=%(refname)%00%(upstream:short)%00%(objectname)%00%(upstream:track)%00%(upstream:remotename)%00%(upstream:remoteref) refs/heads/SAAS-4086/better-finkok-errors refs/remotes/SAAS-4086/better-finkok-errors [0ms]
2024-01-08 21:18:29.658 [info] > git status -z -uall [21ms]
2024-01-08 21:18:38.567 [info] > git config --get commit.template [1ms]
2024-01-08 21:18:38.572 [info] > git for-each-ref --format=%(refname)%00%(upstream:short)%00%(objectname)%00%(upstream:track)%00%(upstream:remotename)%00%(upstream:remoteref) refs/heads/SAAS-4086/better-finkok-errors refs/remotes/SAAS-4086/better-finkok-errors [1ms]
2024-01-08 21:18:38.593 [info] > git status -z -uall [18ms]
2024-01-08 21:18:44.482 [info] > git config --get commit.template [1ms]
2024-01-08 21:18:44.487 [info] > git for-each-ref --format=%(refname)%00%(upstream:short)%00%(objectname)%00%(upstream:track)%00%(upstream:remotename)%00%(upstream:remoteref) refs/heads/SAAS-4086/better-finkok-errors refs/remotes/SAAS-4086/better-finkok-errors [1ms]
2024-01-08 21:18:44.506 [info] > git status -z -uall [15ms]
2024-01-08 21:19:14.832 [info] > git config --get commit.template [1ms]
2024-01-08 21:19:14.837 [info] > git for-each-ref --format=%(refname)%00%(upstream:short)%00%(objectname)%00%(upstream:track)%00%(upstream:remotename)%00%(upstream:remoteref) refs/heads/SAAS-4086/better-finkok-errors refs/remotes/SAAS-4086/better-finkok-errors [1ms]
2024-01-08 21:19:14.856 [info] > git status -z -uall [15ms]
2024-01-08 21:19:29.113 [info] > git config --get commit.template [0ms]
2024-01-08 21:19:29.118 [info] > git for-each-ref --format=%(refname)%00%(upstream:short)%00%(objectname)%00%(upstream:track)%00%(upstream:remotename)%00%(upstream:remoteref) refs/heads/SAAS-4086/better-finkok-errors refs/remotes/SAAS-4086/better-finkok-errors [1ms]
2024-01-08 21:19:29.137 [info] > git status -z -uall [16ms]
2024-01-08 21:19:45.202 [info] > git config --get commit.template [2ms]
2024-01-08 21:19:45.206 [info] > git for-each-ref --format=%(refname)%00%(upstream:short)%00%(objectname)%00%(upstream:track)%00%(upstream:remotename)%00%(upstream:remoteref) refs/heads/SAAS-4086/better-finkok-errors refs/remotes/SAAS-4086/better-finkok-errors [1ms]
2024-01-08 21:19:45.226 [info] > git status -z -uall [17ms]
2024-01-08 21:20:15.558 [info] > git config --get commit.template [1ms]
2024-01-08 21:20:15.562 [info] > git for-each-ref --format=%(refname)%00%(upstream:short)%00%(objectname)%00%(upstream:track)%00%(upstream:remotename)%00%(upstream:remoteref) refs/heads/SAAS-4086/better-finkok-errors refs/remotes/SAAS-4086/better-finkok-errors [1ms]
2024-01-08 21:20:15.581 [info] > git status -z -uall [15ms]
2024-01-08 21:20:40.003 [info] > git add -A -- /home/brayan/work/web/app/models/finkok_response.rb [10ms]
2024-01-08 21:20:40.014 [info] > git config --get commit.template [5ms]
2024-01-08 21:20:40.014 [info] > git for-each-ref --format=%(refname)%00%(upstream:short)%00%(objectname)%00%(upstream:track)%00%(upstream:remotename)%00%(upstream:remoteref) refs/heads/SAAS-4086/better-finkok-errors refs/remotes/SAAS-4086/better-finkok-errors [1ms]
2024-01-08 21:20:40.031 [info] > git status -z -uall [13ms]
2024-01-08 21:20:41.077 [info] > git config --get commit.template [1ms]
2024-01-08 21:20:41.083 [info] > git for-each-ref --format=%(refname)%00%(upstream:short)%00%(objectname)%00%(upstream:track)%00%(upstream:remotename)%00%(upstream:remoteref) refs/heads/SAAS-4086/better-finkok-errors refs/remotes/SAAS-4086/better-finkok-errors [1ms]
2024-01-08 21:20:41.101 [info] > git status -z -uall [15ms]
2024-01-08 21:20:41.186 [info] > git ls-files --stage -- /home/brayan/work/web/app/models/finkok_response.rb [6ms]
2024-01-08 21:20:41.192 [info] > git ls-files --stage -- /home/brayan/work/web/app/lib/finkok/base.rb [6ms]
2024-01-08 21:20:41.199 [info] > git cat-file -s 57950d3882958c57c9cecad90c9206a1a85c648c [8ms]
2024-01-08 21:20:41.200 [info] > git cat-file -s 8b588925ea02d498ddcf4e5c5cb4aff33f55b96d [2ms]
2024-01-08 21:20:41.214 [info] > git show --textconv :app/models/finkok_response.rb [10ms]
2024-01-08 21:20:41.215 [info] > git show --textconv :app/lib/finkok/base.rb [2ms]
2024-01-08 21:20:46.113 [info] > git config --get commit.template [6ms]
2024-01-08 21:20:46.114 [info] > git for-each-ref --format=%(refname)%00%(upstream:short)%00%(objectname)%00%(upstream:track)%00%(upstream:remotename)%00%(upstream:remoteref) refs/heads/SAAS-4086/better-finkok-errors refs/remotes/SAAS-4086/better-finkok-errors [1ms]
2024-01-08 21:20:46.135 [info] > git status -z -uall [17ms]
2024-01-08 21:21:16.274 [info] > git config --get commit.template [6ms]
2024-01-08 21:21:16.275 [info] > git for-each-ref --format=%(refname)%00%(upstream:short)%00%(objectname)%00%(upstream:track)%00%(upstream:remotename)%00%(upstream:remoteref) refs/heads/SAAS-4086/better-finkok-errors refs/remotes/SAAS-4086/better-finkok-errors [2ms]
2024-01-08 21:21:16.292 [info] > git status -z -uall [14ms]
2024-01-08 21:21:50.329 [info] > git config --get commit.template [8ms]
2024-01-08 21:21:50.330 [info] > git for-each-ref --format=%(refname)%00%(upstream:short)%00%(objectname)%00%(upstream:track)%00%(upstream:remotename)%00%(upstream:remoteref) refs/heads/SAAS-4086/better-finkok-errors refs/remotes/SAAS-4086/better-finkok-errors [1ms]
2024-01-08 21:21:50.355 [info] > git status -z -uall [18ms]
2024-01-08 21:21:55.371 [info] > git config --get commit.template [7ms]
2024-01-08 21:21:55.371 [info] > git for-each-ref --format=%(refname)%00%(upstream:short)%00%(objectname)%00%(upstream:track)%00%(upstream:remotename)%00%(upstream:remoteref) refs/heads/SAAS-4086/better-finkok-errors refs/remotes/SAAS-4086/better-finkok-errors [2ms]
2024-01-08 21:21:55.395 [info] > git status -z -uall [18ms]
2024-01-08 21:22:08.337 [info] > git config --get commit.template [4ms]
2024-01-08 21:22:08.337 [info] > git for-each-ref --format=%(refname)%00%(upstream:short)%00%(objectname)%00%(upstream:track)%00%(upstream:remotename)%00%(upstream:remoteref) refs/heads/SAAS-4086/better-finkok-errors refs/remotes/SAAS-4086/better-finkok-errors [0ms]
2024-01-08 21:22:08.357 [info] > git status -z -uall [16ms]
2024-01-08 21:22:08.386 [info] > git for-each-ref --format=%(refname)%00%(upstream:short)%00%(objectname)%00%(upstream:track)%00%(upstream:remotename)%00%(upstream:remoteref) refs/heads/SAAS-4086/better-finkok-errors [2ms]
2024-01-08 21:22:08.406 [info] > git config --local branch.SAAS-4086/better-finkok-errors.vscode-merge-base [15ms]
2024-01-08 21:22:08.421 [info] > git for-each-ref --format=%(refname)%00%(upstream:short)%00%(objectname)%00%(upstream:track)%00%(upstream:remotename)%00%(upstream:remoteref) refs/heads/develop refs/remotes/develop [6ms]
2024-01-08 21:22:08.445 [info] > git ls-files --stage -- /home/brayan/work/web/app/models/finkok_response.rb [6ms]
2024-01-08 21:22:08.452 [info] > git merge-base refs/heads/SAAS-4086/better-finkok-errors refs/heads/develop [21ms]
2024-01-08 21:22:08.458 [info] > git cat-file -s 57950d3882958c57c9cecad90c9206a1a85c648c [6ms]
2024-01-08 21:22:08.458 [info] > git ls-files --stage -- /home/brayan/work/web/app/lib/finkok/base.rb [14ms]
2024-01-08 21:22:08.467 [info] > git rev-list --count --left-right refs/heads/SAAS-4086/better-finkok-errors...refs/heads/develop [10ms]
2024-01-08 21:22:08.474 [info] > git cat-file -s 8b588925ea02d498ddcf4e5c5cb4aff33f55b96d [8ms]
2024-01-08 21:22:08.476 [info] > git show --textconv :app/models/finkok_response.rb [2ms]
2024-01-08 21:22:08.508 [info] > git show --textconv :app/lib/finkok/base.rb [2ms]
2024-01-08 21:22:55.250 [info] > git config --get commit.template [8ms]
2024-01-08 21:22:55.250 [info] > git for-each-ref --format=%(refname)%00%(upstream:short)%00%(objectname)%00%(upstream:track)%00%(upstream:remotename)%00%(upstream:remoteref) refs/heads/SAAS-4086/better-finkok-errors refs/remotes/SAAS-4086/better-finkok-errors [1ms]
2024-01-08 21:22:55.278 [info] > git status -z -uall [22ms]
2024-01-08 21:23:00.286 [info] > git config --get commit.template [1ms]
2024-01-08 21:23:00.297 [info] > git for-each-ref --format=%(refname)%00%(upstream:short)%00%(objectname)%00%(upstream:track)%00%(upstream:remotename)%00%(upstream:remoteref) refs/heads/SAAS-4086/better-finkok-errors refs/remotes/SAAS-4086/better-finkok-errors [2ms]
2024-01-08 21:23:00.322 [info] > git status -z -uall [21ms]
2024-01-08 21:23:06.898 [info] > git config --get commit.template [9ms]
2024-01-08 21:23:06.899 [info] > git for-each-ref --format=%(refname)%00%(upstream:short)%00%(objectname)%00%(upstream:track)%00%(upstream:remotename)%00%(upstream:remoteref) refs/heads/SAAS-4086/better-finkok-errors refs/remotes/SAAS-4086/better-finkok-errors [2ms]
2024-01-08 21:23:06.924 [info] > git status -z -uall [18ms]
2024-01-08 21:24:10.660 [info] > git config --get commit.template [1ms]
2024-01-08 21:24:10.671 [info] > git for-each-ref --format=%(refname)%00%(upstream:short)%00%(objectname)%00%(upstream:track)%00%(upstream:remotename)%00%(upstream:remoteref) refs/heads/SAAS-4086/better-finkok-errors refs/remotes/SAAS-4086/better-finkok-errors [2ms]
2024-01-08 21:24:10.702 [info] > git status -z -uall [20ms]
2024-01-08 21:25:14.650 [info] > git for-each-ref --format=%(refname)%00%(upstream:short)%00%(objectname)%00%(upstream:track)%00%(upstream:remotename)%00%(upstream:remoteref) refs/heads/SAAS-4086/better-finkok-errors refs/remotes/SAAS-4086/better-finkok-errors [8ms]
2024-01-08 21:25:14.650 [info] > git config --get commit.template [15ms]
2024-01-08 21:25:14.676 [info] > git status -z -uall [18ms]
2024-01-08 21:25:26.503 [info] > git config --get commit.template [1ms]
2024-01-08 21:25:26.511 [info] > git for-each-ref --format=%(refname)%00%(upstream:short)%00%(objectname)%00%(upstream:track)%00%(upstream:remotename)%00%(upstream:remoteref) refs/heads/SAAS-4086/better-finkok-errors refs/remotes/SAAS-4086/better-finkok-errors [2ms]
2024-01-08 21:25:26.534 [info] > git status -z -uall [16ms]
2024-01-08 21:25:39.184 [info] > git config --get commit.template [1ms]
2024-01-08 21:25:39.190 [info] > git for-each-ref --format=%(refname)%00%(upstream:short)%00%(objectname)%00%(upstream:track)%00%(upstream:remotename)%00%(upstream:remoteref) refs/heads/SAAS-4086/better-finkok-errors refs/remotes/SAAS-4086/better-finkok-errors [1ms]
2024-01-08 21:25:39.209 [info] > git status -z -uall [15ms]
2024-01-08 21:26:09.747 [info] > git config --get commit.template [0ms]
2024-01-08 21:26:09.753 [info] > git for-each-ref --format=%(refname)%00%(upstream:short)%00%(objectname)%00%(upstream:track)%00%(upstream:remotename)%00%(upstream:remoteref) refs/heads/SAAS-4086/better-finkok-errors refs/remotes/SAAS-4086/better-finkok-errors [1ms]
2024-01-08 21:26:09.774 [info] > git status -z -uall [16ms]
2024-01-08 21:31:54.835 [info] > git config --get commit.template [8ms]
2024-01-08 21:31:54.835 [info] > git for-each-ref --format=%(refname)%00%(upstream:short)%00%(objectname)%00%(upstream:track)%00%(upstream:remotename)%00%(upstream:remoteref) refs/heads/SAAS-4086/better-finkok-errors refs/remotes/SAAS-4086/better-finkok-errors [1ms]
2024-01-08 21:31:54.864 [info] > git status -z -uall [21ms]
2024-01-08 21:31:59.892 [info] > git config --get commit.template [7ms]
2024-01-08 21:31:59.892 [info] > git for-each-ref --format=%(refname)%00%(upstream:short)%00%(objectname)%00%(upstream:track)%00%(upstream:remotename)%00%(upstream:remoteref) refs/heads/SAAS-4086/better-finkok-errors refs/remotes/SAAS-4086/better-finkok-errors [1ms]
2024-01-08 21:31:59.910 [info] > git status -z -uall [13ms]
2024-01-08 21:32:08.912 [info] > git show --textconv :app/controllers/mx_companies_controller.rb [8ms]
2024-01-08 21:32:08.914 [info] > git ls-files --stage -- /home/brayan/work/web/app/controllers/mx_companies_controller.rb [2ms]
2024-01-08 21:32:08.920 [info] > git cat-file -s 749239261e171efe7807a093aa761d86eb1998eb [1ms]
2024-01-08 21:32:09.152 [info] > git check-ignore -v -z --stdin [1ms]
2024-01-08 21:32:14.474 [info] > git config --get commit.template [6ms]
2024-01-08 21:32:14.474 [info] > git for-each-ref --format=%(refname)%00%(upstream:short)%00%(objectname)%00%(upstream:track)%00%(upstream:remotename)%00%(upstream:remoteref) refs/heads/SAAS-4086/better-finkok-errors refs/remotes/SAAS-4086/better-finkok-errors [1ms]
2024-01-08 21:32:14.493 [info] > git status -z -uall [14ms]
2024-01-08 21:32:44.835 [info] > git config --get commit.template [1ms]
2024-01-08 21:32:44.842 [info] > git for-each-ref --format=%(refname)%00%(upstream:short)%00%(objectname)%00%(upstream:track)%00%(upstream:remotename)%00%(upstream:remoteref) refs/heads/SAAS-4086/better-finkok-errors refs/remotes/SAAS-4086/better-finkok-errors [1ms]
2024-01-08 21:32:44.859 [info] > git status -z -uall [12ms]
2024-01-08 21:33:25.135 [info] > git config --get commit.template [6ms]
2024-01-08 21:33:25.136 [info] > git for-each-ref --format=%(refname)%00%(upstream:short)%00%(objectname)%00%(upstream:track)%00%(upstream:remotename)%00%(upstream:remoteref) refs/heads/SAAS-4086/better-finkok-errors refs/remotes/SAAS-4086/better-finkok-errors [2ms]
2024-01-08 21:33:25.165 [info] > git status -z -uall [22ms]
2024-01-08 21:33:30.178 [info] > git config --get commit.template [2ms]
2024-01-08 21:33:30.186 [info] > git for-each-ref --format=%(refname)%00%(upstream:short)%00%(objectname)%00%(upstream:track)%00%(upstream:remotename)%00%(upstream:remoteref) refs/heads/SAAS-4086/better-finkok-errors refs/remotes/SAAS-4086/better-finkok-errors [2ms]
2024-01-08 21:33:30.214 [info] > git status -z -uall [22ms]
2024-01-08 21:33:30.355 [info] > git show --textconv :app/controllers/finkok_responses_controller.rb [6ms]
2024-01-08 21:33:30.356 [info] > git ls-files --stage -- /home/brayan/work/web/app/controllers/finkok_responses_controller.rb [2ms]
2024-01-08 21:33:30.366 [info] > git cat-file -s c5aaa97f0e753b17deab51279ed397b48e750b77 [1ms]
2024-01-08 21:33:30.598 [info] > git check-ignore -v -z --stdin [3ms]
2024-01-08 21:33:46.393 [info] > git config --get commit.template [7ms]
2024-01-08 21:33:46.393 [info] > git for-each-ref --format=%(refname)%00%(upstream:short)%00%(objectname)%00%(upstream:track)%00%(upstream:remotename)%00%(upstream:remoteref) refs/heads/SAAS-4086/better-finkok-errors refs/remotes/SAAS-4086/better-finkok-errors [1ms]
2024-01-08 21:33:46.411 [info] > git status -z -uall [13ms]
2024-01-08 21:33:51.419 [info] > git config --get commit.template [0ms]
2024-01-08 21:33:51.425 [info] > git for-each-ref --format=%(refname)%00%(upstream:short)%00%(objectname)%00%(upstream:track)%00%(upstream:remotename)%00%(upstream:remoteref) refs/heads/SAAS-4086/better-finkok-errors refs/remotes/SAAS-4086/better-finkok-errors [1ms]
2024-01-08 21:33:51.443 [info] > git status -z -uall [14ms]
2024-01-08 21:40:30.379 [info] > git config --get commit.template [10ms]
2024-01-08 21:40:30.380 [info] > git for-each-ref --format=%(refname)%00%(upstream:short)%00%(objectname)%00%(upstream:track)%00%(upstream:remotename)%00%(upstream:remoteref) refs/heads/SAAS-4086/better-finkok-errors refs/remotes/SAAS-4086/better-finkok-errors [2ms]
2024-01-08 21:40:30.406 [info] > git status -z -uall [18ms]
2024-01-08 21:40:35.416 [info] > git config --get commit.template [0ms]
2024-01-08 21:40:35.422 [info] > git for-each-ref --format=%(refname)%00%(upstream:short)%00%(objectname)%00%(upstream:track)%00%(upstream:remotename)%00%(upstream:remoteref) refs/heads/SAAS-4086/better-finkok-errors refs/remotes/SAAS-4086/better-finkok-errors [1ms]
2024-01-08 21:40:35.443 [info] > git status -z -uall [17ms]
2024-01-08 21:40:37.937 [info] > git show --textconv :app/controllers/mx_companies_controller.rb [9ms]
2024-01-08 21:40:37.939 [info] > git ls-files --stage -- /home/brayan/work/web/app/controllers/mx_companies_controller.rb [2ms]
2024-01-08 21:40:37.945 [info] > git cat-file -s 749239261e171efe7807a093aa761d86eb1998eb [1ms]
2024-01-08 21:40:38.895 [info] > git show --textconv :app/models/finkok_response.rb [6ms]
2024-01-08 21:40:38.896 [info] > git ls-files --stage -- /home/brayan/work/web/app/models/finkok_response.rb [1ms]
2024-01-08 21:40:38.906 [info] > git cat-file -s 57950d3882958c57c9cecad90c9206a1a85c648c [2ms]
2024-01-08 21:40:41.766 [info] > git show --textconv :app/controllers/finkok_responses_controller.rb [5ms]
2024-01-08 21:40:41.768 [info] > git ls-files --stage -- /home/brayan/work/web/app/controllers/finkok_responses_controller.rb [3ms]
2024-01-08 21:40:41.776 [info] > git cat-file -s c5aaa97f0e753b17deab51279ed397b48e750b77 [1ms]
2024-01-08 21:40:50.811 [info] > git show --textconv :app/models/finkok_response.rb [7ms]
2024-01-08 21:40:50.813 [info] > git ls-files --stage -- /home/brayan/work/web/app/models/finkok_response.rb [3ms]
2024-01-08 21:40:50.821 [info] > git cat-file -s 57950d3882958c57c9cecad90c9206a1a85c648c [2ms]
2024-01-08 21:40:57.310 [info] > git config --get commit.template [0ms]
2024-01-08 21:40:57.315 [info] > git for-each-ref --format=%(refname)%00%(upstream:short)%00%(objectname)%00%(upstream:track)%00%(upstream:remotename)%00%(upstream:remoteref) refs/heads/SAAS-4086/better-finkok-errors refs/remotes/SAAS-4086/better-finkok-errors [1ms]
2024-01-08 21:40:57.339 [info] > git status -z -uall [18ms]
2024-01-08 21:41:01.398 [info] > git show --textconv :app/builders/salary_payments/full_time_builder.rb [6ms]
2024-01-08 21:41:01.400 [info] > git ls-files --stage -- /home/brayan/work/web/app/builders/salary_payments/full_time_builder.rb [2ms]
2024-01-08 21:41:02.125 [info] > git show --textconv :app/models/finkok_response.rb [9ms]
2024-01-08 21:41:02.126 [info] > git ls-files --stage -- /home/brayan/work/web/app/models/finkok_response.rb [1ms]
2024-01-08 21:41:02.131 [info] > git cat-file -s 57950d3882958c57c9cecad90c9206a1a85c648c [1ms]
2024-01-08 21:41:27.768 [info] > git config --get commit.template [1ms]
2024-01-08 21:41:27.772 [info] > git for-each-ref --format=%(refname)%00%(upstream:short)%00%(objectname)%00%(upstream:track)%00%(upstream:remotename)%00%(upstream:remoteref) refs/heads/SAAS-4086/better-finkok-errors refs/remotes/SAAS-4086/better-finkok-errors [0ms]
2024-01-08 21:41:27.790 [info] > git status -z -uall [13ms]
2024-01-08 21:42:09.981 [info] > git config --get commit.template [9ms]
2024-01-08 21:42:09.981 [info] > git for-each-ref --format=%(refname)%00%(upstream:short)%00%(objectname)%00%(upstream:track)%00%(upstream:remotename)%00%(upstream:remoteref) refs/heads/SAAS-4086/better-finkok-errors refs/remotes/SAAS-4086/better-finkok-errors [1ms]
2024-01-08 21:42:10.004 [info] > git status -z -uall [17ms]
2024-01-08 21:42:28.484 [info] > git config --get commit.template [0ms]
2024-01-08 21:42:28.492 [info] > git for-each-ref --format=%(refname)%00%(upstream:short)%00%(objectname)%00%(upstream:track)%00%(upstream:remotename)%00%(upstream:remoteref) refs/heads/SAAS-4086/better-finkok-errors refs/remotes/SAAS-4086/better-finkok-errors [2ms]
2024-01-08 21:42:28.508 [info] > git status -z -uall [12ms]
2024-01-08 21:45:42.899 [info] > git config --get commit.template [10ms]
2024-01-08 21:45:42.900 [info] > git for-each-ref --format=%(refname)%00%(upstream:short)%00%(objectname)%00%(upstream:track)%00%(upstream:remotename)%00%(upstream:remoteref) refs/heads/SAAS-4086/better-finkok-errors refs/remotes/SAAS-4086/better-finkok-errors [2ms]
2024-01-08 21:45:42.926 [info] > git status -z -uall [19ms]
2024-01-08 21:45:47.944 [info] > git config --get commit.template [7ms]
2024-01-08 21:45:47.944 [info] > git for-each-ref --format=%(refname)%00%(upstream:short)%00%(objectname)%00%(upstream:track)%00%(upstream:remotename)%00%(upstream:remoteref) refs/heads/SAAS-4086/better-finkok-errors refs/remotes/SAAS-4086/better-finkok-errors [1ms]
2024-01-08 21:45:47.962 [info] > git status -z -uall [13ms]
2024-01-08 21:46:01.235 [info] > git config --get commit.template [8ms]
2024-01-08 21:46:01.235 [info] > git for-each-ref --format=%(refname)%00%(upstream:short)%00%(objectname)%00%(upstream:track)%00%(upstream:remotename)%00%(upstream:remoteref) refs/heads/SAAS-4086/better-finkok-errors refs/remotes/SAAS-4086/better-finkok-errors [1ms]
2024-01-08 21:46:01.257 [info] > git status -z -uall [16ms]
2024-01-08 21:46:48.650 [info] > git config --get commit.template [8ms]
2024-01-08 21:46:48.650 [info] > git for-each-ref --format=%(refname)%00%(upstream:short)%00%(objectname)%00%(upstream:track)%00%(upstream:remotename)%00%(upstream:remoteref) refs/heads/SAAS-4086/better-finkok-errors refs/remotes/SAAS-4086/better-finkok-errors [1ms]
2024-01-08 21:46:48.683 [info] > git status -z -uall [24ms]
2024-01-08 21:47:01.950 [info] > git config --get commit.template [6ms]
2024-01-08 21:47:01.950 [info] > git for-each-ref --format=%(refname)%00%(upstream:short)%00%(objectname)%00%(upstream:track)%00%(upstream:remotename)%00%(upstream:remoteref) refs/heads/SAAS-4086/better-finkok-errors refs/remotes/SAAS-4086/better-finkok-errors [1ms]
2024-01-08 21:47:01.975 [info] > git status -z -uall [18ms]
2024-01-08 21:47:22.219 [info] > git config --get commit.template [1ms]
2024-01-08 21:47:22.225 [info] > git for-each-ref --format=%(refname)%00%(upstream:short)%00%(objectname)%00%(upstream:track)%00%(upstream:remotename)%00%(upstream:remoteref) refs/heads/SAAS-4086/better-finkok-errors refs/remotes/SAAS-4086/better-finkok-errors [1ms]
2024-01-08 21:47:22.244 [info] > git status -z -uall [15ms]
2024-01-08 21:47:29.077 [info] > git config --get commit.template [9ms]
2024-01-08 21:47:29.077 [info] > git for-each-ref --format=%(refname)%00%(upstream:short)%00%(objectname)%00%(upstream:track)%00%(upstream:remotename)%00%(upstream:remoteref) refs/heads/SAAS-4086/better-finkok-errors refs/remotes/SAAS-4086/better-finkok-errors [2ms]
2024-01-08 21:47:29.101 [info] > git status -z -uall [18ms]
2024-01-08 21:47:44.680 [info] > git config --get commit.template [12ms]
2024-01-08 21:47:44.680 [info] > git for-each-ref --format=%(refname)%00%(upstream:short)%00%(objectname)%00%(upstream:track)%00%(upstream:remotename)%00%(upstream:remoteref) refs/heads/SAAS-4086/better-finkok-errors refs/remotes/SAAS-4086/better-finkok-errors [2ms]
2024-01-08 21:47:44.704 [info] > git status -z -uall [17ms]
2024-01-08 21:48:03.053 [info] > git config --get commit.template [7ms]
2024-01-08 21:48:03.054 [info] > git for-each-ref --format=%(refname)%00%(upstream:short)%00%(objectname)%00%(upstream:track)%00%(upstream:remotename)%00%(upstream:remoteref) refs/heads/SAAS-4086/better-finkok-errors refs/remotes/SAAS-4086/better-finkok-errors [2ms]
2024-01-08 21:48:03.075 [info] > git status -z -uall [14ms]
2024-01-08 21:48:08.485 [info] > git config --get commit.template [2ms]
2024-01-08 21:48:08.494 [info] > git for-each-ref --format=%(refname)%00%(upstream:short)%00%(objectname)%00%(upstream:track)%00%(upstream:remotename)%00%(upstream:remoteref) refs/heads/SAAS-4086/better-finkok-errors refs/remotes/SAAS-4086/better-finkok-errors [2ms]
2024-01-08 21:48:08.514 [info] > git status -z -uall [14ms]
2024-01-08 21:48:14.199 [info] > git config --get commit.template [8ms]
2024-01-08 21:48:14.200 [info] > git for-each-ref --format=%(refname)%00%(upstream:short)%00%(objectname)%00%(upstream:track)%00%(upstream:remotename)%00%(upstream:remoteref) refs/heads/SAAS-4086/better-finkok-errors refs/remotes/SAAS-4086/better-finkok-errors [1ms]
2024-01-08 21:48:14.226 [info] > git status -z -uall [19ms]
2024-01-08 21:48:15.163 [info] > git show --textconv HEAD:app/models/finkok_response.rb [9ms]
2024-01-08 21:48:15.165 [info] > git ls-tree -l HEAD -- /home/brayan/work/web/app/models/finkok_response.rb [3ms]
2024-01-08 21:48:15.804 [info] > git add -A -- /home/brayan/work/web/app/models/finkok_response.rb [12ms]
2024-01-08 21:48:15.822 [info] > git config --get commit.template [11ms]
2024-01-08 21:48:15.822 [info] > git for-each-ref --format=%(refname)%00%(upstream:short)%00%(objectname)%00%(upstream:track)%00%(upstream:remotename)%00%(upstream:remoteref) refs/heads/SAAS-4086/better-finkok-errors refs/remotes/SAAS-4086/better-finkok-errors [1ms]
2024-01-08 21:48:15.849 [info] > git status -z -uall [22ms]
2024-01-08 21:48:16.993 [info] > git ls-files --stage -- /home/brayan/work/web/app/lib/finkok/base.rb [10ms]
2024-01-08 21:48:17.004 [info] > git ls-files --stage -- /home/brayan/work/web/app/models/finkok_response.rb [12ms]
2024-01-08 21:48:17.009 [info] > git cat-file -s 8b588925ea02d498ddcf4e5c5cb4aff33f55b96d [6ms]
2024-01-08 21:48:17.010 [info] > git cat-file -s 7215fe41bb67dadc291d49d372492813a4b09af0 [1ms]
2024-01-08 21:48:17.021 [info] > git show --textconv :app/lib/finkok/base.rb [6ms]
2024-01-08 21:48:17.022 [info] > git show --textconv :app/models/finkok_response.rb [2ms]
2024-01-08 21:48:19.236 [info] > git config --get commit.template [1ms]
2024-01-08 21:48:19.243 [info] > git for-each-ref --format=%(refname)%00%(upstream:short)%00%(objectname)%00%(upstream:track)%00%(upstream:remotename)%00%(upstream:remoteref) refs/heads/SAAS-4086/better-finkok-errors refs/remotes/SAAS-4086/better-finkok-errors [1ms]
2024-01-08 21:48:19.262 [info] > git status -z -uall [14ms]
2024-01-08 21:48:22.595 [info] > git ls-files --stage -- /home/brayan/work/web/app/lib/finkok/base.rb [5ms]
2024-01-08 21:48:22.599 [info] > git ls-files --stage -- /home/brayan/work/web/app/models/finkok_response.rb [5ms]
2024-01-08 21:48:22.604 [info] > git cat-file -s 8b588925ea02d498ddcf4e5c5cb4aff33f55b96d [5ms]
2024-01-08 21:48:22.605 [info] > git cat-file -s 7215fe41bb67dadc291d49d372492813a4b09af0 [1ms]
2024-01-08 21:48:22.616 [info] > git show --textconv :app/lib/finkok/base.rb [5ms]
2024-01-08 21:48:22.618 [info] > git show --textconv :app/models/finkok_response.rb [2ms]
2024-01-08 21:48:24.272 [info] > git config --get commit.template [1ms]
2024-01-08 21:48:24.279 [info] > git for-each-ref --format=%(refname)%00%(upstream:short)%00%(objectname)%00%(upstream:track)%00%(upstream:remotename)%00%(upstream:remoteref) refs/heads/SAAS-4086/better-finkok-errors refs/remotes/SAAS-4086/better-finkok-errors [2ms]
2024-01-08 21:48:24.297 [info] > git status -z -uall [15ms]
2024-01-08 21:48:24.321 [info] > git for-each-ref --format=%(refname)%00%(upstream:short)%00%(objectname)%00%(upstream:track)%00%(upstream:remotename)%00%(upstream:remoteref) refs/heads/SAAS-4086/better-finkok-errors [1ms]
2024-01-08 21:48:24.328 [info] > git config --local branch.SAAS-4086/better-finkok-errors.vscode-merge-base [1ms]
2024-01-08 21:48:24.336 [info] > git for-each-ref --format=%(refname)%00%(upstream:short)%00%(objectname)%00%(upstream:track)%00%(upstream:remotename)%00%(upstream:remoteref) refs/heads/develop refs/remotes/develop [1ms]
2024-01-08 21:48:24.350 [info] > git merge-base refs/heads/SAAS-4086/better-finkok-errors refs/heads/develop [2ms]
2024-01-08 21:48:24.361 [info] > git rev-list --count --left-right refs/heads/SAAS-4086/better-finkok-errors...refs/heads/develop [3ms]
2024-01-08 21:48:33.402 [info] > git config --get commit.template [0ms]
2024-01-08 21:48:33.408 [info] > git for-each-ref --format=%(refname)%00%(upstream:short)%00%(objectname)%00%(upstream:track)%00%(upstream:remotename)%00%(upstream:remoteref) refs/heads/SAAS-4086/better-finkok-errors refs/remotes/SAAS-4086/better-finkok-errors [1ms]
2024-01-08 21:48:33.430 [info] > git status -z -uall [14ms]
2024-01-08 21:49:20.672 [info] > git config --get commit.template [10ms]
2024-01-08 21:49:20.681 [info] > git ls-tree -l HEAD -- /home/brayan/work/web/app/models/finkok_response.rb [9ms]
2024-01-08 21:49:20.693 [info] > git for-each-ref --format=%(refname)%00%(upstream:short)%00%(objectname)%00%(upstream:track)%00%(upstream:remotename)%00%(upstream:remoteref) refs/heads/SAAS-4086/better-finkok-errors refs/remotes/SAAS-4086/better-finkok-errors [2ms]
2024-01-08 21:49:20.720 [info] > git status -z -uall [14ms]
2024-01-08 21:49:30.155 [info] > git show --textconv :app/models/finkok_response.rb [5ms]
2024-01-08 21:49:30.157 [info] > git ls-files --stage -- /home/brayan/work/web/app/models/finkok_response.rb [2ms]
2024-01-08 21:49:30.166 [info] > git cat-file -s 7215fe41bb67dadc291d49d372492813a4b09af0 [1ms]
2024-01-08 21:49:34.156 [info] > git config --get commit.template [4ms]
2024-01-08 21:49:34.156 [info] > git for-each-ref --format=%(refname)%00%(upstream:short)%00%(objectname)%00%(upstream:track)%00%(upstream:remotename)%00%(upstream:remoteref) refs/heads/SAAS-4086/better-finkok-errors refs/remotes/SAAS-4086/better-finkok-errors [1ms]
2024-01-08 21:49:34.176 [info] > git status -z -uall [16ms]
2024-01-08 21:49:57.242 [info] > git config --get commit.template [10ms]
2024-01-08 21:49:57.243 [info] > git for-each-ref --format=%(refname)%00%(upstream:short)%00%(objectname)%00%(upstream:track)%00%(upstream:remotename)%00%(upstream:remoteref) refs/heads/SAAS-4086/better-finkok-errors refs/remotes/SAAS-4086/better-finkok-errors [2ms]
2024-01-08 21:49:57.272 [info] > git status -z -uall [20ms]
2024-01-08 21:50:00.669 [info] > git ls-files --stage -- /home/brayan/work/web/app/lib/finkok/base.rb [5ms]
2024-01-08 21:50:00.673 [info] > git ls-files --stage -- /home/brayan/work/web/app/models/finkok_response.rb [5ms]
2024-01-08 21:50:00.677 [info] > git cat-file -s 8b588925ea02d498ddcf4e5c5cb4aff33f55b96d [4ms]
2024-01-08 21:50:00.678 [info] > git cat-file -s e3a492084eb0be6b69ee08a2ffc3b296fde9d21a [1ms]
2024-01-08 21:50:00.689 [info] > git show --textconv :app/lib/finkok/base.rb [6ms]
2024-01-08 21:50:00.690 [info] > git show --textconv :app/models/finkok_response.rb [2ms]
2024-01-08 21:50:02.279 [info] > git config --get commit.template [1ms]
2024-01-08 21:50:02.284 [info] > git for-each-ref --format=%(refname)%00%(upstream:short)%00%(objectname)%00%(upstream:track)%00%(upstream:remotename)%00%(upstream:remoteref) refs/heads/SAAS-4086/better-finkok-errors refs/remotes/SAAS-4086/better-finkok-errors [1ms]
2024-01-08 21:50:02.307 [info] > git status -z -uall [18ms]
2024-01-08 21:50:04.055 [info] > git branch [2ms]
2024-01-08 21:50:04.072 [info] > git reset -q HEAD -- /home/brayan/work/web/config/puma.rb [9ms]
2024-01-08 21:50:04.092 [info] > git config --get commit.template [10ms]
2024-01-08 21:50:04.092 [info] > git for-each-ref --format=%(refname)%00%(upstream:short)%00%(objectname)%00%(upstream:track)%00%(upstream:remotename)%00%(upstream:remoteref) refs/heads/SAAS-4086/better-finkok-errors refs/remotes/SAAS-4086/better-finkok-errors [2ms]
2024-01-08 21:50:04.134 [info] > git status -z -uall [33ms]
2024-01-08 21:50:05.264 [info] > git ls-files --stage -- /home/brayan/work/web/app/lib/finkok/base.rb [10ms]
2024-01-08 21:50:05.270 [info] > git ls-files --stage -- /home/brayan/work/web/app/models/finkok_response.rb [6ms]
2024-01-08 21:50:05.279 [info] > git cat-file -s 8b588925ea02d498ddcf4e5c5cb4aff33f55b96d [11ms]
2024-01-08 21:50:05.280 [info] > git cat-file -s e3a492084eb0be6b69ee08a2ffc3b296fde9d21a [2ms]
2024-01-08 21:50:05.291 [info] > git show --textconv :app/lib/finkok/base.rb [6ms]
2024-01-08 21:50:05.292 [info] > git show --textconv :app/models/finkok_response.rb [2ms]
2024-01-08 21:50:07.315 [info] > git config --get commit.template [1ms]
2024-01-08 21:50:07.321 [info] > git for-each-ref --format=%(refname)%00%(upstream:short)%00%(objectname)%00%(upstream:track)%00%(upstream:remotename)%00%(upstream:remoteref) refs/heads/SAAS-4086/better-finkok-errors refs/remotes/SAAS-4086/better-finkok-errors [1ms]
2024-01-08 21:50:07.347 [info] > git status -z -uall [17ms]
2024-01-08 21:50:11.818 [info] > git ls-files --stage -- /home/brayan/work/web/app/lib/finkok/base.rb [4ms]
2024-01-08 21:50:11.822 [info] > git ls-files --stage -- /home/brayan/work/web/app/models/finkok_response.rb [4ms]
2024-01-08 21:50:11.826 [info] > git cat-file -s 8b588925ea02d498ddcf4e5c5cb4aff33f55b96d [4ms]
2024-01-08 21:50:11.827 [info] > git cat-file -s e3a492084eb0be6b69ee08a2ffc3b296fde9d21a [2ms]
2024-01-08 21:50:11.837 [info] > git show --textconv :app/lib/finkok/base.rb [5ms]
2024-01-08 21:50:11.838 [info] > git show --textconv :app/models/finkok_response.rb [1ms]
2024-01-08 21:50:12.362 [info] > git config --get commit.template [7ms]
2024-01-08 21:50:12.363 [info] > git for-each-ref --format=%(refname)%00%(upstream:short)%00%(objectname)%00%(upstream:track)%00%(upstream:remotename)%00%(upstream:remoteref) refs/heads/SAAS-4086/better-finkok-errors refs/remotes/SAAS-4086/better-finkok-errors [1ms]
2024-01-08 21:50:12.385 [info] > git status -z -uall [18ms]
2024-01-08 21:50:17.399 [info] > git config --get commit.template [7ms]
2024-01-08 21:50:17.400 [info] > git for-each-ref --format=%(refname)%00%(upstream:short)%00%(objectname)%00%(upstream:track)%00%(upstream:remotename)%00%(upstream:remoteref) refs/heads/SAAS-4086/better-finkok-errors refs/remotes/SAAS-4086/better-finkok-errors [2ms]
2024-01-08 21:50:17.422 [info] > git status -z -uall [18ms]
2024-01-08 21:50:18.617 [info] > git ls-files --stage -- /home/brayan/work/web/app/lib/finkok/base.rb [5ms]
2024-01-08 21:50:18.622 [info] > git ls-files --stage -- /home/brayan/work/web/app/models/finkok_response.rb [5ms]
2024-01-08 21:50:18.627 [info] > git cat-file -s 8b588925ea02d498ddcf4e5c5cb4aff33f55b96d [5ms]
2024-01-08 21:50:18.628 [info] > git cat-file -s e3a492084eb0be6b69ee08a2ffc3b296fde9d21a [1ms]
2024-01-08 21:50:18.639 [info] > git show --textconv :app/lib/finkok/base.rb [6ms]
2024-01-08 21:50:18.640 [info] > git show --textconv :app/models/finkok_response.rb [2ms]
2024-01-08 21:50:22.438 [info] > git config --get commit.template [7ms]
2024-01-08 21:50:22.438 [info] > git for-each-ref --format=%(refname)%00%(upstream:short)%00%(objectname)%00%(upstream:track)%00%(upstream:remotename)%00%(upstream:remoteref) refs/heads/SAAS-4086/better-finkok-errors refs/remotes/SAAS-4086/better-finkok-errors [1ms]
2024-01-08 21:50:22.457 [info] > git status -z -uall [12ms]
2024-01-08 21:50:22.500 [info] > git for-each-ref --format=%(refname)%00%(upstream:short)%00%(objectname)%00%(upstream:track)%00%(upstream:remotename)%00%(upstream:remoteref) refs/heads/SAAS-4086/better-finkok-errors [1ms]
2024-01-08 21:50:22.511 [info] > git config --local branch.SAAS-4086/better-finkok-errors.vscode-merge-base [1ms]
2024-01-08 21:50:22.520 [info] > git for-each-ref --format=%(refname)%00%(upstream:short)%00%(objectname)%00%(upstream:track)%00%(upstream:remotename)%00%(upstream:remoteref) refs/heads/develop refs/remotes/develop [2ms]
2024-01-08 21:50:22.529 [info] > git merge-base refs/heads/SAAS-4086/better-finkok-errors refs/heads/develop [2ms]
2024-01-08 21:50:22.540 [info] > git rev-list --count --left-right refs/heads/SAAS-4086/better-finkok-errors...refs/heads/develop [2ms]
2024-01-08 21:50:34.876 [info] > git config --get commit.template [0ms]
2024-01-08 21:50:34.883 [info] > git for-each-ref --format=%(refname)%00%(upstream:short)%00%(objectname)%00%(upstream:track)%00%(upstream:remotename)%00%(upstream:remoteref) refs/heads/SAAS-4086/better-finkok-errors refs/remotes/SAAS-4086/better-finkok-errors [1ms]
2024-01-08 21:50:34.902 [info] > git status -z -uall [14ms]
2024-01-08 21:51:05.238 [info] > git for-each-ref --format=%(refname)%00%(upstream:short)%00%(objectname)%00%(upstream:track)%00%(upstream:remotename)%00%(upstream:remoteref) refs/heads/SAAS-4086/better-finkok-errors refs/remotes/SAAS-4086/better-finkok-errors [2ms]
2024-01-08 21:51:05.238 [info] > git config --get commit.template [8ms]
2024-01-08 21:51:05.260 [info] > git status -z -uall [16ms]
2024-01-08 21:51:35.608 [info] > git config --get commit.template [6ms]
2024-01-08 21:51:35.609 [info] > git for-each-ref --format=%(refname)%00%(upstream:short)%00%(objectname)%00%(upstream:track)%00%(upstream:remotename)%00%(upstream:remoteref) refs/heads/SAAS-4086/better-finkok-errors refs/remotes/SAAS-4086/better-finkok-errors [1ms]
2024-01-08 21:51:35.627 [info] > git status -z -uall [14ms]
2024-01-08 21:52:05.960 [info] > git config --get commit.template [7ms]
2024-01-08 21:52:05.960 [info] > git for-each-ref --format=%(refname)%00%(upstream:short)%00%(objectname)%00%(upstream:track)%00%(upstream:remotename)%00%(upstream:remoteref) refs/heads/SAAS-4086/better-finkok-errors refs/remotes/SAAS-4086/better-finkok-errors [1ms]
2024-01-08 21:52:05.980 [info] > git status -z -uall [15ms]
2024-01-08 22:06:16.236 [info] > git config --get commit.template [14ms]
2024-01-08 22:06:16.236 [info] > git for-each-ref --format=%(refname)%00%(upstream:short)%00%(objectname)%00%(upstream:track)%00%(upstream:remotename)%00%(upstream:remoteref) refs/heads/SAAS-4086/better-finkok-errors refs/remotes/SAAS-4086/better-finkok-errors [2ms]
2024-01-08 22:06:16.269 [info] > git status -z -uall [23ms]
2024-01-08 22:06:21.283 [info] > git config --get commit.template [7ms]
2024-01-08 22:06:21.283 [info] > git for-each-ref --format=%(refname)%00%(upstream:short)%00%(objectname)%00%(upstream:track)%00%(upstream:remotename)%00%(upstream:remoteref) refs/heads/SAAS-4086/better-finkok-errors refs/remotes/SAAS-4086/better-finkok-errors [1ms]
2024-01-08 22:06:21.304 [info] > git status -z -uall [17ms]
2024-01-08 22:06:48.354 [info] > git config --get commit.template [6ms]
2024-01-08 22:06:48.354 [info] > git for-each-ref --format=%(refname)%00%(upstream:short)%00%(objectname)%00%(upstream:track)%00%(upstream:remotename)%00%(upstream:remoteref) refs/heads/SAAS-4086/better-finkok-errors refs/remotes/SAAS-4086/better-finkok-errors [1ms]
2024-01-08 22:06:48.375 [info] > git status -z -uall [17ms]
2024-01-08 22:09:59.469 [info] > git config --get commit.template [21ms]
2024-01-08 22:09:59.474 [info] > git for-each-ref --format=%(refname)%00%(upstream:short)%00%(objectname)%00%(upstream:track)%00%(upstream:remotename)%00%(upstream:remoteref) refs/heads/SAAS-4086/better-finkok-errors refs/remotes/SAAS-4086/better-finkok-errors [5ms]
2024-01-08 22:09:59.554 [info] > git status -z -uall [63ms]
2024-01-08 22:20:04.460 [info] > git config --get commit.template [11ms]
2024-01-08 22:20:04.461 [info] > git for-each-ref --format=%(refname)%00%(upstream:short)%00%(objectname)%00%(upstream:track)%00%(upstream:remotename)%00%(upstream:remoteref) refs/heads/SAAS-4086/better-finkok-errors refs/remotes/SAAS-4086/better-finkok-errors [2ms]
2024-01-08 22:20:04.497 [info] > git status -z -uall [24ms]
2024-01-08 22:22:13.355 [info] > git config --get commit.template [1ms]
2024-01-08 22:22:13.366 [info] > git for-each-ref --format=%(refname)%00%(upstream:short)%00%(objectname)%00%(upstream:track)%00%(upstream:remotename)%00%(upstream:remoteref) refs/heads/SAAS-4086/better-finkok-errors refs/remotes/SAAS-4086/better-finkok-errors [1ms]
2024-01-08 22:22:13.388 [info] > git status -z -uall [14ms]
2024-01-08 22:22:18.401 [info] > git config --get commit.template [6ms]
2024-01-08 22:22:18.401 [info] > git for-each-ref --format=%(refname)%00%(upstream:short)%00%(objectname)%00%(upstream:track)%00%(upstream:remotename)%00%(upstream:remoteref) refs/heads/SAAS-4086/better-finkok-errors refs/remotes/SAAS-4086/better-finkok-errors [1ms]
2024-01-08 22:22:18.420 [info] > git status -z -uall [14ms]
2024-01-08 22:46:22.920 [info] > git for-each-ref --format=%(refname)%00%(upstream:short)%00%(objectname)%00%(upstream:track)%00%(upstream:remotename)%00%(upstream:remoteref) refs/heads/SAAS-4086/better-finkok-errors refs/remotes/SAAS-4086/better-finkok-errors [9ms]
2024-01-08 22:46:22.921 [info] > git config --get commit.template [22ms]
2024-01-08 22:46:22.948 [info] > git status -z -uall [19ms]
2024-01-08 22:47:23.850 [info] > git for-each-ref --format=%(refname)%00%(upstream:short)%00%(objectname)%00%(upstream:track)%00%(upstream:remotename)%00%(upstream:remoteref) refs/heads/SAAS-4086/better-finkok-errors refs/remotes/SAAS-4086/better-finkok-errors [3ms]
2024-01-08 22:47:23.850 [info] > git config --get commit.template [13ms]
2024-01-08 22:47:23.874 [info] > git status -z -uall [17ms]
