2023-12-29 09:18:12.722 [info] Reading sessions from keychain...
2023-12-29 09:18:12.722 [info] Getting sessions for all scopes...
2023-12-29 09:18:12.734 [info] Getting sessions for read:user,repo,user:email,workflow...
2023-12-29 09:18:12.757 [info] Got stored sessions!
2023-12-29 09:18:12.757 [info] Got 1 verified sessions.
2023-12-29 09:18:12.757 [info] Got 1 sessions for ...
2023-12-29 09:18:12.757 [info] Got 1 sessions for read:user,repo,user:email,workflow...
2023-12-29 09:18:13.008 [info] Getting sessions for all scopes...
2023-12-29 09:18:13.008 [info] Got 1 sessions for ...
2023-12-29 09:18:13.241 [info] Getting sessions for all scopes...
2023-12-29 09:18:13.241 [info] Got 1 sessions for ...
2023-12-29 09:18:13.516 [info] Getting sessions for read:user,repo,user:email,workflow...
2023-12-29 09:18:13.516 [info] Got 1 sessions for read:user,repo,user:email,workflow...
2023-12-29 09:18:23.006 [info] Getting sessions for all scopes...
2023-12-29 09:18:23.006 [info] Got 1 sessions for ...
2023-12-29 09:18:52.310 [info] Getting sessions for read:user,repo,user:email...
2023-12-29 09:18:52.310 [info] Got 0 sessions for read:user,repo,user:email...
2023-12-29 11:21:42.175 [info] Getting sessions for read:user,repo,user:email,workflow...
2023-12-29 11:21:42.175 [info] Got 1 sessions for read:user,repo,user:email,workflow...
2023-12-29 11:21:42.946 [info] Getting sessions for read:user,repo,user:email,workflow...
2023-12-29 11:21:42.946 [info] Got 1 sessions for read:user,repo,user:email,workflow...
2023-12-29 11:21:43.701 [info] Getting sessions for read:user,repo,user:email,workflow...
2023-12-29 11:21:43.701 [info] Got 1 sessions for read:user,repo,user:email,workflow...
2023-12-29 11:21:44.454 [info] Getting sessions for read:user,repo,user:email,workflow...
2023-12-29 11:21:44.454 [info] Got 1 sessions for read:user,repo,user:email,workflow...
