2024-01-09 12:03:48.294 [info] Checking if asdf is available on the path with command: /bin/zsh -ic 'asdf --version'
2024-01-09 12:03:48.505 [info] Checking if chruby is available on the path with command: /bin/zsh -ic 'chruby --version'
2024-01-09 12:03:48.871 [info] Checking if rbenv is available on the path with command: /bin/zsh -ic 'rbenv --version'
2024-01-09 12:03:49.365 [info] Discovered version manager rbenv
2024-01-09 12:03:49.365 [info] Trying to activate Ruby environment with command: /bin/zsh -ic 'rbenv exec ruby -rjson -e "STDERR.printf(%{RUBY_ENV_ACTIVATE%sRUBY_ENV_ACTIVATE}, JSON.dump({ env: ENV.to_h, ruby_version: RUBY_VERSION, yjit: defined?(RubyVM::YJIT) }))"' inside directory: /home/brayan/work/Serverless
2024-01-09 12:03:53.820 [info] Ruby LSP> Skipping custom bundle setup since /home/brayan/work/Serverless/.ruby-lsp/Gemfile.lock already exists and is up to date
Ruby LSP> Running bundle install for the custom bundle. This may take a while...
Ruby LSP> Command: ((bundle check && bundle update ruby-lsp debug) || bundle install) 1>&2

2024-01-09 12:03:54.095 [info] The Gemfile's dependencies are satisfied

2024-01-09 12:03:55.236 [info] Fetching gem metadata from https://rubygems.org/
2024-01-09 12:03:55.238 [info] .
2024-01-09 12:03:55.873 [info] .
2024-01-09 12:03:55.966 [info] .
2024-01-09 12:03:56.011 [info] .
2024-01-09 12:03:56.050 [info] .
2024-01-09 12:03:56.091 [info] .
2024-01-09 12:03:56.109 [info] .
2024-01-09 12:03:56.113 [info] .
2024-01-09 12:03:56.809 [info] 

2024-01-09 12:03:56.843 [info] Resolving dependencies...

2024-01-09 12:03:57.222 [info] Fetching sorbet-runtime 0.5.11180 (was 0.5.11176)

2024-01-09 12:03:57.256 [info] Fetching irb 1.11.1 (was 1.11.0)

2024-01-09 12:03:57.369 [info] Installing irb 1.11.1 (was 1.11.0)

2024-01-09 12:03:57.370 [info] Installing sorbet-runtime 0.5.11180 (was 0.5.11176)

2024-01-09 12:03:57.399 [info] Bundler attempted to update ruby-lsp but its version stayed the same
Bundler attempted to update debug but its version stayed the same
Bundle updated!

2024-01-09 12:03:58.611 [info] Starting Ruby LSP v0.13.2...

2024-01-09 12:03:58.625 [info] Ruby LSP is ready

2024-01-09 12:03:58.829 [info] The following cops were added to RuboCop, but are not configured. Please set Enabled to either `true` or `false` in your `.rubocop.yml` file.

Please also note that you can opt-in to new cops by default by adding this to your config:
  AllCops:
    NewCops: enable
Gemspec/DeprecatedAttributeAssignment: # new in 1.30
  Enabled: true
Gemspec/DevelopmentDependencies: # new in 1.44
  Enabled: true
Gemspec/RequireMFA: # new in 1.23
  Enabled: true
Layout/LineContinuationLeadingSpace: # new in 1.31
  Enabled: true
Layout/LineContinuationSpacing: # new in 1.31
  Enabled: true
Layout/LineEndStringConcatenationIndentation: # new in 1.18
  Enabled: true
Layout/SpaceBeforeBrackets: # new in 1.7
  Enabled: true
Lint/AmbiguousAssignment: # new in 1.7
  Enabled: true
Lint/AmbiguousOperatorPrecedence: # new in 1.21
  Enabled: true
Lint/AmbiguousRange: # new in 1.19
  Enabled: true
Lint/ConstantOverwrittenInRescue: # new in 1.31
  Enabled: true
Lint/DeprecatedConstants: # new in 1.8
  Enabled: true
Lint/DuplicateBranch: # new in 1.3
  Enabled: true
Lint/DuplicateMagicComment: # new in 1.37
  Enabled: true
Lint/DuplicateMatchPattern: # new in 1.50
  Enabled: true
Lint/DuplicateRegexpCharacterClassElement: # new in 1.1
  Enabled: true
Lint/EmptyBlock: # new in 1.1
  Enabled: true
Lint/EmptyClass: # new in 1.3
  Enabled: true
Lint/EmptyInPattern: # new in 1.16
  Enabled: true
Lint/IncompatibleIoSelectWithFiberScheduler: # new in 1.21
  Enabled: true
Lint/LambdaWithoutLiteralBlock: # new in 1.8
  Enabled: true
Lint/MixedCaseRange: # new in 1.53
  Enabled: true
Lint/NoReturnInBeginEndBlocks: # new in 1.2
  Enabled: true
Lint/NonAtomicFileOperation: # new in 1.31
  Enabled: true
Lint/NumberedParameterAssignment: # new in 1.9
  Enabled: true
Lint/OrAssignmentToConstant: # new in 1.9
  Enabled: true
Lint/RedundantDirGlobSort: # new in 1.8
  Enabled: true
Lint/RedundantRegexpQuantifiers: # new in 1.53
  Enabled: true
Lint/RefinementImportMethods: # new in 1.27
  Enabled: true
Lint/RequireRangeParentheses: # new in 1.32
  Enabled: true
Lint/RequireRelativeSelfPath: # new in 1.22
  Enabled: true
Lint/SymbolConversion: # new in 1.9
  Enabled: true
Lint/ToEnumArguments: # new in 1.1
  Enabled: true
Lint/TripleQuotes: # new in 1.9
  Enabled: true
Lint/UnexpectedBlockArity: # new in 1.5
  Enabled: true
Lint/UnmodifiedReduceAccumulator: # new in 1.1
  Enabled: true
Lint/UselessRescue: # new in 1.43
  Enabled: true
Lint/UselessRuby2Keywords: # new in 1.23
  Enabled: true
Metrics/CollectionLiteralLength: # new in 1.47
  Enabled: true
Naming/BlockForwarding: # new in 1.24
  Enabled: true
Security/CompoundHash: # new in 1.28
  Enabled: true
Security/IoMethods: # new in 1.22
  Enabled: true
Style/ArgumentsForwarding: # new in 1.1
  Enabled: true
Style/ArrayIntersect: # new in 1.40
  Enabled: true
Style/CollectionCompact: # new in 1.2
  Enabled: true
Style/ComparableClamp: # new in 1.44
  Enabled: true
Style/ConcatArrayLiterals: # new in 1.41
  Enabled: true
Style/DataInheritance: # new in 1.49
  Enabled: true
Style/DirEmpty: # new in 1.48
  Enabled: true
Style/DocumentDynamicEvalDefinition: # new in 1.1
  Enabled: true
Style/EmptyHeredoc: # new in 1.32
  Enabled: true
Style/EndlessMethod: # new in 1.8
  Enabled: true
Style/EnvHome: # new in 1.29
  Enabled: true
Style/ExactRegexpMatch: # new in 1.51
  Enabled: true
Style/FetchEnvVar: # new in 1.28
  Enabled: true
Style/FileEmpty: # new in 1.48
  Enabled: true
Style/FileRead: # new in 1.24
  Enabled: true
Style/FileWrite: # new in 1.24
  Enabled: true
Style/HashConversion: # new in 1.10
  Enabled: true
Style/HashExcept: # new in 1.7
  Enabled: true
Style/IfWithBooleanLiteralBranches: # new in 1.9
  Enabled: true
Style/InPatternThen: # new in 1.16
  Enabled: true
Style/MagicCommentFormat: # new in 1.35
  Enabled: true
Style/MapCompactWithConditionalBlock: # new in 1.30
  Enabled: true
Style/MapToHash: # new in 1.24
  Enabled: true
Style/MapToSet: # new in 1.42
  Enabled: true
Style/MinMaxComparison: # new in 1.42
  Enabled: true
Style/MultilineInPatternThen: # new in 1.16
  Enabled: true
Style/NegatedIfElseCondition: # new in 1.2
  Enabled: true
Style/NestedFileDirname: # new in 1.26
  Enabled: true
Style/NilLambda: # new in 1.3
  Enabled: true
Style/NumberedParameters: # new in 1.22
  Enabled: true
Style/NumberedParametersLimit: # new in 1.22
  Enabled: true
Style/ObjectThen: # new in 1.28
  Enabled: true
Style/OpenStructUse: # new in 1.23
  Enabled: true
Style/OperatorMethodCall: # new in 1.37
  Enabled: true
Style/QuotedSymbols: # new in 1.16
  Enabled: true
Style/RedundantArgument: # new in 1.4
  Enabled: true
Style/RedundantArrayConstructor: # new in 1.52
  Enabled: true
Style/RedundantConstantBase: # new in 1.40
  Enabled: true
Style/RedundantCurrentDirectoryInPath: # new in 1.53
  Enabled: true
Style/RedundantDoubleSplatHashBraces: # new in 1.41
  Enabled: true
Style/RedundantEach: # new in 1.38
  Enabled: true
Style/RedundantFilterChain: # new in 1.52
  Enabled: true
Style/RedundantHeredocDelimiterQuotes: # new in 1.45
  Enabled: true
Style/RedundantInitialize: # new in 1.27
  Enabled: true
Style/RedundantLineContinuation: # new in 1.49
  Enabled: true
Style/RedundantRegexpArgument: # new in 1.53
  Enabled: true
Style/RedundantRegexpConstructor: # new in 1.52
  Enabled: true
Style/RedundantSelfAssignmentBranch: # new in 1.19
  Enabled: true
Style/RedundantStringEscape: # new in 1.37
  Enabled: true
Style/ReturnNilInPredicateMethodDefinition: # new in 1.53
  Enabled: true
Style/SelectByRegexp: # new in 1.22
  Enabled: true
Style/SingleLineDoEndBlock: # new in 1.57
  Enabled: true
Style/StringChars: # new in 1.12
  Enabled: true
Style/SwapValues: # new in 1.1
  Enabled: true
Style/YAMLFileRead: # new in 1.53
  Enabled: true
For more information: https://docs.rubocop.org/rubocop/versioning.html

2024-01-09 12:40:04.505 [info] Shutting down Ruby LSP...

