2024-01-10 14:13:44.628 [info] Log level: Info
2024-01-10 14:13:44.628 [info] Validating found git in: "git"
2024-01-10 14:13:44.628 [info] Using git "2.34.1" from "git"
2024-01-10 14:13:44.628 [info] > git rev-parse --show-toplevel [1ms]
2024-01-10 14:13:44.628 [info] > git rev-parse --git-dir --git-common-dir [1ms]
2024-01-10 14:13:44.628 [info] Open repository: /home/brayan/work/web
2024-01-10 14:13:44.628 [info] > git config --get commit.template [4ms]
2024-01-10 14:13:44.628 [info] > git rev-parse --show-toplevel [2ms]
2024-01-10 14:13:44.637 [info] > git for-each-ref --format=%(refname)%00%(upstream:short)%00%(objectname)%00%(upstream:track)%00%(upstream:remotename)%00%(upstream:remoteref) refs/heads/SAAS-4180/fix-draft-creation refs/remotes/SAAS-4180/fix-draft-creation [5ms]
2024-01-10 14:13:44.640 [info] > git rev-parse --show-toplevel [5ms]
2024-01-10 14:13:44.643 [info] > git rev-parse --show-toplevel [1ms]
2024-01-10 14:13:44.647 [info] > git rev-parse --show-toplevel [1ms]
2024-01-10 14:13:44.650 [info] > git rev-parse --show-toplevel [1ms]
2024-01-10 14:13:44.653 [info] > git rev-parse --show-toplevel [1ms]
2024-01-10 14:13:44.656 [info] > git rev-parse --show-toplevel [1ms]
2024-01-10 14:13:44.660 [info] > git rev-parse --show-toplevel [1ms]
2024-01-10 14:13:44.664 [info] > git rev-parse --show-toplevel [1ms]
2024-01-10 14:13:44.670 [info] > git rev-parse --show-toplevel [1ms]
2024-01-10 14:13:44.674 [info] > git rev-parse --show-toplevel [1ms]
2024-01-10 14:13:44.677 [info] > git status -z -uall [37ms]
2024-01-10 14:13:44.679 [info] > git rev-parse --show-toplevel [3ms]
2024-01-10 14:13:44.684 [info] > git rev-parse --show-toplevel [0ms]
2024-01-10 14:13:44.690 [info] > git rev-parse --show-toplevel [1ms]
2024-01-10 14:13:44.696 [info] > git rev-parse --show-toplevel [1ms]
2024-01-10 14:13:44.703 [info] > git rev-parse --show-toplevel [1ms]
2024-01-10 14:13:44.710 [info] > git rev-parse --show-toplevel [3ms]
2024-01-10 14:13:44.716 [info] > git rev-parse --show-toplevel [2ms]
2024-01-10 14:13:44.791 [info] > git rev-parse --show-toplevel [16ms]
2024-01-10 14:13:44.799 [info] > git config --get commit.template [9ms]
2024-01-10 14:13:44.805 [info] > git show --textconv HEAD:app/views/communities/_form_remuneration.html.haml [10ms]
2024-01-10 14:13:44.806 [info] > git ls-tree -l HEAD -- /home/brayan/work/web/app/views/communities/_form_remuneration.html.haml [9ms]
2024-01-10 14:13:44.807 [info] > git for-each-ref --format=%(refname)%00%(upstream:short)%00%(objectname)%00%(upstream:track)%00%(upstream:remotename)%00%(upstream:remoteref) refs/heads/SAAS-4180/fix-draft-creation refs/remotes/SAAS-4180/fix-draft-creation [1ms]
2024-01-10 14:13:44.831 [info] > git status -z -uall [20ms]
2024-01-10 14:13:44.850 [info] > git ls-tree -l HEAD -- /home/brayan/work/web/app/views/communities/_form_remuneration.html.haml [2ms]
