2024-01-04 09:17:03.089 [info] Extension host with pid 8721 started
2024-01-04 09:17:03.089 [info] Skipping acquiring lock for /home/brayan/.config/Code/User/workspaceStorage/3e5e6d6f7e9976681a79a6f5de822ba8.
2024-01-04 09:17:03.175 [info] ExtensionService#_doActivateExtension vscode.git-base, startup: false, activationEvent: 'onFileSystem:git', root cause: vscode.git
2024-01-04 09:17:03.178 [info] ExtensionService#_doActivateExtension vscode.emmet, startup: false, activationEvent: 'onLanguage'
2024-01-04 09:17:03.183 [info] ExtensionService#_doActivateExtension Shopify.ruby-lsp, startup: false, activationEvent: 'onLanguage:ruby'
2024-01-04 09:17:03.212 [info] ExtensionService#_doActivateExtension vscode.git, startup: false, activationEvent: 'onFileSystem:git'
2024-01-04 09:17:04.139 [info] ExtensionService#_doActivateExtension vscode.github, startup: true, activationEvent: '*'
2024-01-04 09:17:04.154 [info] ExtensionService#_doActivateExtension EditorConfig.EditorConfig, startup: true, activationEvent: '*'
2024-01-04 09:17:04.180 [info] ExtensionService#_doActivateExtension vscode.npm, startup: true, activationEvent: 'workspaceContains:package.json'
2024-01-04 09:17:04.257 [info] ExtensionService#_doActivateExtension vscode.github-authentication, startup: false, activationEvent: 'onAuthenticationRequest:github'
2024-01-04 09:17:11.897 [info] Eager extensions activated
2024-01-04 09:17:11.903 [info] ExtensionService#_doActivateExtension vscode.debug-auto-launch, startup: false, activationEvent: 'onStartupFinished'
2024-01-04 09:17:11.905 [info] ExtensionService#_doActivateExtension vscode.merge-conflict, startup: false, activationEvent: 'onStartupFinished'
2024-01-04 09:17:11.910 [info] ExtensionService#_doActivateExtension Catppuccin.catppuccin-vsc, startup: false, activationEvent: 'onStartupFinished'
2024-01-04 09:17:11.913 [info] ExtensionService#_doActivateExtension eamodio.gitlens, startup: false, activationEvent: 'onStartupFinished'
2024-01-04 09:17:11.937 [info] ExtensionService#_doActivateExtension ms-vscode-remote.remote-containers, startup: false, activationEvent: 'onStartupFinished'
2024-01-04 09:17:12.034 [info] ExtensionService#_doActivateExtension vscode.json-language-features, startup: false, activationEvent: 'onLanguage:jsonc'
2024-01-04 09:17:12.046 [info] ExtensionService#_doActivateExtension vscode.typescript-language-features, startup: false, activationEvent: 'onLanguage:jsonc'
2024-01-04 09:25:33.274 [error] Error: Pending response rejected since connection got disposed
	at Object.dispose (/home/brayan/.vscode/extensions/shopify.ruby-lsp-0.5.4/out/extension.js:31:4575)
	at Object.dispose (/home/brayan/.vscode/extensions/shopify.ruby-lsp-0.5.4/out/extension.js:44:9744)
	at ds.handleConnectionClosed (/home/brayan/.vscode/extensions/shopify.ruby-lsp-0.5.4/out/extension.js:41:12801)
	at ds.handleConnectionClosed (/home/brayan/.vscode/extensions/shopify.ruby-lsp-0.5.4/out/extension.js:44:38583)
	at t (/home/brayan/.vscode/extensions/shopify.ruby-lsp-0.5.4/out/extension.js:41:12417)
	at Ga.invoke (/home/brayan/.vscode/extensions/shopify.ruby-lsp-0.5.4/out/extension.js:1:12217)
	at n.fire (/home/brayan/.vscode/extensions/shopify.ruby-lsp-0.5.4/out/extension.js:1:12986)
	at Rt (/home/brayan/.vscode/extensions/shopify.ruby-lsp-0.5.4/out/extension.js:5:5914)
	at Ga.invoke (/home/brayan/.vscode/extensions/shopify.ruby-lsp-0.5.4/out/extension.js:1:12217)
	at n.fire (/home/brayan/.vscode/extensions/shopify.ruby-lsp-0.5.4/out/extension.js:1:12986)
	at Os.fireClose (/home/brayan/.vscode/extensions/shopify.ruby-lsp-0.5.4/out/extension.js:3:509)
	at Socket.<anonymous> (/home/brayan/.vscode/extensions/shopify.ruby-lsp-0.5.4/out/extension.js:3:1235)
	at Socket.emit (node:events:513:28)
	at Pipe.<anonymous> (node:net:322:12)
2024-01-04 09:25:33.275 [error] Error: Client is not running and can't be stopped. It's current state is: starting
	at ds.shutdown (/home/brayan/.vscode/extensions/shopify.ruby-lsp-0.5.4/out/extension.js:41:8468)
	at ds.stop (/home/brayan/.vscode/extensions/shopify.ruby-lsp-0.5.4/out/extension.js:41:8047)
	at ds.stop (/home/brayan/.vscode/extensions/shopify.ruby-lsp-0.5.4/out/extension.js:44:38186)
	at ds.doInitialize (/home/brayan/.vscode/extensions/shopify.ruby-lsp-0.5.4/out/extension.js:41:7872)
	at async ds.start (/home/brayan/.vscode/extensions/shopify.ruby-lsp-0.5.4/out/extension.js:41:4452)
	at async la.start (/home/brayan/.vscode/extensions/shopify.ruby-lsp-0.5.4/out/extension.js:49:481)
	at async la.restart (/home/brayan/.vscode/extensions/shopify.ruby-lsp-0.5.4/out/extension.js:49:802)
2024-01-04 09:25:35.744 [error] Error: Client is not running and can't be stopped. It's current state is: startFailed
	at ds.shutdown (/home/brayan/.vscode/extensions/shopify.ruby-lsp-0.5.4/out/extension.js:41:8468)
	at ds.stop (/home/brayan/.vscode/extensions/shopify.ruby-lsp-0.5.4/out/extension.js:41:8047)
	at ds.stop (/home/brayan/.vscode/extensions/shopify.ruby-lsp-0.5.4/out/extension.js:44:38186)
	at ds.doInitialize (/home/brayan/.vscode/extensions/shopify.ruby-lsp-0.5.4/out/extension.js:41:7872)
	at async ds.start (/home/brayan/.vscode/extensions/shopify.ruby-lsp-0.5.4/out/extension.js:41:4452)
2024-01-04 09:25:38.205 [error] Error: Client is not running and can't be stopped. It's current state is: startFailed
	at ds.shutdown (/home/brayan/.vscode/extensions/shopify.ruby-lsp-0.5.4/out/extension.js:41:8468)
	at ds.stop (/home/brayan/.vscode/extensions/shopify.ruby-lsp-0.5.4/out/extension.js:41:8047)
	at ds.stop (/home/brayan/.vscode/extensions/shopify.ruby-lsp-0.5.4/out/extension.js:44:38186)
	at ds.doInitialize (/home/brayan/.vscode/extensions/shopify.ruby-lsp-0.5.4/out/extension.js:41:7872)
	at async ds.start (/home/brayan/.vscode/extensions/shopify.ruby-lsp-0.5.4/out/extension.js:41:4452)
2024-01-04 09:25:40.651 [error] Error: Client is not running and can't be stopped. It's current state is: startFailed
	at ds.shutdown (/home/brayan/.vscode/extensions/shopify.ruby-lsp-0.5.4/out/extension.js:41:8468)
	at ds.stop (/home/brayan/.vscode/extensions/shopify.ruby-lsp-0.5.4/out/extension.js:41:8047)
	at ds.stop (/home/brayan/.vscode/extensions/shopify.ruby-lsp-0.5.4/out/extension.js:44:38186)
	at ds.doInitialize (/home/brayan/.vscode/extensions/shopify.ruby-lsp-0.5.4/out/extension.js:41:7872)
	at async ds.start (/home/brayan/.vscode/extensions/shopify.ruby-lsp-0.5.4/out/extension.js:41:4452)
2024-01-04 09:25:43.149 [error] Error: Client is not running and can't be stopped. It's current state is: startFailed
	at ds.shutdown (/home/brayan/.vscode/extensions/shopify.ruby-lsp-0.5.4/out/extension.js:41:8468)
	at ds.stop (/home/brayan/.vscode/extensions/shopify.ruby-lsp-0.5.4/out/extension.js:41:8047)
	at ds.stop (/home/brayan/.vscode/extensions/shopify.ruby-lsp-0.5.4/out/extension.js:44:38186)
	at ds.doInitialize (/home/brayan/.vscode/extensions/shopify.ruby-lsp-0.5.4/out/extension.js:41:7872)
	at async ds.start (/home/brayan/.vscode/extensions/shopify.ruby-lsp-0.5.4/out/extension.js:41:4452)
2024-01-04 09:27:26.748 [info] ExtensionService#_doActivateExtension vscode.css-language-features, startup: false, activationEvent: 'onLanguage:scss'
2024-01-04 09:27:40.865 [warning] TextEditor is closed/disposed
2024-01-04 09:27:52.127 [warning] TextEditor is closed/disposed
2024-01-04 09:28:02.476 [warning] TextEditor is closed/disposed
2024-01-04 09:57:20.653 [warning] TextEditor is closed/disposed
2024-01-04 09:57:22.743 [warning] TextEditor is closed/disposed
2024-01-04 09:58:09.104 [warning] TextEditor is closed/disposed
2024-01-04 10:07:10.115 [warning] TextEditor is closed/disposed
2024-01-04 10:12:02.895 [warning] TextEditor is closed/disposed
2024-01-04 10:12:41.782 [warning] TextEditor is closed/disposed
2024-01-04 10:15:42.034 [warning] TextEditor is closed/disposed
2024-01-04 10:19:31.963 [warning] TextEditor is closed/disposed
2024-01-04 10:19:32.486 [warning] TextEditor is closed/disposed
2024-01-04 10:19:36.704 [warning] TextEditor is closed/disposed
2024-01-04 11:02:17.550 [warning] Illegal argument: TextEditor(vs.editor.ICodeEditor:3,$model18)
2024-01-04 11:03:35.344 [warning] TextEditor is closed/disposed
2024-01-04 11:03:54.074 [warning] TextEditor is closed/disposed
2024-01-04 11:57:40.264 [warning] TextEditor is closed/disposed
2024-01-04 12:35:28.522 [warning] TextEditor is closed/disposed
2024-01-04 12:35:34.228 [warning] TextEditor is closed/disposed
2024-01-04 15:12:48.274 [warning] TextEditor is closed/disposed
2024-01-04 15:12:53.450 [warning] TextEditor is closed/disposed
2024-01-04 15:13:48.241 [warning] TextEditor is closed/disposed
2024-01-04 15:14:49.053 [warning] TextEditor is closed/disposed
2024-01-04 15:18:47.220 [warning] TextEditor is closed/disposed
2024-01-04 15:19:52.127 [warning] TextEditor is closed/disposed
2024-01-04 15:20:37.622 [warning] TextEditor is closed/disposed
2024-01-04 15:20:45.443 [warning] TextEditor is closed/disposed
2024-01-04 15:20:57.360 [warning] TextEditor is closed/disposed
2024-01-04 15:46:41.005 [warning] TextEditor is closed/disposed
2024-01-04 16:00:27.498 [warning] TextEditor is closed/disposed
2024-01-04 16:01:23.196 [warning] TextEditor is closed/disposed
2024-01-04 16:12:01.855 [warning] TextEditor is closed/disposed
2024-01-04 17:43:22.907 [warning] TextEditor is closed/disposed
2024-01-04 17:46:36.401 [warning] TextEditor is closed/disposed
2024-01-04 17:58:06.280 [warning] TextEditor is closed/disposed
2024-01-04 17:58:30.503 [warning] TextEditor is closed/disposed
2024-01-04 17:58:39.581 [warning] TextEditor is closed/disposed
2024-01-04 17:59:20.996 [warning] TextEditor is closed/disposed
2024-01-04 18:09:36.010 [warning] TextEditor is closed/disposed
2024-01-04 18:09:55.860 [warning] TextEditor is closed/disposed
2024-01-04 18:10:00.028 [warning] TextEditor is closed/disposed
