Initializing document watcher...
web/app/builders/salary_payments/salary_payment_director.rb: {"insertSpaces":true,"tabSize":2}
web/app/builders/salary_payments/salary_payment_director.rb: Using EditorConfig core...
app/builders/salary_payments/salary_payment_director.rb: editor.action.trimTrailingWhitespace
web/app/models/salary_payment.rb: {"insertSpaces":true,"tabSize":2}
web/app/models/salary_payment.rb: {"insertSpaces":true,"tabSize":2}
web/app/builders/salary_payments/salary_payment_director.rb: {"insertSpaces":true,"tabSize":2}
web/app/builders/salary_payments/salary_payment_director.rb: Using EditorConfig core...
app/builders/salary_payments/salary_payment_director.rb: editor.action.trimTrailingWhitespace
web/app/builders/salary_payments/salary_payment_director.rb: Using EditorConfig core...
app/builders/salary_payments/salary_payment_director.rb: editor.action.trimTrailingWhitespace
web/app/builders/salary_payments/salary_payment_director.rb: Using EditorConfig core...
app/builders/salary_payments/salary_payment_director.rb: editor.action.trimTrailingWhitespace
web/app/builders/salary_payments/salary_payment_director.rb: Using EditorConfig core...
app/builders/salary_payments/salary_payment_director.rb: editor.action.trimTrailingWhitespace
web/app/builders/salary_payments/salary_payment_director.rb: Using EditorConfig core...
app/builders/salary_payments/salary_payment_director.rb: editor.action.trimTrailingWhitespace
web/app/builders/salary_payments/salary_payment_director.rb: Using EditorConfig core...
app/builders/salary_payments/salary_payment_director.rb: editor.action.trimTrailingWhitespace
web/app/builders/salary_payments/salary_payment_director.rb: Using EditorConfig core...
app/builders/salary_payments/salary_payment_director.rb: editor.action.trimTrailingWhitespace
web/app/builders/salary_payments/salary_payment_director.rb: Using EditorConfig core...
app/builders/salary_payments/salary_payment_director.rb: editor.action.trimTrailingWhitespace
web/app/builders/salary_payments/salary_payment_director.rb: Using EditorConfig core...
app/builders/salary_payments/salary_payment_director.rb: editor.action.trimTrailingWhitespace
web/app/builders/salary_payments/salary_payment_director.rb: Using EditorConfig core...
app/builders/salary_payments/salary_payment_director.rb: editor.action.trimTrailingWhitespace
web/app/builders/salary_payments/salary_payment_director.rb: Using EditorConfig core...
app/builders/salary_payments/salary_payment_director.rb: editor.action.trimTrailingWhitespace
web/app/models/salary_payment.rb: {"insertSpaces":true,"tabSize":2}
web/app/services/remuneration/salary_payment_drafts/create_response.rb: {"insertSpaces":true,"tabSize":2}
web/app/services/remuneration/salary_payment_drafts/base_response.rb: {"insertSpaces":true,"tabSize":2}
web/app/services/remuneration/salary_payment_drafts/create_response.rb: {"insertSpaces":true,"tabSize":2}
web/app/controllers/remuneration/salary_payment_drafts_controller.rb: {"insertSpaces":true,"tabSize":2}
web/app/services/remuneration/salary_payment_drafts/index_response.rb: {"insertSpaces":true,"tabSize":2}
web/app/builders/salary_payments/salary_payment_director.rb: {"insertSpaces":true,"tabSize":2}
web/app/builders/salary_payments/salary_payment_director.rb: Using EditorConfig core...
app/builders/salary_payments/salary_payment_director.rb: editor.action.trimTrailingWhitespace
web/app/services/remuneration/salary_payment_drafts/index_response.rb: {"insertSpaces":true,"tabSize":2}
web/app/queries/remunerations/salary_payment_drafts_queries.rb: {"insertSpaces":true,"tabSize":2}
web/app/queries/remunerations/salary_payment_drafts_queries.rb: {"insertSpaces":true,"tabSize":2}
web/app/queries/remunerations/salary_payment_drafts_queries.rb: {"insertSpaces":true,"tabSize":2}
web/app/builders/salary_payments/salary_payment_director.rb: {"insertSpaces":true,"tabSize":2}
web/app/builders/salary_payments/salary_payment_director.rb: Using EditorConfig core...
app/builders/salary_payments/salary_payment_director.rb: editor.action.trimTrailingWhitespace
web/app/queries/remunerations/salary_payment_drafts_queries.rb: {"insertSpaces":true,"tabSize":2}
web/db/schema.rb: {"insertSpaces":true,"tabSize":2}
web/db/schema.rb: {"insertSpaces":true,"tabSize":2}
web/db/schema.rb: {"insertSpaces":true,"tabSize":2}
web/db/schema.rb: {"insertSpaces":true,"tabSize":2}
web/db/schema.rb: {"insertSpaces":true,"tabSize":2}
web/db/schema.rb: {"insertSpaces":true,"tabSize":2}
web/db/schema.rb: {"insertSpaces":true,"tabSize":2}
web/db/schema.rb: {"insertSpaces":true,"tabSize":2}
web/app/queries/remunerations/salary_payment_drafts_queries.rb: {"insertSpaces":true,"tabSize":2}
web/app/models/employee.rb: {"insertSpaces":true,"tabSize":2}
web/app/queries/remunerations/salary_payment_drafts_queries.rb: {"insertSpaces":true,"tabSize":2}
web/app/builders/salary_payments/salary_payment_director.rb: {"insertSpaces":true,"tabSize":2}
web/app/queries/remunerations/salary_payment_drafts_queries.rb: {"insertSpaces":true,"tabSize":2}
web/app/services/remuneration/salary_payment_drafts/create_response.rb: {"insertSpaces":true,"tabSize":2}
web/app/models/salary.rb: {"insertSpaces":true,"tabSize":2}
web/app/models/finiquito.rb: {"insertSpaces":true,"tabSize":2}
web/app/models/salary.rb: {"insertSpaces":true,"tabSize":2}
web/app/models/salary.rb: Using EditorConfig core...
app/models/salary.rb: editor.action.trimTrailingWhitespace
web/app/models/salary.rb: Using EditorConfig core...
app/models/salary.rb: editor.action.trimTrailingWhitespace
web/app/controllers/remuneration/salary_payment_drafts_controller.rb: {"insertSpaces":true,"tabSize":2}
web/app/services/remuneration/salary_payment_drafts/index_response.rb: {"insertSpaces":true,"tabSize":2}
web/app/queries/remunerations/salary_payment_drafts_queries.rb: {"insertSpaces":true,"tabSize":2}
web/app/queries/remunerations/salary_payment_drafts_queries.rb: Using EditorConfig core...
app/queries/remunerations/salary_payment_drafts_queries.rb: editor.action.trimTrailingWhitespace
app/queries/remunerations/salary_payment_drafts_queries.rb: insertFinalNewline(LF)
web/app/services/remuneration/salary_payment_drafts/index_response.rb: {"insertSpaces":true,"tabSize":2}
web/app/services/remuneration/salary_payment_drafts/create_response.rb: {"insertSpaces":true,"tabSize":2}
web/app/models/salary.rb: {"insertSpaces":true,"tabSize":2}
web/app/controllers/remuneration/salary_payment_drafts_controller.rb: {"insertSpaces":true,"tabSize":2}
web/app/services/remuneration/salary_payment_drafts/index_response.rb: {"insertSpaces":true,"tabSize":2}
web/app/models/employee.rb: {"insertSpaces":true,"tabSize":2}
web/app/queries/remunerations/salary_payment_drafts_queries.rb: {"insertSpaces":true,"tabSize":2}
web/app/queries/remunerations/salary_payment_drafts_queries.rb: {"insertSpaces":true,"tabSize":2}
web/app/queries/remunerations/salary_payment_drafts_queries.rb: {"insertSpaces":true,"tabSize":2}
web/app/queries/remunerations/salary_payment_drafts_queries.rb: {"insertSpaces":true,"tabSize":2}
web/app/models/salary_payment.rb: {"insertSpaces":true,"tabSize":2}
web/app/controllers/remuneration/salary_payments_controller.rb: {"insertSpaces":true,"tabSize":2}
web/app/models/salary_payment.rb: {"insertSpaces":true,"tabSize":2}
web/app/models/salary_payment.rb: {"insertSpaces":true,"tabSize":2}
web/app/controllers/remuneration/salary_payments_controller.rb: {"insertSpaces":true,"tabSize":2}
web/app/controllers/remuneration/salary_payments_controller.rb: Using EditorConfig core...
app/controllers/remuneration/salary_payments_controller.rb: editor.action.trimTrailingWhitespace
web/app/controllers/remuneration/salary_payments_controller.rb: {"insertSpaces":true,"tabSize":2}
web/app/controllers/remuneration/salary_payments_controller.rb: {"insertSpaces":true,"tabSize":2}
web/app/models/salary.rb: {"insertSpaces":true,"tabSize":2}
web/app/models/salary_payment.rb: {"insertSpaces":true,"tabSize":2}
web/app/models/salary_payment.rb: {"insertSpaces":true,"tabSize":2}
web/app/models/salary_payment.rb: {"insertSpaces":true,"tabSize":2}
web/app/models/salary_payment.rb: {"insertSpaces":true,"tabSize":2}
web/app/models/salary_payment.rb: {"insertSpaces":true,"tabSize":2}
web/app/models/salary_payment.rb: {"insertSpaces":true,"tabSize":2}
web/app/models/salary_payment.rb: {"insertSpaces":true,"tabSize":2}
web/app/models/salary.rb: {"insertSpaces":true,"tabSize":2}
web/app/builders/salary_payments/salary_payment_director.rb: {"insertSpaces":true,"tabSize":2}
web/app/builders/salary_payments/salary_payment_director.rb: Using EditorConfig core...
app/builders/salary_payments/salary_payment_director.rb: editor.action.trimTrailingWhitespace
web/app/models/salary.rb: {"insertSpaces":true,"tabSize":2}
web/app/models/salary.rb: Using EditorConfig core...
app/models/salary.rb: editor.action.trimTrailingWhitespace
web/app/models/salary.rb: {"insertSpaces":true,"tabSize":2}
web/app/models/salary.rb: {"insertSpaces":true,"tabSize":2}
web/app/models/salary.rb: {"insertSpaces":true,"tabSize":2}
web/app/models/salary_payment.rb: {"insertSpaces":true,"tabSize":2}
web/app/builders/salary_payments/salary_payment_director.rb: {"insertSpaces":true,"tabSize":2}
web/app/builders/salary_payments/salary_payment_director.rb: {"insertSpaces":true,"tabSize":2}
web/app/builders/salary_payments/salary_payment_director.rb: {"insertSpaces":true,"tabSize":2}
web/app/builders/salary_payments/salary_payment_director.rb: {"insertSpaces":true,"tabSize":2}
web/app/builders/salary_payments/salary_payment_director.rb: {"insertSpaces":true,"tabSize":2}
web/app/builders/salary_payments/salary_payment_director.rb: {"insertSpaces":true,"tabSize":2}
web/app/builders/salary_payments/salary_payment_director.rb: {"insertSpaces":true,"tabSize":2}
web/app/models/salary_payment.rb: {"insertSpaces":true,"tabSize":2}
web/app/models/salary_payment.rb: {"insertSpaces":true,"tabSize":2}
web/app/models/salary_payment.rb: {"insertSpaces":true,"tabSize":2}
web/app/models/salary_payment.rb: {"insertSpaces":true,"tabSize":2}
web/app/models/salary_payment.rb: {"insertSpaces":true,"tabSize":2}
web/app/builders/salary_payments/salary_payment_director.rb: {"insertSpaces":true,"tabSize":2}
web/app/builders/salary_payments/salary_payment_director.rb: Using EditorConfig core...
app/builders/salary_payments/salary_payment_director.rb: editor.action.trimTrailingWhitespace
web/app/builders/salary_payments/salary_payment_director.rb: Using EditorConfig core...
app/builders/salary_payments/salary_payment_director.rb: editor.action.trimTrailingWhitespace
web/app/builders/salary_payments/salary_payment_director.rb: {"insertSpaces":true,"tabSize":2}
web/app/builders/salary_payments/salary_payment_director.rb: {"insertSpaces":true,"tabSize":2}
web/app/builders/salary_payments/base_builder.rb: {"insertSpaces":true,"tabSize":2}
web/app/builders/salary_payments/base_builder.rb: {"insertSpaces":true,"tabSize":2}
web/app/builders/salary_payments/base_builder.rb: {"insertSpaces":true,"tabSize":2}
web/app/builders/salary_payments/salary_payment_director.rb: {"insertSpaces":true,"tabSize":2}
web/app/builders/salary_payments/salary_payment_director.rb: {"insertSpaces":true,"tabSize":2}
web/app/builders/salary_payments/salary_payment_director.rb: {"insertSpaces":true,"tabSize":2}
web/app/builders/salary_payments/salary_payment_director.rb: {"insertSpaces":true,"tabSize":2}
web/app/builders/salary_payments/salary_payment_director.rb: {"insertSpaces":true,"tabSize":2}
web/app/models/salary_payment.rb: {"insertSpaces":true,"tabSize":2}
web/Gemfile: {"insertSpaces":true,"tabSize":2}
web/Gemfile: {"insertSpaces":true,"tabSize":2}
web/Gemfile: {"insertSpaces":true,"tabSize":2}
web/app/services/remuneration/salary_payment_drafts/index_response.rb: {"insertSpaces":true,"tabSize":2}
web/Gemfile: {"insertSpaces":true,"tabSize":2}
web/app/models/salary_payment.rb: {"insertSpaces":true,"tabSize":2}
web/app/controllers/remuneration/salary_payments_controller.rb: {"insertSpaces":true,"tabSize":2}
web/app/queries/remunerations/salary_payment_drafts_queries.rb: {"insertSpaces":true,"tabSize":2}
web/app/controllers/remuneration/salary_payments_controller.rb: {"insertSpaces":true,"tabSize":2}
web/app/models/employee.rb: {"insertSpaces":true,"tabSize":2}
undefined: {}
undefined: {}
undefined: {}
undefined: {}
undefined: {}
undefined: {}
undefined: {}
undefined: {}
undefined: {}
undefined: {}
undefined: {}
