2023-12-29 09:18:11.788 [info] Extension host with pid 4340 started
2023-12-29 09:18:11.788 [info] Skipping acquiring lock for /home/brayan/.config/Code/User/workspaceStorage/3e5e6d6f7e9976681a79a6f5de822ba8.
2023-12-29 09:18:11.971 [info] ExtensionService#_doActivateExtension Shopify.ruby-lsp, startup: false, activationEvent: 'onLanguage:ruby'
2023-12-29 09:18:11.984 [info] ExtensionService#_doActivateExtension vscode.emmet, startup: false, activationEvent: 'onLanguage'
2023-12-29 09:18:12.242 [info] ExtensionService#_doActivateExtension vscode.git-base, startup: false, activationEvent: '*', root cause: vscode.git
2023-12-29 09:18:12.245 [info] ExtensionService#_doActivateExtension EditorConfig.EditorConfig, startup: false, activationEvent: '*'
2023-12-29 09:18:12.308 [info] ExtensionService#_doActivateExtension vscode.git, startup: false, activationEvent: '*'
2023-12-29 09:18:12.329 [info] ExtensionService#_doActivateExtension vscode.github, startup: false, activationEvent: '*'
2023-12-29 09:18:12.622 [info] ExtensionService#_doActivateExtension vscode.github-authentication, startup: false, activationEvent: 'onAuthenticationRequest:github'
2023-12-29 09:18:12.855 [info] ExtensionService#_doActivateExtension vscode.npm, startup: true, activationEvent: 'workspaceContains:package.json'
2023-12-29 09:18:22.849 [info] ExtensionService#_doActivateExtension vscode.debug-auto-launch, startup: false, activationEvent: 'onStartupFinished'
2023-12-29 09:18:22.851 [info] ExtensionService#_doActivateExtension vscode.merge-conflict, startup: false, activationEvent: 'onStartupFinished'
2023-12-29 09:18:22.858 [info] ExtensionService#_doActivateExtension eamodio.gitlens, startup: false, activationEvent: 'onStartupFinished'
2023-12-29 09:18:22.880 [info] ExtensionService#_doActivateExtension ms-vscode-remote.remote-containers, startup: false, activationEvent: 'onStartupFinished'
2023-12-29 09:18:23.383 [info] Eager extensions activated
2023-12-29 09:23:27.300 [warning] Shopify.ruby-lsp - Code actions of kind 'quickfix 'requested but returned code action is of kind 'refactor.extract'. Code action will be dropped. Please check 'CodeActionContext.only' to only return requested code actions.
2023-12-29 09:24:01.830 [warning] TextEditor is closed/disposed
2023-12-29 09:24:21.795 [warning] TextEditor is closed/disposed
2023-12-29 09:24:46.438 [warning] TextEditor is closed/disposed
2023-12-29 09:25:06.255 [warning] TextEditor is closed/disposed
2023-12-29 09:26:47.249 [warning] TextEditor is closed/disposed
2023-12-29 09:33:49.187 [warning] TextEditor is closed/disposed
2023-12-29 09:35:02.706 [warning] TextEditor is closed/disposed
2023-12-29 09:35:23.833 [warning] TextEditor is closed/disposed
2023-12-29 09:37:46.483 [warning] TextEditor is closed/disposed
2023-12-29 09:37:48.928 [warning] TextEditor is closed/disposed
2023-12-29 09:39:23.677 [warning] TextEditor is closed/disposed
2023-12-29 09:39:25.730 [warning] TextEditor is closed/disposed
2023-12-29 09:39:26.765 [warning] TextEditor is closed/disposed
2023-12-29 09:40:37.918 [warning] TextEditor is closed/disposed
2023-12-29 09:40:39.596 [warning] TextEditor is closed/disposed
2023-12-29 09:40:40.126 [warning] TextEditor is closed/disposed
2023-12-29 09:40:41.168 [warning] TextEditor is closed/disposed
2023-12-29 09:40:42.305 [warning] TextEditor is closed/disposed
2023-12-29 09:40:46.669 [warning] TextEditor is closed/disposed
2023-12-29 09:45:00.701 [warning] TextEditor is closed/disposed
2023-12-29 09:45:08.759 [warning] TextEditor is closed/disposed
2023-12-29 09:46:20.586 [warning] TextEditor is closed/disposed
2023-12-29 09:46:35.395 [warning] Shopify.ruby-lsp - Code actions of kind 'quickfix 'requested but returned code action is of kind 'refactor.extract'. Code action will be dropped. Please check 'CodeActionContext.only' to only return requested code actions.
2023-12-29 09:47:13.747 [warning] TextEditor is closed/disposed
2023-12-29 09:48:02.270 [warning] TextEditor is closed/disposed
2023-12-29 09:48:05.180 [warning] TextEditor is closed/disposed
2023-12-29 09:49:53.993 [warning] TextEditor is closed/disposed
2023-12-29 09:51:50.063 [warning] TextEditor is closed/disposed
2023-12-29 10:01:36.684 [warning] Shopify.ruby-lsp - Code actions of kind 'quickfix 'requested but returned code action is of kind 'refactor.extract'. Code action will be dropped. Please check 'CodeActionContext.only' to only return requested code actions.
2023-12-29 11:20:55.608 [warning] Shopify.ruby-lsp - Code actions of kind 'quickfix 'requested but returned code action is of kind 'refactor.extract'. Code action will be dropped. Please check 'CodeActionContext.only' to only return requested code actions.
2023-12-29 11:21:47.594 [error] Error: Pending response rejected since connection got disposed
	at Object.dispose (/home/brayan/.vscode/extensions/shopify.ruby-lsp-0.5.4/out/extension.js:31:4575)
	at Object.dispose (/home/brayan/.vscode/extensions/shopify.ruby-lsp-0.5.4/out/extension.js:44:9744)
	at ds.handleConnectionClosed (/home/brayan/.vscode/extensions/shopify.ruby-lsp-0.5.4/out/extension.js:41:12801)
	at ds.handleConnectionClosed (/home/brayan/.vscode/extensions/shopify.ruby-lsp-0.5.4/out/extension.js:44:38583)
	at t (/home/brayan/.vscode/extensions/shopify.ruby-lsp-0.5.4/out/extension.js:41:12417)
	at Ga.invoke (/home/brayan/.vscode/extensions/shopify.ruby-lsp-0.5.4/out/extension.js:1:12217)
	at n.fire (/home/brayan/.vscode/extensions/shopify.ruby-lsp-0.5.4/out/extension.js:1:12986)
	at Rt (/home/brayan/.vscode/extensions/shopify.ruby-lsp-0.5.4/out/extension.js:5:5914)
	at Ga.invoke (/home/brayan/.vscode/extensions/shopify.ruby-lsp-0.5.4/out/extension.js:1:12217)
	at n.fire (/home/brayan/.vscode/extensions/shopify.ruby-lsp-0.5.4/out/extension.js:1:12986)
	at Os.fireClose (/home/brayan/.vscode/extensions/shopify.ruby-lsp-0.5.4/out/extension.js:3:509)
	at Socket.<anonymous> (/home/brayan/.vscode/extensions/shopify.ruby-lsp-0.5.4/out/extension.js:3:1235)
	at Socket.emit (node:events:513:28)
	at Pipe.<anonymous> (node:net:322:12)
2023-12-29 11:21:47.595 [error] Error: Client is not running and can't be stopped. It's current state is: starting
	at ds.shutdown (/home/brayan/.vscode/extensions/shopify.ruby-lsp-0.5.4/out/extension.js:41:8468)
	at ds.stop (/home/brayan/.vscode/extensions/shopify.ruby-lsp-0.5.4/out/extension.js:41:8047)
	at ds.stop (/home/brayan/.vscode/extensions/shopify.ruby-lsp-0.5.4/out/extension.js:44:38186)
	at ds.doInitialize (/home/brayan/.vscode/extensions/shopify.ruby-lsp-0.5.4/out/extension.js:41:7872)
	at async ds.start (/home/brayan/.vscode/extensions/shopify.ruby-lsp-0.5.4/out/extension.js:41:4452)
	at async la.start (/home/brayan/.vscode/extensions/shopify.ruby-lsp-0.5.4/out/extension.js:49:481)
	at async la.restart (/home/brayan/.vscode/extensions/shopify.ruby-lsp-0.5.4/out/extension.js:49:802)
2023-12-29 11:21:49.963 [error] Error: Client is not running and can't be stopped. It's current state is: startFailed
	at ds.shutdown (/home/brayan/.vscode/extensions/shopify.ruby-lsp-0.5.4/out/extension.js:41:8468)
	at ds.stop (/home/brayan/.vscode/extensions/shopify.ruby-lsp-0.5.4/out/extension.js:41:8047)
	at ds.stop (/home/brayan/.vscode/extensions/shopify.ruby-lsp-0.5.4/out/extension.js:44:38186)
	at ds.doInitialize (/home/brayan/.vscode/extensions/shopify.ruby-lsp-0.5.4/out/extension.js:41:7872)
	at async ds.start (/home/brayan/.vscode/extensions/shopify.ruby-lsp-0.5.4/out/extension.js:41:4452)
2023-12-29 11:21:52.383 [error] Error: Client is not running and can't be stopped. It's current state is: startFailed
	at ds.shutdown (/home/brayan/.vscode/extensions/shopify.ruby-lsp-0.5.4/out/extension.js:41:8468)
	at ds.stop (/home/brayan/.vscode/extensions/shopify.ruby-lsp-0.5.4/out/extension.js:41:8047)
	at ds.stop (/home/brayan/.vscode/extensions/shopify.ruby-lsp-0.5.4/out/extension.js:44:38186)
	at ds.doInitialize (/home/brayan/.vscode/extensions/shopify.ruby-lsp-0.5.4/out/extension.js:41:7872)
	at async ds.start (/home/brayan/.vscode/extensions/shopify.ruby-lsp-0.5.4/out/extension.js:41:4452)
2023-12-29 11:21:54.823 [error] Error: Client is not running and can't be stopped. It's current state is: startFailed
	at ds.shutdown (/home/brayan/.vscode/extensions/shopify.ruby-lsp-0.5.4/out/extension.js:41:8468)
	at ds.stop (/home/brayan/.vscode/extensions/shopify.ruby-lsp-0.5.4/out/extension.js:41:8047)
	at ds.stop (/home/brayan/.vscode/extensions/shopify.ruby-lsp-0.5.4/out/extension.js:44:38186)
	at ds.doInitialize (/home/brayan/.vscode/extensions/shopify.ruby-lsp-0.5.4/out/extension.js:41:7872)
	at async ds.start (/home/brayan/.vscode/extensions/shopify.ruby-lsp-0.5.4/out/extension.js:41:4452)
2023-12-29 11:21:57.238 [error] Error: Client is not running and can't be stopped. It's current state is: startFailed
	at ds.shutdown (/home/brayan/.vscode/extensions/shopify.ruby-lsp-0.5.4/out/extension.js:41:8468)
	at ds.stop (/home/brayan/.vscode/extensions/shopify.ruby-lsp-0.5.4/out/extension.js:41:8047)
	at ds.stop (/home/brayan/.vscode/extensions/shopify.ruby-lsp-0.5.4/out/extension.js:44:38186)
	at ds.doInitialize (/home/brayan/.vscode/extensions/shopify.ruby-lsp-0.5.4/out/extension.js:41:7872)
	at async ds.start (/home/brayan/.vscode/extensions/shopify.ruby-lsp-0.5.4/out/extension.js:41:4452)
2023-12-29 11:24:11.047 [info] ExtensionService#_doActivateExtension vscode.simple-browser, startup: false, activationEvent: 'onOpenExternalUri:https'
2023-12-29 11:25:14.828 [warning] TextEditor is closed/disposed
2023-12-29 11:26:50.448 [warning] TextEditor is closed/disposed
2023-12-29 11:26:51.108 [warning] TextEditor is closed/disposed
2023-12-29 11:26:53.917 [warning] TextEditor is closed/disposed
2023-12-29 11:26:55.157 [warning] TextEditor is closed/disposed
2023-12-29 11:26:56.878 [warning] TextEditor is closed/disposed
2023-12-29 11:26:59.765 [warning] TextEditor is closed/disposed
2023-12-29 11:27:01.533 [warning] TextEditor is closed/disposed
