2024-01-10 13:56:36.635 [info] Log level: Info
2024-01-10 13:56:36.635 [info] Validating found git in: "git"
2024-01-10 13:56:36.635 [info] Using git "2.34.1" from "git"
2024-01-10 13:56:36.635 [info] > git rev-parse --show-toplevel [1ms]
2024-01-10 13:56:36.635 [info] > git rev-parse --git-dir --git-common-dir [1ms]
2024-01-10 13:56:36.635 [info] Open repository: /home/brayan/work/web
2024-01-10 13:56:36.635 [info] > git config --get commit.template [2ms]
2024-01-10 13:56:36.635 [info] > git rev-parse --show-toplevel [1ms]
2024-01-10 13:56:36.635 [info] > git rev-parse --show-toplevel [0ms]
2024-01-10 13:56:36.635 [info] > git for-each-ref --format=%(refname)%00%(upstream:short)%00%(objectname)%00%(upstream:track)%00%(upstream:remotename)%00%(upstream:remoteref) refs/heads/SAAS-4172/massive-salary-payments-setting refs/remotes/SAAS-4172/massive-salary-payments-setting [7ms]
2024-01-10 13:56:36.635 [info] > git rev-parse --show-toplevel [6ms]
2024-01-10 13:56:36.635 [info] > git rev-parse --show-toplevel [4ms]
2024-01-10 13:56:36.635 [info] > git rev-parse --show-toplevel [4ms]
2024-01-10 13:56:36.635 [info] > git rev-parse --show-toplevel [1ms]
2024-01-10 13:56:36.640 [info] > git rev-parse --show-toplevel [1ms]
2024-01-10 13:56:36.645 [info] > git rev-parse --show-toplevel [1ms]
2024-01-10 13:56:36.648 [info] > git status -z -uall [38ms]
2024-01-10 13:56:36.650 [info] > git rev-parse --show-toplevel [3ms]
2024-01-10 13:56:36.655 [info] > git rev-parse --show-toplevel [2ms]
2024-01-10 13:56:36.659 [info] > git rev-parse --show-toplevel [1ms]
2024-01-10 13:56:36.663 [info] > git rev-parse --show-toplevel [0ms]
2024-01-10 13:56:36.666 [info] > git rev-parse --show-toplevel [1ms]
2024-01-10 13:56:36.670 [info] > git rev-parse --show-toplevel [1ms]
2024-01-10 13:56:36.677 [info] > git rev-parse --show-toplevel [1ms]
2024-01-10 13:56:36.681 [info] > git rev-parse --show-toplevel [1ms]
2024-01-10 13:56:36.684 [info] > git rev-parse --show-toplevel [1ms]
2024-01-10 13:56:36.688 [info] > git rev-parse --show-toplevel [2ms]
2024-01-10 13:56:36.693 [info] > git rev-parse --show-toplevel [1ms]
2024-01-10 13:56:36.751 [info] > git show --textconv HEAD:app/views/communities/_form_remuneration.html.haml [31ms]
2024-01-10 13:56:36.751 [info] > git ls-tree -l HEAD -- /home/brayan/work/web/app/views/communities/_form_remuneration.html.haml [27ms]
2024-01-10 13:56:36.809 [info] > git config --get commit.template [3ms]
2024-01-10 13:56:36.829 [info] > git ls-tree -l HEAD -- /home/brayan/work/web/app/views/communities/_form_remuneration.html.haml [10ms]
2024-01-10 13:56:36.830 [info] > git for-each-ref --format=%(refname)%00%(upstream:short)%00%(objectname)%00%(upstream:track)%00%(upstream:remotename)%00%(upstream:remoteref) refs/heads/SAAS-4172/massive-salary-payments-setting refs/remotes/SAAS-4172/massive-salary-payments-setting [3ms]
2024-01-10 13:56:36.852 [info] > git status -z -uall [17ms]
2024-01-10 13:56:37.608 [info] > git check-ignore -v -z --stdin [60ms]
2024-01-10 13:56:43.842 [info] > git config --get commit.template [3ms]
2024-01-10 13:56:43.842 [info] > git for-each-ref --format=%(refname)%00%(upstream:short)%00%(objectname)%00%(upstream:track)%00%(upstream:remotename)%00%(upstream:remoteref) refs/heads/SAAS-4172/massive-salary-payments-setting refs/remotes/SAAS-4172/massive-salary-payments-setting [1ms]
2024-01-10 13:56:43.861 [info] > git status -z -uall [15ms]
2024-01-10 13:56:43.942 [info] > git ls-tree -l HEAD -- /home/brayan/work/web/app/views/communities/_form_remuneration.html.haml [1ms]
2024-01-10 13:56:43.949 [info] > git show --textconv HEAD:app/views/communities/_form_remuneration.html.haml [2ms]
2024-01-10 13:56:48.872 [info] > git config --get commit.template [1ms]
2024-01-10 13:56:48.877 [info] > git for-each-ref --format=%(refname)%00%(upstream:short)%00%(objectname)%00%(upstream:track)%00%(upstream:remotename)%00%(upstream:remoteref) refs/heads/SAAS-4172/massive-salary-payments-setting refs/remotes/SAAS-4172/massive-salary-payments-setting [1ms]
2024-01-10 13:56:48.898 [info] > git status -z -uall [17ms]
2024-01-10 13:57:11.928 [info] > git ls-tree -l HEAD -- /home/brayan/work/web/app/views/communities/_form_remuneration.html.haml [3ms]
2024-01-10 13:57:16.753 [info] > git config --get commit.template [1ms]
2024-01-10 13:57:16.764 [info] > git for-each-ref --format=%(refname)%00%(upstream:short)%00%(objectname)%00%(upstream:track)%00%(upstream:remotename)%00%(upstream:remoteref) refs/heads/SAAS-4171/massive-salary-payments-with-other-discounts refs/remotes/SAAS-4171/massive-salary-payments-with-other-discounts [1ms]
2024-01-10 13:57:16.793 [info] > git status -z -uall [24ms]
2024-01-10 13:57:16.855 [info] > git ls-tree -l HEAD -- /home/brayan/work/web/app/views/communities/_form_remuneration.html.haml [2ms]
2024-01-10 13:57:16.867 [info] > git show --textconv HEAD:app/views/communities/_form_remuneration.html.haml [3ms]
2024-01-10 13:57:21.808 [info] > git config --get commit.template [6ms]
2024-01-10 13:57:21.809 [info] > git for-each-ref --format=%(refname)%00%(upstream:short)%00%(objectname)%00%(upstream:track)%00%(upstream:remotename)%00%(upstream:remoteref) refs/heads/SAAS-4171/massive-salary-payments-with-other-discounts refs/remotes/SAAS-4171/massive-salary-payments-with-other-discounts [2ms]
2024-01-10 13:57:21.833 [info] > git status -z -uall [17ms]
2024-01-10 13:57:26.321 [info] > git ls-tree -l HEAD -- /home/brayan/work/web/app/views/communities/_form_remuneration.html.haml [2ms]
2024-01-10 13:57:47.551 [info] > git config --get commit.template [15ms]
2024-01-10 13:57:47.560 [info] > git ls-tree -l HEAD -- /home/brayan/work/web/app/views/communities/_form_remuneration.html.haml [9ms]
2024-01-10 13:57:47.561 [info] > git for-each-ref --format=%(refname)%00%(upstream:short)%00%(objectname)%00%(upstream:track)%00%(upstream:remotename)%00%(upstream:remoteref) refs/heads/SAAS-4171/massive-salary-payments-with-other-discounts refs/remotes/SAAS-4171/massive-salary-payments-with-other-discounts [2ms]
2024-01-10 13:57:47.593 [info] > git status -z -uall [22ms]
2024-01-10 13:57:52.610 [info] > git config --get commit.template [6ms]
2024-01-10 13:57:52.610 [info] > git for-each-ref --format=%(refname)%00%(upstream:short)%00%(objectname)%00%(upstream:track)%00%(upstream:remotename)%00%(upstream:remoteref) refs/heads/SAAS-4171/massive-salary-payments-with-other-discounts refs/remotes/SAAS-4171/massive-salary-payments-with-other-discounts [1ms]
2024-01-10 13:57:52.627 [info] > git status -z -uall [13ms]
2024-01-10 14:04:09.036 [info] > git ls-tree -l HEAD -- /home/brayan/work/web/app/views/communities/_form_remuneration.html.haml [24ms]
2024-01-10 14:04:10.249 [info] > git ls-tree -l HEAD -- /home/brayan/work/web/app/views/communities/_form_remuneration.html.haml [3ms]
2024-01-10 14:06:08.861 [info] > git ls-tree -l HEAD -- /home/brayan/work/web/app/views/communities/_form_remuneration.html.haml [2ms]
2024-01-10 14:06:10.344 [info] > git ls-tree -l HEAD -- /home/brayan/work/web/app/views/communities/_form_remuneration.html.haml [2ms]
2024-01-10 14:06:23.172 [info] > git config --get commit.template [1ms]
2024-01-10 14:06:23.181 [info] > git for-each-ref --format=%(refname)%00%(upstream:short)%00%(objectname)%00%(upstream:track)%00%(upstream:remotename)%00%(upstream:remoteref) refs/heads/SAAS-3774/remunerations-qa refs/remotes/SAAS-3774/remunerations-qa [2ms]
2024-01-10 14:06:23.202 [info] > git status -z -uall [17ms]
2024-01-10 14:06:23.271 [info] > git ls-tree -l HEAD -- /home/brayan/work/web/app/views/communities/_form_remuneration.html.haml [2ms]
2024-01-10 14:06:23.292 [info] > git show --textconv HEAD:app/views/communities/_form_remuneration.html.haml [4ms]
2024-01-10 14:06:24.712 [info] > git ls-tree -l HEAD -- /home/brayan/work/web/app/views/communities/_form_remuneration.html.haml [3ms]
2024-01-10 14:06:24.721 [info] > git show --textconv HEAD:app/views/communities/_form_remuneration.html.haml [1ms]
2024-01-10 14:06:27.610 [info] > git ls-tree -l HEAD -- /home/brayan/work/web/app/views/communities/_form_remuneration.html.haml [2ms]
2024-01-10 14:06:27.619 [info] > git show --textconv HEAD:app/views/communities/_form_remuneration.html.haml [2ms]
2024-01-10 14:06:28.217 [info] > git config --get commit.template [1ms]
2024-01-10 14:06:28.221 [info] > git for-each-ref --format=%(refname)%00%(upstream:short)%00%(objectname)%00%(upstream:track)%00%(upstream:remotename)%00%(upstream:remoteref) refs/heads/SAAS-3774/remunerations-qa refs/remotes/SAAS-3774/remunerations-qa [1ms]
2024-01-10 14:06:28.243 [info] > git status -z -uall [18ms]
2024-01-10 14:06:33.269 [info] > git config --get commit.template [6ms]
2024-01-10 14:06:33.270 [info] > git for-each-ref --format=%(refname)%00%(upstream:short)%00%(objectname)%00%(upstream:track)%00%(upstream:remotename)%00%(upstream:remoteref) refs/heads/SAAS-3774/remunerations-qa refs/remotes/SAAS-3774/remunerations-qa [3ms]
2024-01-10 14:06:33.300 [info] > git status -z -uall [20ms]
