Initializing document watcher...
web/app/controllers/remuneration/employees_controller.rb: {"insertSpaces":true,"tabSize":2}
web/app/controllers/remuneration/employees_controller.rb: {"insertSpaces":true,"tabSize":2}
web/app/controllers/remuneration/employees_controller.rb: Using EditorConfig core...
app/controllers/remuneration/employees_controller.rb: editor.action.trimTrailingWhitespace
web/app/controllers/remuneration/employees_controller.rb: {"insertSpaces":true,"tabSize":2}
web/app/controllers/remuneration/employees_controller.rb: {"insertSpaces":true,"tabSize":2}
web/app/controllers/remuneration/employees_controller.rb: {"insertSpaces":true,"tabSize":2}
web/app/controllers/remuneration/employees_controller.rb: {"insertSpaces":true,"tabSize":2}
web/app/lib/finkok/base.rb: {"insertSpaces":true,"tabSize":2}
web/app/queries/remunerations/salary_payment_drafts_queries.rb: {"insertSpaces":true,"tabSize":2}
web/app/queries/remunerations/salary_payment_drafts_queries.rb: Using EditorConfig core...
app/queries/remunerations/salary_payment_drafts_queries.rb: editor.action.trimTrailingWhitespace
web/app/queries/remunerations/salary_payment_drafts_queries.rb: Using EditorConfig core...
app/queries/remunerations/salary_payment_drafts_queries.rb: editor.action.trimTrailingWhitespace
web/app/queries/remunerations/salary_payment_drafts_queries.rb: {"insertSpaces":true,"tabSize":2}
web/app/queries/remunerations/salary_payment_drafts_queries.rb: {"insertSpaces":true,"tabSize":2}
web/app/queries/remunerations/salary_payment_drafts_queries.rb: {"insertSpaces":true,"tabSize":2}
web/app/queries/remunerations/salary_payment_drafts_queries.rb: {"insertSpaces":true,"tabSize":2}
web/app/queries/remunerations/salary_payment_drafts_queries.rb: {"insertSpaces":true,"tabSize":2}
web/app/queries/remunerations/salary_payment_drafts_queries.rb: {"insertSpaces":true,"tabSize":2}
web/app/queries/remunerations/salary_payment_drafts_queries.rb: {"insertSpaces":true,"tabSize":2}
web/app/queries/remunerations/salary_payment_drafts_queries.rb: {"insertSpaces":true,"tabSize":2}
web/app/queries/remunerations/salary_payment_drafts_queries.rb: {"insertSpaces":true,"tabSize":2}
web/app/queries/remunerations/salary_payment_drafts_queries.rb: Using EditorConfig core...
app/queries/remunerations/salary_payment_drafts_queries.rb: editor.action.trimTrailingWhitespace
web/app/queries/remunerations/salary_payment_drafts_queries.rb: Using EditorConfig core...
app/queries/remunerations/salary_payment_drafts_queries.rb: editor.action.trimTrailingWhitespace
web/app/queries/remunerations/salary_payment_drafts_queries.rb: Using EditorConfig core...
app/queries/remunerations/salary_payment_drafts_queries.rb: editor.action.trimTrailingWhitespace
web/app/queries/remunerations/salary_payment_drafts_queries.rb: Using EditorConfig core...
app/queries/remunerations/salary_payment_drafts_queries.rb: editor.action.trimTrailingWhitespace
web/app/controllers/remuneration/employees_controller.rb: {"insertSpaces":true,"tabSize":2}
web/app/controllers/remuneration/employees_controller.rb: Using EditorConfig core...
app/controllers/remuneration/employees_controller.rb: editor.action.trimTrailingWhitespace
web/app/controllers/remuneration/employees_controller.rb: {"insertSpaces":true,"tabSize":2}
web/app/queries/remunerations/salary_payment_drafts_queries.rb: {"insertSpaces":true,"tabSize":2}
web/app/queries/remunerations/salary_payment_drafts_queries.rb: {"insertSpaces":true,"tabSize":2}
web/app/queries/remunerations/salary_payment_drafts_queries.rb: {"insertSpaces":true,"tabSize":2}
web/app/queries/remunerations/salary_payment_drafts_queries.rb: Using EditorConfig core...
app/queries/remunerations/salary_payment_drafts_queries.rb: editor.action.trimTrailingWhitespace
web/app/queries/remunerations/salary_payment_drafts_queries.rb: {"insertSpaces":true,"tabSize":2}
/home/brayan/.config/Code/User/settings.json: Using EditorConfig core...
/home/brayan/.config/Code/User/settings.json: Using EditorConfig core...
/home/brayan/.config/Code/User/settings.json: Using EditorConfig core...
web/app/queries/remunerations/salary_payment_drafts_queries.rb: Using EditorConfig core...
app/queries/remunerations/salary_payment_drafts_queries.rb: editor.action.trimTrailingWhitespace
web/app/queries/remunerations/salary_payment_drafts_queries.rb: Using EditorConfig core...
app/queries/remunerations/salary_payment_drafts_queries.rb: editor.action.trimTrailingWhitespace
web/app/queries/remunerations/salary_payment_drafts_queries.rb: {"insertSpaces":true,"tabSize":2}
web/app/queries/remunerations/salary_payment_drafts_queries.rb: {"insertSpaces":true,"tabSize":2}
web/app/queries/remunerations/salary_payment_drafts_queries.rb: {"insertSpaces":true,"tabSize":2}
/home/brayan/.config/Code/User/settings.json: Using EditorConfig core...
/home/brayan/.config/Code/User/settings.json: Using EditorConfig core...
web/app/queries/remunerations/salary_payment_drafts_queries.rb: {"insertSpaces":true,"tabSize":2}
web/app/queries/remunerations/salary_payment_drafts_queries.rb: {"insertSpaces":true,"tabSize":2}
web/app/queries/remunerations/salary_payment_drafts_queries.rb: {"insertSpaces":true,"tabSize":2}
web/app/queries/remunerations/salary_payment_drafts_queries.rb: {"insertSpaces":true,"tabSize":2}
web/app/queries/remunerations/salary_payment_drafts_queries.rb: {"insertSpaces":true,"tabSize":2}
web/app/queries/remunerations/salary_payment_drafts_queries.rb: {"insertSpaces":true,"tabSize":2}
web/app/controllers/remuneration/employees_controller.rb: {"insertSpaces":true,"tabSize":2}
web/app/controllers/remuneration/employees_controller.rb: {"insertSpaces":true,"tabSize":2}
web/app/jobs/generate_bill_pdf_job.rb: {"insertSpaces":true,"tabSize":2}
web/app/jobs/generate_bill_pdf_job.rb: {"insertSpaces":true,"tabSize":2}
web/app/jobs/generate_bill_pdf_job.rb: {"insertSpaces":true,"tabSize":2}
web/app/jobs/generate_bill_pdf_job.rb: {"insertSpaces":true,"tabSize":2}
web/app/lib/payment_gateway/success.rb: {"insertSpaces":true,"tabSize":2}
web/app/lib/payment_gateway/success.rb: {"insertSpaces":true,"tabSize":2}
web/app/lib/payment_gateway/success.rb: {"insertSpaces":true,"tabSize":2}
web/app/lib/payment_gateway/success.rb: {"insertSpaces":true,"tabSize":2}
web/app/lib/payment_gateway/success.rb: {"insertSpaces":true,"tabSize":2}
web/app/lib/payment_gateway/success.rb: {"insertSpaces":true,"tabSize":2}
web/app/lib/payment_gateway/success.rb: {"insertSpaces":true,"tabSize":2}
web/app/lib/payment_gateway/success.rb: {"insertSpaces":true,"tabSize":2}
web/app/lib/payment_gateway/success.rb: {"insertSpaces":true,"tabSize":2}
web/app/lib/payment_gateway/success.rb: {"insertSpaces":true,"tabSize":2}
web/app/lib/payment_gateway/success.rb: {"insertSpaces":true,"tabSize":2}
web/app/lib/payment_gateway/success.rb: {"insertSpaces":true,"tabSize":2}
web/app/lib/payment_gateway/success.rb: {"insertSpaces":true,"tabSize":2}
web/app/lib/payment_gateway/success.rb: {"insertSpaces":true,"tabSize":2}
web/app/builders/salary_payments/full_time_builder.rb: {"insertSpaces":true,"tabSize":2}
web/app/builders/salary_payments/full_time_builder.rb: {"insertSpaces":true,"tabSize":2}
web/app/builders/salary_payments/full_time_builder.rb: {"insertSpaces":true,"tabSize":2}
web/app/builders/salary_payments/full_time_builder.rb: {"insertSpaces":true,"tabSize":2}
web/app/builders/salary_payments/full_time_builder.rb: {"insertSpaces":true,"tabSize":2}
web/app/builders/salary_payments/full_time_builder.rb: {"insertSpaces":true,"tabSize":2}
web/app/builders/salary_payments/full_time_builder.rb: {"insertSpaces":true,"tabSize":2}
web/app/builders/salary_payments/full_time_builder.rb: {"insertSpaces":true,"tabSize":2}
web/app/builders/salary_payments/without_draft_builder.rb: {"insertSpaces":true,"tabSize":2}
web/app/builders/salary_payments/without_draft_builder.rb: Using EditorConfig core...
app/builders/salary_payments/without_draft_builder.rb: editor.action.trimTrailingWhitespace
web/app/builders/salary_payments/without_draft_builder.rb: Using EditorConfig core...
app/builders/salary_payments/without_draft_builder.rb: editor.action.trimTrailingWhitespace
web/app/builders/salary_payments/full_time_with_draft_builder.rb: {"insertSpaces":true,"tabSize":2}
web/app/builders/salary_payments/full_time_with_draft_builder.rb: Using EditorConfig core...
app/builders/salary_payments/full_time_with_draft_builder.rb: editor.action.trimTrailingWhitespace
web/app/builders/salary_payments/full_time_with_draft_builder.rb: Using EditorConfig core...
app/builders/salary_payments/full_time_with_draft_builder.rb: editor.action.trimTrailingWhitespace
web/app/builders/salary_payments/full_time_with_draft_builder.rb: Using EditorConfig core...
app/builders/salary_payments/full_time_with_draft_builder.rb: editor.action.trimTrailingWhitespace
web/app/builders/salary_payments/full_time_with_draft_builder.rb: Using EditorConfig core...
app/builders/salary_payments/full_time_with_draft_builder.rb: editor.action.trimTrailingWhitespace
web/app/builders/salary_payments/full_time_with_draft_builder.rb: Using EditorConfig core...
app/builders/salary_payments/full_time_with_draft_builder.rb: editor.action.trimTrailingWhitespace
web/app/builders/salary_payments/full_time_with_draft_builder.rb: Using EditorConfig core...
app/builders/salary_payments/full_time_with_draft_builder.rb: editor.action.trimTrailingWhitespace
web/app/builders/salary_payments/salary_payment_director.rb: {"insertSpaces":true,"tabSize":2}
web/app/builders/salary_payments/salary_payment_director.rb: Using EditorConfig core...
app/builders/salary_payments/salary_payment_director.rb: editor.action.trimTrailingWhitespace
web/app/builders/salary_payments/salary_payment_director.rb: Using EditorConfig core...
app/builders/salary_payments/salary_payment_director.rb: editor.action.trimTrailingWhitespace
web/app/builders/salary_payments/salary_payment_director.rb: Using EditorConfig core...
app/builders/salary_payments/salary_payment_director.rb: editor.action.trimTrailingWhitespace
web/app/builders/salary_payments/full_time_with_draft_builder.rb: {"insertSpaces":true,"tabSize":2}
web/spec/builders/salary_payments/salary_payment_director_spec.rb: {"insertSpaces":true,"tabSize":2}
web/app/builders/salary_payments/full_time_with_draft_builder.rb: {"insertSpaces":true,"tabSize":2}
web/app/builders/salary_payments/full_time_with_draft_builder.rb: Using EditorConfig core...
app/builders/salary_payments/full_time_with_draft_builder.rb: editor.action.trimTrailingWhitespace
web/app/builders/salary_payments/base_builder.rb: {"insertSpaces":true,"tabSize":2}
web/app/builders/salary_payments/full_time_with_draft_builder.rb: {"insertSpaces":true,"tabSize":2}
web/app/builders/salary_payments/full_time_with_draft_builder.rb: Using EditorConfig core...
app/builders/salary_payments/full_time_with_draft_builder.rb: editor.action.trimTrailingWhitespace
web/app/builders/salary_payments/without_draft_builder.rb: {"insertSpaces":true,"tabSize":2}
web/spec/builders/salary_payments/salary_payment_director_spec.rb: {"insertSpaces":true,"tabSize":2}
web/spec/builders/salary_payments/salary_payment_director_spec.rb: Using EditorConfig core...
spec/builders/salary_payments/salary_payment_director_spec.rb: editor.action.trimTrailingWhitespace
web/spec/builders/salary_payments/salary_payment_director_spec.rb: Using EditorConfig core...
spec/builders/salary_payments/salary_payment_director_spec.rb: editor.action.trimTrailingWhitespace
web/spec/builders/salary_payments/salary_payment_director_spec.rb: Using EditorConfig core...
spec/builders/salary_payments/salary_payment_director_spec.rb: editor.action.trimTrailingWhitespace
web/spec/builders/salary_payments/salary_payment_director_spec.rb: Using EditorConfig core...
spec/builders/salary_payments/salary_payment_director_spec.rb: editor.action.trimTrailingWhitespace
web/spec/builders/salary_payments/salary_payment_director_spec.rb: Using EditorConfig core...
spec/builders/salary_payments/salary_payment_director_spec.rb: editor.action.trimTrailingWhitespace
web/spec/builders/salary_payments/salary_payment_director_spec.rb: Using EditorConfig core...
spec/builders/salary_payments/salary_payment_director_spec.rb: editor.action.trimTrailingWhitespace
web/app/builders/salary_payments/full_time_with_draft_builder.rb: {"insertSpaces":true,"tabSize":2}
web/app/builders/salary_payments/without_draft_builder.rb: {"insertSpaces":true,"tabSize":2}
web/app/builders/salary_payments/full_time_builder.rb: {"insertSpaces":true,"tabSize":2}
web/app/builders/salary_payments/without_draft_builder.rb: {"insertSpaces":true,"tabSize":2}
web/app/builders/salary_payments/salary_payment_director.rb: {"insertSpaces":true,"tabSize":2}
web/app/builders/salary_payments/full_time_with_draft_builder.rb: {"insertSpaces":true,"tabSize":2}
web/app/builders/salary_payments/full_time_builder.rb: {"insertSpaces":true,"tabSize":2}
web/spec/builders/salary_payments/salary_payment_director_spec.rb: {"insertSpaces":true,"tabSize":2}
web/spec/builders/salary_payments/salary_payment_director_spec.rb: {"insertSpaces":true,"tabSize":2}
web/app/models/discounts_draft.rb: {"insertSpaces":true,"tabSize":2}
web/spec/builders/salary_payments/salary_payment_director_spec.rb: {"insertSpaces":true,"tabSize":2}
web/app/builders/salary_payments/without_draft_builder.rb: {"insertSpaces":true,"tabSize":2}
web/spec/builders/salary_payments/salary_payment_director_spec.rb: {"insertSpaces":true,"tabSize":2}
web/app/builders/salary_payments/full_time_with_draft_builder.rb: {"insertSpaces":true,"tabSize":2}
web/app/builders/salary_payments/full_time_with_draft_builder.rb: {"insertSpaces":true,"tabSize":2}
web/app/builders/salary_payments/full_time_with_draft_builder.rb: Using EditorConfig core...
app/builders/salary_payments/full_time_with_draft_builder.rb: editor.action.trimTrailingWhitespace
web/app/models/discounts_draft.rb: {"insertSpaces":true,"tabSize":2}
web/spec/builders/salary_payments/salary_payment_director_spec.rb: {"insertSpaces":true,"tabSize":2}
web/app/models/discounts_draft.rb: {"insertSpaces":true,"tabSize":2}
web/app/models/discounts_draft.rb: {"insertSpaces":true,"tabSize":2}
web/app/models/discounts_draft.rb: {"insertSpaces":true,"tabSize":2}
web/app/builders/salary_payments/without_draft_builder.rb: {"insertSpaces":true,"tabSize":2}
web/app/models/discounts_draft.rb: {"insertSpaces":true,"tabSize":2}
web/app/builders/salary_payments/full_time_with_draft_builder.rb: {"insertSpaces":true,"tabSize":2}
web/app/builders/salary_payments/full_time_with_draft_builder.rb: {"insertSpaces":true,"tabSize":2}
web/app/builders/salary_payments/full_time_with_draft_builder.rb: Using EditorConfig core...
app/builders/salary_payments/full_time_with_draft_builder.rb: editor.action.trimTrailingWhitespace
web/app/builders/salary_payments/full_time_with_draft_builder.rb: Using EditorConfig core...
app/builders/salary_payments/full_time_with_draft_builder.rb: editor.action.trimTrailingWhitespace
web/app/builders/salary_payments/full_time_with_draft_builder.rb: Using EditorConfig core...
app/builders/salary_payments/full_time_with_draft_builder.rb: editor.action.trimTrailingWhitespace
web/app/builders/salary_payments/full_time_with_draft_builder.rb: Using EditorConfig core...
app/builders/salary_payments/full_time_with_draft_builder.rb: editor.action.trimTrailingWhitespace
web/app/builders/salary_payments/without_draft_builder.rb: {"insertSpaces":true,"tabSize":2}
web/spec/factories/salary_additional_infos.rb: {"insertSpaces":true,"tabSize":2}
web/app/builders/salary_payments/full_time_with_draft_builder.rb: {"insertSpaces":true,"tabSize":2}
web/spec/factories/salary_additional_infos.rb: {"insertSpaces":true,"tabSize":2}
web/app/models/discounts_draft.rb: {"insertSpaces":true,"tabSize":2}
web/app/builders/salary_payments/full_time_with_draft_builder.rb: {"insertSpaces":true,"tabSize":2}
web/app/builders/salary_payments/full_time_with_draft_builder.rb: Using EditorConfig core...
app/builders/salary_payments/full_time_with_draft_builder.rb: editor.action.trimTrailingWhitespace
web/app/builders/salary_payments/full_time_with_draft_builder.rb: Using EditorConfig core...
app/builders/salary_payments/full_time_with_draft_builder.rb: editor.action.trimTrailingWhitespace
web/app/builders/salary_payments/full_time_with_draft_builder.rb: Using EditorConfig core...
app/builders/salary_payments/full_time_with_draft_builder.rb: editor.action.trimTrailingWhitespace
web/app/models/discounts_draft.rb: {"insertSpaces":true,"tabSize":2}
web/spec/builders/salary_payments/salary_payment_director_spec.rb: {"insertSpaces":true,"tabSize":2}
web/spec/builders/salary_payments/salary_payment_director_spec.rb: Using EditorConfig core...
spec/builders/salary_payments/salary_payment_director_spec.rb: editor.action.trimTrailingWhitespace
web/spec/builders/salary_payments/salary_payment_director_spec.rb: Using EditorConfig core...
spec/builders/salary_payments/salary_payment_director_spec.rb: editor.action.trimTrailingWhitespace
web/app/builders/salary_payments/full_time_with_draft_builder.rb: {"insertSpaces":true,"tabSize":2}
web/spec/factories/discounts_drafts.rb: {"insertSpaces":true,"tabSize":2}
web/spec/builders/salary_payments/salary_payment_director_spec.rb: {"insertSpaces":true,"tabSize":2}
web/spec/builders/salary_payments/salary_payment_director_spec.rb: Using EditorConfig core...
spec/builders/salary_payments/salary_payment_director_spec.rb: editor.action.trimTrailingWhitespace
web/spec/builders/salary_payments/salary_payment_director_spec.rb: Using EditorConfig core...
spec/builders/salary_payments/salary_payment_director_spec.rb: editor.action.trimTrailingWhitespace
web/spec/builders/salary_payments/salary_payment_director_spec.rb: Using EditorConfig core...
spec/builders/salary_payments/salary_payment_director_spec.rb: editor.action.trimTrailingWhitespace
web/spec/builders/salary_payments/salary_payment_director_spec.rb: Using EditorConfig core...
spec/builders/salary_payments/salary_payment_director_spec.rb: editor.action.trimTrailingWhitespace
web/spec/builders/salary_payments/salary_payment_director_spec.rb: Using EditorConfig core...
spec/builders/salary_payments/salary_payment_director_spec.rb: editor.action.trimTrailingWhitespace
web/spec/builders/salary_payments/salary_payment_director_spec.rb: Using EditorConfig core...
spec/builders/salary_payments/salary_payment_director_spec.rb: editor.action.trimTrailingWhitespace
web/spec/builders/salary_payments/salary_payment_director_spec.rb: Using EditorConfig core...
spec/builders/salary_payments/salary_payment_director_spec.rb: editor.action.trimTrailingWhitespace
web/spec/builders/salary_payments/salary_payment_director_spec.rb: Using EditorConfig core...
spec/builders/salary_payments/salary_payment_director_spec.rb: editor.action.trimTrailingWhitespace
web/app/builders/salary_payments/full_time_with_draft_builder.rb: {"insertSpaces":true,"tabSize":2}
web/app/builders/salary_payments/full_time_with_draft_builder.rb: Using EditorConfig core...
app/builders/salary_payments/full_time_with_draft_builder.rb: editor.action.trimTrailingWhitespace
web/spec/factories/discounts_drafts.rb: {"insertSpaces":true,"tabSize":2}
web/app/builders/salary_payments/full_time_with_draft_builder.rb: {"insertSpaces":true,"tabSize":2}
web/app/builders/salary_payments/full_time_with_draft_builder.rb: Using EditorConfig core...
app/builders/salary_payments/full_time_with_draft_builder.rb: editor.action.trimTrailingWhitespace
web/spec/builders/salary_payments/salary_payment_director_spec.rb: {"insertSpaces":true,"tabSize":2}
web/app/models/salary_payment_draft.rb: {"insertSpaces":true,"tabSize":2}
web/app/builders/salary_payments/full_time_with_draft_builder.rb: {"insertSpaces":true,"tabSize":2}
web/app/builders/salary_payments/full_time_with_draft_builder.rb: Using EditorConfig core...
app/builders/salary_payments/full_time_with_draft_builder.rb: editor.action.trimTrailingWhitespace
web/app/builders/salary_payments/full_time_with_draft_builder.rb: Using EditorConfig core...
app/builders/salary_payments/full_time_with_draft_builder.rb: editor.action.trimTrailingWhitespace
web/app/builders/salary_payments/full_time_with_draft_builder.rb: Using EditorConfig core...
app/builders/salary_payments/full_time_with_draft_builder.rb: editor.action.trimTrailingWhitespace
web/app/builders/salary_payments/full_time_with_draft_builder.rb: Using EditorConfig core...
app/builders/salary_payments/full_time_with_draft_builder.rb: editor.action.trimTrailingWhitespace
web/app/builders/salary_payments/full_time_with_draft_builder.rb: Using EditorConfig core...
app/builders/salary_payments/full_time_with_draft_builder.rb: editor.action.trimTrailingWhitespace
web/app/builders/salary_payments/full_time_with_draft_builder.rb: Using EditorConfig core...
app/builders/salary_payments/full_time_with_draft_builder.rb: editor.action.trimTrailingWhitespace
web/spec/builders/salary_payments/salary_payment_director_spec.rb: {"insertSpaces":true,"tabSize":2}
web/spec/builders/salary_payments/salary_payment_director_spec.rb: Using EditorConfig core...
spec/builders/salary_payments/salary_payment_director_spec.rb: editor.action.trimTrailingWhitespace
web/spec/builders/salary_payments/salary_payment_director_spec.rb: {"insertSpaces":true,"tabSize":2}
web/spec/builders/salary_payments/salary_payment_director_spec.rb: Using EditorConfig core...
spec/builders/salary_payments/salary_payment_director_spec.rb: editor.action.trimTrailingWhitespace
web/app/builders/salary_payments/full_time_with_draft_builder.rb: {"insertSpaces":true,"tabSize":2}
web/app/builders/salary_payments/full_time_with_draft_builder.rb: Using EditorConfig core...
app/builders/salary_payments/full_time_with_draft_builder.rb: editor.action.trimTrailingWhitespace
web/spec/builders/salary_payments/salary_payment_director_spec.rb: {"insertSpaces":true,"tabSize":2}
web/spec/builders/salary_payments/salary_payment_director_spec.rb: Using EditorConfig core...
spec/builders/salary_payments/salary_payment_director_spec.rb: editor.action.trimTrailingWhitespace
web/spec/builders/salary_payments/salary_payment_director_spec.rb: Using EditorConfig core...
spec/builders/salary_payments/salary_payment_director_spec.rb: editor.action.trimTrailingWhitespace
web/spec/builders/salary_payments/salary_payment_director_spec.rb: Using EditorConfig core...
spec/builders/salary_payments/salary_payment_director_spec.rb: editor.action.trimTrailingWhitespace
web/spec/builders/salary_payments/salary_payment_director_spec.rb: Using EditorConfig core...
spec/builders/salary_payments/salary_payment_director_spec.rb: editor.action.trimTrailingWhitespace
web/spec/builders/salary_payments/salary_payment_director_spec.rb: Using EditorConfig core...
spec/builders/salary_payments/salary_payment_director_spec.rb: editor.action.trimTrailingWhitespace
web/spec/builders/salary_payments/salary_payment_director_spec.rb: Using EditorConfig core...
spec/builders/salary_payments/salary_payment_director_spec.rb: editor.action.trimTrailingWhitespace
web/spec/builders/salary_payments/salary_payment_director_spec.rb: Using EditorConfig core...
spec/builders/salary_payments/salary_payment_director_spec.rb: editor.action.trimTrailingWhitespace
web/spec/builders/salary_payments/salary_payment_director_spec.rb: Using EditorConfig core...
spec/builders/salary_payments/salary_payment_director_spec.rb: editor.action.trimTrailingWhitespace
web/app/builders/salary_payments/full_time_with_draft_builder.rb: {"insertSpaces":true,"tabSize":2}
web/app/builders/salary_payments/full_time_with_draft_builder.rb: Using EditorConfig core...
app/builders/salary_payments/full_time_with_draft_builder.rb: editor.action.trimTrailingWhitespace
web/spec/builders/salary_payments/salary_payment_director_spec.rb: {"insertSpaces":true,"tabSize":2}
web/spec/builders/salary_payments/salary_payment_director_spec.rb: Using EditorConfig core...
spec/builders/salary_payments/salary_payment_director_spec.rb: editor.action.trimTrailingWhitespace
web/spec/builders/salary_payments/salary_payment_director_spec.rb: Using EditorConfig core...
spec/builders/salary_payments/salary_payment_director_spec.rb: editor.action.trimTrailingWhitespace
web/spec/builders/salary_payments/salary_payment_director_spec.rb: {"insertSpaces":true,"tabSize":2}
web/spec/builders/salary_payments/salary_payment_director_spec.rb: {"insertSpaces":true,"tabSize":2}
web/spec/builders/salary_payments/salary_payment_director_spec.rb: {"insertSpaces":true,"tabSize":2}
web/spec/builders/salary_payments/salary_payment_director_spec.rb: {"insertSpaces":true,"tabSize":2}
web/spec/builders/salary_payments/salary_payment_director_spec.rb: {"insertSpaces":true,"tabSize":2}
web/app/builders/salary_payments/full_time_with_draft_builder.rb: {"insertSpaces":true,"tabSize":2}
web/app/builders/salary_payments/full_time_with_draft_builder.rb: {"insertSpaces":true,"tabSize":2}
web/app/builders/salary_payments/full_time_with_draft_builder.rb: {"insertSpaces":true,"tabSize":2}
web/app/builders/salary_payments/full_time_with_draft_builder.rb: {"insertSpaces":true,"tabSize":2}
web/app/builders/salary_payments/full_time_with_draft_builder.rb: {"insertSpaces":true,"tabSize":2}
web/spec/builders/salary_payments/salary_payment_director_spec.rb: {"insertSpaces":true,"tabSize":2}
web/app/builders/salary_payments/without_draft_builder.rb: {"insertSpaces":true,"tabSize":2}
web/app/builders/salary_payments/without_draft_builder.rb: {"insertSpaces":true,"tabSize":2}
web/app/builders/salary_payments/without_draft_builder.rb: {"insertSpaces":true,"tabSize":2}
web/app/builders/salary_payments/without_draft_builder.rb: {"insertSpaces":true,"tabSize":2}
web/app/builders/salary_payments/without_draft_builder.rb: {"insertSpaces":true,"tabSize":2}
web/app/builders/salary_payments/without_draft_builder.rb: {"insertSpaces":true,"tabSize":2}
web/spec/factories/salary_additional_infos.rb: {"insertSpaces":true,"tabSize":2}
web/app/models/discounts_draft.rb: {"insertSpaces":true,"tabSize":2}
web/spec/builders/salary_payments/salary_payment_director_spec.rb: {"insertSpaces":true,"tabSize":2}
web/app/builders/salary_payments/without_draft_builder.rb: {"insertSpaces":true,"tabSize":2}
web/spec/builders/salary_payments/salary_payment_director_spec.rb: {"insertSpaces":true,"tabSize":2}
web/app/models/salary_payment_draft.rb: {"insertSpaces":true,"tabSize":2}
web/app/builders/salary_payments/full_time_with_draft_builder.rb: {"insertSpaces":true,"tabSize":2}
web/app/builders/salary_payments/full_time_with_draft_builder.rb: {"insertSpaces":true,"tabSize":2}
web/app/builders/salary_payments/full_time_with_draft_builder.rb: {"insertSpaces":true,"tabSize":2}
web/app/builders/salary_payments/full_time_with_draft_builder.rb: {"insertSpaces":true,"tabSize":2}
web/app/builders/salary_payments/full_time_with_draft_builder.rb: {"insertSpaces":true,"tabSize":2}
web/app/builders/salary_payments/full_time_with_draft_builder.rb: {"insertSpaces":true,"tabSize":2}
web/app/builders/salary_payments/full_time_with_draft_builder.rb: {"insertSpaces":true,"tabSize":2}
web/app/builders/salary_payments/full_time_with_draft_builder.rb: {"insertSpaces":true,"tabSize":2}
web/app/builders/salary_payments/full_time_with_draft_builder.rb: {"insertSpaces":true,"tabSize":2}
web/app/builders/salary_payments/full_time_with_draft_builder.rb: {"insertSpaces":true,"tabSize":2}
web/app/builders/salary_payments/full_time_with_draft_builder.rb: {"insertSpaces":true,"tabSize":2}
web/app/builders/salary_payments/full_time_with_draft_builder.rb: {"insertSpaces":true,"tabSize":2}
web/app/builders/salary_payments/full_time_with_draft_builder.rb: {"insertSpaces":true,"tabSize":2}
web/app/builders/salary_payments/full_time_with_draft_builder.rb: {"insertSpaces":true,"tabSize":2}
web/app/builders/salary_payments/full_time_with_draft_builder.rb: {"insertSpaces":true,"tabSize":2}
web/app/builders/salary_payments/full_time_with_draft_builder.rb: {"insertSpaces":true,"tabSize":2}
web/app/builders/salary_payments/full_time_with_draft_builder.rb: {"insertSpaces":true,"tabSize":2}
web/app/builders/salary_payments/full_time_with_draft_builder.rb: {"insertSpaces":true,"tabSize":2}
web/app/builders/salary_payments/full_time_with_draft_builder.rb: {"insertSpaces":true,"tabSize":2}
web/app/builders/salary_payments/full_time_with_draft_builder.rb: {"insertSpaces":true,"tabSize":2}
web/app/builders/salary_payments/full_time_with_draft_builder.rb: {"insertSpaces":true,"tabSize":2}
web/app/builders/salary_payments/full_time_with_draft_builder.rb: {"insertSpaces":true,"tabSize":2}
web/app/builders/salary_payments/full_time_with_draft_builder.rb: {"insertSpaces":true,"tabSize":2}
web/app/models/salary_payment_draft.rb: {"insertSpaces":true,"tabSize":2}
web/app/builders/salary_payments/full_time_with_draft_builder.rb: {"insertSpaces":true,"tabSize":2}
web/app/models/salary_payment_draft.rb: {"insertSpaces":true,"tabSize":2}
web/app/builders/salary_payments/full_time_with_draft_builder.rb: {"insertSpaces":true,"tabSize":2}
web/app/builders/salary_payments/full_time_with_draft_builder.rb: Using EditorConfig core...
app/builders/salary_payments/full_time_with_draft_builder.rb: editor.action.trimTrailingWhitespace
web/app/builders/salary_payments/full_time_with_draft_builder.rb: {"insertSpaces":true,"tabSize":2}
web/app/builders/salary_payments/full_time_with_draft_builder.rb: {"insertSpaces":true,"tabSize":2}
web/app/builders/salary_payments/full_time_with_draft_builder.rb: {"insertSpaces":true,"tabSize":2}
web/app/builders/salary_payments/full_time_with_draft_builder.rb: {"insertSpaces":true,"tabSize":2}
web/app/builders/salary_payments/full_time_with_draft_builder.rb: {"insertSpaces":true,"tabSize":2}
web/app/builders/salary_payments/full_time_with_draft_builder.rb: {"insertSpaces":true,"tabSize":2}
web/app/builders/salary_payments/salary_payment_director.rb: {"insertSpaces":true,"tabSize":2}
web/app/builders/salary_payments/salary_payment_director.rb: Using EditorConfig core...
app/builders/salary_payments/salary_payment_director.rb: editor.action.trimTrailingWhitespace
web/app/builders/salary_payments/salary_payment_director.rb: Using EditorConfig core...
app/builders/salary_payments/salary_payment_director.rb: editor.action.trimTrailingWhitespace
web/app/builders/salary_payments/salary_payment_director.rb: Using EditorConfig core...
app/builders/salary_payments/salary_payment_director.rb: editor.action.trimTrailingWhitespace
web/app/builders/salary_payments/part_time_with_draft_salary_payment_builder.rb: {"insertSpaces":true,"tabSize":2}
web/app/builders/salary_payments/salary_payment_director.rb: {"insertSpaces":true,"tabSize":2}
web/app/builders/salary_payments/salary_payment_director.rb: {"insertSpaces":true,"tabSize":2}
web/app/builders/salary_payments/salary_payment_director.rb: {"insertSpaces":true,"tabSize":2}
web/app/builders/salary_payments/salary_payment_director.rb: {"insertSpaces":true,"tabSize":2}
web/app/builders/salary_payments/salary_payment_director.rb: {"insertSpaces":true,"tabSize":2}
web/app/builders/salary_payments/salary_payment_director.rb: {"insertSpaces":true,"tabSize":2}
web/app/builders/salary_payments/salary_payment_director.rb: {"insertSpaces":true,"tabSize":2}
web/app/builders/salary_payments/salary_payment_director.rb: {"insertSpaces":true,"tabSize":2}
web/app/builders/salary_payments/salary_payment_director.rb: {"insertSpaces":true,"tabSize":2}
web/app/builders/salary_payments/salary_payment_director.rb: {"insertSpaces":true,"tabSize":2}
web/app/builders/salary_payments/salary_payment_director.rb: {"insertSpaces":true,"tabSize":2}
web/app/builders/salary_payments/salary_payment_director.rb: {"insertSpaces":true,"tabSize":2}
web/app/builders/salary_payments/salary_payment_director.rb: {"insertSpaces":true,"tabSize":2}
web/app/builders/salary_payments/salary_payment_director.rb: {"insertSpaces":true,"tabSize":2}
